<?xml version="1.0" encoding="UTF-8"?>
<testsuites>
  <testsuite name="/path/to/project/phpunit.xml.dist" tests="1000" assertions="1000" errors="0" failures="0" skipped="0" time="1.026079">
    <testsuite name="Test Suite" tests="1000" assertions="1000" errors="0" failures="0" skipped="0" time="1.026079">
      <testsuite name="Infection\BenchmarkSource\Test\AutoGenerated\Finder\ResourceFinder00Test" file="/path/to/project/tests/AutoGenerated/Finder/ResourceFinder00Test.php" tests="100" assertions="100" errors="0" failures="0" skipped="0" time="0.115062">
        <testcase name="test_can_be_instantiated" file="/path/to/project/tests/AutoGenerated/Finder/ResourceFinder00Test.php" line="17" class="Infection\BenchmarkSource\Test\AutoGenerated\Finder\ResourceFinder00Test" classname="Infection.BenchmarkSource.Test.AutoGenerated.Finder.ResourceFinder00Test" assertions="1" time="0.012708"/>
        <testcase name="test_it_is_a_resource_finder" file="/path/to/project/tests/AutoGenerated/Finder/ResourceFinder00Test.php" line="24" class="Infection\BenchmarkSource\Test\AutoGenerated\Finder\ResourceFinder00Test" classname="Infection.BenchmarkSource.Test.AutoGenerated.Finder.ResourceFinder00Test" assertions="1" time="0.001221"/>
        <testsuite name="Infection\BenchmarkSource\Test\AutoGenerated\Finder\ResourceFinder00Test::test_it_can_be_diagnosed" tests="49" assertions="49" errors="0" failures="0" skipped="0" time="0.050920">
          <testcase name="test_it_can_be_diagnosed with data set #0" file="/path/to/project/tests/AutoGenerated/Finder/ResourceFinder00Test.php" line="35" class="Infection\BenchmarkSource\Test\AutoGenerated\Finder\ResourceFinder00Test" classname="Infection.BenchmarkSource.Test.AutoGenerated.Finder.ResourceFinder00Test" assertions="1" time="0.001116"/>
          <testcase name="test_it_can_be_diagnosed with data set #1" file="/path/to/project/tests/AutoGenerated/Finder/ResourceFinder00Test.php" line="35" class="Infection\BenchmarkSource\Test\AutoGenerated\Finder\ResourceFinder00Test" classname="Infection.BenchmarkSource.Test.AutoGenerated.Finder.ResourceFinder00Test" assertions="1" time="0.001070"/>
          <testcase name="test_it_can_be_diagnosed with data set #2" file="/path/to/project/tests/AutoGenerated/Finder/ResourceFinder00Test.php" line="35" class="Infection\BenchmarkSource\Test\AutoGenerated\Finder\ResourceFinder00Test" classname="Infection.BenchmarkSource.Test.AutoGenerated.Finder.ResourceFinder00Test" assertions="1" time="0.001077"/>
          <testcase name="test_it_can_be_diagnosed with data set #3" file="/path/to/project/tests/AutoGenerated/Finder/ResourceFinder00Test.php" line="35" class="Infection\BenchmarkSource\Test\AutoGenerated\Finder\ResourceFinder00Test" classname="Infection.BenchmarkSource.Test.AutoGenerated.Finder.ResourceFinder00Test" assertions="1" time="0.001045"/>
          <testcase name="test_it_can_be_diagnosed with data set #4" file="/path/to/project/tests/AutoGenerated/Finder/ResourceFinder00Test.php" line="35" class="Infection\BenchmarkSource\Test\AutoGenerated\Finder\ResourceFinder00Test" classname="Infection.BenchmarkSource.Test.AutoGenerated.Finder.ResourceFinder00Test" assertions="1" time="0.001064"/>
          <testcase name="test_it_can_be_diagnosed with data set #5" file="/path/to/project/tests/AutoGenerated/Finder/ResourceFinder00Test.php" line="35" class="Infection\BenchmarkSource\Test\AutoGenerated\Finder\ResourceFinder00Test" classname="Infection.BenchmarkSource.Test.AutoGenerated.Finder.ResourceFinder00Test" assertions="1" time="0.001057"/>
          <testcase name="test_it_can_be_diagnosed with data set #6" file="/path/to/project/tests/AutoGenerated/Finder/ResourceFinder00Test.php" line="35" class="Infection\BenchmarkSource\Test\AutoGenerated\Finder\ResourceFinder00Test" classname="Infection.BenchmarkSource.Test.AutoGenerated.Finder.ResourceFinder00Test" assertions="1" time="0.001062"/>
          <testcase name="test_it_can_be_diagnosed with data set #7" file="/path/to/project/tests/AutoGenerated/Finder/ResourceFinder00Test.php" line="35" class="Infection\BenchmarkSource\Test\AutoGenerated\Finder\ResourceFinder00Test" classname="Infection.BenchmarkSource.Test.AutoGenerated.Finder.ResourceFinder00Test" assertions="1" time="0.001049"/>
          <testcase name="test_it_can_be_diagnosed with data set #8" file="/path/to/project/tests/AutoGenerated/Finder/ResourceFinder00Test.php" line="35" class="Infection\BenchmarkSource\Test\AutoGenerated\Finder\ResourceFinder00Test" classname="Infection.BenchmarkSource.Test.AutoGenerated.Finder.ResourceFinder00Test" assertions="1" time="0.001043"/>
          <testcase name="test_it_can_be_diagnosed with data set #9" file="/path/to/project/tests/AutoGenerated/Finder/ResourceFinder00Test.php" line="35" class="Infection\BenchmarkSource\Test\AutoGenerated\Finder\ResourceFinder00Test" classname="Infection.BenchmarkSource.Test.AutoGenerated.Finder.ResourceFinder00Test" assertions="1" time="0.001043"/>
          <testcase name="test_it_can_be_diagnosed with data set #10" file="/path/to/project/tests/AutoGenerated/Finder/ResourceFinder00Test.php" line="35" class="Infection\BenchmarkSource\Test\AutoGenerated\Finder\ResourceFinder00Test" classname="Infection.BenchmarkSource.Test.AutoGenerated.Finder.ResourceFinder00Test" assertions="1" time="0.001044"/>
          <testcase name="test_it_can_be_diagnosed with data set #11" file="/path/to/project/tests/AutoGenerated/Finder/ResourceFinder00Test.php" line="35" class="Infection\BenchmarkSource\Test\AutoGenerated\Finder\ResourceFinder00Test" classname="Infection.BenchmarkSource.Test.AutoGenerated.Finder.ResourceFinder00Test" assertions="1" time="0.001064"/>
          <testcase name="test_it_can_be_diagnosed with data set #12" file="/path/to/project/tests/AutoGenerated/Finder/ResourceFinder00Test.php" line="35" class="Infection\BenchmarkSource\Test\AutoGenerated\Finder\ResourceFinder00Test" classname="Infection.BenchmarkSource.Test.AutoGenerated.Finder.ResourceFinder00Test" assertions="1" time="0.001080"/>
          <testcase name="test_it_can_be_diagnosed with data set #13" file="/path/to/project/tests/AutoGenerated/Finder/ResourceFinder00Test.php" line="35" class="Infection\BenchmarkSource\Test\AutoGenerated\Finder\ResourceFinder00Test" classname="Infection.BenchmarkSource.Test.AutoGenerated.Finder.ResourceFinder00Test" assertions="1" time="0.001060"/>
          <testcase name="test_it_can_be_diagnosed with data set #14" file="/path/to/project/tests/AutoGenerated/Finder/ResourceFinder00Test.php" line="35" class="Infection\BenchmarkSource\Test\AutoGenerated\Finder\ResourceFinder00Test" classname="Infection.BenchmarkSource.Test.AutoGenerated.Finder.ResourceFinder00Test" assertions="1" time="0.001061"/>
          <testcase name="test_it_can_be_diagnosed with data set #15" file="/path/to/project/tests/AutoGenerated/Finder/ResourceFinder00Test.php" line="35" class="Infection\BenchmarkSource\Test\AutoGenerated\Finder\ResourceFinder00Test" classname="Infection.BenchmarkSource.Test.AutoGenerated.Finder.ResourceFinder00Test" assertions="1" time="0.001041"/>
          <testcase name="test_it_can_be_diagnosed with data set #16" file="/path/to/project/tests/AutoGenerated/Finder/ResourceFinder00Test.php" line="35" class="Infection\BenchmarkSource\Test\AutoGenerated\Finder\ResourceFinder00Test" classname="Infection.BenchmarkSource.Test.AutoGenerated.Finder.ResourceFinder00Test" assertions="1" time="0.001046"/>
          <testcase name="test_it_can_be_diagnosed with data set #17" file="/path/to/project/tests/AutoGenerated/Finder/ResourceFinder00Test.php" line="35" class="Infection\BenchmarkSource\Test\AutoGenerated\Finder\ResourceFinder00Test" classname="Infection.BenchmarkSource.Test.AutoGenerated.Finder.ResourceFinder00Test" assertions="1" time="0.001040"/>
          <testcase name="test_it_can_be_diagnosed with data set #18" file="/path/to/project/tests/AutoGenerated/Finder/ResourceFinder00Test.php" line="35" class="Infection\BenchmarkSource\Test\AutoGenerated\Finder\ResourceFinder00Test" classname="Infection.BenchmarkSource.Test.AutoGenerated.Finder.ResourceFinder00Test" assertions="1" time="0.001048"/>
          <testcase name="test_it_can_be_diagnosed with data set #19" file="/path/to/project/tests/AutoGenerated/Finder/ResourceFinder00Test.php" line="35" class="Infection\BenchmarkSource\Test\AutoGenerated\Finder\ResourceFinder00Test" classname="Infection.BenchmarkSource.Test.AutoGenerated.Finder.ResourceFinder00Test" assertions="1" time="0.001046"/>
          <testcase name="test_it_can_be_diagnosed with data set #20" file="/path/to/project/tests/AutoGenerated/Finder/ResourceFinder00Test.php" line="35" class="Infection\BenchmarkSource\Test\AutoGenerated\Finder\ResourceFinder00Test" classname="Infection.BenchmarkSource.Test.AutoGenerated.Finder.ResourceFinder00Test" assertions="1" time="0.001043"/>
          <testcase name="test_it_can_be_diagnosed with data set #21" file="/path/to/project/tests/AutoGenerated/Finder/ResourceFinder00Test.php" line="35" class="Infection\BenchmarkSource\Test\AutoGenerated\Finder\ResourceFinder00Test" classname="Infection.BenchmarkSource.Test.AutoGenerated.Finder.ResourceFinder00Test" assertions="1" time="0.001052"/>
          <testcase name="test_it_can_be_diagnosed with data set #22" file="/path/to/project/tests/AutoGenerated/Finder/ResourceFinder00Test.php" line="35" class="Infection\BenchmarkSource\Test\AutoGenerated\Finder\ResourceFinder00Test" classname="Infection.BenchmarkSource.Test.AutoGenerated.Finder.ResourceFinder00Test" assertions="1" time="0.001054"/>
          <testcase name="test_it_can_be_diagnosed with data set #23" file="/path/to/project/tests/AutoGenerated/Finder/ResourceFinder00Test.php" line="35" class="Infection\BenchmarkSource\Test\AutoGenerated\Finder\ResourceFinder00Test" classname="Infection.BenchmarkSource.Test.AutoGenerated.Finder.ResourceFinder00Test" assertions="1" time="0.001051"/>
          <testcase name="test_it_can_be_diagnosed with data set #24" file="/path/to/project/tests/AutoGenerated/Finder/ResourceFinder00Test.php" line="35" class="Infection\BenchmarkSource\Test\AutoGenerated\Finder\ResourceFinder00Test" classname="Infection.BenchmarkSource.Test.AutoGenerated.Finder.ResourceFinder00Test" assertions="1" time="0.001031"/>
          <testcase name="test_it_can_be_diagnosed with data set #25" file="/path/to/project/tests/AutoGenerated/Finder/ResourceFinder00Test.php" line="35" class="Infection\BenchmarkSource\Test\AutoGenerated\Finder\ResourceFinder00Test" classname="Infection.BenchmarkSource.Test.AutoGenerated.Finder.ResourceFinder00Test" assertions="1" time="0.001045"/>
          <testcase name="test_it_can_be_diagnosed with data set #26" file="/path/to/project/tests/AutoGenerated/Finder/ResourceFinder00Test.php" line="35" class="Infection\BenchmarkSource\Test\AutoGenerated\Finder\ResourceFinder00Test" classname="Infection.BenchmarkSource.Test.AutoGenerated.Finder.ResourceFinder00Test" assertions="1" time="0.001031"/>
          <testcase name="test_it_can_be_diagnosed with data set #27" file="/path/to/project/tests/AutoGenerated/Finder/ResourceFinder00Test.php" line="35" class="Infection\BenchmarkSource\Test\AutoGenerated\Finder\ResourceFinder00Test" classname="Infection.BenchmarkSource.Test.AutoGenerated.Finder.ResourceFinder00Test" assertions="1" time="0.001055"/>
          <testcase name="test_it_can_be_diagnosed with data set #28" file="/path/to/project/tests/AutoGenerated/Finder/ResourceFinder00Test.php" line="35" class="Infection\BenchmarkSource\Test\AutoGenerated\Finder\ResourceFinder00Test" classname="Infection.BenchmarkSource.Test.AutoGenerated.Finder.ResourceFinder00Test" assertions="1" time="0.001057"/>
          <testcase name="test_it_can_be_diagnosed with data set #29" file="/path/to/project/tests/AutoGenerated/Finder/ResourceFinder00Test.php" line="35" class="Infection\BenchmarkSource\Test\AutoGenerated\Finder\ResourceFinder00Test" classname="Infection.BenchmarkSource.Test.AutoGenerated.Finder.ResourceFinder00Test" assertions="1" time="0.001023"/>
          <testcase name="test_it_can_be_diagnosed with data set #30" file="/path/to/project/tests/AutoGenerated/Finder/ResourceFinder00Test.php" line="35" class="Infection\BenchmarkSource\Test\AutoGenerated\Finder\ResourceFinder00Test" classname="Infection.BenchmarkSource.Test.AutoGenerated.Finder.ResourceFinder00Test" assertions="1" time="0.001025"/>
          <testcase name="test_it_can_be_diagnosed with data set #31" file="/path/to/project/tests/AutoGenerated/Finder/ResourceFinder00Test.php" line="35" class="Infection\BenchmarkSource\Test\AutoGenerated\Finder\ResourceFinder00Test" classname="Infection.BenchmarkSource.Test.AutoGenerated.Finder.ResourceFinder00Test" assertions="1" time="0.001023"/>
          <testcase name="test_it_can_be_diagnosed with data set #32" file="/path/to/project/tests/AutoGenerated/Finder/ResourceFinder00Test.php" line="35" class="Infection\BenchmarkSource\Test\AutoGenerated\Finder\ResourceFinder00Test" classname="Infection.BenchmarkSource.Test.AutoGenerated.Finder.ResourceFinder00Test" assertions="1" time="0.001019"/>
          <testcase name="test_it_can_be_diagnosed with data set #33" file="/path/to/project/tests/AutoGenerated/Finder/ResourceFinder00Test.php" line="35" class="Infection\BenchmarkSource\Test\AutoGenerated\Finder\ResourceFinder00Test" classname="Infection.BenchmarkSource.Test.AutoGenerated.Finder.ResourceFinder00Test" assertions="1" time="0.001008"/>
          <testcase name="test_it_can_be_diagnosed with data set #34" file="/path/to/project/tests/AutoGenerated/Finder/ResourceFinder00Test.php" line="35" class="Infection\BenchmarkSource\Test\AutoGenerated\Finder\ResourceFinder00Test" classname="Infection.BenchmarkSource.Test.AutoGenerated.Finder.ResourceFinder00Test" assertions="1" time="0.001030"/>
          <testcase name="test_it_can_be_diagnosed with data set #35" file="/path/to/project/tests/AutoGenerated/Finder/ResourceFinder00Test.php" line="35" class="Infection\BenchmarkSource\Test\AutoGenerated\Finder\ResourceFinder00Test" classname="Infection.BenchmarkSource.Test.AutoGenerated.Finder.ResourceFinder00Test" assertions="1" time="0.001021"/>
          <testcase name="test_it_can_be_diagnosed with data set #36" file="/path/to/project/tests/AutoGenerated/Finder/ResourceFinder00Test.php" line="35" class="Infection\BenchmarkSource\Test\AutoGenerated\Finder\ResourceFinder00Test" classname="Infection.BenchmarkSource.Test.AutoGenerated.Finder.ResourceFinder00Test" assertions="1" time="0.001027"/>
          <testcase name="test_it_can_be_diagnosed with data set #37" file="/path/to/project/tests/AutoGenerated/Finder/ResourceFinder00Test.php" line="35" class="Infection\BenchmarkSource\Test\AutoGenerated\Finder\ResourceFinder00Test" classname="Infection.BenchmarkSource.Test.AutoGenerated.Finder.ResourceFinder00Test" assertions="1" time="0.001020"/>
          <testcase name="test_it_can_be_diagnosed with data set #38" file="/path/to/project/tests/AutoGenerated/Finder/ResourceFinder00Test.php" line="35" class="Infection\BenchmarkSource\Test\AutoGenerated\Finder\ResourceFinder00Test" classname="Infection.BenchmarkSource.Test.AutoGenerated.Finder.ResourceFinder00Test" assertions="1" time="0.001014"/>
          <testcase name="test_it_can_be_diagnosed with data set #39" file="/path/to/project/tests/AutoGenerated/Finder/ResourceFinder00Test.php" line="35" class="Infection\BenchmarkSource\Test\AutoGenerated\Finder\ResourceFinder00Test" classname="Infection.BenchmarkSource.Test.AutoGenerated.Finder.ResourceFinder00Test" assertions="1" time="0.001017"/>
          <testcase name="test_it_can_be_diagnosed with data set #40" file="/path/to/project/tests/AutoGenerated/Finder/ResourceFinder00Test.php" line="35" class="Infection\BenchmarkSource\Test\AutoGenerated\Finder\ResourceFinder00Test" classname="Infection.BenchmarkSource.Test.AutoGenerated.Finder.ResourceFinder00Test" assertions="1" time="0.001008"/>
          <testcase name="test_it_can_be_diagnosed with data set #41" file="/path/to/project/tests/AutoGenerated/Finder/ResourceFinder00Test.php" line="35" class="Infection\BenchmarkSource\Test\AutoGenerated\Finder\ResourceFinder00Test" classname="Infection.BenchmarkSource.Test.AutoGenerated.Finder.ResourceFinder00Test" assertions="1" time="0.001005"/>
          <testcase name="test_it_can_be_diagnosed with data set #42" file="/path/to/project/tests/AutoGenerated/Finder/ResourceFinder00Test.php" line="35" class="Infection\BenchmarkSource\Test\AutoGenerated\Finder\ResourceFinder00Test" classname="Infection.BenchmarkSource.Test.AutoGenerated.Finder.ResourceFinder00Test" assertions="1" time="0.001015"/>
          <testcase name="test_it_can_be_diagnosed with data set #43" file="/path/to/project/tests/AutoGenerated/Finder/ResourceFinder00Test.php" line="35" class="Infection\BenchmarkSource\Test\AutoGenerated\Finder\ResourceFinder00Test" classname="Infection.BenchmarkSource.Test.AutoGenerated.Finder.ResourceFinder00Test" assertions="1" time="0.001022"/>
          <testcase name="test_it_can_be_diagnosed with data set #44" file="/path/to/project/tests/AutoGenerated/Finder/ResourceFinder00Test.php" line="35" class="Infection\BenchmarkSource\Test\AutoGenerated\Finder\ResourceFinder00Test" classname="Infection.BenchmarkSource.Test.AutoGenerated.Finder.ResourceFinder00Test" assertions="1" time="0.001018"/>
          <testcase name="test_it_can_be_diagnosed with data set #45" file="/path/to/project/tests/AutoGenerated/Finder/ResourceFinder00Test.php" line="35" class="Infection\BenchmarkSource\Test\AutoGenerated\Finder\ResourceFinder00Test" classname="Infection.BenchmarkSource.Test.AutoGenerated.Finder.ResourceFinder00Test" assertions="1" time="0.001004"/>
          <testcase name="test_it_can_be_diagnosed with data set #46" file="/path/to/project/tests/AutoGenerated/Finder/ResourceFinder00Test.php" line="35" class="Infection\BenchmarkSource\Test\AutoGenerated\Finder\ResourceFinder00Test" classname="Infection.BenchmarkSource.Test.AutoGenerated.Finder.ResourceFinder00Test" assertions="1" time="0.001011"/>
          <testcase name="test_it_can_be_diagnosed with data set #47" file="/path/to/project/tests/AutoGenerated/Finder/ResourceFinder00Test.php" line="35" class="Infection\BenchmarkSource\Test\AutoGenerated\Finder\ResourceFinder00Test" classname="Infection.BenchmarkSource.Test.AutoGenerated.Finder.ResourceFinder00Test" assertions="1" time="0.001017"/>
          <testcase name="test_it_can_be_diagnosed with data set #48" file="/path/to/project/tests/AutoGenerated/Finder/ResourceFinder00Test.php" line="35" class="Infection\BenchmarkSource\Test\AutoGenerated\Finder\ResourceFinder00Test" classname="Infection.BenchmarkSource.Test.AutoGenerated.Finder.ResourceFinder00Test" assertions="1" time="0.001016"/>
        </testsuite>
        <testsuite name="Infection\BenchmarkSource\Test\AutoGenerated\Finder\ResourceFinder00Test::test_it_can_be_casted_into_a_string" tests="49" assertions="49" errors="0" failures="0" skipped="0" time="0.050213">
          <testcase name="test_it_can_be_casted_into_a_string with data set #0" file="/path/to/project/tests/AutoGenerated/Finder/ResourceFinder00Test.php" line="61" class="Infection\BenchmarkSource\Test\AutoGenerated\Finder\ResourceFinder00Test" classname="Infection.BenchmarkSource.Test.AutoGenerated.Finder.ResourceFinder00Test" assertions="1" time="0.001019"/>
          <testcase name="test_it_can_be_casted_into_a_string with data set #1" file="/path/to/project/tests/AutoGenerated/Finder/ResourceFinder00Test.php" line="61" class="Infection\BenchmarkSource\Test\AutoGenerated\Finder\ResourceFinder00Test" classname="Infection.BenchmarkSource.Test.AutoGenerated.Finder.ResourceFinder00Test" assertions="1" time="0.001011"/>
          <testcase name="test_it_can_be_casted_into_a_string with data set #2" file="/path/to/project/tests/AutoGenerated/Finder/ResourceFinder00Test.php" line="61" class="Infection\BenchmarkSource\Test\AutoGenerated\Finder\ResourceFinder00Test" classname="Infection.BenchmarkSource.Test.AutoGenerated.Finder.ResourceFinder00Test" assertions="1" time="0.001014"/>
          <testcase name="test_it_can_be_casted_into_a_string with data set #3" file="/path/to/project/tests/AutoGenerated/Finder/ResourceFinder00Test.php" line="61" class="Infection\BenchmarkSource\Test\AutoGenerated\Finder\ResourceFinder00Test" classname="Infection.BenchmarkSource.Test.AutoGenerated.Finder.ResourceFinder00Test" assertions="1" time="0.001007"/>
          <testcase name="test_it_can_be_casted_into_a_string with data set #4" file="/path/to/project/tests/AutoGenerated/Finder/ResourceFinder00Test.php" line="61" class="Infection\BenchmarkSource\Test\AutoGenerated\Finder\ResourceFinder00Test" classname="Infection.BenchmarkSource.Test.AutoGenerated.Finder.ResourceFinder00Test" assertions="1" time="0.001012"/>
          <testcase name="test_it_can_be_casted_into_a_string with data set #5" file="/path/to/project/tests/AutoGenerated/Finder/ResourceFinder00Test.php" line="61" class="Infection\BenchmarkSource\Test\AutoGenerated\Finder\ResourceFinder00Test" classname="Infection.BenchmarkSource.Test.AutoGenerated.Finder.ResourceFinder00Test" assertions="1" time="0.001025"/>
          <testcase name="test_it_can_be_casted_into_a_string with data set #6" file="/path/to/project/tests/AutoGenerated/Finder/ResourceFinder00Test.php" line="61" class="Infection\BenchmarkSource\Test\AutoGenerated\Finder\ResourceFinder00Test" classname="Infection.BenchmarkSource.Test.AutoGenerated.Finder.ResourceFinder00Test" assertions="1" time="0.001022"/>
          <testcase name="test_it_can_be_casted_into_a_string with data set #7" file="/path/to/project/tests/AutoGenerated/Finder/ResourceFinder00Test.php" line="61" class="Infection\BenchmarkSource\Test\AutoGenerated\Finder\ResourceFinder00Test" classname="Infection.BenchmarkSource.Test.AutoGenerated.Finder.ResourceFinder00Test" assertions="1" time="0.001000"/>
          <testcase name="test_it_can_be_casted_into_a_string with data set #8" file="/path/to/project/tests/AutoGenerated/Finder/ResourceFinder00Test.php" line="61" class="Infection\BenchmarkSource\Test\AutoGenerated\Finder\ResourceFinder00Test" classname="Infection.BenchmarkSource.Test.AutoGenerated.Finder.ResourceFinder00Test" assertions="1" time="0.001002"/>
          <testcase name="test_it_can_be_casted_into_a_string with data set #9" file="/path/to/project/tests/AutoGenerated/Finder/ResourceFinder00Test.php" line="61" class="Infection\BenchmarkSource\Test\AutoGenerated\Finder\ResourceFinder00Test" classname="Infection.BenchmarkSource.Test.AutoGenerated.Finder.ResourceFinder00Test" assertions="1" time="0.001007"/>
          <testcase name="test_it_can_be_casted_into_a_string with data set #10" file="/path/to/project/tests/AutoGenerated/Finder/ResourceFinder00Test.php" line="61" class="Infection\BenchmarkSource\Test\AutoGenerated\Finder\ResourceFinder00Test" classname="Infection.BenchmarkSource.Test.AutoGenerated.Finder.ResourceFinder00Test" assertions="1" time="0.001014"/>
          <testcase name="test_it_can_be_casted_into_a_string with data set #11" file="/path/to/project/tests/AutoGenerated/Finder/ResourceFinder00Test.php" line="61" class="Infection\BenchmarkSource\Test\AutoGenerated\Finder\ResourceFinder00Test" classname="Infection.BenchmarkSource.Test.AutoGenerated.Finder.ResourceFinder00Test" assertions="1" time="0.001010"/>
          <testcase name="test_it_can_be_casted_into_a_string with data set #12" file="/path/to/project/tests/AutoGenerated/Finder/ResourceFinder00Test.php" line="61" class="Infection\BenchmarkSource\Test\AutoGenerated\Finder\ResourceFinder00Test" classname="Infection.BenchmarkSource.Test.AutoGenerated.Finder.ResourceFinder00Test" assertions="1" time="0.001013"/>
          <testcase name="test_it_can_be_casted_into_a_string with data set #13" file="/path/to/project/tests/AutoGenerated/Finder/ResourceFinder00Test.php" line="61" class="Infection\BenchmarkSource\Test\AutoGenerated\Finder\ResourceFinder00Test" classname="Infection.BenchmarkSource.Test.AutoGenerated.Finder.ResourceFinder00Test" assertions="1" time="0.001170"/>
          <testcase name="test_it_can_be_casted_into_a_string with data set #14" file="/path/to/project/tests/AutoGenerated/Finder/ResourceFinder00Test.php" line="61" class="Infection\BenchmarkSource\Test\AutoGenerated\Finder\ResourceFinder00Test" classname="Infection.BenchmarkSource.Test.AutoGenerated.Finder.ResourceFinder00Test" assertions="1" time="0.001167"/>
          <testcase name="test_it_can_be_casted_into_a_string with data set #15" file="/path/to/project/tests/AutoGenerated/Finder/ResourceFinder00Test.php" line="61" class="Infection\BenchmarkSource\Test\AutoGenerated\Finder\ResourceFinder00Test" classname="Infection.BenchmarkSource.Test.AutoGenerated.Finder.ResourceFinder00Test" assertions="1" time="0.001048"/>
          <testcase name="test_it_can_be_casted_into_a_string with data set #16" file="/path/to/project/tests/AutoGenerated/Finder/ResourceFinder00Test.php" line="61" class="Infection\BenchmarkSource\Test\AutoGenerated\Finder\ResourceFinder00Test" classname="Infection.BenchmarkSource.Test.AutoGenerated.Finder.ResourceFinder00Test" assertions="1" time="0.001094"/>
          <testcase name="test_it_can_be_casted_into_a_string with data set #17" file="/path/to/project/tests/AutoGenerated/Finder/ResourceFinder00Test.php" line="61" class="Infection\BenchmarkSource\Test\AutoGenerated\Finder\ResourceFinder00Test" classname="Infection.BenchmarkSource.Test.AutoGenerated.Finder.ResourceFinder00Test" assertions="1" time="0.001037"/>
          <testcase name="test_it_can_be_casted_into_a_string with data set #18" file="/path/to/project/tests/AutoGenerated/Finder/ResourceFinder00Test.php" line="61" class="Infection\BenchmarkSource\Test\AutoGenerated\Finder\ResourceFinder00Test" classname="Infection.BenchmarkSource.Test.AutoGenerated.Finder.ResourceFinder00Test" assertions="1" time="0.001047"/>
          <testcase name="test_it_can_be_casted_into_a_string with data set #19" file="/path/to/project/tests/AutoGenerated/Finder/ResourceFinder00Test.php" line="61" class="Infection\BenchmarkSource\Test\AutoGenerated\Finder\ResourceFinder00Test" classname="Infection.BenchmarkSource.Test.AutoGenerated.Finder.ResourceFinder00Test" assertions="1" time="0.001045"/>
          <testcase name="test_it_can_be_casted_into_a_string with data set #20" file="/path/to/project/tests/AutoGenerated/Finder/ResourceFinder00Test.php" line="61" class="Infection\BenchmarkSource\Test\AutoGenerated\Finder\ResourceFinder00Test" classname="Infection.BenchmarkSource.Test.AutoGenerated.Finder.ResourceFinder00Test" assertions="1" time="0.001015"/>
          <testcase name="test_it_can_be_casted_into_a_string with data set #21" file="/path/to/project/tests/AutoGenerated/Finder/ResourceFinder00Test.php" line="61" class="Infection\BenchmarkSource\Test\AutoGenerated\Finder\ResourceFinder00Test" classname="Infection.BenchmarkSource.Test.AutoGenerated.Finder.ResourceFinder00Test" assertions="1" time="0.001006"/>
          <testcase name="test_it_can_be_casted_into_a_string with data set #22" file="/path/to/project/tests/AutoGenerated/Finder/ResourceFinder00Test.php" line="61" class="Infection\BenchmarkSource\Test\AutoGenerated\Finder\ResourceFinder00Test" classname="Infection.BenchmarkSource.Test.AutoGenerated.Finder.ResourceFinder00Test" assertions="1" time="0.000999"/>
          <testcase name="test_it_can_be_casted_into_a_string with data set #23" file="/path/to/project/tests/AutoGenerated/Finder/ResourceFinder00Test.php" line="61" class="Infection\BenchmarkSource\Test\AutoGenerated\Finder\ResourceFinder00Test" classname="Infection.BenchmarkSource.Test.AutoGenerated.Finder.ResourceFinder00Test" assertions="1" time="0.001009"/>
          <testcase name="test_it_can_be_casted_into_a_string with data set #24" file="/path/to/project/tests/AutoGenerated/Finder/ResourceFinder00Test.php" line="61" class="Infection\BenchmarkSource\Test\AutoGenerated\Finder\ResourceFinder00Test" classname="Infection.BenchmarkSource.Test.AutoGenerated.Finder.ResourceFinder00Test" assertions="1" time="0.001029"/>
          <testcase name="test_it_can_be_casted_into_a_string with data set #25" file="/path/to/project/tests/AutoGenerated/Finder/ResourceFinder00Test.php" line="61" class="Infection\BenchmarkSource\Test\AutoGenerated\Finder\ResourceFinder00Test" classname="Infection.BenchmarkSource.Test.AutoGenerated.Finder.ResourceFinder00Test" assertions="1" time="0.001030"/>
          <testcase name="test_it_can_be_casted_into_a_string with data set #26" file="/path/to/project/tests/AutoGenerated/Finder/ResourceFinder00Test.php" line="61" class="Infection\BenchmarkSource\Test\AutoGenerated\Finder\ResourceFinder00Test" classname="Infection.BenchmarkSource.Test.AutoGenerated.Finder.ResourceFinder00Test" assertions="1" time="0.001024"/>
          <testcase name="test_it_can_be_casted_into_a_string with data set #27" file="/path/to/project/tests/AutoGenerated/Finder/ResourceFinder00Test.php" line="61" class="Infection\BenchmarkSource\Test\AutoGenerated\Finder\ResourceFinder00Test" classname="Infection.BenchmarkSource.Test.AutoGenerated.Finder.ResourceFinder00Test" assertions="1" time="0.001018"/>
          <testcase name="test_it_can_be_casted_into_a_string with data set #28" file="/path/to/project/tests/AutoGenerated/Finder/ResourceFinder00Test.php" line="61" class="Infection\BenchmarkSource\Test\AutoGenerated\Finder\ResourceFinder00Test" classname="Infection.BenchmarkSource.Test.AutoGenerated.Finder.ResourceFinder00Test" assertions="1" time="0.001012"/>
          <testcase name="test_it_can_be_casted_into_a_string with data set #29" file="/path/to/project/tests/AutoGenerated/Finder/ResourceFinder00Test.php" line="61" class="Infection\BenchmarkSource\Test\AutoGenerated\Finder\ResourceFinder00Test" classname="Infection.BenchmarkSource.Test.AutoGenerated.Finder.ResourceFinder00Test" assertions="1" time="0.001025"/>
          <testcase name="test_it_can_be_casted_into_a_string with data set #30" file="/path/to/project/tests/AutoGenerated/Finder/ResourceFinder00Test.php" line="61" class="Infection\BenchmarkSource\Test\AutoGenerated\Finder\ResourceFinder00Test" classname="Infection.BenchmarkSource.Test.AutoGenerated.Finder.ResourceFinder00Test" assertions="1" time="0.001015"/>
          <testcase name="test_it_can_be_casted_into_a_string with data set #31" file="/path/to/project/tests/AutoGenerated/Finder/ResourceFinder00Test.php" line="61" class="Infection\BenchmarkSource\Test\AutoGenerated\Finder\ResourceFinder00Test" classname="Infection.BenchmarkSource.Test.AutoGenerated.Finder.ResourceFinder00Test" assertions="1" time="0.001009"/>
          <testcase name="test_it_can_be_casted_into_a_string with data set #32" file="/path/to/project/tests/AutoGenerated/Finder/ResourceFinder00Test.php" line="61" class="Infection\BenchmarkSource\Test\AutoGenerated\Finder\ResourceFinder00Test" classname="Infection.BenchmarkSource.Test.AutoGenerated.Finder.ResourceFinder00Test" assertions="1" time="0.001009"/>
          <testcase name="test_it_can_be_casted_into_a_string with data set #33" file="/path/to/project/tests/AutoGenerated/Finder/ResourceFinder00Test.php" line="61" class="Infection\BenchmarkSource\Test\AutoGenerated\Finder\ResourceFinder00Test" classname="Infection.BenchmarkSource.Test.AutoGenerated.Finder.ResourceFinder00Test" assertions="1" time="0.001011"/>
          <testcase name="test_it_can_be_casted_into_a_string with data set #34" file="/path/to/project/tests/AutoGenerated/Finder/ResourceFinder00Test.php" line="61" class="Infection\BenchmarkSource\Test\AutoGenerated\Finder\ResourceFinder00Test" classname="Infection.BenchmarkSource.Test.AutoGenerated.Finder.ResourceFinder00Test" assertions="1" time="0.001007"/>
          <testcase name="test_it_can_be_casted_into_a_string with data set #35" file="/path/to/project/tests/AutoGenerated/Finder/ResourceFinder00Test.php" line="61" class="Infection\BenchmarkSource\Test\AutoGenerated\Finder\ResourceFinder00Test" classname="Infection.BenchmarkSource.Test.AutoGenerated.Finder.ResourceFinder00Test" assertions="1" time="0.001016"/>
          <testcase name="test_it_can_be_casted_into_a_string with data set #36" file="/path/to/project/tests/AutoGenerated/Finder/ResourceFinder00Test.php" line="61" class="Infection\BenchmarkSource\Test\AutoGenerated\Finder\ResourceFinder00Test" classname="Infection.BenchmarkSource.Test.AutoGenerated.Finder.ResourceFinder00Test" assertions="1" time="0.001045"/>
          <testcase name="test_it_can_be_casted_into_a_string with data set #37" file="/path/to/project/tests/AutoGenerated/Finder/ResourceFinder00Test.php" line="61" class="Infection\BenchmarkSource\Test\AutoGenerated\Finder\ResourceFinder00Test" classname="Infection.BenchmarkSource.Test.AutoGenerated.Finder.ResourceFinder00Test" assertions="1" time="0.001014"/>
          <testcase name="test_it_can_be_casted_into_a_string with data set #38" file="/path/to/project/tests/AutoGenerated/Finder/ResourceFinder00Test.php" line="61" class="Infection\BenchmarkSource\Test\AutoGenerated\Finder\ResourceFinder00Test" classname="Infection.BenchmarkSource.Test.AutoGenerated.Finder.ResourceFinder00Test" assertions="1" time="0.001024"/>
          <testcase name="test_it_can_be_casted_into_a_string with data set #39" file="/path/to/project/tests/AutoGenerated/Finder/ResourceFinder00Test.php" line="61" class="Infection\BenchmarkSource\Test\AutoGenerated\Finder\ResourceFinder00Test" classname="Infection.BenchmarkSource.Test.AutoGenerated.Finder.ResourceFinder00Test" assertions="1" time="0.001015"/>
          <testcase name="test_it_can_be_casted_into_a_string with data set #40" file="/path/to/project/tests/AutoGenerated/Finder/ResourceFinder00Test.php" line="61" class="Infection\BenchmarkSource\Test\AutoGenerated\Finder\ResourceFinder00Test" classname="Infection.BenchmarkSource.Test.AutoGenerated.Finder.ResourceFinder00Test" assertions="1" time="0.001007"/>
          <testcase name="test_it_can_be_casted_into_a_string with data set #41" file="/path/to/project/tests/AutoGenerated/Finder/ResourceFinder00Test.php" line="61" class="Infection\BenchmarkSource\Test\AutoGenerated\Finder\ResourceFinder00Test" classname="Infection.BenchmarkSource.Test.AutoGenerated.Finder.ResourceFinder00Test" assertions="1" time="0.001012"/>
          <testcase name="test_it_can_be_casted_into_a_string with data set #42" file="/path/to/project/tests/AutoGenerated/Finder/ResourceFinder00Test.php" line="61" class="Infection\BenchmarkSource\Test\AutoGenerated\Finder\ResourceFinder00Test" classname="Infection.BenchmarkSource.Test.AutoGenerated.Finder.ResourceFinder00Test" assertions="1" time="0.001030"/>
          <testcase name="test_it_can_be_casted_into_a_string with data set #43" file="/path/to/project/tests/AutoGenerated/Finder/ResourceFinder00Test.php" line="61" class="Infection\BenchmarkSource\Test\AutoGenerated\Finder\ResourceFinder00Test" classname="Infection.BenchmarkSource.Test.AutoGenerated.Finder.ResourceFinder00Test" assertions="1" time="0.001012"/>
          <testcase name="test_it_can_be_casted_into_a_string with data set #44" file="/path/to/project/tests/AutoGenerated/Finder/ResourceFinder00Test.php" line="61" class="Infection\BenchmarkSource\Test\AutoGenerated\Finder\ResourceFinder00Test" classname="Infection.BenchmarkSource.Test.AutoGenerated.Finder.ResourceFinder00Test" assertions="1" time="0.001008"/>
          <testcase name="test_it_can_be_casted_into_a_string with data set #45" file="/path/to/project/tests/AutoGenerated/Finder/ResourceFinder00Test.php" line="61" class="Infection\BenchmarkSource\Test\AutoGenerated\Finder\ResourceFinder00Test" classname="Infection.BenchmarkSource.Test.AutoGenerated.Finder.ResourceFinder00Test" assertions="1" time="0.001018"/>
          <testcase name="test_it_can_be_casted_into_a_string with data set #46" file="/path/to/project/tests/AutoGenerated/Finder/ResourceFinder00Test.php" line="61" class="Infection\BenchmarkSource\Test\AutoGenerated\Finder\ResourceFinder00Test" classname="Infection.BenchmarkSource.Test.AutoGenerated.Finder.ResourceFinder00Test" assertions="1" time="0.000996"/>
          <testcase name="test_it_can_be_casted_into_a_string with data set #47" file="/path/to/project/tests/AutoGenerated/Finder/ResourceFinder00Test.php" line="61" class="Infection\BenchmarkSource\Test\AutoGenerated\Finder\ResourceFinder00Test" classname="Infection.BenchmarkSource.Test.AutoGenerated.Finder.ResourceFinder00Test" assertions="1" time="0.001013"/>
          <testcase name="test_it_can_be_casted_into_a_string with data set #48" file="/path/to/project/tests/AutoGenerated/Finder/ResourceFinder00Test.php" line="61" class="Infection\BenchmarkSource\Test\AutoGenerated\Finder\ResourceFinder00Test" classname="Infection.BenchmarkSource.Test.AutoGenerated.Finder.ResourceFinder00Test" assertions="1" time="0.001022"/>
        </testsuite>
      </testsuite>
      <testsuite name="Infection\BenchmarkSource\Test\AutoGenerated\Finder\ResourceFinder01Test" file="/path/to/project/tests/AutoGenerated/Finder/ResourceFinder01Test.php" tests="100" assertions="100" errors="0" failures="0" skipped="0" time="0.101825">
        <testcase name="test_can_be_instantiated" file="/path/to/project/tests/AutoGenerated/Finder/ResourceFinder01Test.php" line="17" class="Infection\BenchmarkSource\Test\AutoGenerated\Finder\ResourceFinder01Test" classname="Infection.BenchmarkSource.Test.AutoGenerated.Finder.ResourceFinder01Test" assertions="1" time="0.001130"/>
        <testcase name="test_it_is_a_resource_finder" file="/path/to/project/tests/AutoGenerated/Finder/ResourceFinder01Test.php" line="24" class="Infection\BenchmarkSource\Test\AutoGenerated\Finder\ResourceFinder01Test" classname="Infection.BenchmarkSource.Test.AutoGenerated.Finder.ResourceFinder01Test" assertions="1" time="0.001029"/>
        <testsuite name="Infection\BenchmarkSource\Test\AutoGenerated\Finder\ResourceFinder01Test::test_it_can_be_diagnosed" tests="49" assertions="49" errors="0" failures="0" skipped="0" time="0.049679">
          <testcase name="test_it_can_be_diagnosed with data set #0" file="/path/to/project/tests/AutoGenerated/Finder/ResourceFinder01Test.php" line="35" class="Infection\BenchmarkSource\Test\AutoGenerated\Finder\ResourceFinder01Test" classname="Infection.BenchmarkSource.Test.AutoGenerated.Finder.ResourceFinder01Test" assertions="1" time="0.001005"/>
          <testcase name="test_it_can_be_diagnosed with data set #1" file="/path/to/project/tests/AutoGenerated/Finder/ResourceFinder01Test.php" line="35" class="Infection\BenchmarkSource\Test\AutoGenerated\Finder\ResourceFinder01Test" classname="Infection.BenchmarkSource.Test.AutoGenerated.Finder.ResourceFinder01Test" assertions="1" time="0.001011"/>
          <testcase name="test_it_can_be_diagnosed with data set #2" file="/path/to/project/tests/AutoGenerated/Finder/ResourceFinder01Test.php" line="35" class="Infection\BenchmarkSource\Test\AutoGenerated\Finder\ResourceFinder01Test" classname="Infection.BenchmarkSource.Test.AutoGenerated.Finder.ResourceFinder01Test" assertions="1" time="0.001006"/>
          <testcase name="test_it_can_be_diagnosed with data set #3" file="/path/to/project/tests/AutoGenerated/Finder/ResourceFinder01Test.php" line="35" class="Infection\BenchmarkSource\Test\AutoGenerated\Finder\ResourceFinder01Test" classname="Infection.BenchmarkSource.Test.AutoGenerated.Finder.ResourceFinder01Test" assertions="1" time="0.001029"/>
          <testcase name="test_it_can_be_diagnosed with data set #4" file="/path/to/project/tests/AutoGenerated/Finder/ResourceFinder01Test.php" line="35" class="Infection\BenchmarkSource\Test\AutoGenerated\Finder\ResourceFinder01Test" classname="Infection.BenchmarkSource.Test.AutoGenerated.Finder.ResourceFinder01Test" assertions="1" time="0.001018"/>
          <testcase name="test_it_can_be_diagnosed with data set #5" file="/path/to/project/tests/AutoGenerated/Finder/ResourceFinder01Test.php" line="35" class="Infection\BenchmarkSource\Test\AutoGenerated\Finder\ResourceFinder01Test" classname="Infection.BenchmarkSource.Test.AutoGenerated.Finder.ResourceFinder01Test" assertions="1" time="0.001014"/>
          <testcase name="test_it_can_be_diagnosed with data set #6" file="/path/to/project/tests/AutoGenerated/Finder/ResourceFinder01Test.php" line="35" class="Infection\BenchmarkSource\Test\AutoGenerated\Finder\ResourceFinder01Test" classname="Infection.BenchmarkSource.Test.AutoGenerated.Finder.ResourceFinder01Test" assertions="1" time="0.001023"/>
          <testcase name="test_it_can_be_diagnosed with data set #7" file="/path/to/project/tests/AutoGenerated/Finder/ResourceFinder01Test.php" line="35" class="Infection\BenchmarkSource\Test\AutoGenerated\Finder\ResourceFinder01Test" classname="Infection.BenchmarkSource.Test.AutoGenerated.Finder.ResourceFinder01Test" assertions="1" time="0.001024"/>
          <testcase name="test_it_can_be_diagnosed with data set #8" file="/path/to/project/tests/AutoGenerated/Finder/ResourceFinder01Test.php" line="35" class="Infection\BenchmarkSource\Test\AutoGenerated\Finder\ResourceFinder01Test" classname="Infection.BenchmarkSource.Test.AutoGenerated.Finder.ResourceFinder01Test" assertions="1" time="0.001013"/>
          <testcase name="test_it_can_be_diagnosed with data set #9" file="/path/to/project/tests/AutoGenerated/Finder/ResourceFinder01Test.php" line="35" class="Infection\BenchmarkSource\Test\AutoGenerated\Finder\ResourceFinder01Test" classname="Infection.BenchmarkSource.Test.AutoGenerated.Finder.ResourceFinder01Test" assertions="1" time="0.001003"/>
          <testcase name="test_it_can_be_diagnosed with data set #10" file="/path/to/project/tests/AutoGenerated/Finder/ResourceFinder01Test.php" line="35" class="Infection\BenchmarkSource\Test\AutoGenerated\Finder\ResourceFinder01Test" classname="Infection.BenchmarkSource.Test.AutoGenerated.Finder.ResourceFinder01Test" assertions="1" time="0.000999"/>
          <testcase name="test_it_can_be_diagnosed with data set #11" file="/path/to/project/tests/AutoGenerated/Finder/ResourceFinder01Test.php" line="35" class="Infection\BenchmarkSource\Test\AutoGenerated\Finder\ResourceFinder01Test" classname="Infection.BenchmarkSource.Test.AutoGenerated.Finder.ResourceFinder01Test" assertions="1" time="0.001007"/>
          <testcase name="test_it_can_be_diagnosed with data set #12" file="/path/to/project/tests/AutoGenerated/Finder/ResourceFinder01Test.php" line="35" class="Infection\BenchmarkSource\Test\AutoGenerated\Finder\ResourceFinder01Test" classname="Infection.BenchmarkSource.Test.AutoGenerated.Finder.ResourceFinder01Test" assertions="1" time="0.001014"/>
          <testcase name="test_it_can_be_diagnosed with data set #13" file="/path/to/project/tests/AutoGenerated/Finder/ResourceFinder01Test.php" line="35" class="Infection\BenchmarkSource\Test\AutoGenerated\Finder\ResourceFinder01Test" classname="Infection.BenchmarkSource.Test.AutoGenerated.Finder.ResourceFinder01Test" assertions="1" time="0.001014"/>
          <testcase name="test_it_can_be_diagnosed with data set #14" file="/path/to/project/tests/AutoGenerated/Finder/ResourceFinder01Test.php" line="35" class="Infection\BenchmarkSource\Test\AutoGenerated\Finder\ResourceFinder01Test" classname="Infection.BenchmarkSource.Test.AutoGenerated.Finder.ResourceFinder01Test" assertions="1" time="0.001017"/>
          <testcase name="test_it_can_be_diagnosed with data set #15" file="/path/to/project/tests/AutoGenerated/Finder/ResourceFinder01Test.php" line="35" class="Infection\BenchmarkSource\Test\AutoGenerated\Finder\ResourceFinder01Test" classname="Infection.BenchmarkSource.Test.AutoGenerated.Finder.ResourceFinder01Test" assertions="1" time="0.001010"/>
          <testcase name="test_it_can_be_diagnosed with data set #16" file="/path/to/project/tests/AutoGenerated/Finder/ResourceFinder01Test.php" line="35" class="Infection\BenchmarkSource\Test\AutoGenerated\Finder\ResourceFinder01Test" classname="Infection.BenchmarkSource.Test.AutoGenerated.Finder.ResourceFinder01Test" assertions="1" time="0.001014"/>
          <testcase name="test_it_can_be_diagnosed with data set #17" file="/path/to/project/tests/AutoGenerated/Finder/ResourceFinder01Test.php" line="35" class="Infection\BenchmarkSource\Test\AutoGenerated\Finder\ResourceFinder01Test" classname="Infection.BenchmarkSource.Test.AutoGenerated.Finder.ResourceFinder01Test" assertions="1" time="0.001009"/>
          <testcase name="test_it_can_be_diagnosed with data set #18" file="/path/to/project/tests/AutoGenerated/Finder/ResourceFinder01Test.php" line="35" class="Infection\BenchmarkSource\Test\AutoGenerated\Finder\ResourceFinder01Test" classname="Infection.BenchmarkSource.Test.AutoGenerated.Finder.ResourceFinder01Test" assertions="1" time="0.001004"/>
          <testcase name="test_it_can_be_diagnosed with data set #19" file="/path/to/project/tests/AutoGenerated/Finder/ResourceFinder01Test.php" line="35" class="Infection\BenchmarkSource\Test\AutoGenerated\Finder\ResourceFinder01Test" classname="Infection.BenchmarkSource.Test.AutoGenerated.Finder.ResourceFinder01Test" assertions="1" time="0.001015"/>
          <testcase name="test_it_can_be_diagnosed with data set #20" file="/path/to/project/tests/AutoGenerated/Finder/ResourceFinder01Test.php" line="35" class="Infection\BenchmarkSource\Test\AutoGenerated\Finder\ResourceFinder01Test" classname="Infection.BenchmarkSource.Test.AutoGenerated.Finder.ResourceFinder01Test" assertions="1" time="0.001004"/>
          <testcase name="test_it_can_be_diagnosed with data set #21" file="/path/to/project/tests/AutoGenerated/Finder/ResourceFinder01Test.php" line="35" class="Infection\BenchmarkSource\Test\AutoGenerated\Finder\ResourceFinder01Test" classname="Infection.BenchmarkSource.Test.AutoGenerated.Finder.ResourceFinder01Test" assertions="1" time="0.001029"/>
          <testcase name="test_it_can_be_diagnosed with data set #22" file="/path/to/project/tests/AutoGenerated/Finder/ResourceFinder01Test.php" line="35" class="Infection\BenchmarkSource\Test\AutoGenerated\Finder\ResourceFinder01Test" classname="Infection.BenchmarkSource.Test.AutoGenerated.Finder.ResourceFinder01Test" assertions="1" time="0.001009"/>
          <testcase name="test_it_can_be_diagnosed with data set #23" file="/path/to/project/tests/AutoGenerated/Finder/ResourceFinder01Test.php" line="35" class="Infection\BenchmarkSource\Test\AutoGenerated\Finder\ResourceFinder01Test" classname="Infection.BenchmarkSource.Test.AutoGenerated.Finder.ResourceFinder01Test" assertions="1" time="0.001014"/>
          <testcase name="test_it_can_be_diagnosed with data set #24" file="/path/to/project/tests/AutoGenerated/Finder/ResourceFinder01Test.php" line="35" class="Infection\BenchmarkSource\Test\AutoGenerated\Finder\ResourceFinder01Test" classname="Infection.BenchmarkSource.Test.AutoGenerated.Finder.ResourceFinder01Test" assertions="1" time="0.001010"/>
          <testcase name="test_it_can_be_diagnosed with data set #25" file="/path/to/project/tests/AutoGenerated/Finder/ResourceFinder01Test.php" line="35" class="Infection\BenchmarkSource\Test\AutoGenerated\Finder\ResourceFinder01Test" classname="Infection.BenchmarkSource.Test.AutoGenerated.Finder.ResourceFinder01Test" assertions="1" time="0.001014"/>
          <testcase name="test_it_can_be_diagnosed with data set #26" file="/path/to/project/tests/AutoGenerated/Finder/ResourceFinder01Test.php" line="35" class="Infection\BenchmarkSource\Test\AutoGenerated\Finder\ResourceFinder01Test" classname="Infection.BenchmarkSource.Test.AutoGenerated.Finder.ResourceFinder01Test" assertions="1" time="0.001017"/>
          <testcase name="test_it_can_be_diagnosed with data set #27" file="/path/to/project/tests/AutoGenerated/Finder/ResourceFinder01Test.php" line="35" class="Infection\BenchmarkSource\Test\AutoGenerated\Finder\ResourceFinder01Test" classname="Infection.BenchmarkSource.Test.AutoGenerated.Finder.ResourceFinder01Test" assertions="1" time="0.001005"/>
          <testcase name="test_it_can_be_diagnosed with data set #28" file="/path/to/project/tests/AutoGenerated/Finder/ResourceFinder01Test.php" line="35" class="Infection\BenchmarkSource\Test\AutoGenerated\Finder\ResourceFinder01Test" classname="Infection.BenchmarkSource.Test.AutoGenerated.Finder.ResourceFinder01Test" assertions="1" time="0.001001"/>
          <testcase name="test_it_can_be_diagnosed with data set #29" file="/path/to/project/tests/AutoGenerated/Finder/ResourceFinder01Test.php" line="35" class="Infection\BenchmarkSource\Test\AutoGenerated\Finder\ResourceFinder01Test" classname="Infection.BenchmarkSource.Test.AutoGenerated.Finder.ResourceFinder01Test" assertions="1" time="0.001012"/>
          <testcase name="test_it_can_be_diagnosed with data set #30" file="/path/to/project/tests/AutoGenerated/Finder/ResourceFinder01Test.php" line="35" class="Infection\BenchmarkSource\Test\AutoGenerated\Finder\ResourceFinder01Test" classname="Infection.BenchmarkSource.Test.AutoGenerated.Finder.ResourceFinder01Test" assertions="1" time="0.001012"/>
          <testcase name="test_it_can_be_diagnosed with data set #31" file="/path/to/project/tests/AutoGenerated/Finder/ResourceFinder01Test.php" line="35" class="Infection\BenchmarkSource\Test\AutoGenerated\Finder\ResourceFinder01Test" classname="Infection.BenchmarkSource.Test.AutoGenerated.Finder.ResourceFinder01Test" assertions="1" time="0.000993"/>
          <testcase name="test_it_can_be_diagnosed with data set #32" file="/path/to/project/tests/AutoGenerated/Finder/ResourceFinder01Test.php" line="35" class="Infection\BenchmarkSource\Test\AutoGenerated\Finder\ResourceFinder01Test" classname="Infection.BenchmarkSource.Test.AutoGenerated.Finder.ResourceFinder01Test" assertions="1" time="0.001010"/>
          <testcase name="test_it_can_be_diagnosed with data set #33" file="/path/to/project/tests/AutoGenerated/Finder/ResourceFinder01Test.php" line="35" class="Infection\BenchmarkSource\Test\AutoGenerated\Finder\ResourceFinder01Test" classname="Infection.BenchmarkSource.Test.AutoGenerated.Finder.ResourceFinder01Test" assertions="1" time="0.001014"/>
          <testcase name="test_it_can_be_diagnosed with data set #34" file="/path/to/project/tests/AutoGenerated/Finder/ResourceFinder01Test.php" line="35" class="Infection\BenchmarkSource\Test\AutoGenerated\Finder\ResourceFinder01Test" classname="Infection.BenchmarkSource.Test.AutoGenerated.Finder.ResourceFinder01Test" assertions="1" time="0.001032"/>
          <testcase name="test_it_can_be_diagnosed with data set #35" file="/path/to/project/tests/AutoGenerated/Finder/ResourceFinder01Test.php" line="35" class="Infection\BenchmarkSource\Test\AutoGenerated\Finder\ResourceFinder01Test" classname="Infection.BenchmarkSource.Test.AutoGenerated.Finder.ResourceFinder01Test" assertions="1" time="0.001015"/>
          <testcase name="test_it_can_be_diagnosed with data set #36" file="/path/to/project/tests/AutoGenerated/Finder/ResourceFinder01Test.php" line="35" class="Infection\BenchmarkSource\Test\AutoGenerated\Finder\ResourceFinder01Test" classname="Infection.BenchmarkSource.Test.AutoGenerated.Finder.ResourceFinder01Test" assertions="1" time="0.001019"/>
          <testcase name="test_it_can_be_diagnosed with data set #37" file="/path/to/project/tests/AutoGenerated/Finder/ResourceFinder01Test.php" line="35" class="Infection\BenchmarkSource\Test\AutoGenerated\Finder\ResourceFinder01Test" classname="Infection.BenchmarkSource.Test.AutoGenerated.Finder.ResourceFinder01Test" assertions="1" time="0.001002"/>
          <testcase name="test_it_can_be_diagnosed with data set #38" file="/path/to/project/tests/AutoGenerated/Finder/ResourceFinder01Test.php" line="35" class="Infection\BenchmarkSource\Test\AutoGenerated\Finder\ResourceFinder01Test" classname="Infection.BenchmarkSource.Test.AutoGenerated.Finder.ResourceFinder01Test" assertions="1" time="0.001019"/>
          <testcase name="test_it_can_be_diagnosed with data set #39" file="/path/to/project/tests/AutoGenerated/Finder/ResourceFinder01Test.php" line="35" class="Infection\BenchmarkSource\Test\AutoGenerated\Finder\ResourceFinder01Test" classname="Infection.BenchmarkSource.Test.AutoGenerated.Finder.ResourceFinder01Test" assertions="1" time="0.001016"/>
          <testcase name="test_it_can_be_diagnosed with data set #40" file="/path/to/project/tests/AutoGenerated/Finder/ResourceFinder01Test.php" line="35" class="Infection\BenchmarkSource\Test\AutoGenerated\Finder\ResourceFinder01Test" classname="Infection.BenchmarkSource.Test.AutoGenerated.Finder.ResourceFinder01Test" assertions="1" time="0.001026"/>
          <testcase name="test_it_can_be_diagnosed with data set #41" file="/path/to/project/tests/AutoGenerated/Finder/ResourceFinder01Test.php" line="35" class="Infection\BenchmarkSource\Test\AutoGenerated\Finder\ResourceFinder01Test" classname="Infection.BenchmarkSource.Test.AutoGenerated.Finder.ResourceFinder01Test" assertions="1" time="0.000996"/>
          <testcase name="test_it_can_be_diagnosed with data set #42" file="/path/to/project/tests/AutoGenerated/Finder/ResourceFinder01Test.php" line="35" class="Infection\BenchmarkSource\Test\AutoGenerated\Finder\ResourceFinder01Test" classname="Infection.BenchmarkSource.Test.AutoGenerated.Finder.ResourceFinder01Test" assertions="1" time="0.001020"/>
          <testcase name="test_it_can_be_diagnosed with data set #43" file="/path/to/project/tests/AutoGenerated/Finder/ResourceFinder01Test.php" line="35" class="Infection\BenchmarkSource\Test\AutoGenerated\Finder\ResourceFinder01Test" classname="Infection.BenchmarkSource.Test.AutoGenerated.Finder.ResourceFinder01Test" assertions="1" time="0.001019"/>
          <testcase name="test_it_can_be_diagnosed with data set #44" file="/path/to/project/tests/AutoGenerated/Finder/ResourceFinder01Test.php" line="35" class="Infection\BenchmarkSource\Test\AutoGenerated\Finder\ResourceFinder01Test" classname="Infection.BenchmarkSource.Test.AutoGenerated.Finder.ResourceFinder01Test" assertions="1" time="0.001021"/>
          <testcase name="test_it_can_be_diagnosed with data set #45" file="/path/to/project/tests/AutoGenerated/Finder/ResourceFinder01Test.php" line="35" class="Infection\BenchmarkSource\Test\AutoGenerated\Finder\ResourceFinder01Test" classname="Infection.BenchmarkSource.Test.AutoGenerated.Finder.ResourceFinder01Test" assertions="1" time="0.001013"/>
          <testcase name="test_it_can_be_diagnosed with data set #46" file="/path/to/project/tests/AutoGenerated/Finder/ResourceFinder01Test.php" line="35" class="Infection\BenchmarkSource\Test\AutoGenerated\Finder\ResourceFinder01Test" classname="Infection.BenchmarkSource.Test.AutoGenerated.Finder.ResourceFinder01Test" assertions="1" time="0.001017"/>
          <testcase name="test_it_can_be_diagnosed with data set #47" file="/path/to/project/tests/AutoGenerated/Finder/ResourceFinder01Test.php" line="35" class="Infection\BenchmarkSource\Test\AutoGenerated\Finder\ResourceFinder01Test" classname="Infection.BenchmarkSource.Test.AutoGenerated.Finder.ResourceFinder01Test" assertions="1" time="0.001008"/>
          <testcase name="test_it_can_be_diagnosed with data set #48" file="/path/to/project/tests/AutoGenerated/Finder/ResourceFinder01Test.php" line="35" class="Infection\BenchmarkSource\Test\AutoGenerated\Finder\ResourceFinder01Test" classname="Infection.BenchmarkSource.Test.AutoGenerated.Finder.ResourceFinder01Test" assertions="1" time="0.001060"/>
        </testsuite>
        <testsuite name="Infection\BenchmarkSource\Test\AutoGenerated\Finder\ResourceFinder01Test::test_it_can_be_casted_into_a_string" tests="49" assertions="49" errors="0" failures="0" skipped="0" time="0.049987">
          <testcase name="test_it_can_be_casted_into_a_string with data set #0" file="/path/to/project/tests/AutoGenerated/Finder/ResourceFinder01Test.php" line="61" class="Infection\BenchmarkSource\Test\AutoGenerated\Finder\ResourceFinder01Test" classname="Infection.BenchmarkSource.Test.AutoGenerated.Finder.ResourceFinder01Test" assertions="1" time="0.001022"/>
          <testcase name="test_it_can_be_casted_into_a_string with data set #1" file="/path/to/project/tests/AutoGenerated/Finder/ResourceFinder01Test.php" line="61" class="Infection\BenchmarkSource\Test\AutoGenerated\Finder\ResourceFinder01Test" classname="Infection.BenchmarkSource.Test.AutoGenerated.Finder.ResourceFinder01Test" assertions="1" time="0.001012"/>
          <testcase name="test_it_can_be_casted_into_a_string with data set #2" file="/path/to/project/tests/AutoGenerated/Finder/ResourceFinder01Test.php" line="61" class="Infection\BenchmarkSource\Test\AutoGenerated\Finder\ResourceFinder01Test" classname="Infection.BenchmarkSource.Test.AutoGenerated.Finder.ResourceFinder01Test" assertions="1" time="0.001019"/>
          <testcase name="test_it_can_be_casted_into_a_string with data set #3" file="/path/to/project/tests/AutoGenerated/Finder/ResourceFinder01Test.php" line="61" class="Infection\BenchmarkSource\Test\AutoGenerated\Finder\ResourceFinder01Test" classname="Infection.BenchmarkSource.Test.AutoGenerated.Finder.ResourceFinder01Test" assertions="1" time="0.001022"/>
          <testcase name="test_it_can_be_casted_into_a_string with data set #4" file="/path/to/project/tests/AutoGenerated/Finder/ResourceFinder01Test.php" line="61" class="Infection\BenchmarkSource\Test\AutoGenerated\Finder\ResourceFinder01Test" classname="Infection.BenchmarkSource.Test.AutoGenerated.Finder.ResourceFinder01Test" assertions="1" time="0.000998"/>
          <testcase name="test_it_can_be_casted_into_a_string with data set #5" file="/path/to/project/tests/AutoGenerated/Finder/ResourceFinder01Test.php" line="61" class="Infection\BenchmarkSource\Test\AutoGenerated\Finder\ResourceFinder01Test" classname="Infection.BenchmarkSource.Test.AutoGenerated.Finder.ResourceFinder01Test" assertions="1" time="0.001002"/>
          <testcase name="test_it_can_be_casted_into_a_string with data set #6" file="/path/to/project/tests/AutoGenerated/Finder/ResourceFinder01Test.php" line="61" class="Infection\BenchmarkSource\Test\AutoGenerated\Finder\ResourceFinder01Test" classname="Infection.BenchmarkSource.Test.AutoGenerated.Finder.ResourceFinder01Test" assertions="1" time="0.001029"/>
          <testcase name="test_it_can_be_casted_into_a_string with data set #7" file="/path/to/project/tests/AutoGenerated/Finder/ResourceFinder01Test.php" line="61" class="Infection\BenchmarkSource\Test\AutoGenerated\Finder\ResourceFinder01Test" classname="Infection.BenchmarkSource.Test.AutoGenerated.Finder.ResourceFinder01Test" assertions="1" time="0.001012"/>
          <testcase name="test_it_can_be_casted_into_a_string with data set #8" file="/path/to/project/tests/AutoGenerated/Finder/ResourceFinder01Test.php" line="61" class="Infection\BenchmarkSource\Test\AutoGenerated\Finder\ResourceFinder01Test" classname="Infection.BenchmarkSource.Test.AutoGenerated.Finder.ResourceFinder01Test" assertions="1" time="0.001027"/>
          <testcase name="test_it_can_be_casted_into_a_string with data set #9" file="/path/to/project/tests/AutoGenerated/Finder/ResourceFinder01Test.php" line="61" class="Infection\BenchmarkSource\Test\AutoGenerated\Finder\ResourceFinder01Test" classname="Infection.BenchmarkSource.Test.AutoGenerated.Finder.ResourceFinder01Test" assertions="1" time="0.001011"/>
          <testcase name="test_it_can_be_casted_into_a_string with data set #10" file="/path/to/project/tests/AutoGenerated/Finder/ResourceFinder01Test.php" line="61" class="Infection\BenchmarkSource\Test\AutoGenerated\Finder\ResourceFinder01Test" classname="Infection.BenchmarkSource.Test.AutoGenerated.Finder.ResourceFinder01Test" assertions="1" time="0.001015"/>
          <testcase name="test_it_can_be_casted_into_a_string with data set #11" file="/path/to/project/tests/AutoGenerated/Finder/ResourceFinder01Test.php" line="61" class="Infection\BenchmarkSource\Test\AutoGenerated\Finder\ResourceFinder01Test" classname="Infection.BenchmarkSource.Test.AutoGenerated.Finder.ResourceFinder01Test" assertions="1" time="0.001006"/>
          <testcase name="test_it_can_be_casted_into_a_string with data set #12" file="/path/to/project/tests/AutoGenerated/Finder/ResourceFinder01Test.php" line="61" class="Infection\BenchmarkSource\Test\AutoGenerated\Finder\ResourceFinder01Test" classname="Infection.BenchmarkSource.Test.AutoGenerated.Finder.ResourceFinder01Test" assertions="1" time="0.001021"/>
          <testcase name="test_it_can_be_casted_into_a_string with data set #13" file="/path/to/project/tests/AutoGenerated/Finder/ResourceFinder01Test.php" line="61" class="Infection\BenchmarkSource\Test\AutoGenerated\Finder\ResourceFinder01Test" classname="Infection.BenchmarkSource.Test.AutoGenerated.Finder.ResourceFinder01Test" assertions="1" time="0.001026"/>
          <testcase name="test_it_can_be_casted_into_a_string with data set #14" file="/path/to/project/tests/AutoGenerated/Finder/ResourceFinder01Test.php" line="61" class="Infection\BenchmarkSource\Test\AutoGenerated\Finder\ResourceFinder01Test" classname="Infection.BenchmarkSource.Test.AutoGenerated.Finder.ResourceFinder01Test" assertions="1" time="0.001017"/>
          <testcase name="test_it_can_be_casted_into_a_string with data set #15" file="/path/to/project/tests/AutoGenerated/Finder/ResourceFinder01Test.php" line="61" class="Infection\BenchmarkSource\Test\AutoGenerated\Finder\ResourceFinder01Test" classname="Infection.BenchmarkSource.Test.AutoGenerated.Finder.ResourceFinder01Test" assertions="1" time="0.001004"/>
          <testcase name="test_it_can_be_casted_into_a_string with data set #16" file="/path/to/project/tests/AutoGenerated/Finder/ResourceFinder01Test.php" line="61" class="Infection\BenchmarkSource\Test\AutoGenerated\Finder\ResourceFinder01Test" classname="Infection.BenchmarkSource.Test.AutoGenerated.Finder.ResourceFinder01Test" assertions="1" time="0.001048"/>
          <testcase name="test_it_can_be_casted_into_a_string with data set #17" file="/path/to/project/tests/AutoGenerated/Finder/ResourceFinder01Test.php" line="61" class="Infection\BenchmarkSource\Test\AutoGenerated\Finder\ResourceFinder01Test" classname="Infection.BenchmarkSource.Test.AutoGenerated.Finder.ResourceFinder01Test" assertions="1" time="0.001011"/>
          <testcase name="test_it_can_be_casted_into_a_string with data set #18" file="/path/to/project/tests/AutoGenerated/Finder/ResourceFinder01Test.php" line="61" class="Infection\BenchmarkSource\Test\AutoGenerated\Finder\ResourceFinder01Test" classname="Infection.BenchmarkSource.Test.AutoGenerated.Finder.ResourceFinder01Test" assertions="1" time="0.001017"/>
          <testcase name="test_it_can_be_casted_into_a_string with data set #19" file="/path/to/project/tests/AutoGenerated/Finder/ResourceFinder01Test.php" line="61" class="Infection\BenchmarkSource\Test\AutoGenerated\Finder\ResourceFinder01Test" classname="Infection.BenchmarkSource.Test.AutoGenerated.Finder.ResourceFinder01Test" assertions="1" time="0.001018"/>
          <testcase name="test_it_can_be_casted_into_a_string with data set #20" file="/path/to/project/tests/AutoGenerated/Finder/ResourceFinder01Test.php" line="61" class="Infection\BenchmarkSource\Test\AutoGenerated\Finder\ResourceFinder01Test" classname="Infection.BenchmarkSource.Test.AutoGenerated.Finder.ResourceFinder01Test" assertions="1" time="0.001027"/>
          <testcase name="test_it_can_be_casted_into_a_string with data set #21" file="/path/to/project/tests/AutoGenerated/Finder/ResourceFinder01Test.php" line="61" class="Infection\BenchmarkSource\Test\AutoGenerated\Finder\ResourceFinder01Test" classname="Infection.BenchmarkSource.Test.AutoGenerated.Finder.ResourceFinder01Test" assertions="1" time="0.001014"/>
          <testcase name="test_it_can_be_casted_into_a_string with data set #22" file="/path/to/project/tests/AutoGenerated/Finder/ResourceFinder01Test.php" line="61" class="Infection\BenchmarkSource\Test\AutoGenerated\Finder\ResourceFinder01Test" classname="Infection.BenchmarkSource.Test.AutoGenerated.Finder.ResourceFinder01Test" assertions="1" time="0.001071"/>
          <testcase name="test_it_can_be_casted_into_a_string with data set #23" file="/path/to/project/tests/AutoGenerated/Finder/ResourceFinder01Test.php" line="61" class="Infection\BenchmarkSource\Test\AutoGenerated\Finder\ResourceFinder01Test" classname="Infection.BenchmarkSource.Test.AutoGenerated.Finder.ResourceFinder01Test" assertions="1" time="0.001060"/>
          <testcase name="test_it_can_be_casted_into_a_string with data set #24" file="/path/to/project/tests/AutoGenerated/Finder/ResourceFinder01Test.php" line="61" class="Infection\BenchmarkSource\Test\AutoGenerated\Finder\ResourceFinder01Test" classname="Infection.BenchmarkSource.Test.AutoGenerated.Finder.ResourceFinder01Test" assertions="1" time="0.001046"/>
          <testcase name="test_it_can_be_casted_into_a_string with data set #25" file="/path/to/project/tests/AutoGenerated/Finder/ResourceFinder01Test.php" line="61" class="Infection\BenchmarkSource\Test\AutoGenerated\Finder\ResourceFinder01Test" classname="Infection.BenchmarkSource.Test.AutoGenerated.Finder.ResourceFinder01Test" assertions="1" time="0.001044"/>
          <testcase name="test_it_can_be_casted_into_a_string with data set #26" file="/path/to/project/tests/AutoGenerated/Finder/ResourceFinder01Test.php" line="61" class="Infection\BenchmarkSource\Test\AutoGenerated\Finder\ResourceFinder01Test" classname="Infection.BenchmarkSource.Test.AutoGenerated.Finder.ResourceFinder01Test" assertions="1" time="0.001049"/>
          <testcase name="test_it_can_be_casted_into_a_string with data set #27" file="/path/to/project/tests/AutoGenerated/Finder/ResourceFinder01Test.php" line="61" class="Infection\BenchmarkSource\Test\AutoGenerated\Finder\ResourceFinder01Test" classname="Infection.BenchmarkSource.Test.AutoGenerated.Finder.ResourceFinder01Test" assertions="1" time="0.001020"/>
          <testcase name="test_it_can_be_casted_into_a_string with data set #28" file="/path/to/project/tests/AutoGenerated/Finder/ResourceFinder01Test.php" line="61" class="Infection\BenchmarkSource\Test\AutoGenerated\Finder\ResourceFinder01Test" classname="Infection.BenchmarkSource.Test.AutoGenerated.Finder.ResourceFinder01Test" assertions="1" time="0.001015"/>
          <testcase name="test_it_can_be_casted_into_a_string with data set #29" file="/path/to/project/tests/AutoGenerated/Finder/ResourceFinder01Test.php" line="61" class="Infection\BenchmarkSource\Test\AutoGenerated\Finder\ResourceFinder01Test" classname="Infection.BenchmarkSource.Test.AutoGenerated.Finder.ResourceFinder01Test" assertions="1" time="0.001009"/>
          <testcase name="test_it_can_be_casted_into_a_string with data set #30" file="/path/to/project/tests/AutoGenerated/Finder/ResourceFinder01Test.php" line="61" class="Infection\BenchmarkSource\Test\AutoGenerated\Finder\ResourceFinder01Test" classname="Infection.BenchmarkSource.Test.AutoGenerated.Finder.ResourceFinder01Test" assertions="1" time="0.001032"/>
          <testcase name="test_it_can_be_casted_into_a_string with data set #31" file="/path/to/project/tests/AutoGenerated/Finder/ResourceFinder01Test.php" line="61" class="Infection\BenchmarkSource\Test\AutoGenerated\Finder\ResourceFinder01Test" classname="Infection.BenchmarkSource.Test.AutoGenerated.Finder.ResourceFinder01Test" assertions="1" time="0.001013"/>
          <testcase name="test_it_can_be_casted_into_a_string with data set #32" file="/path/to/project/tests/AutoGenerated/Finder/ResourceFinder01Test.php" line="61" class="Infection\BenchmarkSource\Test\AutoGenerated\Finder\ResourceFinder01Test" classname="Infection.BenchmarkSource.Test.AutoGenerated.Finder.ResourceFinder01Test" assertions="1" time="0.001021"/>
          <testcase name="test_it_can_be_casted_into_a_string with data set #33" file="/path/to/project/tests/AutoGenerated/Finder/ResourceFinder01Test.php" line="61" class="Infection\BenchmarkSource\Test\AutoGenerated\Finder\ResourceFinder01Test" classname="Infection.BenchmarkSource.Test.AutoGenerated.Finder.ResourceFinder01Test" assertions="1" time="0.001007"/>
          <testcase name="test_it_can_be_casted_into_a_string with data set #34" file="/path/to/project/tests/AutoGenerated/Finder/ResourceFinder01Test.php" line="61" class="Infection\BenchmarkSource\Test\AutoGenerated\Finder\ResourceFinder01Test" classname="Infection.BenchmarkSource.Test.AutoGenerated.Finder.ResourceFinder01Test" assertions="1" time="0.001015"/>
          <testcase name="test_it_can_be_casted_into_a_string with data set #35" file="/path/to/project/tests/AutoGenerated/Finder/ResourceFinder01Test.php" line="61" class="Infection\BenchmarkSource\Test\AutoGenerated\Finder\ResourceFinder01Test" classname="Infection.BenchmarkSource.Test.AutoGenerated.Finder.ResourceFinder01Test" assertions="1" time="0.001019"/>
          <testcase name="test_it_can_be_casted_into_a_string with data set #36" file="/path/to/project/tests/AutoGenerated/Finder/ResourceFinder01Test.php" line="61" class="Infection\BenchmarkSource\Test\AutoGenerated\Finder\ResourceFinder01Test" classname="Infection.BenchmarkSource.Test.AutoGenerated.Finder.ResourceFinder01Test" assertions="1" time="0.001009"/>
          <testcase name="test_it_can_be_casted_into_a_string with data set #37" file="/path/to/project/tests/AutoGenerated/Finder/ResourceFinder01Test.php" line="61" class="Infection\BenchmarkSource\Test\AutoGenerated\Finder\ResourceFinder01Test" classname="Infection.BenchmarkSource.Test.AutoGenerated.Finder.ResourceFinder01Test" assertions="1" time="0.001010"/>
          <testcase name="test_it_can_be_casted_into_a_string with data set #38" file="/path/to/project/tests/AutoGenerated/Finder/ResourceFinder01Test.php" line="61" class="Infection\BenchmarkSource\Test\AutoGenerated\Finder\ResourceFinder01Test" classname="Infection.BenchmarkSource.Test.AutoGenerated.Finder.ResourceFinder01Test" assertions="1" time="0.001008"/>
          <testcase name="test_it_can_be_casted_into_a_string with data set #39" file="/path/to/project/tests/AutoGenerated/Finder/ResourceFinder01Test.php" line="61" class="Infection\BenchmarkSource\Test\AutoGenerated\Finder\ResourceFinder01Test" classname="Infection.BenchmarkSource.Test.AutoGenerated.Finder.ResourceFinder01Test" assertions="1" time="0.001003"/>
          <testcase name="test_it_can_be_casted_into_a_string with data set #40" file="/path/to/project/tests/AutoGenerated/Finder/ResourceFinder01Test.php" line="61" class="Infection\BenchmarkSource\Test\AutoGenerated\Finder\ResourceFinder01Test" classname="Infection.BenchmarkSource.Test.AutoGenerated.Finder.ResourceFinder01Test" assertions="1" time="0.001010"/>
          <testcase name="test_it_can_be_casted_into_a_string with data set #41" file="/path/to/project/tests/AutoGenerated/Finder/ResourceFinder01Test.php" line="61" class="Infection\BenchmarkSource\Test\AutoGenerated\Finder\ResourceFinder01Test" classname="Infection.BenchmarkSource.Test.AutoGenerated.Finder.ResourceFinder01Test" assertions="1" time="0.001025"/>
          <testcase name="test_it_can_be_casted_into_a_string with data set #42" file="/path/to/project/tests/AutoGenerated/Finder/ResourceFinder01Test.php" line="61" class="Infection\BenchmarkSource\Test\AutoGenerated\Finder\ResourceFinder01Test" classname="Infection.BenchmarkSource.Test.AutoGenerated.Finder.ResourceFinder01Test" assertions="1" time="0.001038"/>
          <testcase name="test_it_can_be_casted_into_a_string with data set #43" file="/path/to/project/tests/AutoGenerated/Finder/ResourceFinder01Test.php" line="61" class="Infection\BenchmarkSource\Test\AutoGenerated\Finder\ResourceFinder01Test" classname="Infection.BenchmarkSource.Test.AutoGenerated.Finder.ResourceFinder01Test" assertions="1" time="0.001023"/>
          <testcase name="test_it_can_be_casted_into_a_string with data set #44" file="/path/to/project/tests/AutoGenerated/Finder/ResourceFinder01Test.php" line="61" class="Infection\BenchmarkSource\Test\AutoGenerated\Finder\ResourceFinder01Test" classname="Infection.BenchmarkSource.Test.AutoGenerated.Finder.ResourceFinder01Test" assertions="1" time="0.001020"/>
          <testcase name="test_it_can_be_casted_into_a_string with data set #45" file="/path/to/project/tests/AutoGenerated/Finder/ResourceFinder01Test.php" line="61" class="Infection\BenchmarkSource\Test\AutoGenerated\Finder\ResourceFinder01Test" classname="Infection.BenchmarkSource.Test.AutoGenerated.Finder.ResourceFinder01Test" assertions="1" time="0.001011"/>
          <testcase name="test_it_can_be_casted_into_a_string with data set #46" file="/path/to/project/tests/AutoGenerated/Finder/ResourceFinder01Test.php" line="61" class="Infection\BenchmarkSource\Test\AutoGenerated\Finder\ResourceFinder01Test" classname="Infection.BenchmarkSource.Test.AutoGenerated.Finder.ResourceFinder01Test" assertions="1" time="0.001023"/>
          <testcase name="test_it_can_be_casted_into_a_string with data set #47" file="/path/to/project/tests/AutoGenerated/Finder/ResourceFinder01Test.php" line="61" class="Infection\BenchmarkSource\Test\AutoGenerated\Finder\ResourceFinder01Test" classname="Infection.BenchmarkSource.Test.AutoGenerated.Finder.ResourceFinder01Test" assertions="1" time="0.001004"/>
          <testcase name="test_it_can_be_casted_into_a_string with data set #48" file="/path/to/project/tests/AutoGenerated/Finder/ResourceFinder01Test.php" line="61" class="Infection\BenchmarkSource\Test\AutoGenerated\Finder\ResourceFinder01Test" classname="Infection.BenchmarkSource.Test.AutoGenerated.Finder.ResourceFinder01Test" assertions="1" time="0.001007"/>
        </testsuite>
      </testsuite>
      <testsuite name="Infection\BenchmarkSource\Test\AutoGenerated\Finder\ResourceFinder02Test" file="/path/to/project/tests/AutoGenerated/Finder/ResourceFinder02Test.php" tests="100" assertions="100" errors="0" failures="0" skipped="0" time="0.102349">
        <testcase name="test_can_be_instantiated" file="/path/to/project/tests/AutoGenerated/Finder/ResourceFinder02Test.php" line="17" class="Infection\BenchmarkSource\Test\AutoGenerated\Finder\ResourceFinder02Test" classname="Infection.BenchmarkSource.Test.AutoGenerated.Finder.ResourceFinder02Test" assertions="1" time="0.001133"/>
        <testcase name="test_it_is_a_resource_finder" file="/path/to/project/tests/AutoGenerated/Finder/ResourceFinder02Test.php" line="24" class="Infection\BenchmarkSource\Test\AutoGenerated\Finder\ResourceFinder02Test" classname="Infection.BenchmarkSource.Test.AutoGenerated.Finder.ResourceFinder02Test" assertions="1" time="0.001023"/>
        <testsuite name="Infection\BenchmarkSource\Test\AutoGenerated\Finder\ResourceFinder02Test::test_it_can_be_diagnosed" tests="49" assertions="49" errors="0" failures="0" skipped="0" time="0.050033">
          <testcase name="test_it_can_be_diagnosed with data set #0" file="/path/to/project/tests/AutoGenerated/Finder/ResourceFinder02Test.php" line="35" class="Infection\BenchmarkSource\Test\AutoGenerated\Finder\ResourceFinder02Test" classname="Infection.BenchmarkSource.Test.AutoGenerated.Finder.ResourceFinder02Test" assertions="1" time="0.001019"/>
          <testcase name="test_it_can_be_diagnosed with data set #1" file="/path/to/project/tests/AutoGenerated/Finder/ResourceFinder02Test.php" line="35" class="Infection\BenchmarkSource\Test\AutoGenerated\Finder\ResourceFinder02Test" classname="Infection.BenchmarkSource.Test.AutoGenerated.Finder.ResourceFinder02Test" assertions="1" time="0.001021"/>
          <testcase name="test_it_can_be_diagnosed with data set #2" file="/path/to/project/tests/AutoGenerated/Finder/ResourceFinder02Test.php" line="35" class="Infection\BenchmarkSource\Test\AutoGenerated\Finder\ResourceFinder02Test" classname="Infection.BenchmarkSource.Test.AutoGenerated.Finder.ResourceFinder02Test" assertions="1" time="0.001010"/>
          <testcase name="test_it_can_be_diagnosed with data set #3" file="/path/to/project/tests/AutoGenerated/Finder/ResourceFinder02Test.php" line="35" class="Infection\BenchmarkSource\Test\AutoGenerated\Finder\ResourceFinder02Test" classname="Infection.BenchmarkSource.Test.AutoGenerated.Finder.ResourceFinder02Test" assertions="1" time="0.001020"/>
          <testcase name="test_it_can_be_diagnosed with data set #4" file="/path/to/project/tests/AutoGenerated/Finder/ResourceFinder02Test.php" line="35" class="Infection\BenchmarkSource\Test\AutoGenerated\Finder\ResourceFinder02Test" classname="Infection.BenchmarkSource.Test.AutoGenerated.Finder.ResourceFinder02Test" assertions="1" time="0.000999"/>
          <testcase name="test_it_can_be_diagnosed with data set #5" file="/path/to/project/tests/AutoGenerated/Finder/ResourceFinder02Test.php" line="35" class="Infection\BenchmarkSource\Test\AutoGenerated\Finder\ResourceFinder02Test" classname="Infection.BenchmarkSource.Test.AutoGenerated.Finder.ResourceFinder02Test" assertions="1" time="0.001002"/>
          <testcase name="test_it_can_be_diagnosed with data set #6" file="/path/to/project/tests/AutoGenerated/Finder/ResourceFinder02Test.php" line="35" class="Infection\BenchmarkSource\Test\AutoGenerated\Finder\ResourceFinder02Test" classname="Infection.BenchmarkSource.Test.AutoGenerated.Finder.ResourceFinder02Test" assertions="1" time="0.001058"/>
          <testcase name="test_it_can_be_diagnosed with data set #7" file="/path/to/project/tests/AutoGenerated/Finder/ResourceFinder02Test.php" line="35" class="Infection\BenchmarkSource\Test\AutoGenerated\Finder\ResourceFinder02Test" classname="Infection.BenchmarkSource.Test.AutoGenerated.Finder.ResourceFinder02Test" assertions="1" time="0.001017"/>
          <testcase name="test_it_can_be_diagnosed with data set #8" file="/path/to/project/tests/AutoGenerated/Finder/ResourceFinder02Test.php" line="35" class="Infection\BenchmarkSource\Test\AutoGenerated\Finder\ResourceFinder02Test" classname="Infection.BenchmarkSource.Test.AutoGenerated.Finder.ResourceFinder02Test" assertions="1" time="0.001021"/>
          <testcase name="test_it_can_be_diagnosed with data set #9" file="/path/to/project/tests/AutoGenerated/Finder/ResourceFinder02Test.php" line="35" class="Infection\BenchmarkSource\Test\AutoGenerated\Finder\ResourceFinder02Test" classname="Infection.BenchmarkSource.Test.AutoGenerated.Finder.ResourceFinder02Test" assertions="1" time="0.001012"/>
          <testcase name="test_it_can_be_diagnosed with data set #10" file="/path/to/project/tests/AutoGenerated/Finder/ResourceFinder02Test.php" line="35" class="Infection\BenchmarkSource\Test\AutoGenerated\Finder\ResourceFinder02Test" classname="Infection.BenchmarkSource.Test.AutoGenerated.Finder.ResourceFinder02Test" assertions="1" time="0.001010"/>
          <testcase name="test_it_can_be_diagnosed with data set #11" file="/path/to/project/tests/AutoGenerated/Finder/ResourceFinder02Test.php" line="35" class="Infection\BenchmarkSource\Test\AutoGenerated\Finder\ResourceFinder02Test" classname="Infection.BenchmarkSource.Test.AutoGenerated.Finder.ResourceFinder02Test" assertions="1" time="0.001006"/>
          <testcase name="test_it_can_be_diagnosed with data set #12" file="/path/to/project/tests/AutoGenerated/Finder/ResourceFinder02Test.php" line="35" class="Infection\BenchmarkSource\Test\AutoGenerated\Finder\ResourceFinder02Test" classname="Infection.BenchmarkSource.Test.AutoGenerated.Finder.ResourceFinder02Test" assertions="1" time="0.001004"/>
          <testcase name="test_it_can_be_diagnosed with data set #13" file="/path/to/project/tests/AutoGenerated/Finder/ResourceFinder02Test.php" line="35" class="Infection\BenchmarkSource\Test\AutoGenerated\Finder\ResourceFinder02Test" classname="Infection.BenchmarkSource.Test.AutoGenerated.Finder.ResourceFinder02Test" assertions="1" time="0.001015"/>
          <testcase name="test_it_can_be_diagnosed with data set #14" file="/path/to/project/tests/AutoGenerated/Finder/ResourceFinder02Test.php" line="35" class="Infection\BenchmarkSource\Test\AutoGenerated\Finder\ResourceFinder02Test" classname="Infection.BenchmarkSource.Test.AutoGenerated.Finder.ResourceFinder02Test" assertions="1" time="0.001008"/>
          <testcase name="test_it_can_be_diagnosed with data set #15" file="/path/to/project/tests/AutoGenerated/Finder/ResourceFinder02Test.php" line="35" class="Infection\BenchmarkSource\Test\AutoGenerated\Finder\ResourceFinder02Test" classname="Infection.BenchmarkSource.Test.AutoGenerated.Finder.ResourceFinder02Test" assertions="1" time="0.001008"/>
          <testcase name="test_it_can_be_diagnosed with data set #16" file="/path/to/project/tests/AutoGenerated/Finder/ResourceFinder02Test.php" line="35" class="Infection\BenchmarkSource\Test\AutoGenerated\Finder\ResourceFinder02Test" classname="Infection.BenchmarkSource.Test.AutoGenerated.Finder.ResourceFinder02Test" assertions="1" time="0.001007"/>
          <testcase name="test_it_can_be_diagnosed with data set #17" file="/path/to/project/tests/AutoGenerated/Finder/ResourceFinder02Test.php" line="35" class="Infection\BenchmarkSource\Test\AutoGenerated\Finder\ResourceFinder02Test" classname="Infection.BenchmarkSource.Test.AutoGenerated.Finder.ResourceFinder02Test" assertions="1" time="0.001020"/>
          <testcase name="test_it_can_be_diagnosed with data set #18" file="/path/to/project/tests/AutoGenerated/Finder/ResourceFinder02Test.php" line="35" class="Infection\BenchmarkSource\Test\AutoGenerated\Finder\ResourceFinder02Test" classname="Infection.BenchmarkSource.Test.AutoGenerated.Finder.ResourceFinder02Test" assertions="1" time="0.001030"/>
          <testcase name="test_it_can_be_diagnosed with data set #19" file="/path/to/project/tests/AutoGenerated/Finder/ResourceFinder02Test.php" line="35" class="Infection\BenchmarkSource\Test\AutoGenerated\Finder\ResourceFinder02Test" classname="Infection.BenchmarkSource.Test.AutoGenerated.Finder.ResourceFinder02Test" assertions="1" time="0.001018"/>
          <testcase name="test_it_can_be_diagnosed with data set #20" file="/path/to/project/tests/AutoGenerated/Finder/ResourceFinder02Test.php" line="35" class="Infection\BenchmarkSource\Test\AutoGenerated\Finder\ResourceFinder02Test" classname="Infection.BenchmarkSource.Test.AutoGenerated.Finder.ResourceFinder02Test" assertions="1" time="0.001028"/>
          <testcase name="test_it_can_be_diagnosed with data set #21" file="/path/to/project/tests/AutoGenerated/Finder/ResourceFinder02Test.php" line="35" class="Infection\BenchmarkSource\Test\AutoGenerated\Finder\ResourceFinder02Test" classname="Infection.BenchmarkSource.Test.AutoGenerated.Finder.ResourceFinder02Test" assertions="1" time="0.001015"/>
          <testcase name="test_it_can_be_diagnosed with data set #22" file="/path/to/project/tests/AutoGenerated/Finder/ResourceFinder02Test.php" line="35" class="Infection\BenchmarkSource\Test\AutoGenerated\Finder\ResourceFinder02Test" classname="Infection.BenchmarkSource.Test.AutoGenerated.Finder.ResourceFinder02Test" assertions="1" time="0.001018"/>
          <testcase name="test_it_can_be_diagnosed with data set #23" file="/path/to/project/tests/AutoGenerated/Finder/ResourceFinder02Test.php" line="35" class="Infection\BenchmarkSource\Test\AutoGenerated\Finder\ResourceFinder02Test" classname="Infection.BenchmarkSource.Test.AutoGenerated.Finder.ResourceFinder02Test" assertions="1" time="0.001013"/>
          <testcase name="test_it_can_be_diagnosed with data set #24" file="/path/to/project/tests/AutoGenerated/Finder/ResourceFinder02Test.php" line="35" class="Infection\BenchmarkSource\Test\AutoGenerated\Finder\ResourceFinder02Test" classname="Infection.BenchmarkSource.Test.AutoGenerated.Finder.ResourceFinder02Test" assertions="1" time="0.001018"/>
          <testcase name="test_it_can_be_diagnosed with data set #25" file="/path/to/project/tests/AutoGenerated/Finder/ResourceFinder02Test.php" line="35" class="Infection\BenchmarkSource\Test\AutoGenerated\Finder\ResourceFinder02Test" classname="Infection.BenchmarkSource.Test.AutoGenerated.Finder.ResourceFinder02Test" assertions="1" time="0.001025"/>
          <testcase name="test_it_can_be_diagnosed with data set #26" file="/path/to/project/tests/AutoGenerated/Finder/ResourceFinder02Test.php" line="35" class="Infection\BenchmarkSource\Test\AutoGenerated\Finder\ResourceFinder02Test" classname="Infection.BenchmarkSource.Test.AutoGenerated.Finder.ResourceFinder02Test" assertions="1" time="0.001001"/>
          <testcase name="test_it_can_be_diagnosed with data set #27" file="/path/to/project/tests/AutoGenerated/Finder/ResourceFinder02Test.php" line="35" class="Infection\BenchmarkSource\Test\AutoGenerated\Finder\ResourceFinder02Test" classname="Infection.BenchmarkSource.Test.AutoGenerated.Finder.ResourceFinder02Test" assertions="1" time="0.001018"/>
          <testcase name="test_it_can_be_diagnosed with data set #28" file="/path/to/project/tests/AutoGenerated/Finder/ResourceFinder02Test.php" line="35" class="Infection\BenchmarkSource\Test\AutoGenerated\Finder\ResourceFinder02Test" classname="Infection.BenchmarkSource.Test.AutoGenerated.Finder.ResourceFinder02Test" assertions="1" time="0.001005"/>
          <testcase name="test_it_can_be_diagnosed with data set #29" file="/path/to/project/tests/AutoGenerated/Finder/ResourceFinder02Test.php" line="35" class="Infection\BenchmarkSource\Test\AutoGenerated\Finder\ResourceFinder02Test" classname="Infection.BenchmarkSource.Test.AutoGenerated.Finder.ResourceFinder02Test" assertions="1" time="0.001008"/>
          <testcase name="test_it_can_be_diagnosed with data set #30" file="/path/to/project/tests/AutoGenerated/Finder/ResourceFinder02Test.php" line="35" class="Infection\BenchmarkSource\Test\AutoGenerated\Finder\ResourceFinder02Test" classname="Infection.BenchmarkSource.Test.AutoGenerated.Finder.ResourceFinder02Test" assertions="1" time="0.001015"/>
          <testcase name="test_it_can_be_diagnosed with data set #31" file="/path/to/project/tests/AutoGenerated/Finder/ResourceFinder02Test.php" line="35" class="Infection\BenchmarkSource\Test\AutoGenerated\Finder\ResourceFinder02Test" classname="Infection.BenchmarkSource.Test.AutoGenerated.Finder.ResourceFinder02Test" assertions="1" time="0.001024"/>
          <testcase name="test_it_can_be_diagnosed with data set #32" file="/path/to/project/tests/AutoGenerated/Finder/ResourceFinder02Test.php" line="35" class="Infection\BenchmarkSource\Test\AutoGenerated\Finder\ResourceFinder02Test" classname="Infection.BenchmarkSource.Test.AutoGenerated.Finder.ResourceFinder02Test" assertions="1" time="0.001050"/>
          <testcase name="test_it_can_be_diagnosed with data set #33" file="/path/to/project/tests/AutoGenerated/Finder/ResourceFinder02Test.php" line="35" class="Infection\BenchmarkSource\Test\AutoGenerated\Finder\ResourceFinder02Test" classname="Infection.BenchmarkSource.Test.AutoGenerated.Finder.ResourceFinder02Test" assertions="1" time="0.001065"/>
          <testcase name="test_it_can_be_diagnosed with data set #34" file="/path/to/project/tests/AutoGenerated/Finder/ResourceFinder02Test.php" line="35" class="Infection\BenchmarkSource\Test\AutoGenerated\Finder\ResourceFinder02Test" classname="Infection.BenchmarkSource.Test.AutoGenerated.Finder.ResourceFinder02Test" assertions="1" time="0.001034"/>
          <testcase name="test_it_can_be_diagnosed with data set #35" file="/path/to/project/tests/AutoGenerated/Finder/ResourceFinder02Test.php" line="35" class="Infection\BenchmarkSource\Test\AutoGenerated\Finder\ResourceFinder02Test" classname="Infection.BenchmarkSource.Test.AutoGenerated.Finder.ResourceFinder02Test" assertions="1" time="0.001085"/>
          <testcase name="test_it_can_be_diagnosed with data set #36" file="/path/to/project/tests/AutoGenerated/Finder/ResourceFinder02Test.php" line="35" class="Infection\BenchmarkSource\Test\AutoGenerated\Finder\ResourceFinder02Test" classname="Infection.BenchmarkSource.Test.AutoGenerated.Finder.ResourceFinder02Test" assertions="1" time="0.001054"/>
          <testcase name="test_it_can_be_diagnosed with data set #37" file="/path/to/project/tests/AutoGenerated/Finder/ResourceFinder02Test.php" line="35" class="Infection\BenchmarkSource\Test\AutoGenerated\Finder\ResourceFinder02Test" classname="Infection.BenchmarkSource.Test.AutoGenerated.Finder.ResourceFinder02Test" assertions="1" time="0.001049"/>
          <testcase name="test_it_can_be_diagnosed with data set #38" file="/path/to/project/tests/AutoGenerated/Finder/ResourceFinder02Test.php" line="35" class="Infection\BenchmarkSource\Test\AutoGenerated\Finder\ResourceFinder02Test" classname="Infection.BenchmarkSource.Test.AutoGenerated.Finder.ResourceFinder02Test" assertions="1" time="0.001030"/>
          <testcase name="test_it_can_be_diagnosed with data set #39" file="/path/to/project/tests/AutoGenerated/Finder/ResourceFinder02Test.php" line="35" class="Infection\BenchmarkSource\Test\AutoGenerated\Finder\ResourceFinder02Test" classname="Infection.BenchmarkSource.Test.AutoGenerated.Finder.ResourceFinder02Test" assertions="1" time="0.001027"/>
          <testcase name="test_it_can_be_diagnosed with data set #40" file="/path/to/project/tests/AutoGenerated/Finder/ResourceFinder02Test.php" line="35" class="Infection\BenchmarkSource\Test\AutoGenerated\Finder\ResourceFinder02Test" classname="Infection.BenchmarkSource.Test.AutoGenerated.Finder.ResourceFinder02Test" assertions="1" time="0.001017"/>
          <testcase name="test_it_can_be_diagnosed with data set #41" file="/path/to/project/tests/AutoGenerated/Finder/ResourceFinder02Test.php" line="35" class="Infection\BenchmarkSource\Test\AutoGenerated\Finder\ResourceFinder02Test" classname="Infection.BenchmarkSource.Test.AutoGenerated.Finder.ResourceFinder02Test" assertions="1" time="0.001042"/>
          <testcase name="test_it_can_be_diagnosed with data set #42" file="/path/to/project/tests/AutoGenerated/Finder/ResourceFinder02Test.php" line="35" class="Infection\BenchmarkSource\Test\AutoGenerated\Finder\ResourceFinder02Test" classname="Infection.BenchmarkSource.Test.AutoGenerated.Finder.ResourceFinder02Test" assertions="1" time="0.001019"/>
          <testcase name="test_it_can_be_diagnosed with data set #43" file="/path/to/project/tests/AutoGenerated/Finder/ResourceFinder02Test.php" line="35" class="Infection\BenchmarkSource\Test\AutoGenerated\Finder\ResourceFinder02Test" classname="Infection.BenchmarkSource.Test.AutoGenerated.Finder.ResourceFinder02Test" assertions="1" time="0.001019"/>
          <testcase name="test_it_can_be_diagnosed with data set #44" file="/path/to/project/tests/AutoGenerated/Finder/ResourceFinder02Test.php" line="35" class="Infection\BenchmarkSource\Test\AutoGenerated\Finder\ResourceFinder02Test" classname="Infection.BenchmarkSource.Test.AutoGenerated.Finder.ResourceFinder02Test" assertions="1" time="0.001007"/>
          <testcase name="test_it_can_be_diagnosed with data set #45" file="/path/to/project/tests/AutoGenerated/Finder/ResourceFinder02Test.php" line="35" class="Infection\BenchmarkSource\Test\AutoGenerated\Finder\ResourceFinder02Test" classname="Infection.BenchmarkSource.Test.AutoGenerated.Finder.ResourceFinder02Test" assertions="1" time="0.001011"/>
          <testcase name="test_it_can_be_diagnosed with data set #46" file="/path/to/project/tests/AutoGenerated/Finder/ResourceFinder02Test.php" line="35" class="Infection\BenchmarkSource\Test\AutoGenerated\Finder\ResourceFinder02Test" classname="Infection.BenchmarkSource.Test.AutoGenerated.Finder.ResourceFinder02Test" assertions="1" time="0.001025"/>
          <testcase name="test_it_can_be_diagnosed with data set #47" file="/path/to/project/tests/AutoGenerated/Finder/ResourceFinder02Test.php" line="35" class="Infection\BenchmarkSource\Test\AutoGenerated\Finder\ResourceFinder02Test" classname="Infection.BenchmarkSource.Test.AutoGenerated.Finder.ResourceFinder02Test" assertions="1" time="0.001005"/>
          <testcase name="test_it_can_be_diagnosed with data set #48" file="/path/to/project/tests/AutoGenerated/Finder/ResourceFinder02Test.php" line="35" class="Infection\BenchmarkSource\Test\AutoGenerated\Finder\ResourceFinder02Test" classname="Infection.BenchmarkSource.Test.AutoGenerated.Finder.ResourceFinder02Test" assertions="1" time="0.001001"/>
        </testsuite>
        <testsuite name="Infection\BenchmarkSource\Test\AutoGenerated\Finder\ResourceFinder02Test::test_it_can_be_casted_into_a_string" tests="49" assertions="49" errors="0" failures="0" skipped="0" time="0.050160">
          <testcase name="test_it_can_be_casted_into_a_string with data set #0" file="/path/to/project/tests/AutoGenerated/Finder/ResourceFinder02Test.php" line="61" class="Infection\BenchmarkSource\Test\AutoGenerated\Finder\ResourceFinder02Test" classname="Infection.BenchmarkSource.Test.AutoGenerated.Finder.ResourceFinder02Test" assertions="1" time="0.001012"/>
          <testcase name="test_it_can_be_casted_into_a_string with data set #1" file="/path/to/project/tests/AutoGenerated/Finder/ResourceFinder02Test.php" line="61" class="Infection\BenchmarkSource\Test\AutoGenerated\Finder\ResourceFinder02Test" classname="Infection.BenchmarkSource.Test.AutoGenerated.Finder.ResourceFinder02Test" assertions="1" time="0.000997"/>
          <testcase name="test_it_can_be_casted_into_a_string with data set #2" file="/path/to/project/tests/AutoGenerated/Finder/ResourceFinder02Test.php" line="61" class="Infection\BenchmarkSource\Test\AutoGenerated\Finder\ResourceFinder02Test" classname="Infection.BenchmarkSource.Test.AutoGenerated.Finder.ResourceFinder02Test" assertions="1" time="0.000993"/>
          <testcase name="test_it_can_be_casted_into_a_string with data set #3" file="/path/to/project/tests/AutoGenerated/Finder/ResourceFinder02Test.php" line="61" class="Infection\BenchmarkSource\Test\AutoGenerated\Finder\ResourceFinder02Test" classname="Infection.BenchmarkSource.Test.AutoGenerated.Finder.ResourceFinder02Test" assertions="1" time="0.000993"/>
          <testcase name="test_it_can_be_casted_into_a_string with data set #4" file="/path/to/project/tests/AutoGenerated/Finder/ResourceFinder02Test.php" line="61" class="Infection\BenchmarkSource\Test\AutoGenerated\Finder\ResourceFinder02Test" classname="Infection.BenchmarkSource.Test.AutoGenerated.Finder.ResourceFinder02Test" assertions="1" time="0.001007"/>
          <testcase name="test_it_can_be_casted_into_a_string with data set #5" file="/path/to/project/tests/AutoGenerated/Finder/ResourceFinder02Test.php" line="61" class="Infection\BenchmarkSource\Test\AutoGenerated\Finder\ResourceFinder02Test" classname="Infection.BenchmarkSource.Test.AutoGenerated.Finder.ResourceFinder02Test" assertions="1" time="0.000996"/>
          <testcase name="test_it_can_be_casted_into_a_string with data set #6" file="/path/to/project/tests/AutoGenerated/Finder/ResourceFinder02Test.php" line="61" class="Infection\BenchmarkSource\Test\AutoGenerated\Finder\ResourceFinder02Test" classname="Infection.BenchmarkSource.Test.AutoGenerated.Finder.ResourceFinder02Test" assertions="1" time="0.001006"/>
          <testcase name="test_it_can_be_casted_into_a_string with data set #7" file="/path/to/project/tests/AutoGenerated/Finder/ResourceFinder02Test.php" line="61" class="Infection\BenchmarkSource\Test\AutoGenerated\Finder\ResourceFinder02Test" classname="Infection.BenchmarkSource.Test.AutoGenerated.Finder.ResourceFinder02Test" assertions="1" time="0.001002"/>
          <testcase name="test_it_can_be_casted_into_a_string with data set #8" file="/path/to/project/tests/AutoGenerated/Finder/ResourceFinder02Test.php" line="61" class="Infection\BenchmarkSource\Test\AutoGenerated\Finder\ResourceFinder02Test" classname="Infection.BenchmarkSource.Test.AutoGenerated.Finder.ResourceFinder02Test" assertions="1" time="0.001005"/>
          <testcase name="test_it_can_be_casted_into_a_string with data set #9" file="/path/to/project/tests/AutoGenerated/Finder/ResourceFinder02Test.php" line="61" class="Infection\BenchmarkSource\Test\AutoGenerated\Finder\ResourceFinder02Test" classname="Infection.BenchmarkSource.Test.AutoGenerated.Finder.ResourceFinder02Test" assertions="1" time="0.001002"/>
          <testcase name="test_it_can_be_casted_into_a_string with data set #10" file="/path/to/project/tests/AutoGenerated/Finder/ResourceFinder02Test.php" line="61" class="Infection\BenchmarkSource\Test\AutoGenerated\Finder\ResourceFinder02Test" classname="Infection.BenchmarkSource.Test.AutoGenerated.Finder.ResourceFinder02Test" assertions="1" time="0.001009"/>
          <testcase name="test_it_can_be_casted_into_a_string with data set #11" file="/path/to/project/tests/AutoGenerated/Finder/ResourceFinder02Test.php" line="61" class="Infection\BenchmarkSource\Test\AutoGenerated\Finder\ResourceFinder02Test" classname="Infection.BenchmarkSource.Test.AutoGenerated.Finder.ResourceFinder02Test" assertions="1" time="0.001027"/>
          <testcase name="test_it_can_be_casted_into_a_string with data set #12" file="/path/to/project/tests/AutoGenerated/Finder/ResourceFinder02Test.php" line="61" class="Infection\BenchmarkSource\Test\AutoGenerated\Finder\ResourceFinder02Test" classname="Infection.BenchmarkSource.Test.AutoGenerated.Finder.ResourceFinder02Test" assertions="1" time="0.001026"/>
          <testcase name="test_it_can_be_casted_into_a_string with data set #13" file="/path/to/project/tests/AutoGenerated/Finder/ResourceFinder02Test.php" line="61" class="Infection\BenchmarkSource\Test\AutoGenerated\Finder\ResourceFinder02Test" classname="Infection.BenchmarkSource.Test.AutoGenerated.Finder.ResourceFinder02Test" assertions="1" time="0.001019"/>
          <testcase name="test_it_can_be_casted_into_a_string with data set #14" file="/path/to/project/tests/AutoGenerated/Finder/ResourceFinder02Test.php" line="61" class="Infection\BenchmarkSource\Test\AutoGenerated\Finder\ResourceFinder02Test" classname="Infection.BenchmarkSource.Test.AutoGenerated.Finder.ResourceFinder02Test" assertions="1" time="0.001029"/>
          <testcase name="test_it_can_be_casted_into_a_string with data set #15" file="/path/to/project/tests/AutoGenerated/Finder/ResourceFinder02Test.php" line="61" class="Infection\BenchmarkSource\Test\AutoGenerated\Finder\ResourceFinder02Test" classname="Infection.BenchmarkSource.Test.AutoGenerated.Finder.ResourceFinder02Test" assertions="1" time="0.001027"/>
          <testcase name="test_it_can_be_casted_into_a_string with data set #16" file="/path/to/project/tests/AutoGenerated/Finder/ResourceFinder02Test.php" line="61" class="Infection\BenchmarkSource\Test\AutoGenerated\Finder\ResourceFinder02Test" classname="Infection.BenchmarkSource.Test.AutoGenerated.Finder.ResourceFinder02Test" assertions="1" time="0.001033"/>
          <testcase name="test_it_can_be_casted_into_a_string with data set #17" file="/path/to/project/tests/AutoGenerated/Finder/ResourceFinder02Test.php" line="61" class="Infection\BenchmarkSource\Test\AutoGenerated\Finder\ResourceFinder02Test" classname="Infection.BenchmarkSource.Test.AutoGenerated.Finder.ResourceFinder02Test" assertions="1" time="0.001032"/>
          <testcase name="test_it_can_be_casted_into_a_string with data set #18" file="/path/to/project/tests/AutoGenerated/Finder/ResourceFinder02Test.php" line="61" class="Infection\BenchmarkSource\Test\AutoGenerated\Finder\ResourceFinder02Test" classname="Infection.BenchmarkSource.Test.AutoGenerated.Finder.ResourceFinder02Test" assertions="1" time="0.001035"/>
          <testcase name="test_it_can_be_casted_into_a_string with data set #19" file="/path/to/project/tests/AutoGenerated/Finder/ResourceFinder02Test.php" line="61" class="Infection\BenchmarkSource\Test\AutoGenerated\Finder\ResourceFinder02Test" classname="Infection.BenchmarkSource.Test.AutoGenerated.Finder.ResourceFinder02Test" assertions="1" time="0.001024"/>
          <testcase name="test_it_can_be_casted_into_a_string with data set #20" file="/path/to/project/tests/AutoGenerated/Finder/ResourceFinder02Test.php" line="61" class="Infection\BenchmarkSource\Test\AutoGenerated\Finder\ResourceFinder02Test" classname="Infection.BenchmarkSource.Test.AutoGenerated.Finder.ResourceFinder02Test" assertions="1" time="0.001026"/>
          <testcase name="test_it_can_be_casted_into_a_string with data set #21" file="/path/to/project/tests/AutoGenerated/Finder/ResourceFinder02Test.php" line="61" class="Infection\BenchmarkSource\Test\AutoGenerated\Finder\ResourceFinder02Test" classname="Infection.BenchmarkSource.Test.AutoGenerated.Finder.ResourceFinder02Test" assertions="1" time="0.001023"/>
          <testcase name="test_it_can_be_casted_into_a_string with data set #22" file="/path/to/project/tests/AutoGenerated/Finder/ResourceFinder02Test.php" line="61" class="Infection\BenchmarkSource\Test\AutoGenerated\Finder\ResourceFinder02Test" classname="Infection.BenchmarkSource.Test.AutoGenerated.Finder.ResourceFinder02Test" assertions="1" time="0.001027"/>
          <testcase name="test_it_can_be_casted_into_a_string with data set #23" file="/path/to/project/tests/AutoGenerated/Finder/ResourceFinder02Test.php" line="61" class="Infection\BenchmarkSource\Test\AutoGenerated\Finder\ResourceFinder02Test" classname="Infection.BenchmarkSource.Test.AutoGenerated.Finder.ResourceFinder02Test" assertions="1" time="0.001027"/>
          <testcase name="test_it_can_be_casted_into_a_string with data set #24" file="/path/to/project/tests/AutoGenerated/Finder/ResourceFinder02Test.php" line="61" class="Infection\BenchmarkSource\Test\AutoGenerated\Finder\ResourceFinder02Test" classname="Infection.BenchmarkSource.Test.AutoGenerated.Finder.ResourceFinder02Test" assertions="1" time="0.001024"/>
          <testcase name="test_it_can_be_casted_into_a_string with data set #25" file="/path/to/project/tests/AutoGenerated/Finder/ResourceFinder02Test.php" line="61" class="Infection\BenchmarkSource\Test\AutoGenerated\Finder\ResourceFinder02Test" classname="Infection.BenchmarkSource.Test.AutoGenerated.Finder.ResourceFinder02Test" assertions="1" time="0.001025"/>
          <testcase name="test_it_can_be_casted_into_a_string with data set #26" file="/path/to/project/tests/AutoGenerated/Finder/ResourceFinder02Test.php" line="61" class="Infection\BenchmarkSource\Test\AutoGenerated\Finder\ResourceFinder02Test" classname="Infection.BenchmarkSource.Test.AutoGenerated.Finder.ResourceFinder02Test" assertions="1" time="0.001024"/>
          <testcase name="test_it_can_be_casted_into_a_string with data set #27" file="/path/to/project/tests/AutoGenerated/Finder/ResourceFinder02Test.php" line="61" class="Infection\BenchmarkSource\Test\AutoGenerated\Finder\ResourceFinder02Test" classname="Infection.BenchmarkSource.Test.AutoGenerated.Finder.ResourceFinder02Test" assertions="1" time="0.001033"/>
          <testcase name="test_it_can_be_casted_into_a_string with data set #28" file="/path/to/project/tests/AutoGenerated/Finder/ResourceFinder02Test.php" line="61" class="Infection\BenchmarkSource\Test\AutoGenerated\Finder\ResourceFinder02Test" classname="Infection.BenchmarkSource.Test.AutoGenerated.Finder.ResourceFinder02Test" assertions="1" time="0.001042"/>
          <testcase name="test_it_can_be_casted_into_a_string with data set #29" file="/path/to/project/tests/AutoGenerated/Finder/ResourceFinder02Test.php" line="61" class="Infection\BenchmarkSource\Test\AutoGenerated\Finder\ResourceFinder02Test" classname="Infection.BenchmarkSource.Test.AutoGenerated.Finder.ResourceFinder02Test" assertions="1" time="0.001038"/>
          <testcase name="test_it_can_be_casted_into_a_string with data set #30" file="/path/to/project/tests/AutoGenerated/Finder/ResourceFinder02Test.php" line="61" class="Infection\BenchmarkSource\Test\AutoGenerated\Finder\ResourceFinder02Test" classname="Infection.BenchmarkSource.Test.AutoGenerated.Finder.ResourceFinder02Test" assertions="1" time="0.001043"/>
          <testcase name="test_it_can_be_casted_into_a_string with data set #31" file="/path/to/project/tests/AutoGenerated/Finder/ResourceFinder02Test.php" line="61" class="Infection\BenchmarkSource\Test\AutoGenerated\Finder\ResourceFinder02Test" classname="Infection.BenchmarkSource.Test.AutoGenerated.Finder.ResourceFinder02Test" assertions="1" time="0.001043"/>
          <testcase name="test_it_can_be_casted_into_a_string with data set #32" file="/path/to/project/tests/AutoGenerated/Finder/ResourceFinder02Test.php" line="61" class="Infection\BenchmarkSource\Test\AutoGenerated\Finder\ResourceFinder02Test" classname="Infection.BenchmarkSource.Test.AutoGenerated.Finder.ResourceFinder02Test" assertions="1" time="0.001027"/>
          <testcase name="test_it_can_be_casted_into_a_string with data set #33" file="/path/to/project/tests/AutoGenerated/Finder/ResourceFinder02Test.php" line="61" class="Infection\BenchmarkSource\Test\AutoGenerated\Finder\ResourceFinder02Test" classname="Infection.BenchmarkSource.Test.AutoGenerated.Finder.ResourceFinder02Test" assertions="1" time="0.001031"/>
          <testcase name="test_it_can_be_casted_into_a_string with data set #34" file="/path/to/project/tests/AutoGenerated/Finder/ResourceFinder02Test.php" line="61" class="Infection\BenchmarkSource\Test\AutoGenerated\Finder\ResourceFinder02Test" classname="Infection.BenchmarkSource.Test.AutoGenerated.Finder.ResourceFinder02Test" assertions="1" time="0.001037"/>
          <testcase name="test_it_can_be_casted_into_a_string with data set #35" file="/path/to/project/tests/AutoGenerated/Finder/ResourceFinder02Test.php" line="61" class="Infection\BenchmarkSource\Test\AutoGenerated\Finder\ResourceFinder02Test" classname="Infection.BenchmarkSource.Test.AutoGenerated.Finder.ResourceFinder02Test" assertions="1" time="0.001040"/>
          <testcase name="test_it_can_be_casted_into_a_string with data set #36" file="/path/to/project/tests/AutoGenerated/Finder/ResourceFinder02Test.php" line="61" class="Infection\BenchmarkSource\Test\AutoGenerated\Finder\ResourceFinder02Test" classname="Infection.BenchmarkSource.Test.AutoGenerated.Finder.ResourceFinder02Test" assertions="1" time="0.001031"/>
          <testcase name="test_it_can_be_casted_into_a_string with data set #37" file="/path/to/project/tests/AutoGenerated/Finder/ResourceFinder02Test.php" line="61" class="Infection\BenchmarkSource\Test\AutoGenerated\Finder\ResourceFinder02Test" classname="Infection.BenchmarkSource.Test.AutoGenerated.Finder.ResourceFinder02Test" assertions="1" time="0.001033"/>
          <testcase name="test_it_can_be_casted_into_a_string with data set #38" file="/path/to/project/tests/AutoGenerated/Finder/ResourceFinder02Test.php" line="61" class="Infection\BenchmarkSource\Test\AutoGenerated\Finder\ResourceFinder02Test" classname="Infection.BenchmarkSource.Test.AutoGenerated.Finder.ResourceFinder02Test" assertions="1" time="0.001034"/>
          <testcase name="test_it_can_be_casted_into_a_string with data set #39" file="/path/to/project/tests/AutoGenerated/Finder/ResourceFinder02Test.php" line="61" class="Infection\BenchmarkSource\Test\AutoGenerated\Finder\ResourceFinder02Test" classname="Infection.BenchmarkSource.Test.AutoGenerated.Finder.ResourceFinder02Test" assertions="1" time="0.001025"/>
          <testcase name="test_it_can_be_casted_into_a_string with data set #40" file="/path/to/project/tests/AutoGenerated/Finder/ResourceFinder02Test.php" line="61" class="Infection\BenchmarkSource\Test\AutoGenerated\Finder\ResourceFinder02Test" classname="Infection.BenchmarkSource.Test.AutoGenerated.Finder.ResourceFinder02Test" assertions="1" time="0.001020"/>
          <testcase name="test_it_can_be_casted_into_a_string with data set #41" file="/path/to/project/tests/AutoGenerated/Finder/ResourceFinder02Test.php" line="61" class="Infection\BenchmarkSource\Test\AutoGenerated\Finder\ResourceFinder02Test" classname="Infection.BenchmarkSource.Test.AutoGenerated.Finder.ResourceFinder02Test" assertions="1" time="0.001031"/>
          <testcase name="test_it_can_be_casted_into_a_string with data set #42" file="/path/to/project/tests/AutoGenerated/Finder/ResourceFinder02Test.php" line="61" class="Infection\BenchmarkSource\Test\AutoGenerated\Finder\ResourceFinder02Test" classname="Infection.BenchmarkSource.Test.AutoGenerated.Finder.ResourceFinder02Test" assertions="1" time="0.001028"/>
          <testcase name="test_it_can_be_casted_into_a_string with data set #43" file="/path/to/project/tests/AutoGenerated/Finder/ResourceFinder02Test.php" line="61" class="Infection\BenchmarkSource\Test\AutoGenerated\Finder\ResourceFinder02Test" classname="Infection.BenchmarkSource.Test.AutoGenerated.Finder.ResourceFinder02Test" assertions="1" time="0.001029"/>
          <testcase name="test_it_can_be_casted_into_a_string with data set #44" file="/path/to/project/tests/AutoGenerated/Finder/ResourceFinder02Test.php" line="61" class="Infection\BenchmarkSource\Test\AutoGenerated\Finder\ResourceFinder02Test" classname="Infection.BenchmarkSource.Test.AutoGenerated.Finder.ResourceFinder02Test" assertions="1" time="0.001026"/>
          <testcase name="test_it_can_be_casted_into_a_string with data set #45" file="/path/to/project/tests/AutoGenerated/Finder/ResourceFinder02Test.php" line="61" class="Infection\BenchmarkSource\Test\AutoGenerated\Finder\ResourceFinder02Test" classname="Infection.BenchmarkSource.Test.AutoGenerated.Finder.ResourceFinder02Test" assertions="1" time="0.001032"/>
          <testcase name="test_it_can_be_casted_into_a_string with data set #46" file="/path/to/project/tests/AutoGenerated/Finder/ResourceFinder02Test.php" line="61" class="Infection\BenchmarkSource\Test\AutoGenerated\Finder\ResourceFinder02Test" classname="Infection.BenchmarkSource.Test.AutoGenerated.Finder.ResourceFinder02Test" assertions="1" time="0.001029"/>
          <testcase name="test_it_can_be_casted_into_a_string with data set #47" file="/path/to/project/tests/AutoGenerated/Finder/ResourceFinder02Test.php" line="61" class="Infection\BenchmarkSource\Test\AutoGenerated\Finder\ResourceFinder02Test" classname="Infection.BenchmarkSource.Test.AutoGenerated.Finder.ResourceFinder02Test" assertions="1" time="0.001039"/>
          <testcase name="test_it_can_be_casted_into_a_string with data set #48" file="/path/to/project/tests/AutoGenerated/Finder/ResourceFinder02Test.php" line="61" class="Infection\BenchmarkSource\Test\AutoGenerated\Finder\ResourceFinder02Test" classname="Infection.BenchmarkSource.Test.AutoGenerated.Finder.ResourceFinder02Test" assertions="1" time="0.001021"/>
        </testsuite>
      </testsuite>
      <testsuite name="Infection\BenchmarkSource\Test\AutoGenerated\Finder\ResourceFinder03Test" file="/path/to/project/tests/AutoGenerated/Finder/ResourceFinder03Test.php" tests="100" assertions="100" errors="0" failures="0" skipped="0" time="0.101322">
        <testcase name="test_can_be_instantiated" file="/path/to/project/tests/AutoGenerated/Finder/ResourceFinder03Test.php" line="17" class="Infection\BenchmarkSource\Test\AutoGenerated\Finder\ResourceFinder03Test" classname="Infection.BenchmarkSource.Test.AutoGenerated.Finder.ResourceFinder03Test" assertions="1" time="0.001138"/>
        <testcase name="test_it_is_a_resource_finder" file="/path/to/project/tests/AutoGenerated/Finder/ResourceFinder03Test.php" line="24" class="Infection\BenchmarkSource\Test\AutoGenerated\Finder\ResourceFinder03Test" classname="Infection.BenchmarkSource.Test.AutoGenerated.Finder.ResourceFinder03Test" assertions="1" time="0.001045"/>
        <testsuite name="Infection\BenchmarkSource\Test\AutoGenerated\Finder\ResourceFinder03Test::test_it_can_be_diagnosed" tests="49" assertions="49" errors="0" failures="0" skipped="0" time="0.049649">
          <testcase name="test_it_can_be_diagnosed with data set #0" file="/path/to/project/tests/AutoGenerated/Finder/ResourceFinder03Test.php" line="35" class="Infection\BenchmarkSource\Test\AutoGenerated\Finder\ResourceFinder03Test" classname="Infection.BenchmarkSource.Test.AutoGenerated.Finder.ResourceFinder03Test" assertions="1" time="0.001017"/>
          <testcase name="test_it_can_be_diagnosed with data set #1" file="/path/to/project/tests/AutoGenerated/Finder/ResourceFinder03Test.php" line="35" class="Infection\BenchmarkSource\Test\AutoGenerated\Finder\ResourceFinder03Test" classname="Infection.BenchmarkSource.Test.AutoGenerated.Finder.ResourceFinder03Test" assertions="1" time="0.001011"/>
          <testcase name="test_it_can_be_diagnosed with data set #2" file="/path/to/project/tests/AutoGenerated/Finder/ResourceFinder03Test.php" line="35" class="Infection\BenchmarkSource\Test\AutoGenerated\Finder\ResourceFinder03Test" classname="Infection.BenchmarkSource.Test.AutoGenerated.Finder.ResourceFinder03Test" assertions="1" time="0.001016"/>
          <testcase name="test_it_can_be_diagnosed with data set #3" file="/path/to/project/tests/AutoGenerated/Finder/ResourceFinder03Test.php" line="35" class="Infection\BenchmarkSource\Test\AutoGenerated\Finder\ResourceFinder03Test" classname="Infection.BenchmarkSource.Test.AutoGenerated.Finder.ResourceFinder03Test" assertions="1" time="0.001137"/>
          <testcase name="test_it_can_be_diagnosed with data set #4" file="/path/to/project/tests/AutoGenerated/Finder/ResourceFinder03Test.php" line="35" class="Infection\BenchmarkSource\Test\AutoGenerated\Finder\ResourceFinder03Test" classname="Infection.BenchmarkSource.Test.AutoGenerated.Finder.ResourceFinder03Test" assertions="1" time="0.001109"/>
          <testcase name="test_it_can_be_diagnosed with data set #5" file="/path/to/project/tests/AutoGenerated/Finder/ResourceFinder03Test.php" line="35" class="Infection\BenchmarkSource\Test\AutoGenerated\Finder\ResourceFinder03Test" classname="Infection.BenchmarkSource.Test.AutoGenerated.Finder.ResourceFinder03Test" assertions="1" time="0.001044"/>
          <testcase name="test_it_can_be_diagnosed with data set #6" file="/path/to/project/tests/AutoGenerated/Finder/ResourceFinder03Test.php" line="35" class="Infection\BenchmarkSource\Test\AutoGenerated\Finder\ResourceFinder03Test" classname="Infection.BenchmarkSource.Test.AutoGenerated.Finder.ResourceFinder03Test" assertions="1" time="0.001017"/>
          <testcase name="test_it_can_be_diagnosed with data set #7" file="/path/to/project/tests/AutoGenerated/Finder/ResourceFinder03Test.php" line="35" class="Infection\BenchmarkSource\Test\AutoGenerated\Finder\ResourceFinder03Test" classname="Infection.BenchmarkSource.Test.AutoGenerated.Finder.ResourceFinder03Test" assertions="1" time="0.001013"/>
          <testcase name="test_it_can_be_diagnosed with data set #8" file="/path/to/project/tests/AutoGenerated/Finder/ResourceFinder03Test.php" line="35" class="Infection\BenchmarkSource\Test\AutoGenerated\Finder\ResourceFinder03Test" classname="Infection.BenchmarkSource.Test.AutoGenerated.Finder.ResourceFinder03Test" assertions="1" time="0.001016"/>
          <testcase name="test_it_can_be_diagnosed with data set #9" file="/path/to/project/tests/AutoGenerated/Finder/ResourceFinder03Test.php" line="35" class="Infection\BenchmarkSource\Test\AutoGenerated\Finder\ResourceFinder03Test" classname="Infection.BenchmarkSource.Test.AutoGenerated.Finder.ResourceFinder03Test" assertions="1" time="0.001005"/>
          <testcase name="test_it_can_be_diagnosed with data set #10" file="/path/to/project/tests/AutoGenerated/Finder/ResourceFinder03Test.php" line="35" class="Infection\BenchmarkSource\Test\AutoGenerated\Finder\ResourceFinder03Test" classname="Infection.BenchmarkSource.Test.AutoGenerated.Finder.ResourceFinder03Test" assertions="1" time="0.001021"/>
          <testcase name="test_it_can_be_diagnosed with data set #11" file="/path/to/project/tests/AutoGenerated/Finder/ResourceFinder03Test.php" line="35" class="Infection\BenchmarkSource\Test\AutoGenerated\Finder\ResourceFinder03Test" classname="Infection.BenchmarkSource.Test.AutoGenerated.Finder.ResourceFinder03Test" assertions="1" time="0.001020"/>
          <testcase name="test_it_can_be_diagnosed with data set #12" file="/path/to/project/tests/AutoGenerated/Finder/ResourceFinder03Test.php" line="35" class="Infection\BenchmarkSource\Test\AutoGenerated\Finder\ResourceFinder03Test" classname="Infection.BenchmarkSource.Test.AutoGenerated.Finder.ResourceFinder03Test" assertions="1" time="0.001012"/>
          <testcase name="test_it_can_be_diagnosed with data set #13" file="/path/to/project/tests/AutoGenerated/Finder/ResourceFinder03Test.php" line="35" class="Infection\BenchmarkSource\Test\AutoGenerated\Finder\ResourceFinder03Test" classname="Infection.BenchmarkSource.Test.AutoGenerated.Finder.ResourceFinder03Test" assertions="1" time="0.001007"/>
          <testcase name="test_it_can_be_diagnosed with data set #14" file="/path/to/project/tests/AutoGenerated/Finder/ResourceFinder03Test.php" line="35" class="Infection\BenchmarkSource\Test\AutoGenerated\Finder\ResourceFinder03Test" classname="Infection.BenchmarkSource.Test.AutoGenerated.Finder.ResourceFinder03Test" assertions="1" time="0.001013"/>
          <testcase name="test_it_can_be_diagnosed with data set #15" file="/path/to/project/tests/AutoGenerated/Finder/ResourceFinder03Test.php" line="35" class="Infection\BenchmarkSource\Test\AutoGenerated\Finder\ResourceFinder03Test" classname="Infection.BenchmarkSource.Test.AutoGenerated.Finder.ResourceFinder03Test" assertions="1" time="0.001010"/>
          <testcase name="test_it_can_be_diagnosed with data set #16" file="/path/to/project/tests/AutoGenerated/Finder/ResourceFinder03Test.php" line="35" class="Infection\BenchmarkSource\Test\AutoGenerated\Finder\ResourceFinder03Test" classname="Infection.BenchmarkSource.Test.AutoGenerated.Finder.ResourceFinder03Test" assertions="1" time="0.001010"/>
          <testcase name="test_it_can_be_diagnosed with data set #17" file="/path/to/project/tests/AutoGenerated/Finder/ResourceFinder03Test.php" line="35" class="Infection\BenchmarkSource\Test\AutoGenerated\Finder\ResourceFinder03Test" classname="Infection.BenchmarkSource.Test.AutoGenerated.Finder.ResourceFinder03Test" assertions="1" time="0.001008"/>
          <testcase name="test_it_can_be_diagnosed with data set #18" file="/path/to/project/tests/AutoGenerated/Finder/ResourceFinder03Test.php" line="35" class="Infection\BenchmarkSource\Test\AutoGenerated\Finder\ResourceFinder03Test" classname="Infection.BenchmarkSource.Test.AutoGenerated.Finder.ResourceFinder03Test" assertions="1" time="0.000997"/>
          <testcase name="test_it_can_be_diagnosed with data set #19" file="/path/to/project/tests/AutoGenerated/Finder/ResourceFinder03Test.php" line="35" class="Infection\BenchmarkSource\Test\AutoGenerated\Finder\ResourceFinder03Test" classname="Infection.BenchmarkSource.Test.AutoGenerated.Finder.ResourceFinder03Test" assertions="1" time="0.000998"/>
          <testcase name="test_it_can_be_diagnosed with data set #20" file="/path/to/project/tests/AutoGenerated/Finder/ResourceFinder03Test.php" line="35" class="Infection\BenchmarkSource\Test\AutoGenerated\Finder\ResourceFinder03Test" classname="Infection.BenchmarkSource.Test.AutoGenerated.Finder.ResourceFinder03Test" assertions="1" time="0.001005"/>
          <testcase name="test_it_can_be_diagnosed with data set #21" file="/path/to/project/tests/AutoGenerated/Finder/ResourceFinder03Test.php" line="35" class="Infection\BenchmarkSource\Test\AutoGenerated\Finder\ResourceFinder03Test" classname="Infection.BenchmarkSource.Test.AutoGenerated.Finder.ResourceFinder03Test" assertions="1" time="0.001009"/>
          <testcase name="test_it_can_be_diagnosed with data set #22" file="/path/to/project/tests/AutoGenerated/Finder/ResourceFinder03Test.php" line="35" class="Infection\BenchmarkSource\Test\AutoGenerated\Finder\ResourceFinder03Test" classname="Infection.BenchmarkSource.Test.AutoGenerated.Finder.ResourceFinder03Test" assertions="1" time="0.001005"/>
          <testcase name="test_it_can_be_diagnosed with data set #23" file="/path/to/project/tests/AutoGenerated/Finder/ResourceFinder03Test.php" line="35" class="Infection\BenchmarkSource\Test\AutoGenerated\Finder\ResourceFinder03Test" classname="Infection.BenchmarkSource.Test.AutoGenerated.Finder.ResourceFinder03Test" assertions="1" time="0.001012"/>
          <testcase name="test_it_can_be_diagnosed with data set #24" file="/path/to/project/tests/AutoGenerated/Finder/ResourceFinder03Test.php" line="35" class="Infection\BenchmarkSource\Test\AutoGenerated\Finder\ResourceFinder03Test" classname="Infection.BenchmarkSource.Test.AutoGenerated.Finder.ResourceFinder03Test" assertions="1" time="0.000996"/>
          <testcase name="test_it_can_be_diagnosed with data set #25" file="/path/to/project/tests/AutoGenerated/Finder/ResourceFinder03Test.php" line="35" class="Infection\BenchmarkSource\Test\AutoGenerated\Finder\ResourceFinder03Test" classname="Infection.BenchmarkSource.Test.AutoGenerated.Finder.ResourceFinder03Test" assertions="1" time="0.001008"/>
          <testcase name="test_it_can_be_diagnosed with data set #26" file="/path/to/project/tests/AutoGenerated/Finder/ResourceFinder03Test.php" line="35" class="Infection\BenchmarkSource\Test\AutoGenerated\Finder\ResourceFinder03Test" classname="Infection.BenchmarkSource.Test.AutoGenerated.Finder.ResourceFinder03Test" assertions="1" time="0.001002"/>
          <testcase name="test_it_can_be_diagnosed with data set #27" file="/path/to/project/tests/AutoGenerated/Finder/ResourceFinder03Test.php" line="35" class="Infection\BenchmarkSource\Test\AutoGenerated\Finder\ResourceFinder03Test" classname="Infection.BenchmarkSource.Test.AutoGenerated.Finder.ResourceFinder03Test" assertions="1" time="0.001007"/>
          <testcase name="test_it_can_be_diagnosed with data set #28" file="/path/to/project/tests/AutoGenerated/Finder/ResourceFinder03Test.php" line="35" class="Infection\BenchmarkSource\Test\AutoGenerated\Finder\ResourceFinder03Test" classname="Infection.BenchmarkSource.Test.AutoGenerated.Finder.ResourceFinder03Test" assertions="1" time="0.000988"/>
          <testcase name="test_it_can_be_diagnosed with data set #29" file="/path/to/project/tests/AutoGenerated/Finder/ResourceFinder03Test.php" line="35" class="Infection\BenchmarkSource\Test\AutoGenerated\Finder\ResourceFinder03Test" classname="Infection.BenchmarkSource.Test.AutoGenerated.Finder.ResourceFinder03Test" assertions="1" time="0.001007"/>
          <testcase name="test_it_can_be_diagnosed with data set #30" file="/path/to/project/tests/AutoGenerated/Finder/ResourceFinder03Test.php" line="35" class="Infection\BenchmarkSource\Test\AutoGenerated\Finder\ResourceFinder03Test" classname="Infection.BenchmarkSource.Test.AutoGenerated.Finder.ResourceFinder03Test" assertions="1" time="0.000995"/>
          <testcase name="test_it_can_be_diagnosed with data set #31" file="/path/to/project/tests/AutoGenerated/Finder/ResourceFinder03Test.php" line="35" class="Infection\BenchmarkSource\Test\AutoGenerated\Finder\ResourceFinder03Test" classname="Infection.BenchmarkSource.Test.AutoGenerated.Finder.ResourceFinder03Test" assertions="1" time="0.001006"/>
          <testcase name="test_it_can_be_diagnosed with data set #32" file="/path/to/project/tests/AutoGenerated/Finder/ResourceFinder03Test.php" line="35" class="Infection\BenchmarkSource\Test\AutoGenerated\Finder\ResourceFinder03Test" classname="Infection.BenchmarkSource.Test.AutoGenerated.Finder.ResourceFinder03Test" assertions="1" time="0.000999"/>
          <testcase name="test_it_can_be_diagnosed with data set #33" file="/path/to/project/tests/AutoGenerated/Finder/ResourceFinder03Test.php" line="35" class="Infection\BenchmarkSource\Test\AutoGenerated\Finder\ResourceFinder03Test" classname="Infection.BenchmarkSource.Test.AutoGenerated.Finder.ResourceFinder03Test" assertions="1" time="0.001013"/>
          <testcase name="test_it_can_be_diagnosed with data set #34" file="/path/to/project/tests/AutoGenerated/Finder/ResourceFinder03Test.php" line="35" class="Infection\BenchmarkSource\Test\AutoGenerated\Finder\ResourceFinder03Test" classname="Infection.BenchmarkSource.Test.AutoGenerated.Finder.ResourceFinder03Test" assertions="1" time="0.000993"/>
          <testcase name="test_it_can_be_diagnosed with data set #35" file="/path/to/project/tests/AutoGenerated/Finder/ResourceFinder03Test.php" line="35" class="Infection\BenchmarkSource\Test\AutoGenerated\Finder\ResourceFinder03Test" classname="Infection.BenchmarkSource.Test.AutoGenerated.Finder.ResourceFinder03Test" assertions="1" time="0.001014"/>
          <testcase name="test_it_can_be_diagnosed with data set #36" file="/path/to/project/tests/AutoGenerated/Finder/ResourceFinder03Test.php" line="35" class="Infection\BenchmarkSource\Test\AutoGenerated\Finder\ResourceFinder03Test" classname="Infection.BenchmarkSource.Test.AutoGenerated.Finder.ResourceFinder03Test" assertions="1" time="0.001007"/>
          <testcase name="test_it_can_be_diagnosed with data set #37" file="/path/to/project/tests/AutoGenerated/Finder/ResourceFinder03Test.php" line="35" class="Infection\BenchmarkSource\Test\AutoGenerated\Finder\ResourceFinder03Test" classname="Infection.BenchmarkSource.Test.AutoGenerated.Finder.ResourceFinder03Test" assertions="1" time="0.001021"/>
          <testcase name="test_it_can_be_diagnosed with data set #38" file="/path/to/project/tests/AutoGenerated/Finder/ResourceFinder03Test.php" line="35" class="Infection\BenchmarkSource\Test\AutoGenerated\Finder\ResourceFinder03Test" classname="Infection.BenchmarkSource.Test.AutoGenerated.Finder.ResourceFinder03Test" assertions="1" time="0.001007"/>
          <testcase name="test_it_can_be_diagnosed with data set #39" file="/path/to/project/tests/AutoGenerated/Finder/ResourceFinder03Test.php" line="35" class="Infection\BenchmarkSource\Test\AutoGenerated\Finder\ResourceFinder03Test" classname="Infection.BenchmarkSource.Test.AutoGenerated.Finder.ResourceFinder03Test" assertions="1" time="0.001005"/>
          <testcase name="test_it_can_be_diagnosed with data set #40" file="/path/to/project/tests/AutoGenerated/Finder/ResourceFinder03Test.php" line="35" class="Infection\BenchmarkSource\Test\AutoGenerated\Finder\ResourceFinder03Test" classname="Infection.BenchmarkSource.Test.AutoGenerated.Finder.ResourceFinder03Test" assertions="1" time="0.001001"/>
          <testcase name="test_it_can_be_diagnosed with data set #41" file="/path/to/project/tests/AutoGenerated/Finder/ResourceFinder03Test.php" line="35" class="Infection\BenchmarkSource\Test\AutoGenerated\Finder\ResourceFinder03Test" classname="Infection.BenchmarkSource.Test.AutoGenerated.Finder.ResourceFinder03Test" assertions="1" time="0.001005"/>
          <testcase name="test_it_can_be_diagnosed with data set #42" file="/path/to/project/tests/AutoGenerated/Finder/ResourceFinder03Test.php" line="35" class="Infection\BenchmarkSource\Test\AutoGenerated\Finder\ResourceFinder03Test" classname="Infection.BenchmarkSource.Test.AutoGenerated.Finder.ResourceFinder03Test" assertions="1" time="0.001005"/>
          <testcase name="test_it_can_be_diagnosed with data set #43" file="/path/to/project/tests/AutoGenerated/Finder/ResourceFinder03Test.php" line="35" class="Infection\BenchmarkSource\Test\AutoGenerated\Finder\ResourceFinder03Test" classname="Infection.BenchmarkSource.Test.AutoGenerated.Finder.ResourceFinder03Test" assertions="1" time="0.001014"/>
          <testcase name="test_it_can_be_diagnosed with data set #44" file="/path/to/project/tests/AutoGenerated/Finder/ResourceFinder03Test.php" line="35" class="Infection\BenchmarkSource\Test\AutoGenerated\Finder\ResourceFinder03Test" classname="Infection.BenchmarkSource.Test.AutoGenerated.Finder.ResourceFinder03Test" assertions="1" time="0.001011"/>
          <testcase name="test_it_can_be_diagnosed with data set #45" file="/path/to/project/tests/AutoGenerated/Finder/ResourceFinder03Test.php" line="35" class="Infection\BenchmarkSource\Test\AutoGenerated\Finder\ResourceFinder03Test" classname="Infection.BenchmarkSource.Test.AutoGenerated.Finder.ResourceFinder03Test" assertions="1" time="0.001017"/>
          <testcase name="test_it_can_be_diagnosed with data set #46" file="/path/to/project/tests/AutoGenerated/Finder/ResourceFinder03Test.php" line="35" class="Infection\BenchmarkSource\Test\AutoGenerated\Finder\ResourceFinder03Test" classname="Infection.BenchmarkSource.Test.AutoGenerated.Finder.ResourceFinder03Test" assertions="1" time="0.001013"/>
          <testcase name="test_it_can_be_diagnosed with data set #47" file="/path/to/project/tests/AutoGenerated/Finder/ResourceFinder03Test.php" line="35" class="Infection\BenchmarkSource\Test\AutoGenerated\Finder\ResourceFinder03Test" classname="Infection.BenchmarkSource.Test.AutoGenerated.Finder.ResourceFinder03Test" assertions="1" time="0.001005"/>
          <testcase name="test_it_can_be_diagnosed with data set #48" file="/path/to/project/tests/AutoGenerated/Finder/ResourceFinder03Test.php" line="35" class="Infection\BenchmarkSource\Test\AutoGenerated\Finder\ResourceFinder03Test" classname="Infection.BenchmarkSource.Test.AutoGenerated.Finder.ResourceFinder03Test" assertions="1" time="0.000996"/>
        </testsuite>
        <testsuite name="Infection\BenchmarkSource\Test\AutoGenerated\Finder\ResourceFinder03Test::test_it_can_be_casted_into_a_string" tests="49" assertions="49" errors="0" failures="0" skipped="0" time="0.049490">
          <testcase name="test_it_can_be_casted_into_a_string with data set #0" file="/path/to/project/tests/AutoGenerated/Finder/ResourceFinder03Test.php" line="61" class="Infection\BenchmarkSource\Test\AutoGenerated\Finder\ResourceFinder03Test" classname="Infection.BenchmarkSource.Test.AutoGenerated.Finder.ResourceFinder03Test" assertions="1" time="0.000997"/>
          <testcase name="test_it_can_be_casted_into_a_string with data set #1" file="/path/to/project/tests/AutoGenerated/Finder/ResourceFinder03Test.php" line="61" class="Infection\BenchmarkSource\Test\AutoGenerated\Finder\ResourceFinder03Test" classname="Infection.BenchmarkSource.Test.AutoGenerated.Finder.ResourceFinder03Test" assertions="1" time="0.001002"/>
          <testcase name="test_it_can_be_casted_into_a_string with data set #2" file="/path/to/project/tests/AutoGenerated/Finder/ResourceFinder03Test.php" line="61" class="Infection\BenchmarkSource\Test\AutoGenerated\Finder\ResourceFinder03Test" classname="Infection.BenchmarkSource.Test.AutoGenerated.Finder.ResourceFinder03Test" assertions="1" time="0.001013"/>
          <testcase name="test_it_can_be_casted_into_a_string with data set #3" file="/path/to/project/tests/AutoGenerated/Finder/ResourceFinder03Test.php" line="61" class="Infection\BenchmarkSource\Test\AutoGenerated\Finder\ResourceFinder03Test" classname="Infection.BenchmarkSource.Test.AutoGenerated.Finder.ResourceFinder03Test" assertions="1" time="0.001007"/>
          <testcase name="test_it_can_be_casted_into_a_string with data set #4" file="/path/to/project/tests/AutoGenerated/Finder/ResourceFinder03Test.php" line="61" class="Infection\BenchmarkSource\Test\AutoGenerated\Finder\ResourceFinder03Test" classname="Infection.BenchmarkSource.Test.AutoGenerated.Finder.ResourceFinder03Test" assertions="1" time="0.001004"/>
          <testcase name="test_it_can_be_casted_into_a_string with data set #5" file="/path/to/project/tests/AutoGenerated/Finder/ResourceFinder03Test.php" line="61" class="Infection\BenchmarkSource\Test\AutoGenerated\Finder\ResourceFinder03Test" classname="Infection.BenchmarkSource.Test.AutoGenerated.Finder.ResourceFinder03Test" assertions="1" time="0.001003"/>
          <testcase name="test_it_can_be_casted_into_a_string with data set #6" file="/path/to/project/tests/AutoGenerated/Finder/ResourceFinder03Test.php" line="61" class="Infection\BenchmarkSource\Test\AutoGenerated\Finder\ResourceFinder03Test" classname="Infection.BenchmarkSource.Test.AutoGenerated.Finder.ResourceFinder03Test" assertions="1" time="0.001011"/>
          <testcase name="test_it_can_be_casted_into_a_string with data set #7" file="/path/to/project/tests/AutoGenerated/Finder/ResourceFinder03Test.php" line="61" class="Infection\BenchmarkSource\Test\AutoGenerated\Finder\ResourceFinder03Test" classname="Infection.BenchmarkSource.Test.AutoGenerated.Finder.ResourceFinder03Test" assertions="1" time="0.001009"/>
          <testcase name="test_it_can_be_casted_into_a_string with data set #8" file="/path/to/project/tests/AutoGenerated/Finder/ResourceFinder03Test.php" line="61" class="Infection\BenchmarkSource\Test\AutoGenerated\Finder\ResourceFinder03Test" classname="Infection.BenchmarkSource.Test.AutoGenerated.Finder.ResourceFinder03Test" assertions="1" time="0.001022"/>
          <testcase name="test_it_can_be_casted_into_a_string with data set #9" file="/path/to/project/tests/AutoGenerated/Finder/ResourceFinder03Test.php" line="61" class="Infection\BenchmarkSource\Test\AutoGenerated\Finder\ResourceFinder03Test" classname="Infection.BenchmarkSource.Test.AutoGenerated.Finder.ResourceFinder03Test" assertions="1" time="0.001004"/>
          <testcase name="test_it_can_be_casted_into_a_string with data set #10" file="/path/to/project/tests/AutoGenerated/Finder/ResourceFinder03Test.php" line="61" class="Infection\BenchmarkSource\Test\AutoGenerated\Finder\ResourceFinder03Test" classname="Infection.BenchmarkSource.Test.AutoGenerated.Finder.ResourceFinder03Test" assertions="1" time="0.001013"/>
          <testcase name="test_it_can_be_casted_into_a_string with data set #11" file="/path/to/project/tests/AutoGenerated/Finder/ResourceFinder03Test.php" line="61" class="Infection\BenchmarkSource\Test\AutoGenerated\Finder\ResourceFinder03Test" classname="Infection.BenchmarkSource.Test.AutoGenerated.Finder.ResourceFinder03Test" assertions="1" time="0.000999"/>
          <testcase name="test_it_can_be_casted_into_a_string with data set #12" file="/path/to/project/tests/AutoGenerated/Finder/ResourceFinder03Test.php" line="61" class="Infection\BenchmarkSource\Test\AutoGenerated\Finder\ResourceFinder03Test" classname="Infection.BenchmarkSource.Test.AutoGenerated.Finder.ResourceFinder03Test" assertions="1" time="0.001020"/>
          <testcase name="test_it_can_be_casted_into_a_string with data set #13" file="/path/to/project/tests/AutoGenerated/Finder/ResourceFinder03Test.php" line="61" class="Infection\BenchmarkSource\Test\AutoGenerated\Finder\ResourceFinder03Test" classname="Infection.BenchmarkSource.Test.AutoGenerated.Finder.ResourceFinder03Test" assertions="1" time="0.001028"/>
          <testcase name="test_it_can_be_casted_into_a_string with data set #14" file="/path/to/project/tests/AutoGenerated/Finder/ResourceFinder03Test.php" line="61" class="Infection\BenchmarkSource\Test\AutoGenerated\Finder\ResourceFinder03Test" classname="Infection.BenchmarkSource.Test.AutoGenerated.Finder.ResourceFinder03Test" assertions="1" time="0.001008"/>
          <testcase name="test_it_can_be_casted_into_a_string with data set #15" file="/path/to/project/tests/AutoGenerated/Finder/ResourceFinder03Test.php" line="61" class="Infection\BenchmarkSource\Test\AutoGenerated\Finder\ResourceFinder03Test" classname="Infection.BenchmarkSource.Test.AutoGenerated.Finder.ResourceFinder03Test" assertions="1" time="0.001008"/>
          <testcase name="test_it_can_be_casted_into_a_string with data set #16" file="/path/to/project/tests/AutoGenerated/Finder/ResourceFinder03Test.php" line="61" class="Infection\BenchmarkSource\Test\AutoGenerated\Finder\ResourceFinder03Test" classname="Infection.BenchmarkSource.Test.AutoGenerated.Finder.ResourceFinder03Test" assertions="1" time="0.001008"/>
          <testcase name="test_it_can_be_casted_into_a_string with data set #17" file="/path/to/project/tests/AutoGenerated/Finder/ResourceFinder03Test.php" line="61" class="Infection\BenchmarkSource\Test\AutoGenerated\Finder\ResourceFinder03Test" classname="Infection.BenchmarkSource.Test.AutoGenerated.Finder.ResourceFinder03Test" assertions="1" time="0.001014"/>
          <testcase name="test_it_can_be_casted_into_a_string with data set #18" file="/path/to/project/tests/AutoGenerated/Finder/ResourceFinder03Test.php" line="61" class="Infection\BenchmarkSource\Test\AutoGenerated\Finder\ResourceFinder03Test" classname="Infection.BenchmarkSource.Test.AutoGenerated.Finder.ResourceFinder03Test" assertions="1" time="0.001017"/>
          <testcase name="test_it_can_be_casted_into_a_string with data set #19" file="/path/to/project/tests/AutoGenerated/Finder/ResourceFinder03Test.php" line="61" class="Infection\BenchmarkSource\Test\AutoGenerated\Finder\ResourceFinder03Test" classname="Infection.BenchmarkSource.Test.AutoGenerated.Finder.ResourceFinder03Test" assertions="1" time="0.001007"/>
          <testcase name="test_it_can_be_casted_into_a_string with data set #20" file="/path/to/project/tests/AutoGenerated/Finder/ResourceFinder03Test.php" line="61" class="Infection\BenchmarkSource\Test\AutoGenerated\Finder\ResourceFinder03Test" classname="Infection.BenchmarkSource.Test.AutoGenerated.Finder.ResourceFinder03Test" assertions="1" time="0.001007"/>
          <testcase name="test_it_can_be_casted_into_a_string with data set #21" file="/path/to/project/tests/AutoGenerated/Finder/ResourceFinder03Test.php" line="61" class="Infection\BenchmarkSource\Test\AutoGenerated\Finder\ResourceFinder03Test" classname="Infection.BenchmarkSource.Test.AutoGenerated.Finder.ResourceFinder03Test" assertions="1" time="0.000989"/>
          <testcase name="test_it_can_be_casted_into_a_string with data set #22" file="/path/to/project/tests/AutoGenerated/Finder/ResourceFinder03Test.php" line="61" class="Infection\BenchmarkSource\Test\AutoGenerated\Finder\ResourceFinder03Test" classname="Infection.BenchmarkSource.Test.AutoGenerated.Finder.ResourceFinder03Test" assertions="1" time="0.000993"/>
          <testcase name="test_it_can_be_casted_into_a_string with data set #23" file="/path/to/project/tests/AutoGenerated/Finder/ResourceFinder03Test.php" line="61" class="Infection\BenchmarkSource\Test\AutoGenerated\Finder\ResourceFinder03Test" classname="Infection.BenchmarkSource.Test.AutoGenerated.Finder.ResourceFinder03Test" assertions="1" time="0.001040"/>
          <testcase name="test_it_can_be_casted_into_a_string with data set #24" file="/path/to/project/tests/AutoGenerated/Finder/ResourceFinder03Test.php" line="61" class="Infection\BenchmarkSource\Test\AutoGenerated\Finder\ResourceFinder03Test" classname="Infection.BenchmarkSource.Test.AutoGenerated.Finder.ResourceFinder03Test" assertions="1" time="0.001017"/>
          <testcase name="test_it_can_be_casted_into_a_string with data set #25" file="/path/to/project/tests/AutoGenerated/Finder/ResourceFinder03Test.php" line="61" class="Infection\BenchmarkSource\Test\AutoGenerated\Finder\ResourceFinder03Test" classname="Infection.BenchmarkSource.Test.AutoGenerated.Finder.ResourceFinder03Test" assertions="1" time="0.001010"/>
          <testcase name="test_it_can_be_casted_into_a_string with data set #26" file="/path/to/project/tests/AutoGenerated/Finder/ResourceFinder03Test.php" line="61" class="Infection\BenchmarkSource\Test\AutoGenerated\Finder\ResourceFinder03Test" classname="Infection.BenchmarkSource.Test.AutoGenerated.Finder.ResourceFinder03Test" assertions="1" time="0.001004"/>
          <testcase name="test_it_can_be_casted_into_a_string with data set #27" file="/path/to/project/tests/AutoGenerated/Finder/ResourceFinder03Test.php" line="61" class="Infection\BenchmarkSource\Test\AutoGenerated\Finder\ResourceFinder03Test" classname="Infection.BenchmarkSource.Test.AutoGenerated.Finder.ResourceFinder03Test" assertions="1" time="0.001001"/>
          <testcase name="test_it_can_be_casted_into_a_string with data set #28" file="/path/to/project/tests/AutoGenerated/Finder/ResourceFinder03Test.php" line="61" class="Infection\BenchmarkSource\Test\AutoGenerated\Finder\ResourceFinder03Test" classname="Infection.BenchmarkSource.Test.AutoGenerated.Finder.ResourceFinder03Test" assertions="1" time="0.001021"/>
          <testcase name="test_it_can_be_casted_into_a_string with data set #29" file="/path/to/project/tests/AutoGenerated/Finder/ResourceFinder03Test.php" line="61" class="Infection\BenchmarkSource\Test\AutoGenerated\Finder\ResourceFinder03Test" classname="Infection.BenchmarkSource.Test.AutoGenerated.Finder.ResourceFinder03Test" assertions="1" time="0.001028"/>
          <testcase name="test_it_can_be_casted_into_a_string with data set #30" file="/path/to/project/tests/AutoGenerated/Finder/ResourceFinder03Test.php" line="61" class="Infection\BenchmarkSource\Test\AutoGenerated\Finder\ResourceFinder03Test" classname="Infection.BenchmarkSource.Test.AutoGenerated.Finder.ResourceFinder03Test" assertions="1" time="0.001012"/>
          <testcase name="test_it_can_be_casted_into_a_string with data set #31" file="/path/to/project/tests/AutoGenerated/Finder/ResourceFinder03Test.php" line="61" class="Infection\BenchmarkSource\Test\AutoGenerated\Finder\ResourceFinder03Test" classname="Infection.BenchmarkSource.Test.AutoGenerated.Finder.ResourceFinder03Test" assertions="1" time="0.001017"/>
          <testcase name="test_it_can_be_casted_into_a_string with data set #32" file="/path/to/project/tests/AutoGenerated/Finder/ResourceFinder03Test.php" line="61" class="Infection\BenchmarkSource\Test\AutoGenerated\Finder\ResourceFinder03Test" classname="Infection.BenchmarkSource.Test.AutoGenerated.Finder.ResourceFinder03Test" assertions="1" time="0.000998"/>
          <testcase name="test_it_can_be_casted_into_a_string with data set #33" file="/path/to/project/tests/AutoGenerated/Finder/ResourceFinder03Test.php" line="61" class="Infection\BenchmarkSource\Test\AutoGenerated\Finder\ResourceFinder03Test" classname="Infection.BenchmarkSource.Test.AutoGenerated.Finder.ResourceFinder03Test" assertions="1" time="0.000995"/>
          <testcase name="test_it_can_be_casted_into_a_string with data set #34" file="/path/to/project/tests/AutoGenerated/Finder/ResourceFinder03Test.php" line="61" class="Infection\BenchmarkSource\Test\AutoGenerated\Finder\ResourceFinder03Test" classname="Infection.BenchmarkSource.Test.AutoGenerated.Finder.ResourceFinder03Test" assertions="1" time="0.001010"/>
          <testcase name="test_it_can_be_casted_into_a_string with data set #35" file="/path/to/project/tests/AutoGenerated/Finder/ResourceFinder03Test.php" line="61" class="Infection\BenchmarkSource\Test\AutoGenerated\Finder\ResourceFinder03Test" classname="Infection.BenchmarkSource.Test.AutoGenerated.Finder.ResourceFinder03Test" assertions="1" time="0.001004"/>
          <testcase name="test_it_can_be_casted_into_a_string with data set #36" file="/path/to/project/tests/AutoGenerated/Finder/ResourceFinder03Test.php" line="61" class="Infection\BenchmarkSource\Test\AutoGenerated\Finder\ResourceFinder03Test" classname="Infection.BenchmarkSource.Test.AutoGenerated.Finder.ResourceFinder03Test" assertions="1" time="0.001006"/>
          <testcase name="test_it_can_be_casted_into_a_string with data set #37" file="/path/to/project/tests/AutoGenerated/Finder/ResourceFinder03Test.php" line="61" class="Infection\BenchmarkSource\Test\AutoGenerated\Finder\ResourceFinder03Test" classname="Infection.BenchmarkSource.Test.AutoGenerated.Finder.ResourceFinder03Test" assertions="1" time="0.001015"/>
          <testcase name="test_it_can_be_casted_into_a_string with data set #38" file="/path/to/project/tests/AutoGenerated/Finder/ResourceFinder03Test.php" line="61" class="Infection\BenchmarkSource\Test\AutoGenerated\Finder\ResourceFinder03Test" classname="Infection.BenchmarkSource.Test.AutoGenerated.Finder.ResourceFinder03Test" assertions="1" time="0.001013"/>
          <testcase name="test_it_can_be_casted_into_a_string with data set #39" file="/path/to/project/tests/AutoGenerated/Finder/ResourceFinder03Test.php" line="61" class="Infection\BenchmarkSource\Test\AutoGenerated\Finder\ResourceFinder03Test" classname="Infection.BenchmarkSource.Test.AutoGenerated.Finder.ResourceFinder03Test" assertions="1" time="0.001007"/>
          <testcase name="test_it_can_be_casted_into_a_string with data set #40" file="/path/to/project/tests/AutoGenerated/Finder/ResourceFinder03Test.php" line="61" class="Infection\BenchmarkSource\Test\AutoGenerated\Finder\ResourceFinder03Test" classname="Infection.BenchmarkSource.Test.AutoGenerated.Finder.ResourceFinder03Test" assertions="1" time="0.001031"/>
          <testcase name="test_it_can_be_casted_into_a_string with data set #41" file="/path/to/project/tests/AutoGenerated/Finder/ResourceFinder03Test.php" line="61" class="Infection\BenchmarkSource\Test\AutoGenerated\Finder\ResourceFinder03Test" classname="Infection.BenchmarkSource.Test.AutoGenerated.Finder.ResourceFinder03Test" assertions="1" time="0.001015"/>
          <testcase name="test_it_can_be_casted_into_a_string with data set #42" file="/path/to/project/tests/AutoGenerated/Finder/ResourceFinder03Test.php" line="61" class="Infection\BenchmarkSource\Test\AutoGenerated\Finder\ResourceFinder03Test" classname="Infection.BenchmarkSource.Test.AutoGenerated.Finder.ResourceFinder03Test" assertions="1" time="0.001004"/>
          <testcase name="test_it_can_be_casted_into_a_string with data set #43" file="/path/to/project/tests/AutoGenerated/Finder/ResourceFinder03Test.php" line="61" class="Infection\BenchmarkSource\Test\AutoGenerated\Finder\ResourceFinder03Test" classname="Infection.BenchmarkSource.Test.AutoGenerated.Finder.ResourceFinder03Test" assertions="1" time="0.001003"/>
          <testcase name="test_it_can_be_casted_into_a_string with data set #44" file="/path/to/project/tests/AutoGenerated/Finder/ResourceFinder03Test.php" line="61" class="Infection\BenchmarkSource\Test\AutoGenerated\Finder\ResourceFinder03Test" classname="Infection.BenchmarkSource.Test.AutoGenerated.Finder.ResourceFinder03Test" assertions="1" time="0.001010"/>
          <testcase name="test_it_can_be_casted_into_a_string with data set #45" file="/path/to/project/tests/AutoGenerated/Finder/ResourceFinder03Test.php" line="61" class="Infection\BenchmarkSource\Test\AutoGenerated\Finder\ResourceFinder03Test" classname="Infection.BenchmarkSource.Test.AutoGenerated.Finder.ResourceFinder03Test" assertions="1" time="0.001008"/>
          <testcase name="test_it_can_be_casted_into_a_string with data set #46" file="/path/to/project/tests/AutoGenerated/Finder/ResourceFinder03Test.php" line="61" class="Infection\BenchmarkSource\Test\AutoGenerated\Finder\ResourceFinder03Test" classname="Infection.BenchmarkSource.Test.AutoGenerated.Finder.ResourceFinder03Test" assertions="1" time="0.001019"/>
          <testcase name="test_it_can_be_casted_into_a_string with data set #47" file="/path/to/project/tests/AutoGenerated/Finder/ResourceFinder03Test.php" line="61" class="Infection\BenchmarkSource\Test\AutoGenerated\Finder\ResourceFinder03Test" classname="Infection.BenchmarkSource.Test.AutoGenerated.Finder.ResourceFinder03Test" assertions="1" time="0.001007"/>
          <testcase name="test_it_can_be_casted_into_a_string with data set #48" file="/path/to/project/tests/AutoGenerated/Finder/ResourceFinder03Test.php" line="61" class="Infection\BenchmarkSource\Test\AutoGenerated\Finder\ResourceFinder03Test" classname="Infection.BenchmarkSource.Test.AutoGenerated.Finder.ResourceFinder03Test" assertions="1" time="0.001010"/>
        </testsuite>
      </testsuite>
      <testsuite name="Infection\BenchmarkSource\Test\AutoGenerated\Finder\ResourceFinder04Test" file="/path/to/project/tests/AutoGenerated/Finder/ResourceFinder04Test.php" tests="100" assertions="100" errors="0" failures="0" skipped="0" time="0.101308">
        <testcase name="test_can_be_instantiated" file="/path/to/project/tests/AutoGenerated/Finder/ResourceFinder04Test.php" line="17" class="Infection\BenchmarkSource\Test\AutoGenerated\Finder\ResourceFinder04Test" classname="Infection.BenchmarkSource.Test.AutoGenerated.Finder.ResourceFinder04Test" assertions="1" time="0.001167"/>
        <testcase name="test_it_is_a_resource_finder" file="/path/to/project/tests/AutoGenerated/Finder/ResourceFinder04Test.php" line="24" class="Infection\BenchmarkSource\Test\AutoGenerated\Finder\ResourceFinder04Test" classname="Infection.BenchmarkSource.Test.AutoGenerated.Finder.ResourceFinder04Test" assertions="1" time="0.001054"/>
        <testsuite name="Infection\BenchmarkSource\Test\AutoGenerated\Finder\ResourceFinder04Test::test_it_can_be_diagnosed" tests="49" assertions="49" errors="0" failures="0" skipped="0" time="0.049649">
          <testcase name="test_it_can_be_diagnosed with data set #0" file="/path/to/project/tests/AutoGenerated/Finder/ResourceFinder04Test.php" line="35" class="Infection\BenchmarkSource\Test\AutoGenerated\Finder\ResourceFinder04Test" classname="Infection.BenchmarkSource.Test.AutoGenerated.Finder.ResourceFinder04Test" assertions="1" time="0.001056"/>
          <testcase name="test_it_can_be_diagnosed with data set #1" file="/path/to/project/tests/AutoGenerated/Finder/ResourceFinder04Test.php" line="35" class="Infection\BenchmarkSource\Test\AutoGenerated\Finder\ResourceFinder04Test" classname="Infection.BenchmarkSource.Test.AutoGenerated.Finder.ResourceFinder04Test" assertions="1" time="0.001036"/>
          <testcase name="test_it_can_be_diagnosed with data set #2" file="/path/to/project/tests/AutoGenerated/Finder/ResourceFinder04Test.php" line="35" class="Infection\BenchmarkSource\Test\AutoGenerated\Finder\ResourceFinder04Test" classname="Infection.BenchmarkSource.Test.AutoGenerated.Finder.ResourceFinder04Test" assertions="1" time="0.001049"/>
          <testcase name="test_it_can_be_diagnosed with data set #3" file="/path/to/project/tests/AutoGenerated/Finder/ResourceFinder04Test.php" line="35" class="Infection\BenchmarkSource\Test\AutoGenerated\Finder\ResourceFinder04Test" classname="Infection.BenchmarkSource.Test.AutoGenerated.Finder.ResourceFinder04Test" assertions="1" time="0.001043"/>
          <testcase name="test_it_can_be_diagnosed with data set #4" file="/path/to/project/tests/AutoGenerated/Finder/ResourceFinder04Test.php" line="35" class="Infection\BenchmarkSource\Test\AutoGenerated\Finder\ResourceFinder04Test" classname="Infection.BenchmarkSource.Test.AutoGenerated.Finder.ResourceFinder04Test" assertions="1" time="0.001028"/>
          <testcase name="test_it_can_be_diagnosed with data set #5" file="/path/to/project/tests/AutoGenerated/Finder/ResourceFinder04Test.php" line="35" class="Infection\BenchmarkSource\Test\AutoGenerated\Finder\ResourceFinder04Test" classname="Infection.BenchmarkSource.Test.AutoGenerated.Finder.ResourceFinder04Test" assertions="1" time="0.001012"/>
          <testcase name="test_it_can_be_diagnosed with data set #6" file="/path/to/project/tests/AutoGenerated/Finder/ResourceFinder04Test.php" line="35" class="Infection\BenchmarkSource\Test\AutoGenerated\Finder\ResourceFinder04Test" classname="Infection.BenchmarkSource.Test.AutoGenerated.Finder.ResourceFinder04Test" assertions="1" time="0.001026"/>
          <testcase name="test_it_can_be_diagnosed with data set #7" file="/path/to/project/tests/AutoGenerated/Finder/ResourceFinder04Test.php" line="35" class="Infection\BenchmarkSource\Test\AutoGenerated\Finder\ResourceFinder04Test" classname="Infection.BenchmarkSource.Test.AutoGenerated.Finder.ResourceFinder04Test" assertions="1" time="0.001033"/>
          <testcase name="test_it_can_be_diagnosed with data set #8" file="/path/to/project/tests/AutoGenerated/Finder/ResourceFinder04Test.php" line="35" class="Infection\BenchmarkSource\Test\AutoGenerated\Finder\ResourceFinder04Test" classname="Infection.BenchmarkSource.Test.AutoGenerated.Finder.ResourceFinder04Test" assertions="1" time="0.001024"/>
          <testcase name="test_it_can_be_diagnosed with data set #9" file="/path/to/project/tests/AutoGenerated/Finder/ResourceFinder04Test.php" line="35" class="Infection\BenchmarkSource\Test\AutoGenerated\Finder\ResourceFinder04Test" classname="Infection.BenchmarkSource.Test.AutoGenerated.Finder.ResourceFinder04Test" assertions="1" time="0.001000"/>
          <testcase name="test_it_can_be_diagnosed with data set #10" file="/path/to/project/tests/AutoGenerated/Finder/ResourceFinder04Test.php" line="35" class="Infection\BenchmarkSource\Test\AutoGenerated\Finder\ResourceFinder04Test" classname="Infection.BenchmarkSource.Test.AutoGenerated.Finder.ResourceFinder04Test" assertions="1" time="0.001006"/>
          <testcase name="test_it_can_be_diagnosed with data set #11" file="/path/to/project/tests/AutoGenerated/Finder/ResourceFinder04Test.php" line="35" class="Infection\BenchmarkSource\Test\AutoGenerated\Finder\ResourceFinder04Test" classname="Infection.BenchmarkSource.Test.AutoGenerated.Finder.ResourceFinder04Test" assertions="1" time="0.000991"/>
          <testcase name="test_it_can_be_diagnosed with data set #12" file="/path/to/project/tests/AutoGenerated/Finder/ResourceFinder04Test.php" line="35" class="Infection\BenchmarkSource\Test\AutoGenerated\Finder\ResourceFinder04Test" classname="Infection.BenchmarkSource.Test.AutoGenerated.Finder.ResourceFinder04Test" assertions="1" time="0.001020"/>
          <testcase name="test_it_can_be_diagnosed with data set #13" file="/path/to/project/tests/AutoGenerated/Finder/ResourceFinder04Test.php" line="35" class="Infection\BenchmarkSource\Test\AutoGenerated\Finder\ResourceFinder04Test" classname="Infection.BenchmarkSource.Test.AutoGenerated.Finder.ResourceFinder04Test" assertions="1" time="0.001002"/>
          <testcase name="test_it_can_be_diagnosed with data set #14" file="/path/to/project/tests/AutoGenerated/Finder/ResourceFinder04Test.php" line="35" class="Infection\BenchmarkSource\Test\AutoGenerated\Finder\ResourceFinder04Test" classname="Infection.BenchmarkSource.Test.AutoGenerated.Finder.ResourceFinder04Test" assertions="1" time="0.001000"/>
          <testcase name="test_it_can_be_diagnosed with data set #15" file="/path/to/project/tests/AutoGenerated/Finder/ResourceFinder04Test.php" line="35" class="Infection\BenchmarkSource\Test\AutoGenerated\Finder\ResourceFinder04Test" classname="Infection.BenchmarkSource.Test.AutoGenerated.Finder.ResourceFinder04Test" assertions="1" time="0.001000"/>
          <testcase name="test_it_can_be_diagnosed with data set #16" file="/path/to/project/tests/AutoGenerated/Finder/ResourceFinder04Test.php" line="35" class="Infection\BenchmarkSource\Test\AutoGenerated\Finder\ResourceFinder04Test" classname="Infection.BenchmarkSource.Test.AutoGenerated.Finder.ResourceFinder04Test" assertions="1" time="0.001018"/>
          <testcase name="test_it_can_be_diagnosed with data set #17" file="/path/to/project/tests/AutoGenerated/Finder/ResourceFinder04Test.php" line="35" class="Infection\BenchmarkSource\Test\AutoGenerated\Finder\ResourceFinder04Test" classname="Infection.BenchmarkSource.Test.AutoGenerated.Finder.ResourceFinder04Test" assertions="1" time="0.001000"/>
          <testcase name="test_it_can_be_diagnosed with data set #18" file="/path/to/project/tests/AutoGenerated/Finder/ResourceFinder04Test.php" line="35" class="Infection\BenchmarkSource\Test\AutoGenerated\Finder\ResourceFinder04Test" classname="Infection.BenchmarkSource.Test.AutoGenerated.Finder.ResourceFinder04Test" assertions="1" time="0.001012"/>
          <testcase name="test_it_can_be_diagnosed with data set #19" file="/path/to/project/tests/AutoGenerated/Finder/ResourceFinder04Test.php" line="35" class="Infection\BenchmarkSource\Test\AutoGenerated\Finder\ResourceFinder04Test" classname="Infection.BenchmarkSource.Test.AutoGenerated.Finder.ResourceFinder04Test" assertions="1" time="0.001001"/>
          <testcase name="test_it_can_be_diagnosed with data set #20" file="/path/to/project/tests/AutoGenerated/Finder/ResourceFinder04Test.php" line="35" class="Infection\BenchmarkSource\Test\AutoGenerated\Finder\ResourceFinder04Test" classname="Infection.BenchmarkSource.Test.AutoGenerated.Finder.ResourceFinder04Test" assertions="1" time="0.001006"/>
          <testcase name="test_it_can_be_diagnosed with data set #21" file="/path/to/project/tests/AutoGenerated/Finder/ResourceFinder04Test.php" line="35" class="Infection\BenchmarkSource\Test\AutoGenerated\Finder\ResourceFinder04Test" classname="Infection.BenchmarkSource.Test.AutoGenerated.Finder.ResourceFinder04Test" assertions="1" time="0.001004"/>
          <testcase name="test_it_can_be_diagnosed with data set #22" file="/path/to/project/tests/AutoGenerated/Finder/ResourceFinder04Test.php" line="35" class="Infection\BenchmarkSource\Test\AutoGenerated\Finder\ResourceFinder04Test" classname="Infection.BenchmarkSource.Test.AutoGenerated.Finder.ResourceFinder04Test" assertions="1" time="0.001012"/>
          <testcase name="test_it_can_be_diagnosed with data set #23" file="/path/to/project/tests/AutoGenerated/Finder/ResourceFinder04Test.php" line="35" class="Infection\BenchmarkSource\Test\AutoGenerated\Finder\ResourceFinder04Test" classname="Infection.BenchmarkSource.Test.AutoGenerated.Finder.ResourceFinder04Test" assertions="1" time="0.000996"/>
          <testcase name="test_it_can_be_diagnosed with data set #24" file="/path/to/project/tests/AutoGenerated/Finder/ResourceFinder04Test.php" line="35" class="Infection\BenchmarkSource\Test\AutoGenerated\Finder\ResourceFinder04Test" classname="Infection.BenchmarkSource.Test.AutoGenerated.Finder.ResourceFinder04Test" assertions="1" time="0.001017"/>
          <testcase name="test_it_can_be_diagnosed with data set #25" file="/path/to/project/tests/AutoGenerated/Finder/ResourceFinder04Test.php" line="35" class="Infection\BenchmarkSource\Test\AutoGenerated\Finder\ResourceFinder04Test" classname="Infection.BenchmarkSource.Test.AutoGenerated.Finder.ResourceFinder04Test" assertions="1" time="0.001021"/>
          <testcase name="test_it_can_be_diagnosed with data set #26" file="/path/to/project/tests/AutoGenerated/Finder/ResourceFinder04Test.php" line="35" class="Infection\BenchmarkSource\Test\AutoGenerated\Finder\ResourceFinder04Test" classname="Infection.BenchmarkSource.Test.AutoGenerated.Finder.ResourceFinder04Test" assertions="1" time="0.001048"/>
          <testcase name="test_it_can_be_diagnosed with data set #27" file="/path/to/project/tests/AutoGenerated/Finder/ResourceFinder04Test.php" line="35" class="Infection\BenchmarkSource\Test\AutoGenerated\Finder\ResourceFinder04Test" classname="Infection.BenchmarkSource.Test.AutoGenerated.Finder.ResourceFinder04Test" assertions="1" time="0.001004"/>
          <testcase name="test_it_can_be_diagnosed with data set #28" file="/path/to/project/tests/AutoGenerated/Finder/ResourceFinder04Test.php" line="35" class="Infection\BenchmarkSource\Test\AutoGenerated\Finder\ResourceFinder04Test" classname="Infection.BenchmarkSource.Test.AutoGenerated.Finder.ResourceFinder04Test" assertions="1" time="0.001017"/>
          <testcase name="test_it_can_be_diagnosed with data set #29" file="/path/to/project/tests/AutoGenerated/Finder/ResourceFinder04Test.php" line="35" class="Infection\BenchmarkSource\Test\AutoGenerated\Finder\ResourceFinder04Test" classname="Infection.BenchmarkSource.Test.AutoGenerated.Finder.ResourceFinder04Test" assertions="1" time="0.001018"/>
          <testcase name="test_it_can_be_diagnosed with data set #30" file="/path/to/project/tests/AutoGenerated/Finder/ResourceFinder04Test.php" line="35" class="Infection\BenchmarkSource\Test\AutoGenerated\Finder\ResourceFinder04Test" classname="Infection.BenchmarkSource.Test.AutoGenerated.Finder.ResourceFinder04Test" assertions="1" time="0.001006"/>
          <testcase name="test_it_can_be_diagnosed with data set #31" file="/path/to/project/tests/AutoGenerated/Finder/ResourceFinder04Test.php" line="35" class="Infection\BenchmarkSource\Test\AutoGenerated\Finder\ResourceFinder04Test" classname="Infection.BenchmarkSource.Test.AutoGenerated.Finder.ResourceFinder04Test" assertions="1" time="0.001003"/>
          <testcase name="test_it_can_be_diagnosed with data set #32" file="/path/to/project/tests/AutoGenerated/Finder/ResourceFinder04Test.php" line="35" class="Infection\BenchmarkSource\Test\AutoGenerated\Finder\ResourceFinder04Test" classname="Infection.BenchmarkSource.Test.AutoGenerated.Finder.ResourceFinder04Test" assertions="1" time="0.000997"/>
          <testcase name="test_it_can_be_diagnosed with data set #33" file="/path/to/project/tests/AutoGenerated/Finder/ResourceFinder04Test.php" line="35" class="Infection\BenchmarkSource\Test\AutoGenerated\Finder\ResourceFinder04Test" classname="Infection.BenchmarkSource.Test.AutoGenerated.Finder.ResourceFinder04Test" assertions="1" time="0.001000"/>
          <testcase name="test_it_can_be_diagnosed with data set #34" file="/path/to/project/tests/AutoGenerated/Finder/ResourceFinder04Test.php" line="35" class="Infection\BenchmarkSource\Test\AutoGenerated\Finder\ResourceFinder04Test" classname="Infection.BenchmarkSource.Test.AutoGenerated.Finder.ResourceFinder04Test" assertions="1" time="0.001006"/>
          <testcase name="test_it_can_be_diagnosed with data set #35" file="/path/to/project/tests/AutoGenerated/Finder/ResourceFinder04Test.php" line="35" class="Infection\BenchmarkSource\Test\AutoGenerated\Finder\ResourceFinder04Test" classname="Infection.BenchmarkSource.Test.AutoGenerated.Finder.ResourceFinder04Test" assertions="1" time="0.001023"/>
          <testcase name="test_it_can_be_diagnosed with data set #36" file="/path/to/project/tests/AutoGenerated/Finder/ResourceFinder04Test.php" line="35" class="Infection\BenchmarkSource\Test\AutoGenerated\Finder\ResourceFinder04Test" classname="Infection.BenchmarkSource.Test.AutoGenerated.Finder.ResourceFinder04Test" assertions="1" time="0.001009"/>
          <testcase name="test_it_can_be_diagnosed with data set #37" file="/path/to/project/tests/AutoGenerated/Finder/ResourceFinder04Test.php" line="35" class="Infection\BenchmarkSource\Test\AutoGenerated\Finder\ResourceFinder04Test" classname="Infection.BenchmarkSource.Test.AutoGenerated.Finder.ResourceFinder04Test" assertions="1" time="0.001013"/>
          <testcase name="test_it_can_be_diagnosed with data set #38" file="/path/to/project/tests/AutoGenerated/Finder/ResourceFinder04Test.php" line="35" class="Infection\BenchmarkSource\Test\AutoGenerated\Finder\ResourceFinder04Test" classname="Infection.BenchmarkSource.Test.AutoGenerated.Finder.ResourceFinder04Test" assertions="1" time="0.001017"/>
          <testcase name="test_it_can_be_diagnosed with data set #39" file="/path/to/project/tests/AutoGenerated/Finder/ResourceFinder04Test.php" line="35" class="Infection\BenchmarkSource\Test\AutoGenerated\Finder\ResourceFinder04Test" classname="Infection.BenchmarkSource.Test.AutoGenerated.Finder.ResourceFinder04Test" assertions="1" time="0.001005"/>
          <testcase name="test_it_can_be_diagnosed with data set #40" file="/path/to/project/tests/AutoGenerated/Finder/ResourceFinder04Test.php" line="35" class="Infection\BenchmarkSource\Test\AutoGenerated\Finder\ResourceFinder04Test" classname="Infection.BenchmarkSource.Test.AutoGenerated.Finder.ResourceFinder04Test" assertions="1" time="0.001016"/>
          <testcase name="test_it_can_be_diagnosed with data set #41" file="/path/to/project/tests/AutoGenerated/Finder/ResourceFinder04Test.php" line="35" class="Infection\BenchmarkSource\Test\AutoGenerated\Finder\ResourceFinder04Test" classname="Infection.BenchmarkSource.Test.AutoGenerated.Finder.ResourceFinder04Test" assertions="1" time="0.001010"/>
          <testcase name="test_it_can_be_diagnosed with data set #42" file="/path/to/project/tests/AutoGenerated/Finder/ResourceFinder04Test.php" line="35" class="Infection\BenchmarkSource\Test\AutoGenerated\Finder\ResourceFinder04Test" classname="Infection.BenchmarkSource.Test.AutoGenerated.Finder.ResourceFinder04Test" assertions="1" time="0.000988"/>
          <testcase name="test_it_can_be_diagnosed with data set #43" file="/path/to/project/tests/AutoGenerated/Finder/ResourceFinder04Test.php" line="35" class="Infection\BenchmarkSource\Test\AutoGenerated\Finder\ResourceFinder04Test" classname="Infection.BenchmarkSource.Test.AutoGenerated.Finder.ResourceFinder04Test" assertions="1" time="0.001021"/>
          <testcase name="test_it_can_be_diagnosed with data set #44" file="/path/to/project/tests/AutoGenerated/Finder/ResourceFinder04Test.php" line="35" class="Infection\BenchmarkSource\Test\AutoGenerated\Finder\ResourceFinder04Test" classname="Infection.BenchmarkSource.Test.AutoGenerated.Finder.ResourceFinder04Test" assertions="1" time="0.001007"/>
          <testcase name="test_it_can_be_diagnosed with data set #45" file="/path/to/project/tests/AutoGenerated/Finder/ResourceFinder04Test.php" line="35" class="Infection\BenchmarkSource\Test\AutoGenerated\Finder\ResourceFinder04Test" classname="Infection.BenchmarkSource.Test.AutoGenerated.Finder.ResourceFinder04Test" assertions="1" time="0.001015"/>
          <testcase name="test_it_can_be_diagnosed with data set #46" file="/path/to/project/tests/AutoGenerated/Finder/ResourceFinder04Test.php" line="35" class="Infection\BenchmarkSource\Test\AutoGenerated\Finder\ResourceFinder04Test" classname="Infection.BenchmarkSource.Test.AutoGenerated.Finder.ResourceFinder04Test" assertions="1" time="0.001010"/>
          <testcase name="test_it_can_be_diagnosed with data set #47" file="/path/to/project/tests/AutoGenerated/Finder/ResourceFinder04Test.php" line="35" class="Infection\BenchmarkSource\Test\AutoGenerated\Finder\ResourceFinder04Test" classname="Infection.BenchmarkSource.Test.AutoGenerated.Finder.ResourceFinder04Test" assertions="1" time="0.001001"/>
          <testcase name="test_it_can_be_diagnosed with data set #48" file="/path/to/project/tests/AutoGenerated/Finder/ResourceFinder04Test.php" line="35" class="Infection\BenchmarkSource\Test\AutoGenerated\Finder\ResourceFinder04Test" classname="Infection.BenchmarkSource.Test.AutoGenerated.Finder.ResourceFinder04Test" assertions="1" time="0.001002"/>
        </testsuite>
        <testsuite name="Infection\BenchmarkSource\Test\AutoGenerated\Finder\ResourceFinder04Test::test_it_can_be_casted_into_a_string" tests="49" assertions="49" errors="0" failures="0" skipped="0" time="0.049437">
          <testcase name="test_it_can_be_casted_into_a_string with data set #0" file="/path/to/project/tests/AutoGenerated/Finder/ResourceFinder04Test.php" line="61" class="Infection\BenchmarkSource\Test\AutoGenerated\Finder\ResourceFinder04Test" classname="Infection.BenchmarkSource.Test.AutoGenerated.Finder.ResourceFinder04Test" assertions="1" time="0.001009"/>
          <testcase name="test_it_can_be_casted_into_a_string with data set #1" file="/path/to/project/tests/AutoGenerated/Finder/ResourceFinder04Test.php" line="61" class="Infection\BenchmarkSource\Test\AutoGenerated\Finder\ResourceFinder04Test" classname="Infection.BenchmarkSource.Test.AutoGenerated.Finder.ResourceFinder04Test" assertions="1" time="0.001028"/>
          <testcase name="test_it_can_be_casted_into_a_string with data set #2" file="/path/to/project/tests/AutoGenerated/Finder/ResourceFinder04Test.php" line="61" class="Infection\BenchmarkSource\Test\AutoGenerated\Finder\ResourceFinder04Test" classname="Infection.BenchmarkSource.Test.AutoGenerated.Finder.ResourceFinder04Test" assertions="1" time="0.001010"/>
          <testcase name="test_it_can_be_casted_into_a_string with data set #3" file="/path/to/project/tests/AutoGenerated/Finder/ResourceFinder04Test.php" line="61" class="Infection\BenchmarkSource\Test\AutoGenerated\Finder\ResourceFinder04Test" classname="Infection.BenchmarkSource.Test.AutoGenerated.Finder.ResourceFinder04Test" assertions="1" time="0.001007"/>
          <testcase name="test_it_can_be_casted_into_a_string with data set #4" file="/path/to/project/tests/AutoGenerated/Finder/ResourceFinder04Test.php" line="61" class="Infection\BenchmarkSource\Test\AutoGenerated\Finder\ResourceFinder04Test" classname="Infection.BenchmarkSource.Test.AutoGenerated.Finder.ResourceFinder04Test" assertions="1" time="0.001003"/>
          <testcase name="test_it_can_be_casted_into_a_string with data set #5" file="/path/to/project/tests/AutoGenerated/Finder/ResourceFinder04Test.php" line="61" class="Infection\BenchmarkSource\Test\AutoGenerated\Finder\ResourceFinder04Test" classname="Infection.BenchmarkSource.Test.AutoGenerated.Finder.ResourceFinder04Test" assertions="1" time="0.000999"/>
          <testcase name="test_it_can_be_casted_into_a_string with data set #6" file="/path/to/project/tests/AutoGenerated/Finder/ResourceFinder04Test.php" line="61" class="Infection\BenchmarkSource\Test\AutoGenerated\Finder\ResourceFinder04Test" classname="Infection.BenchmarkSource.Test.AutoGenerated.Finder.ResourceFinder04Test" assertions="1" time="0.001027"/>
          <testcase name="test_it_can_be_casted_into_a_string with data set #7" file="/path/to/project/tests/AutoGenerated/Finder/ResourceFinder04Test.php" line="61" class="Infection\BenchmarkSource\Test\AutoGenerated\Finder\ResourceFinder04Test" classname="Infection.BenchmarkSource.Test.AutoGenerated.Finder.ResourceFinder04Test" assertions="1" time="0.001030"/>
          <testcase name="test_it_can_be_casted_into_a_string with data set #8" file="/path/to/project/tests/AutoGenerated/Finder/ResourceFinder04Test.php" line="61" class="Infection\BenchmarkSource\Test\AutoGenerated\Finder\ResourceFinder04Test" classname="Infection.BenchmarkSource.Test.AutoGenerated.Finder.ResourceFinder04Test" assertions="1" time="0.001021"/>
          <testcase name="test_it_can_be_casted_into_a_string with data set #9" file="/path/to/project/tests/AutoGenerated/Finder/ResourceFinder04Test.php" line="61" class="Infection\BenchmarkSource\Test\AutoGenerated\Finder\ResourceFinder04Test" classname="Infection.BenchmarkSource.Test.AutoGenerated.Finder.ResourceFinder04Test" assertions="1" time="0.001028"/>
          <testcase name="test_it_can_be_casted_into_a_string with data set #10" file="/path/to/project/tests/AutoGenerated/Finder/ResourceFinder04Test.php" line="61" class="Infection\BenchmarkSource\Test\AutoGenerated\Finder\ResourceFinder04Test" classname="Infection.BenchmarkSource.Test.AutoGenerated.Finder.ResourceFinder04Test" assertions="1" time="0.001016"/>
          <testcase name="test_it_can_be_casted_into_a_string with data set #11" file="/path/to/project/tests/AutoGenerated/Finder/ResourceFinder04Test.php" line="61" class="Infection\BenchmarkSource\Test\AutoGenerated\Finder\ResourceFinder04Test" classname="Infection.BenchmarkSource.Test.AutoGenerated.Finder.ResourceFinder04Test" assertions="1" time="0.001020"/>
          <testcase name="test_it_can_be_casted_into_a_string with data set #12" file="/path/to/project/tests/AutoGenerated/Finder/ResourceFinder04Test.php" line="61" class="Infection\BenchmarkSource\Test\AutoGenerated\Finder\ResourceFinder04Test" classname="Infection.BenchmarkSource.Test.AutoGenerated.Finder.ResourceFinder04Test" assertions="1" time="0.001011"/>
          <testcase name="test_it_can_be_casted_into_a_string with data set #13" file="/path/to/project/tests/AutoGenerated/Finder/ResourceFinder04Test.php" line="61" class="Infection\BenchmarkSource\Test\AutoGenerated\Finder\ResourceFinder04Test" classname="Infection.BenchmarkSource.Test.AutoGenerated.Finder.ResourceFinder04Test" assertions="1" time="0.001027"/>
          <testcase name="test_it_can_be_casted_into_a_string with data set #14" file="/path/to/project/tests/AutoGenerated/Finder/ResourceFinder04Test.php" line="61" class="Infection\BenchmarkSource\Test\AutoGenerated\Finder\ResourceFinder04Test" classname="Infection.BenchmarkSource.Test.AutoGenerated.Finder.ResourceFinder04Test" assertions="1" time="0.001026"/>
          <testcase name="test_it_can_be_casted_into_a_string with data set #15" file="/path/to/project/tests/AutoGenerated/Finder/ResourceFinder04Test.php" line="61" class="Infection\BenchmarkSource\Test\AutoGenerated\Finder\ResourceFinder04Test" classname="Infection.BenchmarkSource.Test.AutoGenerated.Finder.ResourceFinder04Test" assertions="1" time="0.000999"/>
          <testcase name="test_it_can_be_casted_into_a_string with data set #16" file="/path/to/project/tests/AutoGenerated/Finder/ResourceFinder04Test.php" line="61" class="Infection\BenchmarkSource\Test\AutoGenerated\Finder\ResourceFinder04Test" classname="Infection.BenchmarkSource.Test.AutoGenerated.Finder.ResourceFinder04Test" assertions="1" time="0.001008"/>
          <testcase name="test_it_can_be_casted_into_a_string with data set #17" file="/path/to/project/tests/AutoGenerated/Finder/ResourceFinder04Test.php" line="61" class="Infection\BenchmarkSource\Test\AutoGenerated\Finder\ResourceFinder04Test" classname="Infection.BenchmarkSource.Test.AutoGenerated.Finder.ResourceFinder04Test" assertions="1" time="0.001010"/>
          <testcase name="test_it_can_be_casted_into_a_string with data set #18" file="/path/to/project/tests/AutoGenerated/Finder/ResourceFinder04Test.php" line="61" class="Infection\BenchmarkSource\Test\AutoGenerated\Finder\ResourceFinder04Test" classname="Infection.BenchmarkSource.Test.AutoGenerated.Finder.ResourceFinder04Test" assertions="1" time="0.001027"/>
          <testcase name="test_it_can_be_casted_into_a_string with data set #19" file="/path/to/project/tests/AutoGenerated/Finder/ResourceFinder04Test.php" line="61" class="Infection\BenchmarkSource\Test\AutoGenerated\Finder\ResourceFinder04Test" classname="Infection.BenchmarkSource.Test.AutoGenerated.Finder.ResourceFinder04Test" assertions="1" time="0.001014"/>
          <testcase name="test_it_can_be_casted_into_a_string with data set #20" file="/path/to/project/tests/AutoGenerated/Finder/ResourceFinder04Test.php" line="61" class="Infection\BenchmarkSource\Test\AutoGenerated\Finder\ResourceFinder04Test" classname="Infection.BenchmarkSource.Test.AutoGenerated.Finder.ResourceFinder04Test" assertions="1" time="0.001004"/>
          <testcase name="test_it_can_be_casted_into_a_string with data set #21" file="/path/to/project/tests/AutoGenerated/Finder/ResourceFinder04Test.php" line="61" class="Infection\BenchmarkSource\Test\AutoGenerated\Finder\ResourceFinder04Test" classname="Infection.BenchmarkSource.Test.AutoGenerated.Finder.ResourceFinder04Test" assertions="1" time="0.001006"/>
          <testcase name="test_it_can_be_casted_into_a_string with data set #22" file="/path/to/project/tests/AutoGenerated/Finder/ResourceFinder04Test.php" line="61" class="Infection\BenchmarkSource\Test\AutoGenerated\Finder\ResourceFinder04Test" classname="Infection.BenchmarkSource.Test.AutoGenerated.Finder.ResourceFinder04Test" assertions="1" time="0.001002"/>
          <testcase name="test_it_can_be_casted_into_a_string with data set #23" file="/path/to/project/tests/AutoGenerated/Finder/ResourceFinder04Test.php" line="61" class="Infection\BenchmarkSource\Test\AutoGenerated\Finder\ResourceFinder04Test" classname="Infection.BenchmarkSource.Test.AutoGenerated.Finder.ResourceFinder04Test" assertions="1" time="0.000997"/>
          <testcase name="test_it_can_be_casted_into_a_string with data set #24" file="/path/to/project/tests/AutoGenerated/Finder/ResourceFinder04Test.php" line="61" class="Infection\BenchmarkSource\Test\AutoGenerated\Finder\ResourceFinder04Test" classname="Infection.BenchmarkSource.Test.AutoGenerated.Finder.ResourceFinder04Test" assertions="1" time="0.001001"/>
          <testcase name="test_it_can_be_casted_into_a_string with data set #25" file="/path/to/project/tests/AutoGenerated/Finder/ResourceFinder04Test.php" line="61" class="Infection\BenchmarkSource\Test\AutoGenerated\Finder\ResourceFinder04Test" classname="Infection.BenchmarkSource.Test.AutoGenerated.Finder.ResourceFinder04Test" assertions="1" time="0.000992"/>
          <testcase name="test_it_can_be_casted_into_a_string with data set #26" file="/path/to/project/tests/AutoGenerated/Finder/ResourceFinder04Test.php" line="61" class="Infection\BenchmarkSource\Test\AutoGenerated\Finder\ResourceFinder04Test" classname="Infection.BenchmarkSource.Test.AutoGenerated.Finder.ResourceFinder04Test" assertions="1" time="0.000992"/>
          <testcase name="test_it_can_be_casted_into_a_string with data set #27" file="/path/to/project/tests/AutoGenerated/Finder/ResourceFinder04Test.php" line="61" class="Infection\BenchmarkSource\Test\AutoGenerated\Finder\ResourceFinder04Test" classname="Infection.BenchmarkSource.Test.AutoGenerated.Finder.ResourceFinder04Test" assertions="1" time="0.001006"/>
          <testcase name="test_it_can_be_casted_into_a_string with data set #28" file="/path/to/project/tests/AutoGenerated/Finder/ResourceFinder04Test.php" line="61" class="Infection\BenchmarkSource\Test\AutoGenerated\Finder\ResourceFinder04Test" classname="Infection.BenchmarkSource.Test.AutoGenerated.Finder.ResourceFinder04Test" assertions="1" time="0.001003"/>
          <testcase name="test_it_can_be_casted_into_a_string with data set #29" file="/path/to/project/tests/AutoGenerated/Finder/ResourceFinder04Test.php" line="61" class="Infection\BenchmarkSource\Test\AutoGenerated\Finder\ResourceFinder04Test" classname="Infection.BenchmarkSource.Test.AutoGenerated.Finder.ResourceFinder04Test" assertions="1" time="0.000996"/>
          <testcase name="test_it_can_be_casted_into_a_string with data set #30" file="/path/to/project/tests/AutoGenerated/Finder/ResourceFinder04Test.php" line="61" class="Infection\BenchmarkSource\Test\AutoGenerated\Finder\ResourceFinder04Test" classname="Infection.BenchmarkSource.Test.AutoGenerated.Finder.ResourceFinder04Test" assertions="1" time="0.001010"/>
          <testcase name="test_it_can_be_casted_into_a_string with data set #31" file="/path/to/project/tests/AutoGenerated/Finder/ResourceFinder04Test.php" line="61" class="Infection\BenchmarkSource\Test\AutoGenerated\Finder\ResourceFinder04Test" classname="Infection.BenchmarkSource.Test.AutoGenerated.Finder.ResourceFinder04Test" assertions="1" time="0.001010"/>
          <testcase name="test_it_can_be_casted_into_a_string with data set #32" file="/path/to/project/tests/AutoGenerated/Finder/ResourceFinder04Test.php" line="61" class="Infection\BenchmarkSource\Test\AutoGenerated\Finder\ResourceFinder04Test" classname="Infection.BenchmarkSource.Test.AutoGenerated.Finder.ResourceFinder04Test" assertions="1" time="0.001008"/>
          <testcase name="test_it_can_be_casted_into_a_string with data set #33" file="/path/to/project/tests/AutoGenerated/Finder/ResourceFinder04Test.php" line="61" class="Infection\BenchmarkSource\Test\AutoGenerated\Finder\ResourceFinder04Test" classname="Infection.BenchmarkSource.Test.AutoGenerated.Finder.ResourceFinder04Test" assertions="1" time="0.001007"/>
          <testcase name="test_it_can_be_casted_into_a_string with data set #34" file="/path/to/project/tests/AutoGenerated/Finder/ResourceFinder04Test.php" line="61" class="Infection\BenchmarkSource\Test\AutoGenerated\Finder\ResourceFinder04Test" classname="Infection.BenchmarkSource.Test.AutoGenerated.Finder.ResourceFinder04Test" assertions="1" time="0.001011"/>
          <testcase name="test_it_can_be_casted_into_a_string with data set #35" file="/path/to/project/tests/AutoGenerated/Finder/ResourceFinder04Test.php" line="61" class="Infection\BenchmarkSource\Test\AutoGenerated\Finder\ResourceFinder04Test" classname="Infection.BenchmarkSource.Test.AutoGenerated.Finder.ResourceFinder04Test" assertions="1" time="0.001001"/>
          <testcase name="test_it_can_be_casted_into_a_string with data set #36" file="/path/to/project/tests/AutoGenerated/Finder/ResourceFinder04Test.php" line="61" class="Infection\BenchmarkSource\Test\AutoGenerated\Finder\ResourceFinder04Test" classname="Infection.BenchmarkSource.Test.AutoGenerated.Finder.ResourceFinder04Test" assertions="1" time="0.000994"/>
          <testcase name="test_it_can_be_casted_into_a_string with data set #37" file="/path/to/project/tests/AutoGenerated/Finder/ResourceFinder04Test.php" line="61" class="Infection\BenchmarkSource\Test\AutoGenerated\Finder\ResourceFinder04Test" classname="Infection.BenchmarkSource.Test.AutoGenerated.Finder.ResourceFinder04Test" assertions="1" time="0.001001"/>
          <testcase name="test_it_can_be_casted_into_a_string with data set #38" file="/path/to/project/tests/AutoGenerated/Finder/ResourceFinder04Test.php" line="61" class="Infection\BenchmarkSource\Test\AutoGenerated\Finder\ResourceFinder04Test" classname="Infection.BenchmarkSource.Test.AutoGenerated.Finder.ResourceFinder04Test" assertions="1" time="0.001006"/>
          <testcase name="test_it_can_be_casted_into_a_string with data set #39" file="/path/to/project/tests/AutoGenerated/Finder/ResourceFinder04Test.php" line="61" class="Infection\BenchmarkSource\Test\AutoGenerated\Finder\ResourceFinder04Test" classname="Infection.BenchmarkSource.Test.AutoGenerated.Finder.ResourceFinder04Test" assertions="1" time="0.001005"/>
          <testcase name="test_it_can_be_casted_into_a_string with data set #40" file="/path/to/project/tests/AutoGenerated/Finder/ResourceFinder04Test.php" line="61" class="Infection\BenchmarkSource\Test\AutoGenerated\Finder\ResourceFinder04Test" classname="Infection.BenchmarkSource.Test.AutoGenerated.Finder.ResourceFinder04Test" assertions="1" time="0.001019"/>
          <testcase name="test_it_can_be_casted_into_a_string with data set #41" file="/path/to/project/tests/AutoGenerated/Finder/ResourceFinder04Test.php" line="61" class="Infection\BenchmarkSource\Test\AutoGenerated\Finder\ResourceFinder04Test" classname="Infection.BenchmarkSource.Test.AutoGenerated.Finder.ResourceFinder04Test" assertions="1" time="0.000997"/>
          <testcase name="test_it_can_be_casted_into_a_string with data set #42" file="/path/to/project/tests/AutoGenerated/Finder/ResourceFinder04Test.php" line="61" class="Infection\BenchmarkSource\Test\AutoGenerated\Finder\ResourceFinder04Test" classname="Infection.BenchmarkSource.Test.AutoGenerated.Finder.ResourceFinder04Test" assertions="1" time="0.001016"/>
          <testcase name="test_it_can_be_casted_into_a_string with data set #43" file="/path/to/project/tests/AutoGenerated/Finder/ResourceFinder04Test.php" line="61" class="Infection\BenchmarkSource\Test\AutoGenerated\Finder\ResourceFinder04Test" classname="Infection.BenchmarkSource.Test.AutoGenerated.Finder.ResourceFinder04Test" assertions="1" time="0.001002"/>
          <testcase name="test_it_can_be_casted_into_a_string with data set #44" file="/path/to/project/tests/AutoGenerated/Finder/ResourceFinder04Test.php" line="61" class="Infection\BenchmarkSource\Test\AutoGenerated\Finder\ResourceFinder04Test" classname="Infection.BenchmarkSource.Test.AutoGenerated.Finder.ResourceFinder04Test" assertions="1" time="0.001021"/>
          <testcase name="test_it_can_be_casted_into_a_string with data set #45" file="/path/to/project/tests/AutoGenerated/Finder/ResourceFinder04Test.php" line="61" class="Infection\BenchmarkSource\Test\AutoGenerated\Finder\ResourceFinder04Test" classname="Infection.BenchmarkSource.Test.AutoGenerated.Finder.ResourceFinder04Test" assertions="1" time="0.000994"/>
          <testcase name="test_it_can_be_casted_into_a_string with data set #46" file="/path/to/project/tests/AutoGenerated/Finder/ResourceFinder04Test.php" line="61" class="Infection\BenchmarkSource\Test\AutoGenerated\Finder\ResourceFinder04Test" classname="Infection.BenchmarkSource.Test.AutoGenerated.Finder.ResourceFinder04Test" assertions="1" time="0.001002"/>
          <testcase name="test_it_can_be_casted_into_a_string with data set #47" file="/path/to/project/tests/AutoGenerated/Finder/ResourceFinder04Test.php" line="61" class="Infection\BenchmarkSource\Test\AutoGenerated\Finder\ResourceFinder04Test" classname="Infection.BenchmarkSource.Test.AutoGenerated.Finder.ResourceFinder04Test" assertions="1" time="0.001000"/>
          <testcase name="test_it_can_be_casted_into_a_string with data set #48" file="/path/to/project/tests/AutoGenerated/Finder/ResourceFinder04Test.php" line="61" class="Infection\BenchmarkSource\Test\AutoGenerated\Finder\ResourceFinder04Test" classname="Infection.BenchmarkSource.Test.AutoGenerated.Finder.ResourceFinder04Test" assertions="1" time="0.001013"/>
        </testsuite>
      </testsuite>
      <testsuite name="Infection\BenchmarkSource\Test\AutoGenerated\Finder\ResourceFinder05Test" file="/path/to/project/tests/AutoGenerated/Finder/ResourceFinder05Test.php" tests="100" assertions="100" errors="0" failures="0" skipped="0" time="0.101160">
        <testcase name="test_can_be_instantiated" file="/path/to/project/tests/AutoGenerated/Finder/ResourceFinder05Test.php" line="17" class="Infection\BenchmarkSource\Test\AutoGenerated\Finder\ResourceFinder05Test" classname="Infection.BenchmarkSource.Test.AutoGenerated.Finder.ResourceFinder05Test" assertions="1" time="0.001109"/>
        <testcase name="test_it_is_a_resource_finder" file="/path/to/project/tests/AutoGenerated/Finder/ResourceFinder05Test.php" line="24" class="Infection\BenchmarkSource\Test\AutoGenerated\Finder\ResourceFinder05Test" classname="Infection.BenchmarkSource.Test.AutoGenerated.Finder.ResourceFinder05Test" assertions="1" time="0.001010"/>
        <testsuite name="Infection\BenchmarkSource\Test\AutoGenerated\Finder\ResourceFinder05Test::test_it_can_be_diagnosed" tests="49" assertions="49" errors="0" failures="0" skipped="0" time="0.049383">
          <testcase name="test_it_can_be_diagnosed with data set #0" file="/path/to/project/tests/AutoGenerated/Finder/ResourceFinder05Test.php" line="35" class="Infection\BenchmarkSource\Test\AutoGenerated\Finder\ResourceFinder05Test" classname="Infection.BenchmarkSource.Test.AutoGenerated.Finder.ResourceFinder05Test" assertions="1" time="0.001007"/>
          <testcase name="test_it_can_be_diagnosed with data set #1" file="/path/to/project/tests/AutoGenerated/Finder/ResourceFinder05Test.php" line="35" class="Infection\BenchmarkSource\Test\AutoGenerated\Finder\ResourceFinder05Test" classname="Infection.BenchmarkSource.Test.AutoGenerated.Finder.ResourceFinder05Test" assertions="1" time="0.001009"/>
          <testcase name="test_it_can_be_diagnosed with data set #2" file="/path/to/project/tests/AutoGenerated/Finder/ResourceFinder05Test.php" line="35" class="Infection\BenchmarkSource\Test\AutoGenerated\Finder\ResourceFinder05Test" classname="Infection.BenchmarkSource.Test.AutoGenerated.Finder.ResourceFinder05Test" assertions="1" time="0.000996"/>
          <testcase name="test_it_can_be_diagnosed with data set #3" file="/path/to/project/tests/AutoGenerated/Finder/ResourceFinder05Test.php" line="35" class="Infection\BenchmarkSource\Test\AutoGenerated\Finder\ResourceFinder05Test" classname="Infection.BenchmarkSource.Test.AutoGenerated.Finder.ResourceFinder05Test" assertions="1" time="0.001014"/>
          <testcase name="test_it_can_be_diagnosed with data set #4" file="/path/to/project/tests/AutoGenerated/Finder/ResourceFinder05Test.php" line="35" class="Infection\BenchmarkSource\Test\AutoGenerated\Finder\ResourceFinder05Test" classname="Infection.BenchmarkSource.Test.AutoGenerated.Finder.ResourceFinder05Test" assertions="1" time="0.001003"/>
          <testcase name="test_it_can_be_diagnosed with data set #5" file="/path/to/project/tests/AutoGenerated/Finder/ResourceFinder05Test.php" line="35" class="Infection\BenchmarkSource\Test\AutoGenerated\Finder\ResourceFinder05Test" classname="Infection.BenchmarkSource.Test.AutoGenerated.Finder.ResourceFinder05Test" assertions="1" time="0.001008"/>
          <testcase name="test_it_can_be_diagnosed with data set #6" file="/path/to/project/tests/AutoGenerated/Finder/ResourceFinder05Test.php" line="35" class="Infection\BenchmarkSource\Test\AutoGenerated\Finder\ResourceFinder05Test" classname="Infection.BenchmarkSource.Test.AutoGenerated.Finder.ResourceFinder05Test" assertions="1" time="0.000995"/>
          <testcase name="test_it_can_be_diagnosed with data set #7" file="/path/to/project/tests/AutoGenerated/Finder/ResourceFinder05Test.php" line="35" class="Infection\BenchmarkSource\Test\AutoGenerated\Finder\ResourceFinder05Test" classname="Infection.BenchmarkSource.Test.AutoGenerated.Finder.ResourceFinder05Test" assertions="1" time="0.001006"/>
          <testcase name="test_it_can_be_diagnosed with data set #8" file="/path/to/project/tests/AutoGenerated/Finder/ResourceFinder05Test.php" line="35" class="Infection\BenchmarkSource\Test\AutoGenerated\Finder\ResourceFinder05Test" classname="Infection.BenchmarkSource.Test.AutoGenerated.Finder.ResourceFinder05Test" assertions="1" time="0.000994"/>
          <testcase name="test_it_can_be_diagnosed with data set #9" file="/path/to/project/tests/AutoGenerated/Finder/ResourceFinder05Test.php" line="35" class="Infection\BenchmarkSource\Test\AutoGenerated\Finder\ResourceFinder05Test" classname="Infection.BenchmarkSource.Test.AutoGenerated.Finder.ResourceFinder05Test" assertions="1" time="0.000994"/>
          <testcase name="test_it_can_be_diagnosed with data set #10" file="/path/to/project/tests/AutoGenerated/Finder/ResourceFinder05Test.php" line="35" class="Infection\BenchmarkSource\Test\AutoGenerated\Finder\ResourceFinder05Test" classname="Infection.BenchmarkSource.Test.AutoGenerated.Finder.ResourceFinder05Test" assertions="1" time="0.000996"/>
          <testcase name="test_it_can_be_diagnosed with data set #11" file="/path/to/project/tests/AutoGenerated/Finder/ResourceFinder05Test.php" line="35" class="Infection\BenchmarkSource\Test\AutoGenerated\Finder\ResourceFinder05Test" classname="Infection.BenchmarkSource.Test.AutoGenerated.Finder.ResourceFinder05Test" assertions="1" time="0.001018"/>
          <testcase name="test_it_can_be_diagnosed with data set #12" file="/path/to/project/tests/AutoGenerated/Finder/ResourceFinder05Test.php" line="35" class="Infection\BenchmarkSource\Test\AutoGenerated\Finder\ResourceFinder05Test" classname="Infection.BenchmarkSource.Test.AutoGenerated.Finder.ResourceFinder05Test" assertions="1" time="0.000999"/>
          <testcase name="test_it_can_be_diagnosed with data set #13" file="/path/to/project/tests/AutoGenerated/Finder/ResourceFinder05Test.php" line="35" class="Infection\BenchmarkSource\Test\AutoGenerated\Finder\ResourceFinder05Test" classname="Infection.BenchmarkSource.Test.AutoGenerated.Finder.ResourceFinder05Test" assertions="1" time="0.001007"/>
          <testcase name="test_it_can_be_diagnosed with data set #14" file="/path/to/project/tests/AutoGenerated/Finder/ResourceFinder05Test.php" line="35" class="Infection\BenchmarkSource\Test\AutoGenerated\Finder\ResourceFinder05Test" classname="Infection.BenchmarkSource.Test.AutoGenerated.Finder.ResourceFinder05Test" assertions="1" time="0.001007"/>
          <testcase name="test_it_can_be_diagnosed with data set #15" file="/path/to/project/tests/AutoGenerated/Finder/ResourceFinder05Test.php" line="35" class="Infection\BenchmarkSource\Test\AutoGenerated\Finder\ResourceFinder05Test" classname="Infection.BenchmarkSource.Test.AutoGenerated.Finder.ResourceFinder05Test" assertions="1" time="0.001013"/>
          <testcase name="test_it_can_be_diagnosed with data set #16" file="/path/to/project/tests/AutoGenerated/Finder/ResourceFinder05Test.php" line="35" class="Infection\BenchmarkSource\Test\AutoGenerated\Finder\ResourceFinder05Test" classname="Infection.BenchmarkSource.Test.AutoGenerated.Finder.ResourceFinder05Test" assertions="1" time="0.000997"/>
          <testcase name="test_it_can_be_diagnosed with data set #17" file="/path/to/project/tests/AutoGenerated/Finder/ResourceFinder05Test.php" line="35" class="Infection\BenchmarkSource\Test\AutoGenerated\Finder\ResourceFinder05Test" classname="Infection.BenchmarkSource.Test.AutoGenerated.Finder.ResourceFinder05Test" assertions="1" time="0.001004"/>
          <testcase name="test_it_can_be_diagnosed with data set #18" file="/path/to/project/tests/AutoGenerated/Finder/ResourceFinder05Test.php" line="35" class="Infection\BenchmarkSource\Test\AutoGenerated\Finder\ResourceFinder05Test" classname="Infection.BenchmarkSource.Test.AutoGenerated.Finder.ResourceFinder05Test" assertions="1" time="0.000992"/>
          <testcase name="test_it_can_be_diagnosed with data set #19" file="/path/to/project/tests/AutoGenerated/Finder/ResourceFinder05Test.php" line="35" class="Infection\BenchmarkSource\Test\AutoGenerated\Finder\ResourceFinder05Test" classname="Infection.BenchmarkSource.Test.AutoGenerated.Finder.ResourceFinder05Test" assertions="1" time="0.001006"/>
          <testcase name="test_it_can_be_diagnosed with data set #20" file="/path/to/project/tests/AutoGenerated/Finder/ResourceFinder05Test.php" line="35" class="Infection\BenchmarkSource\Test\AutoGenerated\Finder\ResourceFinder05Test" classname="Infection.BenchmarkSource.Test.AutoGenerated.Finder.ResourceFinder05Test" assertions="1" time="0.001000"/>
          <testcase name="test_it_can_be_diagnosed with data set #21" file="/path/to/project/tests/AutoGenerated/Finder/ResourceFinder05Test.php" line="35" class="Infection\BenchmarkSource\Test\AutoGenerated\Finder\ResourceFinder05Test" classname="Infection.BenchmarkSource.Test.AutoGenerated.Finder.ResourceFinder05Test" assertions="1" time="0.001019"/>
          <testcase name="test_it_can_be_diagnosed with data set #22" file="/path/to/project/tests/AutoGenerated/Finder/ResourceFinder05Test.php" line="35" class="Infection\BenchmarkSource\Test\AutoGenerated\Finder\ResourceFinder05Test" classname="Infection.BenchmarkSource.Test.AutoGenerated.Finder.ResourceFinder05Test" assertions="1" time="0.001010"/>
          <testcase name="test_it_can_be_diagnosed with data set #23" file="/path/to/project/tests/AutoGenerated/Finder/ResourceFinder05Test.php" line="35" class="Infection\BenchmarkSource\Test\AutoGenerated\Finder\ResourceFinder05Test" classname="Infection.BenchmarkSource.Test.AutoGenerated.Finder.ResourceFinder05Test" assertions="1" time="0.001025"/>
          <testcase name="test_it_can_be_diagnosed with data set #24" file="/path/to/project/tests/AutoGenerated/Finder/ResourceFinder05Test.php" line="35" class="Infection\BenchmarkSource\Test\AutoGenerated\Finder\ResourceFinder05Test" classname="Infection.BenchmarkSource.Test.AutoGenerated.Finder.ResourceFinder05Test" assertions="1" time="0.001017"/>
          <testcase name="test_it_can_be_diagnosed with data set #25" file="/path/to/project/tests/AutoGenerated/Finder/ResourceFinder05Test.php" line="35" class="Infection\BenchmarkSource\Test\AutoGenerated\Finder\ResourceFinder05Test" classname="Infection.BenchmarkSource.Test.AutoGenerated.Finder.ResourceFinder05Test" assertions="1" time="0.001027"/>
          <testcase name="test_it_can_be_diagnosed with data set #26" file="/path/to/project/tests/AutoGenerated/Finder/ResourceFinder05Test.php" line="35" class="Infection\BenchmarkSource\Test\AutoGenerated\Finder\ResourceFinder05Test" classname="Infection.BenchmarkSource.Test.AutoGenerated.Finder.ResourceFinder05Test" assertions="1" time="0.001007"/>
          <testcase name="test_it_can_be_diagnosed with data set #27" file="/path/to/project/tests/AutoGenerated/Finder/ResourceFinder05Test.php" line="35" class="Infection\BenchmarkSource\Test\AutoGenerated\Finder\ResourceFinder05Test" classname="Infection.BenchmarkSource.Test.AutoGenerated.Finder.ResourceFinder05Test" assertions="1" time="0.001014"/>
          <testcase name="test_it_can_be_diagnosed with data set #28" file="/path/to/project/tests/AutoGenerated/Finder/ResourceFinder05Test.php" line="35" class="Infection\BenchmarkSource\Test\AutoGenerated\Finder\ResourceFinder05Test" classname="Infection.BenchmarkSource.Test.AutoGenerated.Finder.ResourceFinder05Test" assertions="1" time="0.000997"/>
          <testcase name="test_it_can_be_diagnosed with data set #29" file="/path/to/project/tests/AutoGenerated/Finder/ResourceFinder05Test.php" line="35" class="Infection\BenchmarkSource\Test\AutoGenerated\Finder\ResourceFinder05Test" classname="Infection.BenchmarkSource.Test.AutoGenerated.Finder.ResourceFinder05Test" assertions="1" time="0.000998"/>
          <testcase name="test_it_can_be_diagnosed with data set #30" file="/path/to/project/tests/AutoGenerated/Finder/ResourceFinder05Test.php" line="35" class="Infection\BenchmarkSource\Test\AutoGenerated\Finder\ResourceFinder05Test" classname="Infection.BenchmarkSource.Test.AutoGenerated.Finder.ResourceFinder05Test" assertions="1" time="0.001005"/>
          <testcase name="test_it_can_be_diagnosed with data set #31" file="/path/to/project/tests/AutoGenerated/Finder/ResourceFinder05Test.php" line="35" class="Infection\BenchmarkSource\Test\AutoGenerated\Finder\ResourceFinder05Test" classname="Infection.BenchmarkSource.Test.AutoGenerated.Finder.ResourceFinder05Test" assertions="1" time="0.001026"/>
          <testcase name="test_it_can_be_diagnosed with data set #32" file="/path/to/project/tests/AutoGenerated/Finder/ResourceFinder05Test.php" line="35" class="Infection\BenchmarkSource\Test\AutoGenerated\Finder\ResourceFinder05Test" classname="Infection.BenchmarkSource.Test.AutoGenerated.Finder.ResourceFinder05Test" assertions="1" time="0.001017"/>
          <testcase name="test_it_can_be_diagnosed with data set #33" file="/path/to/project/tests/AutoGenerated/Finder/ResourceFinder05Test.php" line="35" class="Infection\BenchmarkSource\Test\AutoGenerated\Finder\ResourceFinder05Test" classname="Infection.BenchmarkSource.Test.AutoGenerated.Finder.ResourceFinder05Test" assertions="1" time="0.001014"/>
          <testcase name="test_it_can_be_diagnosed with data set #34" file="/path/to/project/tests/AutoGenerated/Finder/ResourceFinder05Test.php" line="35" class="Infection\BenchmarkSource\Test\AutoGenerated\Finder\ResourceFinder05Test" classname="Infection.BenchmarkSource.Test.AutoGenerated.Finder.ResourceFinder05Test" assertions="1" time="0.001002"/>
          <testcase name="test_it_can_be_diagnosed with data set #35" file="/path/to/project/tests/AutoGenerated/Finder/ResourceFinder05Test.php" line="35" class="Infection\BenchmarkSource\Test\AutoGenerated\Finder\ResourceFinder05Test" classname="Infection.BenchmarkSource.Test.AutoGenerated.Finder.ResourceFinder05Test" assertions="1" time="0.001028"/>
          <testcase name="test_it_can_be_diagnosed with data set #36" file="/path/to/project/tests/AutoGenerated/Finder/ResourceFinder05Test.php" line="35" class="Infection\BenchmarkSource\Test\AutoGenerated\Finder\ResourceFinder05Test" classname="Infection.BenchmarkSource.Test.AutoGenerated.Finder.ResourceFinder05Test" assertions="1" time="0.001013"/>
          <testcase name="test_it_can_be_diagnosed with data set #37" file="/path/to/project/tests/AutoGenerated/Finder/ResourceFinder05Test.php" line="35" class="Infection\BenchmarkSource\Test\AutoGenerated\Finder\ResourceFinder05Test" classname="Infection.BenchmarkSource.Test.AutoGenerated.Finder.ResourceFinder05Test" assertions="1" time="0.001010"/>
          <testcase name="test_it_can_be_diagnosed with data set #38" file="/path/to/project/tests/AutoGenerated/Finder/ResourceFinder05Test.php" line="35" class="Infection\BenchmarkSource\Test\AutoGenerated\Finder\ResourceFinder05Test" classname="Infection.BenchmarkSource.Test.AutoGenerated.Finder.ResourceFinder05Test" assertions="1" time="0.001014"/>
          <testcase name="test_it_can_be_diagnosed with data set #39" file="/path/to/project/tests/AutoGenerated/Finder/ResourceFinder05Test.php" line="35" class="Infection\BenchmarkSource\Test\AutoGenerated\Finder\ResourceFinder05Test" classname="Infection.BenchmarkSource.Test.AutoGenerated.Finder.ResourceFinder05Test" assertions="1" time="0.001016"/>
          <testcase name="test_it_can_be_diagnosed with data set #40" file="/path/to/project/tests/AutoGenerated/Finder/ResourceFinder05Test.php" line="35" class="Infection\BenchmarkSource\Test\AutoGenerated\Finder\ResourceFinder05Test" classname="Infection.BenchmarkSource.Test.AutoGenerated.Finder.ResourceFinder05Test" assertions="1" time="0.001005"/>
          <testcase name="test_it_can_be_diagnosed with data set #41" file="/path/to/project/tests/AutoGenerated/Finder/ResourceFinder05Test.php" line="35" class="Infection\BenchmarkSource\Test\AutoGenerated\Finder\ResourceFinder05Test" classname="Infection.BenchmarkSource.Test.AutoGenerated.Finder.ResourceFinder05Test" assertions="1" time="0.001004"/>
          <testcase name="test_it_can_be_diagnosed with data set #42" file="/path/to/project/tests/AutoGenerated/Finder/ResourceFinder05Test.php" line="35" class="Infection\BenchmarkSource\Test\AutoGenerated\Finder\ResourceFinder05Test" classname="Infection.BenchmarkSource.Test.AutoGenerated.Finder.ResourceFinder05Test" assertions="1" time="0.001003"/>
          <testcase name="test_it_can_be_diagnosed with data set #43" file="/path/to/project/tests/AutoGenerated/Finder/ResourceFinder05Test.php" line="35" class="Infection\BenchmarkSource\Test\AutoGenerated\Finder\ResourceFinder05Test" classname="Infection.BenchmarkSource.Test.AutoGenerated.Finder.ResourceFinder05Test" assertions="1" time="0.001016"/>
          <testcase name="test_it_can_be_diagnosed with data set #44" file="/path/to/project/tests/AutoGenerated/Finder/ResourceFinder05Test.php" line="35" class="Infection\BenchmarkSource\Test\AutoGenerated\Finder\ResourceFinder05Test" classname="Infection.BenchmarkSource.Test.AutoGenerated.Finder.ResourceFinder05Test" assertions="1" time="0.001008"/>
          <testcase name="test_it_can_be_diagnosed with data set #45" file="/path/to/project/tests/AutoGenerated/Finder/ResourceFinder05Test.php" line="35" class="Infection\BenchmarkSource\Test\AutoGenerated\Finder\ResourceFinder05Test" classname="Infection.BenchmarkSource.Test.AutoGenerated.Finder.ResourceFinder05Test" assertions="1" time="0.001006"/>
          <testcase name="test_it_can_be_diagnosed with data set #46" file="/path/to/project/tests/AutoGenerated/Finder/ResourceFinder05Test.php" line="35" class="Infection\BenchmarkSource\Test\AutoGenerated\Finder\ResourceFinder05Test" classname="Infection.BenchmarkSource.Test.AutoGenerated.Finder.ResourceFinder05Test" assertions="1" time="0.001001"/>
          <testcase name="test_it_can_be_diagnosed with data set #47" file="/path/to/project/tests/AutoGenerated/Finder/ResourceFinder05Test.php" line="35" class="Infection\BenchmarkSource\Test\AutoGenerated\Finder\ResourceFinder05Test" classname="Infection.BenchmarkSource.Test.AutoGenerated.Finder.ResourceFinder05Test" assertions="1" time="0.001006"/>
          <testcase name="test_it_can_be_diagnosed with data set #48" file="/path/to/project/tests/AutoGenerated/Finder/ResourceFinder05Test.php" line="35" class="Infection\BenchmarkSource\Test\AutoGenerated\Finder\ResourceFinder05Test" classname="Infection.BenchmarkSource.Test.AutoGenerated.Finder.ResourceFinder05Test" assertions="1" time="0.001009"/>
        </testsuite>
        <testsuite name="Infection\BenchmarkSource\Test\AutoGenerated\Finder\ResourceFinder05Test::test_it_can_be_casted_into_a_string" tests="49" assertions="49" errors="0" failures="0" skipped="0" time="0.049659">
          <testcase name="test_it_can_be_casted_into_a_string with data set #0" file="/path/to/project/tests/AutoGenerated/Finder/ResourceFinder05Test.php" line="61" class="Infection\BenchmarkSource\Test\AutoGenerated\Finder\ResourceFinder05Test" classname="Infection.BenchmarkSource.Test.AutoGenerated.Finder.ResourceFinder05Test" assertions="1" time="0.001005"/>
          <testcase name="test_it_can_be_casted_into_a_string with data set #1" file="/path/to/project/tests/AutoGenerated/Finder/ResourceFinder05Test.php" line="61" class="Infection\BenchmarkSource\Test\AutoGenerated\Finder\ResourceFinder05Test" classname="Infection.BenchmarkSource.Test.AutoGenerated.Finder.ResourceFinder05Test" assertions="1" time="0.001005"/>
          <testcase name="test_it_can_be_casted_into_a_string with data set #2" file="/path/to/project/tests/AutoGenerated/Finder/ResourceFinder05Test.php" line="61" class="Infection\BenchmarkSource\Test\AutoGenerated\Finder\ResourceFinder05Test" classname="Infection.BenchmarkSource.Test.AutoGenerated.Finder.ResourceFinder05Test" assertions="1" time="0.000990"/>
          <testcase name="test_it_can_be_casted_into_a_string with data set #3" file="/path/to/project/tests/AutoGenerated/Finder/ResourceFinder05Test.php" line="61" class="Infection\BenchmarkSource\Test\AutoGenerated\Finder\ResourceFinder05Test" classname="Infection.BenchmarkSource.Test.AutoGenerated.Finder.ResourceFinder05Test" assertions="1" time="0.000997"/>
          <testcase name="test_it_can_be_casted_into_a_string with data set #4" file="/path/to/project/tests/AutoGenerated/Finder/ResourceFinder05Test.php" line="61" class="Infection\BenchmarkSource\Test\AutoGenerated\Finder\ResourceFinder05Test" classname="Infection.BenchmarkSource.Test.AutoGenerated.Finder.ResourceFinder05Test" assertions="1" time="0.001007"/>
          <testcase name="test_it_can_be_casted_into_a_string with data set #5" file="/path/to/project/tests/AutoGenerated/Finder/ResourceFinder05Test.php" line="61" class="Infection\BenchmarkSource\Test\AutoGenerated\Finder\ResourceFinder05Test" classname="Infection.BenchmarkSource.Test.AutoGenerated.Finder.ResourceFinder05Test" assertions="1" time="0.001005"/>
          <testcase name="test_it_can_be_casted_into_a_string with data set #6" file="/path/to/project/tests/AutoGenerated/Finder/ResourceFinder05Test.php" line="61" class="Infection\BenchmarkSource\Test\AutoGenerated\Finder\ResourceFinder05Test" classname="Infection.BenchmarkSource.Test.AutoGenerated.Finder.ResourceFinder05Test" assertions="1" time="0.001001"/>
          <testcase name="test_it_can_be_casted_into_a_string with data set #7" file="/path/to/project/tests/AutoGenerated/Finder/ResourceFinder05Test.php" line="61" class="Infection\BenchmarkSource\Test\AutoGenerated\Finder\ResourceFinder05Test" classname="Infection.BenchmarkSource.Test.AutoGenerated.Finder.ResourceFinder05Test" assertions="1" time="0.001006"/>
          <testcase name="test_it_can_be_casted_into_a_string with data set #8" file="/path/to/project/tests/AutoGenerated/Finder/ResourceFinder05Test.php" line="61" class="Infection\BenchmarkSource\Test\AutoGenerated\Finder\ResourceFinder05Test" classname="Infection.BenchmarkSource.Test.AutoGenerated.Finder.ResourceFinder05Test" assertions="1" time="0.001000"/>
          <testcase name="test_it_can_be_casted_into_a_string with data set #9" file="/path/to/project/tests/AutoGenerated/Finder/ResourceFinder05Test.php" line="61" class="Infection\BenchmarkSource\Test\AutoGenerated\Finder\ResourceFinder05Test" classname="Infection.BenchmarkSource.Test.AutoGenerated.Finder.ResourceFinder05Test" assertions="1" time="0.001004"/>
          <testcase name="test_it_can_be_casted_into_a_string with data set #10" file="/path/to/project/tests/AutoGenerated/Finder/ResourceFinder05Test.php" line="61" class="Infection\BenchmarkSource\Test\AutoGenerated\Finder\ResourceFinder05Test" classname="Infection.BenchmarkSource.Test.AutoGenerated.Finder.ResourceFinder05Test" assertions="1" time="0.001009"/>
          <testcase name="test_it_can_be_casted_into_a_string with data set #11" file="/path/to/project/tests/AutoGenerated/Finder/ResourceFinder05Test.php" line="61" class="Infection\BenchmarkSource\Test\AutoGenerated\Finder\ResourceFinder05Test" classname="Infection.BenchmarkSource.Test.AutoGenerated.Finder.ResourceFinder05Test" assertions="1" time="0.000999"/>
          <testcase name="test_it_can_be_casted_into_a_string with data set #12" file="/path/to/project/tests/AutoGenerated/Finder/ResourceFinder05Test.php" line="61" class="Infection\BenchmarkSource\Test\AutoGenerated\Finder\ResourceFinder05Test" classname="Infection.BenchmarkSource.Test.AutoGenerated.Finder.ResourceFinder05Test" assertions="1" time="0.000990"/>
          <testcase name="test_it_can_be_casted_into_a_string with data set #13" file="/path/to/project/tests/AutoGenerated/Finder/ResourceFinder05Test.php" line="61" class="Infection\BenchmarkSource\Test\AutoGenerated\Finder\ResourceFinder05Test" classname="Infection.BenchmarkSource.Test.AutoGenerated.Finder.ResourceFinder05Test" assertions="1" time="0.000995"/>
          <testcase name="test_it_can_be_casted_into_a_string with data set #14" file="/path/to/project/tests/AutoGenerated/Finder/ResourceFinder05Test.php" line="61" class="Infection\BenchmarkSource\Test\AutoGenerated\Finder\ResourceFinder05Test" classname="Infection.BenchmarkSource.Test.AutoGenerated.Finder.ResourceFinder05Test" assertions="1" time="0.001002"/>
          <testcase name="test_it_can_be_casted_into_a_string with data set #15" file="/path/to/project/tests/AutoGenerated/Finder/ResourceFinder05Test.php" line="61" class="Infection\BenchmarkSource\Test\AutoGenerated\Finder\ResourceFinder05Test" classname="Infection.BenchmarkSource.Test.AutoGenerated.Finder.ResourceFinder05Test" assertions="1" time="0.001006"/>
          <testcase name="test_it_can_be_casted_into_a_string with data set #16" file="/path/to/project/tests/AutoGenerated/Finder/ResourceFinder05Test.php" line="61" class="Infection\BenchmarkSource\Test\AutoGenerated\Finder\ResourceFinder05Test" classname="Infection.BenchmarkSource.Test.AutoGenerated.Finder.ResourceFinder05Test" assertions="1" time="0.001005"/>
          <testcase name="test_it_can_be_casted_into_a_string with data set #17" file="/path/to/project/tests/AutoGenerated/Finder/ResourceFinder05Test.php" line="61" class="Infection\BenchmarkSource\Test\AutoGenerated\Finder\ResourceFinder05Test" classname="Infection.BenchmarkSource.Test.AutoGenerated.Finder.ResourceFinder05Test" assertions="1" time="0.001002"/>
          <testcase name="test_it_can_be_casted_into_a_string with data set #18" file="/path/to/project/tests/AutoGenerated/Finder/ResourceFinder05Test.php" line="61" class="Infection\BenchmarkSource\Test\AutoGenerated\Finder\ResourceFinder05Test" classname="Infection.BenchmarkSource.Test.AutoGenerated.Finder.ResourceFinder05Test" assertions="1" time="0.001005"/>
          <testcase name="test_it_can_be_casted_into_a_string with data set #19" file="/path/to/project/tests/AutoGenerated/Finder/ResourceFinder05Test.php" line="61" class="Infection\BenchmarkSource\Test\AutoGenerated\Finder\ResourceFinder05Test" classname="Infection.BenchmarkSource.Test.AutoGenerated.Finder.ResourceFinder05Test" assertions="1" time="0.000999"/>
          <testcase name="test_it_can_be_casted_into_a_string with data set #20" file="/path/to/project/tests/AutoGenerated/Finder/ResourceFinder05Test.php" line="61" class="Infection\BenchmarkSource\Test\AutoGenerated\Finder\ResourceFinder05Test" classname="Infection.BenchmarkSource.Test.AutoGenerated.Finder.ResourceFinder05Test" assertions="1" time="0.000999"/>
          <testcase name="test_it_can_be_casted_into_a_string with data set #21" file="/path/to/project/tests/AutoGenerated/Finder/ResourceFinder05Test.php" line="61" class="Infection\BenchmarkSource\Test\AutoGenerated\Finder\ResourceFinder05Test" classname="Infection.BenchmarkSource.Test.AutoGenerated.Finder.ResourceFinder05Test" assertions="1" time="0.000994"/>
          <testcase name="test_it_can_be_casted_into_a_string with data set #22" file="/path/to/project/tests/AutoGenerated/Finder/ResourceFinder05Test.php" line="61" class="Infection\BenchmarkSource\Test\AutoGenerated\Finder\ResourceFinder05Test" classname="Infection.BenchmarkSource.Test.AutoGenerated.Finder.ResourceFinder05Test" assertions="1" time="0.000987"/>
          <testcase name="test_it_can_be_casted_into_a_string with data set #23" file="/path/to/project/tests/AutoGenerated/Finder/ResourceFinder05Test.php" line="61" class="Infection\BenchmarkSource\Test\AutoGenerated\Finder\ResourceFinder05Test" classname="Infection.BenchmarkSource.Test.AutoGenerated.Finder.ResourceFinder05Test" assertions="1" time="0.001002"/>
          <testcase name="test_it_can_be_casted_into_a_string with data set #24" file="/path/to/project/tests/AutoGenerated/Finder/ResourceFinder05Test.php" line="61" class="Infection\BenchmarkSource\Test\AutoGenerated\Finder\ResourceFinder05Test" classname="Infection.BenchmarkSource.Test.AutoGenerated.Finder.ResourceFinder05Test" assertions="1" time="0.001010"/>
          <testcase name="test_it_can_be_casted_into_a_string with data set #25" file="/path/to/project/tests/AutoGenerated/Finder/ResourceFinder05Test.php" line="61" class="Infection\BenchmarkSource\Test\AutoGenerated\Finder\ResourceFinder05Test" classname="Infection.BenchmarkSource.Test.AutoGenerated.Finder.ResourceFinder05Test" assertions="1" time="0.001005"/>
          <testcase name="test_it_can_be_casted_into_a_string with data set #26" file="/path/to/project/tests/AutoGenerated/Finder/ResourceFinder05Test.php" line="61" class="Infection\BenchmarkSource\Test\AutoGenerated\Finder\ResourceFinder05Test" classname="Infection.BenchmarkSource.Test.AutoGenerated.Finder.ResourceFinder05Test" assertions="1" time="0.001006"/>
          <testcase name="test_it_can_be_casted_into_a_string with data set #27" file="/path/to/project/tests/AutoGenerated/Finder/ResourceFinder05Test.php" line="61" class="Infection\BenchmarkSource\Test\AutoGenerated\Finder\ResourceFinder05Test" classname="Infection.BenchmarkSource.Test.AutoGenerated.Finder.ResourceFinder05Test" assertions="1" time="0.001016"/>
          <testcase name="test_it_can_be_casted_into_a_string with data set #28" file="/path/to/project/tests/AutoGenerated/Finder/ResourceFinder05Test.php" line="61" class="Infection\BenchmarkSource\Test\AutoGenerated\Finder\ResourceFinder05Test" classname="Infection.BenchmarkSource.Test.AutoGenerated.Finder.ResourceFinder05Test" assertions="1" time="0.001018"/>
          <testcase name="test_it_can_be_casted_into_a_string with data set #29" file="/path/to/project/tests/AutoGenerated/Finder/ResourceFinder05Test.php" line="61" class="Infection\BenchmarkSource\Test\AutoGenerated\Finder\ResourceFinder05Test" classname="Infection.BenchmarkSource.Test.AutoGenerated.Finder.ResourceFinder05Test" assertions="1" time="0.001021"/>
          <testcase name="test_it_can_be_casted_into_a_string with data set #30" file="/path/to/project/tests/AutoGenerated/Finder/ResourceFinder05Test.php" line="61" class="Infection\BenchmarkSource\Test\AutoGenerated\Finder\ResourceFinder05Test" classname="Infection.BenchmarkSource.Test.AutoGenerated.Finder.ResourceFinder05Test" assertions="1" time="0.001040"/>
          <testcase name="test_it_can_be_casted_into_a_string with data set #31" file="/path/to/project/tests/AutoGenerated/Finder/ResourceFinder05Test.php" line="61" class="Infection\BenchmarkSource\Test\AutoGenerated\Finder\ResourceFinder05Test" classname="Infection.BenchmarkSource.Test.AutoGenerated.Finder.ResourceFinder05Test" assertions="1" time="0.001019"/>
          <testcase name="test_it_can_be_casted_into_a_string with data set #32" file="/path/to/project/tests/AutoGenerated/Finder/ResourceFinder05Test.php" line="61" class="Infection\BenchmarkSource\Test\AutoGenerated\Finder\ResourceFinder05Test" classname="Infection.BenchmarkSource.Test.AutoGenerated.Finder.ResourceFinder05Test" assertions="1" time="0.001024"/>
          <testcase name="test_it_can_be_casted_into_a_string with data set #33" file="/path/to/project/tests/AutoGenerated/Finder/ResourceFinder05Test.php" line="61" class="Infection\BenchmarkSource\Test\AutoGenerated\Finder\ResourceFinder05Test" classname="Infection.BenchmarkSource.Test.AutoGenerated.Finder.ResourceFinder05Test" assertions="1" time="0.001026"/>
          <testcase name="test_it_can_be_casted_into_a_string with data set #34" file="/path/to/project/tests/AutoGenerated/Finder/ResourceFinder05Test.php" line="61" class="Infection\BenchmarkSource\Test\AutoGenerated\Finder\ResourceFinder05Test" classname="Infection.BenchmarkSource.Test.AutoGenerated.Finder.ResourceFinder05Test" assertions="1" time="0.001029"/>
          <testcase name="test_it_can_be_casted_into_a_string with data set #35" file="/path/to/project/tests/AutoGenerated/Finder/ResourceFinder05Test.php" line="61" class="Infection\BenchmarkSource\Test\AutoGenerated\Finder\ResourceFinder05Test" classname="Infection.BenchmarkSource.Test.AutoGenerated.Finder.ResourceFinder05Test" assertions="1" time="0.001019"/>
          <testcase name="test_it_can_be_casted_into_a_string with data set #36" file="/path/to/project/tests/AutoGenerated/Finder/ResourceFinder05Test.php" line="61" class="Infection\BenchmarkSource\Test\AutoGenerated\Finder\ResourceFinder05Test" classname="Infection.BenchmarkSource.Test.AutoGenerated.Finder.ResourceFinder05Test" assertions="1" time="0.001046"/>
          <testcase name="test_it_can_be_casted_into_a_string with data set #37" file="/path/to/project/tests/AutoGenerated/Finder/ResourceFinder05Test.php" line="61" class="Infection\BenchmarkSource\Test\AutoGenerated\Finder\ResourceFinder05Test" classname="Infection.BenchmarkSource.Test.AutoGenerated.Finder.ResourceFinder05Test" assertions="1" time="0.001058"/>
          <testcase name="test_it_can_be_casted_into_a_string with data set #38" file="/path/to/project/tests/AutoGenerated/Finder/ResourceFinder05Test.php" line="61" class="Infection\BenchmarkSource\Test\AutoGenerated\Finder\ResourceFinder05Test" classname="Infection.BenchmarkSource.Test.AutoGenerated.Finder.ResourceFinder05Test" assertions="1" time="0.001025"/>
          <testcase name="test_it_can_be_casted_into_a_string with data set #39" file="/path/to/project/tests/AutoGenerated/Finder/ResourceFinder05Test.php" line="61" class="Infection\BenchmarkSource\Test\AutoGenerated\Finder\ResourceFinder05Test" classname="Infection.BenchmarkSource.Test.AutoGenerated.Finder.ResourceFinder05Test" assertions="1" time="0.001023"/>
          <testcase name="test_it_can_be_casted_into_a_string with data set #40" file="/path/to/project/tests/AutoGenerated/Finder/ResourceFinder05Test.php" line="61" class="Infection\BenchmarkSource\Test\AutoGenerated\Finder\ResourceFinder05Test" classname="Infection.BenchmarkSource.Test.AutoGenerated.Finder.ResourceFinder05Test" assertions="1" time="0.001026"/>
          <testcase name="test_it_can_be_casted_into_a_string with data set #41" file="/path/to/project/tests/AutoGenerated/Finder/ResourceFinder05Test.php" line="61" class="Infection\BenchmarkSource\Test\AutoGenerated\Finder\ResourceFinder05Test" classname="Infection.BenchmarkSource.Test.AutoGenerated.Finder.ResourceFinder05Test" assertions="1" time="0.001024"/>
          <testcase name="test_it_can_be_casted_into_a_string with data set #42" file="/path/to/project/tests/AutoGenerated/Finder/ResourceFinder05Test.php" line="61" class="Infection\BenchmarkSource\Test\AutoGenerated\Finder\ResourceFinder05Test" classname="Infection.BenchmarkSource.Test.AutoGenerated.Finder.ResourceFinder05Test" assertions="1" time="0.001037"/>
          <testcase name="test_it_can_be_casted_into_a_string with data set #43" file="/path/to/project/tests/AutoGenerated/Finder/ResourceFinder05Test.php" line="61" class="Infection\BenchmarkSource\Test\AutoGenerated\Finder\ResourceFinder05Test" classname="Infection.BenchmarkSource.Test.AutoGenerated.Finder.ResourceFinder05Test" assertions="1" time="0.001018"/>
          <testcase name="test_it_can_be_casted_into_a_string with data set #44" file="/path/to/project/tests/AutoGenerated/Finder/ResourceFinder05Test.php" line="61" class="Infection\BenchmarkSource\Test\AutoGenerated\Finder\ResourceFinder05Test" classname="Infection.BenchmarkSource.Test.AutoGenerated.Finder.ResourceFinder05Test" assertions="1" time="0.001037"/>
          <testcase name="test_it_can_be_casted_into_a_string with data set #45" file="/path/to/project/tests/AutoGenerated/Finder/ResourceFinder05Test.php" line="61" class="Infection\BenchmarkSource\Test\AutoGenerated\Finder\ResourceFinder05Test" classname="Infection.BenchmarkSource.Test.AutoGenerated.Finder.ResourceFinder05Test" assertions="1" time="0.001028"/>
          <testcase name="test_it_can_be_casted_into_a_string with data set #46" file="/path/to/project/tests/AutoGenerated/Finder/ResourceFinder05Test.php" line="61" class="Infection\BenchmarkSource\Test\AutoGenerated\Finder\ResourceFinder05Test" classname="Infection.BenchmarkSource.Test.AutoGenerated.Finder.ResourceFinder05Test" assertions="1" time="0.001032"/>
          <testcase name="test_it_can_be_casted_into_a_string with data set #47" file="/path/to/project/tests/AutoGenerated/Finder/ResourceFinder05Test.php" line="61" class="Infection\BenchmarkSource\Test\AutoGenerated\Finder\ResourceFinder05Test" classname="Infection.BenchmarkSource.Test.AutoGenerated.Finder.ResourceFinder05Test" assertions="1" time="0.001032"/>
          <testcase name="test_it_can_be_casted_into_a_string with data set #48" file="/path/to/project/tests/AutoGenerated/Finder/ResourceFinder05Test.php" line="61" class="Infection\BenchmarkSource\Test\AutoGenerated\Finder\ResourceFinder05Test" classname="Infection.BenchmarkSource.Test.AutoGenerated.Finder.ResourceFinder05Test" assertions="1" time="0.001024"/>
        </testsuite>
      </testsuite>
      <testsuite name="Infection\BenchmarkSource\Test\AutoGenerated\Finder\ResourceFinder06Test" file="/path/to/project/tests/AutoGenerated/Finder/ResourceFinder06Test.php" tests="100" assertions="100" errors="0" failures="0" skipped="0" time="0.102846">
        <testcase name="test_can_be_instantiated" file="/path/to/project/tests/AutoGenerated/Finder/ResourceFinder06Test.php" line="17" class="Infection\BenchmarkSource\Test\AutoGenerated\Finder\ResourceFinder06Test" classname="Infection.BenchmarkSource.Test.AutoGenerated.Finder.ResourceFinder06Test" assertions="1" time="0.001158"/>
        <testcase name="test_it_is_a_resource_finder" file="/path/to/project/tests/AutoGenerated/Finder/ResourceFinder06Test.php" line="24" class="Infection\BenchmarkSource\Test\AutoGenerated\Finder\ResourceFinder06Test" classname="Infection.BenchmarkSource.Test.AutoGenerated.Finder.ResourceFinder06Test" assertions="1" time="0.001066"/>
        <testsuite name="Infection\BenchmarkSource\Test\AutoGenerated\Finder\ResourceFinder06Test::test_it_can_be_diagnosed" tests="49" assertions="49" errors="0" failures="0" skipped="0" time="0.050725">
          <testcase name="test_it_can_be_diagnosed with data set #0" file="/path/to/project/tests/AutoGenerated/Finder/ResourceFinder06Test.php" line="35" class="Infection\BenchmarkSource\Test\AutoGenerated\Finder\ResourceFinder06Test" classname="Infection.BenchmarkSource.Test.AutoGenerated.Finder.ResourceFinder06Test" assertions="1" time="0.001040"/>
          <testcase name="test_it_can_be_diagnosed with data set #1" file="/path/to/project/tests/AutoGenerated/Finder/ResourceFinder06Test.php" line="35" class="Infection\BenchmarkSource\Test\AutoGenerated\Finder\ResourceFinder06Test" classname="Infection.BenchmarkSource.Test.AutoGenerated.Finder.ResourceFinder06Test" assertions="1" time="0.001048"/>
          <testcase name="test_it_can_be_diagnosed with data set #2" file="/path/to/project/tests/AutoGenerated/Finder/ResourceFinder06Test.php" line="35" class="Infection\BenchmarkSource\Test\AutoGenerated\Finder\ResourceFinder06Test" classname="Infection.BenchmarkSource.Test.AutoGenerated.Finder.ResourceFinder06Test" assertions="1" time="0.001029"/>
          <testcase name="test_it_can_be_diagnosed with data set #3" file="/path/to/project/tests/AutoGenerated/Finder/ResourceFinder06Test.php" line="35" class="Infection\BenchmarkSource\Test\AutoGenerated\Finder\ResourceFinder06Test" classname="Infection.BenchmarkSource.Test.AutoGenerated.Finder.ResourceFinder06Test" assertions="1" time="0.001022"/>
          <testcase name="test_it_can_be_diagnosed with data set #4" file="/path/to/project/tests/AutoGenerated/Finder/ResourceFinder06Test.php" line="35" class="Infection\BenchmarkSource\Test\AutoGenerated\Finder\ResourceFinder06Test" classname="Infection.BenchmarkSource.Test.AutoGenerated.Finder.ResourceFinder06Test" assertions="1" time="0.001017"/>
          <testcase name="test_it_can_be_diagnosed with data set #5" file="/path/to/project/tests/AutoGenerated/Finder/ResourceFinder06Test.php" line="35" class="Infection\BenchmarkSource\Test\AutoGenerated\Finder\ResourceFinder06Test" classname="Infection.BenchmarkSource.Test.AutoGenerated.Finder.ResourceFinder06Test" assertions="1" time="0.001042"/>
          <testcase name="test_it_can_be_diagnosed with data set #6" file="/path/to/project/tests/AutoGenerated/Finder/ResourceFinder06Test.php" line="35" class="Infection\BenchmarkSource\Test\AutoGenerated\Finder\ResourceFinder06Test" classname="Infection.BenchmarkSource.Test.AutoGenerated.Finder.ResourceFinder06Test" assertions="1" time="0.001029"/>
          <testcase name="test_it_can_be_diagnosed with data set #7" file="/path/to/project/tests/AutoGenerated/Finder/ResourceFinder06Test.php" line="35" class="Infection\BenchmarkSource\Test\AutoGenerated\Finder\ResourceFinder06Test" classname="Infection.BenchmarkSource.Test.AutoGenerated.Finder.ResourceFinder06Test" assertions="1" time="0.001019"/>
          <testcase name="test_it_can_be_diagnosed with data set #8" file="/path/to/project/tests/AutoGenerated/Finder/ResourceFinder06Test.php" line="35" class="Infection\BenchmarkSource\Test\AutoGenerated\Finder\ResourceFinder06Test" classname="Infection.BenchmarkSource.Test.AutoGenerated.Finder.ResourceFinder06Test" assertions="1" time="0.001019"/>
          <testcase name="test_it_can_be_diagnosed with data set #9" file="/path/to/project/tests/AutoGenerated/Finder/ResourceFinder06Test.php" line="35" class="Infection\BenchmarkSource\Test\AutoGenerated\Finder\ResourceFinder06Test" classname="Infection.BenchmarkSource.Test.AutoGenerated.Finder.ResourceFinder06Test" assertions="1" time="0.001031"/>
          <testcase name="test_it_can_be_diagnosed with data set #10" file="/path/to/project/tests/AutoGenerated/Finder/ResourceFinder06Test.php" line="35" class="Infection\BenchmarkSource\Test\AutoGenerated\Finder\ResourceFinder06Test" classname="Infection.BenchmarkSource.Test.AutoGenerated.Finder.ResourceFinder06Test" assertions="1" time="0.001030"/>
          <testcase name="test_it_can_be_diagnosed with data set #11" file="/path/to/project/tests/AutoGenerated/Finder/ResourceFinder06Test.php" line="35" class="Infection\BenchmarkSource\Test\AutoGenerated\Finder\ResourceFinder06Test" classname="Infection.BenchmarkSource.Test.AutoGenerated.Finder.ResourceFinder06Test" assertions="1" time="0.001030"/>
          <testcase name="test_it_can_be_diagnosed with data set #12" file="/path/to/project/tests/AutoGenerated/Finder/ResourceFinder06Test.php" line="35" class="Infection\BenchmarkSource\Test\AutoGenerated\Finder\ResourceFinder06Test" classname="Infection.BenchmarkSource.Test.AutoGenerated.Finder.ResourceFinder06Test" assertions="1" time="0.001040"/>
          <testcase name="test_it_can_be_diagnosed with data set #13" file="/path/to/project/tests/AutoGenerated/Finder/ResourceFinder06Test.php" line="35" class="Infection\BenchmarkSource\Test\AutoGenerated\Finder\ResourceFinder06Test" classname="Infection.BenchmarkSource.Test.AutoGenerated.Finder.ResourceFinder06Test" assertions="1" time="0.001048"/>
          <testcase name="test_it_can_be_diagnosed with data set #14" file="/path/to/project/tests/AutoGenerated/Finder/ResourceFinder06Test.php" line="35" class="Infection\BenchmarkSource\Test\AutoGenerated\Finder\ResourceFinder06Test" classname="Infection.BenchmarkSource.Test.AutoGenerated.Finder.ResourceFinder06Test" assertions="1" time="0.001038"/>
          <testcase name="test_it_can_be_diagnosed with data set #15" file="/path/to/project/tests/AutoGenerated/Finder/ResourceFinder06Test.php" line="35" class="Infection\BenchmarkSource\Test\AutoGenerated\Finder\ResourceFinder06Test" classname="Infection.BenchmarkSource.Test.AutoGenerated.Finder.ResourceFinder06Test" assertions="1" time="0.001027"/>
          <testcase name="test_it_can_be_diagnosed with data set #16" file="/path/to/project/tests/AutoGenerated/Finder/ResourceFinder06Test.php" line="35" class="Infection\BenchmarkSource\Test\AutoGenerated\Finder\ResourceFinder06Test" classname="Infection.BenchmarkSource.Test.AutoGenerated.Finder.ResourceFinder06Test" assertions="1" time="0.001014"/>
          <testcase name="test_it_can_be_diagnosed with data set #17" file="/path/to/project/tests/AutoGenerated/Finder/ResourceFinder06Test.php" line="35" class="Infection\BenchmarkSource\Test\AutoGenerated\Finder\ResourceFinder06Test" classname="Infection.BenchmarkSource.Test.AutoGenerated.Finder.ResourceFinder06Test" assertions="1" time="0.001025"/>
          <testcase name="test_it_can_be_diagnosed with data set #18" file="/path/to/project/tests/AutoGenerated/Finder/ResourceFinder06Test.php" line="35" class="Infection\BenchmarkSource\Test\AutoGenerated\Finder\ResourceFinder06Test" classname="Infection.BenchmarkSource.Test.AutoGenerated.Finder.ResourceFinder06Test" assertions="1" time="0.001022"/>
          <testcase name="test_it_can_be_diagnosed with data set #19" file="/path/to/project/tests/AutoGenerated/Finder/ResourceFinder06Test.php" line="35" class="Infection\BenchmarkSource\Test\AutoGenerated\Finder\ResourceFinder06Test" classname="Infection.BenchmarkSource.Test.AutoGenerated.Finder.ResourceFinder06Test" assertions="1" time="0.001026"/>
          <testcase name="test_it_can_be_diagnosed with data set #20" file="/path/to/project/tests/AutoGenerated/Finder/ResourceFinder06Test.php" line="35" class="Infection\BenchmarkSource\Test\AutoGenerated\Finder\ResourceFinder06Test" classname="Infection.BenchmarkSource.Test.AutoGenerated.Finder.ResourceFinder06Test" assertions="1" time="0.001025"/>
          <testcase name="test_it_can_be_diagnosed with data set #21" file="/path/to/project/tests/AutoGenerated/Finder/ResourceFinder06Test.php" line="35" class="Infection\BenchmarkSource\Test\AutoGenerated\Finder\ResourceFinder06Test" classname="Infection.BenchmarkSource.Test.AutoGenerated.Finder.ResourceFinder06Test" assertions="1" time="0.001028"/>
          <testcase name="test_it_can_be_diagnosed with data set #22" file="/path/to/project/tests/AutoGenerated/Finder/ResourceFinder06Test.php" line="35" class="Infection\BenchmarkSource\Test\AutoGenerated\Finder\ResourceFinder06Test" classname="Infection.BenchmarkSource.Test.AutoGenerated.Finder.ResourceFinder06Test" assertions="1" time="0.001032"/>
          <testcase name="test_it_can_be_diagnosed with data set #23" file="/path/to/project/tests/AutoGenerated/Finder/ResourceFinder06Test.php" line="35" class="Infection\BenchmarkSource\Test\AutoGenerated\Finder\ResourceFinder06Test" classname="Infection.BenchmarkSource.Test.AutoGenerated.Finder.ResourceFinder06Test" assertions="1" time="0.001041"/>
          <testcase name="test_it_can_be_diagnosed with data set #24" file="/path/to/project/tests/AutoGenerated/Finder/ResourceFinder06Test.php" line="35" class="Infection\BenchmarkSource\Test\AutoGenerated\Finder\ResourceFinder06Test" classname="Infection.BenchmarkSource.Test.AutoGenerated.Finder.ResourceFinder06Test" assertions="1" time="0.001032"/>
          <testcase name="test_it_can_be_diagnosed with data set #25" file="/path/to/project/tests/AutoGenerated/Finder/ResourceFinder06Test.php" line="35" class="Infection\BenchmarkSource\Test\AutoGenerated\Finder\ResourceFinder06Test" classname="Infection.BenchmarkSource.Test.AutoGenerated.Finder.ResourceFinder06Test" assertions="1" time="0.001032"/>
          <testcase name="test_it_can_be_diagnosed with data set #26" file="/path/to/project/tests/AutoGenerated/Finder/ResourceFinder06Test.php" line="35" class="Infection\BenchmarkSource\Test\AutoGenerated\Finder\ResourceFinder06Test" classname="Infection.BenchmarkSource.Test.AutoGenerated.Finder.ResourceFinder06Test" assertions="1" time="0.001031"/>
          <testcase name="test_it_can_be_diagnosed with data set #27" file="/path/to/project/tests/AutoGenerated/Finder/ResourceFinder06Test.php" line="35" class="Infection\BenchmarkSource\Test\AutoGenerated\Finder\ResourceFinder06Test" classname="Infection.BenchmarkSource.Test.AutoGenerated.Finder.ResourceFinder06Test" assertions="1" time="0.001041"/>
          <testcase name="test_it_can_be_diagnosed with data set #28" file="/path/to/project/tests/AutoGenerated/Finder/ResourceFinder06Test.php" line="35" class="Infection\BenchmarkSource\Test\AutoGenerated\Finder\ResourceFinder06Test" classname="Infection.BenchmarkSource.Test.AutoGenerated.Finder.ResourceFinder06Test" assertions="1" time="0.001002"/>
          <testcase name="test_it_can_be_diagnosed with data set #29" file="/path/to/project/tests/AutoGenerated/Finder/ResourceFinder06Test.php" line="35" class="Infection\BenchmarkSource\Test\AutoGenerated\Finder\ResourceFinder06Test" classname="Infection.BenchmarkSource.Test.AutoGenerated.Finder.ResourceFinder06Test" assertions="1" time="0.001027"/>
          <testcase name="test_it_can_be_diagnosed with data set #30" file="/path/to/project/tests/AutoGenerated/Finder/ResourceFinder06Test.php" line="35" class="Infection\BenchmarkSource\Test\AutoGenerated\Finder\ResourceFinder06Test" classname="Infection.BenchmarkSource.Test.AutoGenerated.Finder.ResourceFinder06Test" assertions="1" time="0.001018"/>
          <testcase name="test_it_can_be_diagnosed with data set #31" file="/path/to/project/tests/AutoGenerated/Finder/ResourceFinder06Test.php" line="35" class="Infection\BenchmarkSource\Test\AutoGenerated\Finder\ResourceFinder06Test" classname="Infection.BenchmarkSource.Test.AutoGenerated.Finder.ResourceFinder06Test" assertions="1" time="0.001036"/>
          <testcase name="test_it_can_be_diagnosed with data set #32" file="/path/to/project/tests/AutoGenerated/Finder/ResourceFinder06Test.php" line="35" class="Infection\BenchmarkSource\Test\AutoGenerated\Finder\ResourceFinder06Test" classname="Infection.BenchmarkSource.Test.AutoGenerated.Finder.ResourceFinder06Test" assertions="1" time="0.001020"/>
          <testcase name="test_it_can_be_diagnosed with data set #33" file="/path/to/project/tests/AutoGenerated/Finder/ResourceFinder06Test.php" line="35" class="Infection\BenchmarkSource\Test\AutoGenerated\Finder\ResourceFinder06Test" classname="Infection.BenchmarkSource.Test.AutoGenerated.Finder.ResourceFinder06Test" assertions="1" time="0.001067"/>
          <testcase name="test_it_can_be_diagnosed with data set #34" file="/path/to/project/tests/AutoGenerated/Finder/ResourceFinder06Test.php" line="35" class="Infection\BenchmarkSource\Test\AutoGenerated\Finder\ResourceFinder06Test" classname="Infection.BenchmarkSource.Test.AutoGenerated.Finder.ResourceFinder06Test" assertions="1" time="0.001057"/>
          <testcase name="test_it_can_be_diagnosed with data set #35" file="/path/to/project/tests/AutoGenerated/Finder/ResourceFinder06Test.php" line="35" class="Infection\BenchmarkSource\Test\AutoGenerated\Finder\ResourceFinder06Test" classname="Infection.BenchmarkSource.Test.AutoGenerated.Finder.ResourceFinder06Test" assertions="1" time="0.001069"/>
          <testcase name="test_it_can_be_diagnosed with data set #36" file="/path/to/project/tests/AutoGenerated/Finder/ResourceFinder06Test.php" line="35" class="Infection\BenchmarkSource\Test\AutoGenerated\Finder\ResourceFinder06Test" classname="Infection.BenchmarkSource.Test.AutoGenerated.Finder.ResourceFinder06Test" assertions="1" time="0.001067"/>
          <testcase name="test_it_can_be_diagnosed with data set #37" file="/path/to/project/tests/AutoGenerated/Finder/ResourceFinder06Test.php" line="35" class="Infection\BenchmarkSource\Test\AutoGenerated\Finder\ResourceFinder06Test" classname="Infection.BenchmarkSource.Test.AutoGenerated.Finder.ResourceFinder06Test" assertions="1" time="0.001070"/>
          <testcase name="test_it_can_be_diagnosed with data set #38" file="/path/to/project/tests/AutoGenerated/Finder/ResourceFinder06Test.php" line="35" class="Infection\BenchmarkSource\Test\AutoGenerated\Finder\ResourceFinder06Test" classname="Infection.BenchmarkSource.Test.AutoGenerated.Finder.ResourceFinder06Test" assertions="1" time="0.001076"/>
          <testcase name="test_it_can_be_diagnosed with data set #39" file="/path/to/project/tests/AutoGenerated/Finder/ResourceFinder06Test.php" line="35" class="Infection\BenchmarkSource\Test\AutoGenerated\Finder\ResourceFinder06Test" classname="Infection.BenchmarkSource.Test.AutoGenerated.Finder.ResourceFinder06Test" assertions="1" time="0.001042"/>
          <testcase name="test_it_can_be_diagnosed with data set #40" file="/path/to/project/tests/AutoGenerated/Finder/ResourceFinder06Test.php" line="35" class="Infection\BenchmarkSource\Test\AutoGenerated\Finder\ResourceFinder06Test" classname="Infection.BenchmarkSource.Test.AutoGenerated.Finder.ResourceFinder06Test" assertions="1" time="0.001031"/>
          <testcase name="test_it_can_be_diagnosed with data set #41" file="/path/to/project/tests/AutoGenerated/Finder/ResourceFinder06Test.php" line="35" class="Infection\BenchmarkSource\Test\AutoGenerated\Finder\ResourceFinder06Test" classname="Infection.BenchmarkSource.Test.AutoGenerated.Finder.ResourceFinder06Test" assertions="1" time="0.001052"/>
          <testcase name="test_it_can_be_diagnosed with data set #42" file="/path/to/project/tests/AutoGenerated/Finder/ResourceFinder06Test.php" line="35" class="Infection\BenchmarkSource\Test\AutoGenerated\Finder\ResourceFinder06Test" classname="Infection.BenchmarkSource.Test.AutoGenerated.Finder.ResourceFinder06Test" assertions="1" time="0.001050"/>
          <testcase name="test_it_can_be_diagnosed with data set #43" file="/path/to/project/tests/AutoGenerated/Finder/ResourceFinder06Test.php" line="35" class="Infection\BenchmarkSource\Test\AutoGenerated\Finder\ResourceFinder06Test" classname="Infection.BenchmarkSource.Test.AutoGenerated.Finder.ResourceFinder06Test" assertions="1" time="0.001035"/>
          <testcase name="test_it_can_be_diagnosed with data set #44" file="/path/to/project/tests/AutoGenerated/Finder/ResourceFinder06Test.php" line="35" class="Infection\BenchmarkSource\Test\AutoGenerated\Finder\ResourceFinder06Test" classname="Infection.BenchmarkSource.Test.AutoGenerated.Finder.ResourceFinder06Test" assertions="1" time="0.001023"/>
          <testcase name="test_it_can_be_diagnosed with data set #45" file="/path/to/project/tests/AutoGenerated/Finder/ResourceFinder06Test.php" line="35" class="Infection\BenchmarkSource\Test\AutoGenerated\Finder\ResourceFinder06Test" classname="Infection.BenchmarkSource.Test.AutoGenerated.Finder.ResourceFinder06Test" assertions="1" time="0.001023"/>
          <testcase name="test_it_can_be_diagnosed with data set #46" file="/path/to/project/tests/AutoGenerated/Finder/ResourceFinder06Test.php" line="35" class="Infection\BenchmarkSource\Test\AutoGenerated\Finder\ResourceFinder06Test" classname="Infection.BenchmarkSource.Test.AutoGenerated.Finder.ResourceFinder06Test" assertions="1" time="0.001024"/>
          <testcase name="test_it_can_be_diagnosed with data set #47" file="/path/to/project/tests/AutoGenerated/Finder/ResourceFinder06Test.php" line="35" class="Infection\BenchmarkSource\Test\AutoGenerated\Finder\ResourceFinder06Test" classname="Infection.BenchmarkSource.Test.AutoGenerated.Finder.ResourceFinder06Test" assertions="1" time="0.001033"/>
          <testcase name="test_it_can_be_diagnosed with data set #48" file="/path/to/project/tests/AutoGenerated/Finder/ResourceFinder06Test.php" line="35" class="Infection\BenchmarkSource\Test\AutoGenerated\Finder\ResourceFinder06Test" classname="Infection.BenchmarkSource.Test.AutoGenerated.Finder.ResourceFinder06Test" assertions="1" time="0.001045"/>
        </testsuite>
        <testsuite name="Infection\BenchmarkSource\Test\AutoGenerated\Finder\ResourceFinder06Test::test_it_can_be_casted_into_a_string" tests="49" assertions="49" errors="0" failures="0" skipped="0" time="0.049896">
          <testcase name="test_it_can_be_casted_into_a_string with data set #0" file="/path/to/project/tests/AutoGenerated/Finder/ResourceFinder06Test.php" line="61" class="Infection\BenchmarkSource\Test\AutoGenerated\Finder\ResourceFinder06Test" classname="Infection.BenchmarkSource.Test.AutoGenerated.Finder.ResourceFinder06Test" assertions="1" time="0.001033"/>
          <testcase name="test_it_can_be_casted_into_a_string with data set #1" file="/path/to/project/tests/AutoGenerated/Finder/ResourceFinder06Test.php" line="61" class="Infection\BenchmarkSource\Test\AutoGenerated\Finder\ResourceFinder06Test" classname="Infection.BenchmarkSource.Test.AutoGenerated.Finder.ResourceFinder06Test" assertions="1" time="0.001049"/>
          <testcase name="test_it_can_be_casted_into_a_string with data set #2" file="/path/to/project/tests/AutoGenerated/Finder/ResourceFinder06Test.php" line="61" class="Infection\BenchmarkSource\Test\AutoGenerated\Finder\ResourceFinder06Test" classname="Infection.BenchmarkSource.Test.AutoGenerated.Finder.ResourceFinder06Test" assertions="1" time="0.001038"/>
          <testcase name="test_it_can_be_casted_into_a_string with data set #3" file="/path/to/project/tests/AutoGenerated/Finder/ResourceFinder06Test.php" line="61" class="Infection\BenchmarkSource\Test\AutoGenerated\Finder\ResourceFinder06Test" classname="Infection.BenchmarkSource.Test.AutoGenerated.Finder.ResourceFinder06Test" assertions="1" time="0.001056"/>
          <testcase name="test_it_can_be_casted_into_a_string with data set #4" file="/path/to/project/tests/AutoGenerated/Finder/ResourceFinder06Test.php" line="61" class="Infection\BenchmarkSource\Test\AutoGenerated\Finder\ResourceFinder06Test" classname="Infection.BenchmarkSource.Test.AutoGenerated.Finder.ResourceFinder06Test" assertions="1" time="0.001043"/>
          <testcase name="test_it_can_be_casted_into_a_string with data set #5" file="/path/to/project/tests/AutoGenerated/Finder/ResourceFinder06Test.php" line="61" class="Infection\BenchmarkSource\Test\AutoGenerated\Finder\ResourceFinder06Test" classname="Infection.BenchmarkSource.Test.AutoGenerated.Finder.ResourceFinder06Test" assertions="1" time="0.001040"/>
          <testcase name="test_it_can_be_casted_into_a_string with data set #6" file="/path/to/project/tests/AutoGenerated/Finder/ResourceFinder06Test.php" line="61" class="Infection\BenchmarkSource\Test\AutoGenerated\Finder\ResourceFinder06Test" classname="Infection.BenchmarkSource.Test.AutoGenerated.Finder.ResourceFinder06Test" assertions="1" time="0.001046"/>
          <testcase name="test_it_can_be_casted_into_a_string with data set #7" file="/path/to/project/tests/AutoGenerated/Finder/ResourceFinder06Test.php" line="61" class="Infection\BenchmarkSource\Test\AutoGenerated\Finder\ResourceFinder06Test" classname="Infection.BenchmarkSource.Test.AutoGenerated.Finder.ResourceFinder06Test" assertions="1" time="0.001040"/>
          <testcase name="test_it_can_be_casted_into_a_string with data set #8" file="/path/to/project/tests/AutoGenerated/Finder/ResourceFinder06Test.php" line="61" class="Infection\BenchmarkSource\Test\AutoGenerated\Finder\ResourceFinder06Test" classname="Infection.BenchmarkSource.Test.AutoGenerated.Finder.ResourceFinder06Test" assertions="1" time="0.001020"/>
          <testcase name="test_it_can_be_casted_into_a_string with data set #9" file="/path/to/project/tests/AutoGenerated/Finder/ResourceFinder06Test.php" line="61" class="Infection\BenchmarkSource\Test\AutoGenerated\Finder\ResourceFinder06Test" classname="Infection.BenchmarkSource.Test.AutoGenerated.Finder.ResourceFinder06Test" assertions="1" time="0.001007"/>
          <testcase name="test_it_can_be_casted_into_a_string with data set #10" file="/path/to/project/tests/AutoGenerated/Finder/ResourceFinder06Test.php" line="61" class="Infection\BenchmarkSource\Test\AutoGenerated\Finder\ResourceFinder06Test" classname="Infection.BenchmarkSource.Test.AutoGenerated.Finder.ResourceFinder06Test" assertions="1" time="0.000991"/>
          <testcase name="test_it_can_be_casted_into_a_string with data set #11" file="/path/to/project/tests/AutoGenerated/Finder/ResourceFinder06Test.php" line="61" class="Infection\BenchmarkSource\Test\AutoGenerated\Finder\ResourceFinder06Test" classname="Infection.BenchmarkSource.Test.AutoGenerated.Finder.ResourceFinder06Test" assertions="1" time="0.001006"/>
          <testcase name="test_it_can_be_casted_into_a_string with data set #12" file="/path/to/project/tests/AutoGenerated/Finder/ResourceFinder06Test.php" line="61" class="Infection\BenchmarkSource\Test\AutoGenerated\Finder\ResourceFinder06Test" classname="Infection.BenchmarkSource.Test.AutoGenerated.Finder.ResourceFinder06Test" assertions="1" time="0.001013"/>
          <testcase name="test_it_can_be_casted_into_a_string with data set #13" file="/path/to/project/tests/AutoGenerated/Finder/ResourceFinder06Test.php" line="61" class="Infection\BenchmarkSource\Test\AutoGenerated\Finder\ResourceFinder06Test" classname="Infection.BenchmarkSource.Test.AutoGenerated.Finder.ResourceFinder06Test" assertions="1" time="0.001061"/>
          <testcase name="test_it_can_be_casted_into_a_string with data set #14" file="/path/to/project/tests/AutoGenerated/Finder/ResourceFinder06Test.php" line="61" class="Infection\BenchmarkSource\Test\AutoGenerated\Finder\ResourceFinder06Test" classname="Infection.BenchmarkSource.Test.AutoGenerated.Finder.ResourceFinder06Test" assertions="1" time="0.001004"/>
          <testcase name="test_it_can_be_casted_into_a_string with data set #15" file="/path/to/project/tests/AutoGenerated/Finder/ResourceFinder06Test.php" line="61" class="Infection\BenchmarkSource\Test\AutoGenerated\Finder\ResourceFinder06Test" classname="Infection.BenchmarkSource.Test.AutoGenerated.Finder.ResourceFinder06Test" assertions="1" time="0.001020"/>
          <testcase name="test_it_can_be_casted_into_a_string with data set #16" file="/path/to/project/tests/AutoGenerated/Finder/ResourceFinder06Test.php" line="61" class="Infection\BenchmarkSource\Test\AutoGenerated\Finder\ResourceFinder06Test" classname="Infection.BenchmarkSource.Test.AutoGenerated.Finder.ResourceFinder06Test" assertions="1" time="0.001004"/>
          <testcase name="test_it_can_be_casted_into_a_string with data set #17" file="/path/to/project/tests/AutoGenerated/Finder/ResourceFinder06Test.php" line="61" class="Infection\BenchmarkSource\Test\AutoGenerated\Finder\ResourceFinder06Test" classname="Infection.BenchmarkSource.Test.AutoGenerated.Finder.ResourceFinder06Test" assertions="1" time="0.001010"/>
          <testcase name="test_it_can_be_casted_into_a_string with data set #18" file="/path/to/project/tests/AutoGenerated/Finder/ResourceFinder06Test.php" line="61" class="Infection\BenchmarkSource\Test\AutoGenerated\Finder\ResourceFinder06Test" classname="Infection.BenchmarkSource.Test.AutoGenerated.Finder.ResourceFinder06Test" assertions="1" time="0.001022"/>
          <testcase name="test_it_can_be_casted_into_a_string with data set #19" file="/path/to/project/tests/AutoGenerated/Finder/ResourceFinder06Test.php" line="61" class="Infection\BenchmarkSource\Test\AutoGenerated\Finder\ResourceFinder06Test" classname="Infection.BenchmarkSource.Test.AutoGenerated.Finder.ResourceFinder06Test" assertions="1" time="0.001033"/>
          <testcase name="test_it_can_be_casted_into_a_string with data set #20" file="/path/to/project/tests/AutoGenerated/Finder/ResourceFinder06Test.php" line="61" class="Infection\BenchmarkSource\Test\AutoGenerated\Finder\ResourceFinder06Test" classname="Infection.BenchmarkSource.Test.AutoGenerated.Finder.ResourceFinder06Test" assertions="1" time="0.000996"/>
          <testcase name="test_it_can_be_casted_into_a_string with data set #21" file="/path/to/project/tests/AutoGenerated/Finder/ResourceFinder06Test.php" line="61" class="Infection\BenchmarkSource\Test\AutoGenerated\Finder\ResourceFinder06Test" classname="Infection.BenchmarkSource.Test.AutoGenerated.Finder.ResourceFinder06Test" assertions="1" time="0.001011"/>
          <testcase name="test_it_can_be_casted_into_a_string with data set #22" file="/path/to/project/tests/AutoGenerated/Finder/ResourceFinder06Test.php" line="61" class="Infection\BenchmarkSource\Test\AutoGenerated\Finder\ResourceFinder06Test" classname="Infection.BenchmarkSource.Test.AutoGenerated.Finder.ResourceFinder06Test" assertions="1" time="0.001016"/>
          <testcase name="test_it_can_be_casted_into_a_string with data set #23" file="/path/to/project/tests/AutoGenerated/Finder/ResourceFinder06Test.php" line="61" class="Infection\BenchmarkSource\Test\AutoGenerated\Finder\ResourceFinder06Test" classname="Infection.BenchmarkSource.Test.AutoGenerated.Finder.ResourceFinder06Test" assertions="1" time="0.001020"/>
          <testcase name="test_it_can_be_casted_into_a_string with data set #24" file="/path/to/project/tests/AutoGenerated/Finder/ResourceFinder06Test.php" line="61" class="Infection\BenchmarkSource\Test\AutoGenerated\Finder\ResourceFinder06Test" classname="Infection.BenchmarkSource.Test.AutoGenerated.Finder.ResourceFinder06Test" assertions="1" time="0.001010"/>
          <testcase name="test_it_can_be_casted_into_a_string with data set #25" file="/path/to/project/tests/AutoGenerated/Finder/ResourceFinder06Test.php" line="61" class="Infection\BenchmarkSource\Test\AutoGenerated\Finder\ResourceFinder06Test" classname="Infection.BenchmarkSource.Test.AutoGenerated.Finder.ResourceFinder06Test" assertions="1" time="0.001011"/>
          <testcase name="test_it_can_be_casted_into_a_string with data set #26" file="/path/to/project/tests/AutoGenerated/Finder/ResourceFinder06Test.php" line="61" class="Infection\BenchmarkSource\Test\AutoGenerated\Finder\ResourceFinder06Test" classname="Infection.BenchmarkSource.Test.AutoGenerated.Finder.ResourceFinder06Test" assertions="1" time="0.001002"/>
          <testcase name="test_it_can_be_casted_into_a_string with data set #27" file="/path/to/project/tests/AutoGenerated/Finder/ResourceFinder06Test.php" line="61" class="Infection\BenchmarkSource\Test\AutoGenerated\Finder\ResourceFinder06Test" classname="Infection.BenchmarkSource.Test.AutoGenerated.Finder.ResourceFinder06Test" assertions="1" time="0.001012"/>
          <testcase name="test_it_can_be_casted_into_a_string with data set #28" file="/path/to/project/tests/AutoGenerated/Finder/ResourceFinder06Test.php" line="61" class="Infection\BenchmarkSource\Test\AutoGenerated\Finder\ResourceFinder06Test" classname="Infection.BenchmarkSource.Test.AutoGenerated.Finder.ResourceFinder06Test" assertions="1" time="0.001005"/>
          <testcase name="test_it_can_be_casted_into_a_string with data set #29" file="/path/to/project/tests/AutoGenerated/Finder/ResourceFinder06Test.php" line="61" class="Infection\BenchmarkSource\Test\AutoGenerated\Finder\ResourceFinder06Test" classname="Infection.BenchmarkSource.Test.AutoGenerated.Finder.ResourceFinder06Test" assertions="1" time="0.001005"/>
          <testcase name="test_it_can_be_casted_into_a_string with data set #30" file="/path/to/project/tests/AutoGenerated/Finder/ResourceFinder06Test.php" line="61" class="Infection\BenchmarkSource\Test\AutoGenerated\Finder\ResourceFinder06Test" classname="Infection.BenchmarkSource.Test.AutoGenerated.Finder.ResourceFinder06Test" assertions="1" time="0.001013"/>
          <testcase name="test_it_can_be_casted_into_a_string with data set #31" file="/path/to/project/tests/AutoGenerated/Finder/ResourceFinder06Test.php" line="61" class="Infection\BenchmarkSource\Test\AutoGenerated\Finder\ResourceFinder06Test" classname="Infection.BenchmarkSource.Test.AutoGenerated.Finder.ResourceFinder06Test" assertions="1" time="0.001001"/>
          <testcase name="test_it_can_be_casted_into_a_string with data set #32" file="/path/to/project/tests/AutoGenerated/Finder/ResourceFinder06Test.php" line="61" class="Infection\BenchmarkSource\Test\AutoGenerated\Finder\ResourceFinder06Test" classname="Infection.BenchmarkSource.Test.AutoGenerated.Finder.ResourceFinder06Test" assertions="1" time="0.001009"/>
          <testcase name="test_it_can_be_casted_into_a_string with data set #33" file="/path/to/project/tests/AutoGenerated/Finder/ResourceFinder06Test.php" line="61" class="Infection\BenchmarkSource\Test\AutoGenerated\Finder\ResourceFinder06Test" classname="Infection.BenchmarkSource.Test.AutoGenerated.Finder.ResourceFinder06Test" assertions="1" time="0.001031"/>
          <testcase name="test_it_can_be_casted_into_a_string with data set #34" file="/path/to/project/tests/AutoGenerated/Finder/ResourceFinder06Test.php" line="61" class="Infection\BenchmarkSource\Test\AutoGenerated\Finder\ResourceFinder06Test" classname="Infection.BenchmarkSource.Test.AutoGenerated.Finder.ResourceFinder06Test" assertions="1" time="0.001025"/>
          <testcase name="test_it_can_be_casted_into_a_string with data set #35" file="/path/to/project/tests/AutoGenerated/Finder/ResourceFinder06Test.php" line="61" class="Infection\BenchmarkSource\Test\AutoGenerated\Finder\ResourceFinder06Test" classname="Infection.BenchmarkSource.Test.AutoGenerated.Finder.ResourceFinder06Test" assertions="1" time="0.001010"/>
          <testcase name="test_it_can_be_casted_into_a_string with data set #36" file="/path/to/project/tests/AutoGenerated/Finder/ResourceFinder06Test.php" line="61" class="Infection\BenchmarkSource\Test\AutoGenerated\Finder\ResourceFinder06Test" classname="Infection.BenchmarkSource.Test.AutoGenerated.Finder.ResourceFinder06Test" assertions="1" time="0.001002"/>
          <testcase name="test_it_can_be_casted_into_a_string with data set #37" file="/path/to/project/tests/AutoGenerated/Finder/ResourceFinder06Test.php" line="61" class="Infection\BenchmarkSource\Test\AutoGenerated\Finder\ResourceFinder06Test" classname="Infection.BenchmarkSource.Test.AutoGenerated.Finder.ResourceFinder06Test" assertions="1" time="0.001008"/>
          <testcase name="test_it_can_be_casted_into_a_string with data set #38" file="/path/to/project/tests/AutoGenerated/Finder/ResourceFinder06Test.php" line="61" class="Infection\BenchmarkSource\Test\AutoGenerated\Finder\ResourceFinder06Test" classname="Infection.BenchmarkSource.Test.AutoGenerated.Finder.ResourceFinder06Test" assertions="1" time="0.001003"/>
          <testcase name="test_it_can_be_casted_into_a_string with data set #39" file="/path/to/project/tests/AutoGenerated/Finder/ResourceFinder06Test.php" line="61" class="Infection\BenchmarkSource\Test\AutoGenerated\Finder\ResourceFinder06Test" classname="Infection.BenchmarkSource.Test.AutoGenerated.Finder.ResourceFinder06Test" assertions="1" time="0.001019"/>
          <testcase name="test_it_can_be_casted_into_a_string with data set #40" file="/path/to/project/tests/AutoGenerated/Finder/ResourceFinder06Test.php" line="61" class="Infection\BenchmarkSource\Test\AutoGenerated\Finder\ResourceFinder06Test" classname="Infection.BenchmarkSource.Test.AutoGenerated.Finder.ResourceFinder06Test" assertions="1" time="0.000996"/>
          <testcase name="test_it_can_be_casted_into_a_string with data set #41" file="/path/to/project/tests/AutoGenerated/Finder/ResourceFinder06Test.php" line="61" class="Infection\BenchmarkSource\Test\AutoGenerated\Finder\ResourceFinder06Test" classname="Infection.BenchmarkSource.Test.AutoGenerated.Finder.ResourceFinder06Test" assertions="1" time="0.000999"/>
          <testcase name="test_it_can_be_casted_into_a_string with data set #42" file="/path/to/project/tests/AutoGenerated/Finder/ResourceFinder06Test.php" line="61" class="Infection\BenchmarkSource\Test\AutoGenerated\Finder\ResourceFinder06Test" classname="Infection.BenchmarkSource.Test.AutoGenerated.Finder.ResourceFinder06Test" assertions="1" time="0.001006"/>
          <testcase name="test_it_can_be_casted_into_a_string with data set #43" file="/path/to/project/tests/AutoGenerated/Finder/ResourceFinder06Test.php" line="61" class="Infection\BenchmarkSource\Test\AutoGenerated\Finder\ResourceFinder06Test" classname="Infection.BenchmarkSource.Test.AutoGenerated.Finder.ResourceFinder06Test" assertions="1" time="0.001035"/>
          <testcase name="test_it_can_be_casted_into_a_string with data set #44" file="/path/to/project/tests/AutoGenerated/Finder/ResourceFinder06Test.php" line="61" class="Infection\BenchmarkSource\Test\AutoGenerated\Finder\ResourceFinder06Test" classname="Infection.BenchmarkSource.Test.AutoGenerated.Finder.ResourceFinder06Test" assertions="1" time="0.001020"/>
          <testcase name="test_it_can_be_casted_into_a_string with data set #45" file="/path/to/project/tests/AutoGenerated/Finder/ResourceFinder06Test.php" line="61" class="Infection\BenchmarkSource\Test\AutoGenerated\Finder\ResourceFinder06Test" classname="Infection.BenchmarkSource.Test.AutoGenerated.Finder.ResourceFinder06Test" assertions="1" time="0.001016"/>
          <testcase name="test_it_can_be_casted_into_a_string with data set #46" file="/path/to/project/tests/AutoGenerated/Finder/ResourceFinder06Test.php" line="61" class="Infection\BenchmarkSource\Test\AutoGenerated\Finder\ResourceFinder06Test" classname="Infection.BenchmarkSource.Test.AutoGenerated.Finder.ResourceFinder06Test" assertions="1" time="0.001015"/>
          <testcase name="test_it_can_be_casted_into_a_string with data set #47" file="/path/to/project/tests/AutoGenerated/Finder/ResourceFinder06Test.php" line="61" class="Infection\BenchmarkSource\Test\AutoGenerated\Finder\ResourceFinder06Test" classname="Infection.BenchmarkSource.Test.AutoGenerated.Finder.ResourceFinder06Test" assertions="1" time="0.001031"/>
          <testcase name="test_it_can_be_casted_into_a_string with data set #48" file="/path/to/project/tests/AutoGenerated/Finder/ResourceFinder06Test.php" line="61" class="Infection\BenchmarkSource\Test\AutoGenerated\Finder\ResourceFinder06Test" classname="Infection.BenchmarkSource.Test.AutoGenerated.Finder.ResourceFinder06Test" assertions="1" time="0.001032"/>
        </testsuite>
      </testsuite>
      <testsuite name="Infection\BenchmarkSource\Test\AutoGenerated\Finder\ResourceFinder07Test" file="/path/to/project/tests/AutoGenerated/Finder/ResourceFinder07Test.php" tests="100" assertions="100" errors="0" failures="0" skipped="0" time="0.097321">
        <testcase name="test_can_be_instantiated" file="/path/to/project/tests/AutoGenerated/Finder/ResourceFinder07Test.php" line="17" class="Infection\BenchmarkSource\Test\AutoGenerated\Finder\ResourceFinder07Test" classname="Infection.BenchmarkSource.Test.AutoGenerated.Finder.ResourceFinder07Test" assertions="1" time="0.001097"/>
        <testcase name="test_it_is_a_resource_finder" file="/path/to/project/tests/AutoGenerated/Finder/ResourceFinder07Test.php" line="24" class="Infection\BenchmarkSource\Test\AutoGenerated\Finder\ResourceFinder07Test" classname="Infection.BenchmarkSource.Test.AutoGenerated.Finder.ResourceFinder07Test" assertions="1" time="0.000997"/>
        <testsuite name="Infection\BenchmarkSource\Test\AutoGenerated\Finder\ResourceFinder07Test::test_it_can_be_diagnosed" tests="49" assertions="49" errors="0" failures="0" skipped="0" time="0.047719">
          <testcase name="test_it_can_be_diagnosed with data set #0" file="/path/to/project/tests/AutoGenerated/Finder/ResourceFinder07Test.php" line="35" class="Infection\BenchmarkSource\Test\AutoGenerated\Finder\ResourceFinder07Test" classname="Infection.BenchmarkSource.Test.AutoGenerated.Finder.ResourceFinder07Test" assertions="1" time="0.000989"/>
          <testcase name="test_it_can_be_diagnosed with data set #1" file="/path/to/project/tests/AutoGenerated/Finder/ResourceFinder07Test.php" line="35" class="Infection\BenchmarkSource\Test\AutoGenerated\Finder\ResourceFinder07Test" classname="Infection.BenchmarkSource.Test.AutoGenerated.Finder.ResourceFinder07Test" assertions="1" time="0.000988"/>
          <testcase name="test_it_can_be_diagnosed with data set #2" file="/path/to/project/tests/AutoGenerated/Finder/ResourceFinder07Test.php" line="35" class="Infection\BenchmarkSource\Test\AutoGenerated\Finder\ResourceFinder07Test" classname="Infection.BenchmarkSource.Test.AutoGenerated.Finder.ResourceFinder07Test" assertions="1" time="0.000983"/>
          <testcase name="test_it_can_be_diagnosed with data set #3" file="/path/to/project/tests/AutoGenerated/Finder/ResourceFinder07Test.php" line="35" class="Infection\BenchmarkSource\Test\AutoGenerated\Finder\ResourceFinder07Test" classname="Infection.BenchmarkSource.Test.AutoGenerated.Finder.ResourceFinder07Test" assertions="1" time="0.000981"/>
          <testcase name="test_it_can_be_diagnosed with data set #4" file="/path/to/project/tests/AutoGenerated/Finder/ResourceFinder07Test.php" line="35" class="Infection\BenchmarkSource\Test\AutoGenerated\Finder\ResourceFinder07Test" classname="Infection.BenchmarkSource.Test.AutoGenerated.Finder.ResourceFinder07Test" assertions="1" time="0.000961"/>
          <testcase name="test_it_can_be_diagnosed with data set #5" file="/path/to/project/tests/AutoGenerated/Finder/ResourceFinder07Test.php" line="35" class="Infection\BenchmarkSource\Test\AutoGenerated\Finder\ResourceFinder07Test" classname="Infection.BenchmarkSource.Test.AutoGenerated.Finder.ResourceFinder07Test" assertions="1" time="0.000963"/>
          <testcase name="test_it_can_be_diagnosed with data set #6" file="/path/to/project/tests/AutoGenerated/Finder/ResourceFinder07Test.php" line="35" class="Infection\BenchmarkSource\Test\AutoGenerated\Finder\ResourceFinder07Test" classname="Infection.BenchmarkSource.Test.AutoGenerated.Finder.ResourceFinder07Test" assertions="1" time="0.000981"/>
          <testcase name="test_it_can_be_diagnosed with data set #7" file="/path/to/project/tests/AutoGenerated/Finder/ResourceFinder07Test.php" line="35" class="Infection\BenchmarkSource\Test\AutoGenerated\Finder\ResourceFinder07Test" classname="Infection.BenchmarkSource.Test.AutoGenerated.Finder.ResourceFinder07Test" assertions="1" time="0.000979"/>
          <testcase name="test_it_can_be_diagnosed with data set #8" file="/path/to/project/tests/AutoGenerated/Finder/ResourceFinder07Test.php" line="35" class="Infection\BenchmarkSource\Test\AutoGenerated\Finder\ResourceFinder07Test" classname="Infection.BenchmarkSource.Test.AutoGenerated.Finder.ResourceFinder07Test" assertions="1" time="0.000966"/>
          <testcase name="test_it_can_be_diagnosed with data set #9" file="/path/to/project/tests/AutoGenerated/Finder/ResourceFinder07Test.php" line="35" class="Infection\BenchmarkSource\Test\AutoGenerated\Finder\ResourceFinder07Test" classname="Infection.BenchmarkSource.Test.AutoGenerated.Finder.ResourceFinder07Test" assertions="1" time="0.000993"/>
          <testcase name="test_it_can_be_diagnosed with data set #10" file="/path/to/project/tests/AutoGenerated/Finder/ResourceFinder07Test.php" line="35" class="Infection\BenchmarkSource\Test\AutoGenerated\Finder\ResourceFinder07Test" classname="Infection.BenchmarkSource.Test.AutoGenerated.Finder.ResourceFinder07Test" assertions="1" time="0.000997"/>
          <testcase name="test_it_can_be_diagnosed with data set #11" file="/path/to/project/tests/AutoGenerated/Finder/ResourceFinder07Test.php" line="35" class="Infection\BenchmarkSource\Test\AutoGenerated\Finder\ResourceFinder07Test" classname="Infection.BenchmarkSource.Test.AutoGenerated.Finder.ResourceFinder07Test" assertions="1" time="0.000979"/>
          <testcase name="test_it_can_be_diagnosed with data set #12" file="/path/to/project/tests/AutoGenerated/Finder/ResourceFinder07Test.php" line="35" class="Infection\BenchmarkSource\Test\AutoGenerated\Finder\ResourceFinder07Test" classname="Infection.BenchmarkSource.Test.AutoGenerated.Finder.ResourceFinder07Test" assertions="1" time="0.000973"/>
          <testcase name="test_it_can_be_diagnosed with data set #13" file="/path/to/project/tests/AutoGenerated/Finder/ResourceFinder07Test.php" line="35" class="Infection\BenchmarkSource\Test\AutoGenerated\Finder\ResourceFinder07Test" classname="Infection.BenchmarkSource.Test.AutoGenerated.Finder.ResourceFinder07Test" assertions="1" time="0.000964"/>
          <testcase name="test_it_can_be_diagnosed with data set #14" file="/path/to/project/tests/AutoGenerated/Finder/ResourceFinder07Test.php" line="35" class="Infection\BenchmarkSource\Test\AutoGenerated\Finder\ResourceFinder07Test" classname="Infection.BenchmarkSource.Test.AutoGenerated.Finder.ResourceFinder07Test" assertions="1" time="0.000985"/>
          <testcase name="test_it_can_be_diagnosed with data set #15" file="/path/to/project/tests/AutoGenerated/Finder/ResourceFinder07Test.php" line="35" class="Infection\BenchmarkSource\Test\AutoGenerated\Finder\ResourceFinder07Test" classname="Infection.BenchmarkSource.Test.AutoGenerated.Finder.ResourceFinder07Test" assertions="1" time="0.000975"/>
          <testcase name="test_it_can_be_diagnosed with data set #16" file="/path/to/project/tests/AutoGenerated/Finder/ResourceFinder07Test.php" line="35" class="Infection\BenchmarkSource\Test\AutoGenerated\Finder\ResourceFinder07Test" classname="Infection.BenchmarkSource.Test.AutoGenerated.Finder.ResourceFinder07Test" assertions="1" time="0.000968"/>
          <testcase name="test_it_can_be_diagnosed with data set #17" file="/path/to/project/tests/AutoGenerated/Finder/ResourceFinder07Test.php" line="35" class="Infection\BenchmarkSource\Test\AutoGenerated\Finder\ResourceFinder07Test" classname="Infection.BenchmarkSource.Test.AutoGenerated.Finder.ResourceFinder07Test" assertions="1" time="0.000983"/>
          <testcase name="test_it_can_be_diagnosed with data set #18" file="/path/to/project/tests/AutoGenerated/Finder/ResourceFinder07Test.php" line="35" class="Infection\BenchmarkSource\Test\AutoGenerated\Finder\ResourceFinder07Test" classname="Infection.BenchmarkSource.Test.AutoGenerated.Finder.ResourceFinder07Test" assertions="1" time="0.000962"/>
          <testcase name="test_it_can_be_diagnosed with data set #19" file="/path/to/project/tests/AutoGenerated/Finder/ResourceFinder07Test.php" line="35" class="Infection\BenchmarkSource\Test\AutoGenerated\Finder\ResourceFinder07Test" classname="Infection.BenchmarkSource.Test.AutoGenerated.Finder.ResourceFinder07Test" assertions="1" time="0.000969"/>
          <testcase name="test_it_can_be_diagnosed with data set #20" file="/path/to/project/tests/AutoGenerated/Finder/ResourceFinder07Test.php" line="35" class="Infection\BenchmarkSource\Test\AutoGenerated\Finder\ResourceFinder07Test" classname="Infection.BenchmarkSource.Test.AutoGenerated.Finder.ResourceFinder07Test" assertions="1" time="0.000954"/>
          <testcase name="test_it_can_be_diagnosed with data set #21" file="/path/to/project/tests/AutoGenerated/Finder/ResourceFinder07Test.php" line="35" class="Infection\BenchmarkSource\Test\AutoGenerated\Finder\ResourceFinder07Test" classname="Infection.BenchmarkSource.Test.AutoGenerated.Finder.ResourceFinder07Test" assertions="1" time="0.000988"/>
          <testcase name="test_it_can_be_diagnosed with data set #22" file="/path/to/project/tests/AutoGenerated/Finder/ResourceFinder07Test.php" line="35" class="Infection\BenchmarkSource\Test\AutoGenerated\Finder\ResourceFinder07Test" classname="Infection.BenchmarkSource.Test.AutoGenerated.Finder.ResourceFinder07Test" assertions="1" time="0.000965"/>
          <testcase name="test_it_can_be_diagnosed with data set #23" file="/path/to/project/tests/AutoGenerated/Finder/ResourceFinder07Test.php" line="35" class="Infection\BenchmarkSource\Test\AutoGenerated\Finder\ResourceFinder07Test" classname="Infection.BenchmarkSource.Test.AutoGenerated.Finder.ResourceFinder07Test" assertions="1" time="0.000986"/>
          <testcase name="test_it_can_be_diagnosed with data set #24" file="/path/to/project/tests/AutoGenerated/Finder/ResourceFinder07Test.php" line="35" class="Infection\BenchmarkSource\Test\AutoGenerated\Finder\ResourceFinder07Test" classname="Infection.BenchmarkSource.Test.AutoGenerated.Finder.ResourceFinder07Test" assertions="1" time="0.000983"/>
          <testcase name="test_it_can_be_diagnosed with data set #25" file="/path/to/project/tests/AutoGenerated/Finder/ResourceFinder07Test.php" line="35" class="Infection\BenchmarkSource\Test\AutoGenerated\Finder\ResourceFinder07Test" classname="Infection.BenchmarkSource.Test.AutoGenerated.Finder.ResourceFinder07Test" assertions="1" time="0.000994"/>
          <testcase name="test_it_can_be_diagnosed with data set #26" file="/path/to/project/tests/AutoGenerated/Finder/ResourceFinder07Test.php" line="35" class="Infection\BenchmarkSource\Test\AutoGenerated\Finder\ResourceFinder07Test" classname="Infection.BenchmarkSource.Test.AutoGenerated.Finder.ResourceFinder07Test" assertions="1" time="0.000972"/>
          <testcase name="test_it_can_be_diagnosed with data set #27" file="/path/to/project/tests/AutoGenerated/Finder/ResourceFinder07Test.php" line="35" class="Infection\BenchmarkSource\Test\AutoGenerated\Finder\ResourceFinder07Test" classname="Infection.BenchmarkSource.Test.AutoGenerated.Finder.ResourceFinder07Test" assertions="1" time="0.000978"/>
          <testcase name="test_it_can_be_diagnosed with data set #28" file="/path/to/project/tests/AutoGenerated/Finder/ResourceFinder07Test.php" line="35" class="Infection\BenchmarkSource\Test\AutoGenerated\Finder\ResourceFinder07Test" classname="Infection.BenchmarkSource.Test.AutoGenerated.Finder.ResourceFinder07Test" assertions="1" time="0.000960"/>
          <testcase name="test_it_can_be_diagnosed with data set #29" file="/path/to/project/tests/AutoGenerated/Finder/ResourceFinder07Test.php" line="35" class="Infection\BenchmarkSource\Test\AutoGenerated\Finder\ResourceFinder07Test" classname="Infection.BenchmarkSource.Test.AutoGenerated.Finder.ResourceFinder07Test" assertions="1" time="0.000965"/>
          <testcase name="test_it_can_be_diagnosed with data set #30" file="/path/to/project/tests/AutoGenerated/Finder/ResourceFinder07Test.php" line="35" class="Infection\BenchmarkSource\Test\AutoGenerated\Finder\ResourceFinder07Test" classname="Infection.BenchmarkSource.Test.AutoGenerated.Finder.ResourceFinder07Test" assertions="1" time="0.000970"/>
          <testcase name="test_it_can_be_diagnosed with data set #31" file="/path/to/project/tests/AutoGenerated/Finder/ResourceFinder07Test.php" line="35" class="Infection\BenchmarkSource\Test\AutoGenerated\Finder\ResourceFinder07Test" classname="Infection.BenchmarkSource.Test.AutoGenerated.Finder.ResourceFinder07Test" assertions="1" time="0.000966"/>
          <testcase name="test_it_can_be_diagnosed with data set #32" file="/path/to/project/tests/AutoGenerated/Finder/ResourceFinder07Test.php" line="35" class="Infection\BenchmarkSource\Test\AutoGenerated\Finder\ResourceFinder07Test" classname="Infection.BenchmarkSource.Test.AutoGenerated.Finder.ResourceFinder07Test" assertions="1" time="0.000979"/>
          <testcase name="test_it_can_be_diagnosed with data set #33" file="/path/to/project/tests/AutoGenerated/Finder/ResourceFinder07Test.php" line="35" class="Infection\BenchmarkSource\Test\AutoGenerated\Finder\ResourceFinder07Test" classname="Infection.BenchmarkSource.Test.AutoGenerated.Finder.ResourceFinder07Test" assertions="1" time="0.000966"/>
          <testcase name="test_it_can_be_diagnosed with data set #34" file="/path/to/project/tests/AutoGenerated/Finder/ResourceFinder07Test.php" line="35" class="Infection\BenchmarkSource\Test\AutoGenerated\Finder\ResourceFinder07Test" classname="Infection.BenchmarkSource.Test.AutoGenerated.Finder.ResourceFinder07Test" assertions="1" time="0.000967"/>
          <testcase name="test_it_can_be_diagnosed with data set #35" file="/path/to/project/tests/AutoGenerated/Finder/ResourceFinder07Test.php" line="35" class="Infection\BenchmarkSource\Test\AutoGenerated\Finder\ResourceFinder07Test" classname="Infection.BenchmarkSource.Test.AutoGenerated.Finder.ResourceFinder07Test" assertions="1" time="0.000961"/>
          <testcase name="test_it_can_be_diagnosed with data set #36" file="/path/to/project/tests/AutoGenerated/Finder/ResourceFinder07Test.php" line="35" class="Infection\BenchmarkSource\Test\AutoGenerated\Finder\ResourceFinder07Test" classname="Infection.BenchmarkSource.Test.AutoGenerated.Finder.ResourceFinder07Test" assertions="1" time="0.000958"/>
          <testcase name="test_it_can_be_diagnosed with data set #37" file="/path/to/project/tests/AutoGenerated/Finder/ResourceFinder07Test.php" line="35" class="Infection\BenchmarkSource\Test\AutoGenerated\Finder\ResourceFinder07Test" classname="Infection.BenchmarkSource.Test.AutoGenerated.Finder.ResourceFinder07Test" assertions="1" time="0.000968"/>
          <testcase name="test_it_can_be_diagnosed with data set #38" file="/path/to/project/tests/AutoGenerated/Finder/ResourceFinder07Test.php" line="35" class="Infection\BenchmarkSource\Test\AutoGenerated\Finder\ResourceFinder07Test" classname="Infection.BenchmarkSource.Test.AutoGenerated.Finder.ResourceFinder07Test" assertions="1" time="0.000966"/>
          <testcase name="test_it_can_be_diagnosed with data set #39" file="/path/to/project/tests/AutoGenerated/Finder/ResourceFinder07Test.php" line="35" class="Infection\BenchmarkSource\Test\AutoGenerated\Finder\ResourceFinder07Test" classname="Infection.BenchmarkSource.Test.AutoGenerated.Finder.ResourceFinder07Test" assertions="1" time="0.000965"/>
          <testcase name="test_it_can_be_diagnosed with data set #40" file="/path/to/project/tests/AutoGenerated/Finder/ResourceFinder07Test.php" line="35" class="Infection\BenchmarkSource\Test\AutoGenerated\Finder\ResourceFinder07Test" classname="Infection.BenchmarkSource.Test.AutoGenerated.Finder.ResourceFinder07Test" assertions="1" time="0.001000"/>
          <testcase name="test_it_can_be_diagnosed with data set #41" file="/path/to/project/tests/AutoGenerated/Finder/ResourceFinder07Test.php" line="35" class="Infection\BenchmarkSource\Test\AutoGenerated\Finder\ResourceFinder07Test" classname="Infection.BenchmarkSource.Test.AutoGenerated.Finder.ResourceFinder07Test" assertions="1" time="0.000973"/>
          <testcase name="test_it_can_be_diagnosed with data set #42" file="/path/to/project/tests/AutoGenerated/Finder/ResourceFinder07Test.php" line="35" class="Infection\BenchmarkSource\Test\AutoGenerated\Finder\ResourceFinder07Test" classname="Infection.BenchmarkSource.Test.AutoGenerated.Finder.ResourceFinder07Test" assertions="1" time="0.000987"/>
          <testcase name="test_it_can_be_diagnosed with data set #43" file="/path/to/project/tests/AutoGenerated/Finder/ResourceFinder07Test.php" line="35" class="Infection\BenchmarkSource\Test\AutoGenerated\Finder\ResourceFinder07Test" classname="Infection.BenchmarkSource.Test.AutoGenerated.Finder.ResourceFinder07Test" assertions="1" time="0.000980"/>
          <testcase name="test_it_can_be_diagnosed with data set #44" file="/path/to/project/tests/AutoGenerated/Finder/ResourceFinder07Test.php" line="35" class="Infection\BenchmarkSource\Test\AutoGenerated\Finder\ResourceFinder07Test" classname="Infection.BenchmarkSource.Test.AutoGenerated.Finder.ResourceFinder07Test" assertions="1" time="0.000973"/>
          <testcase name="test_it_can_be_diagnosed with data set #45" file="/path/to/project/tests/AutoGenerated/Finder/ResourceFinder07Test.php" line="35" class="Infection\BenchmarkSource\Test\AutoGenerated\Finder\ResourceFinder07Test" classname="Infection.BenchmarkSource.Test.AutoGenerated.Finder.ResourceFinder07Test" assertions="1" time="0.000966"/>
          <testcase name="test_it_can_be_diagnosed with data set #46" file="/path/to/project/tests/AutoGenerated/Finder/ResourceFinder07Test.php" line="35" class="Infection\BenchmarkSource\Test\AutoGenerated\Finder\ResourceFinder07Test" classname="Infection.BenchmarkSource.Test.AutoGenerated.Finder.ResourceFinder07Test" assertions="1" time="0.000966"/>
          <testcase name="test_it_can_be_diagnosed with data set #47" file="/path/to/project/tests/AutoGenerated/Finder/ResourceFinder07Test.php" line="35" class="Infection\BenchmarkSource\Test\AutoGenerated\Finder\ResourceFinder07Test" classname="Infection.BenchmarkSource.Test.AutoGenerated.Finder.ResourceFinder07Test" assertions="1" time="0.000962"/>
          <testcase name="test_it_can_be_diagnosed with data set #48" file="/path/to/project/tests/AutoGenerated/Finder/ResourceFinder07Test.php" line="35" class="Infection\BenchmarkSource\Test\AutoGenerated\Finder\ResourceFinder07Test" classname="Infection.BenchmarkSource.Test.AutoGenerated.Finder.ResourceFinder07Test" assertions="1" time="0.000967"/>
        </testsuite>
        <testsuite name="Infection\BenchmarkSource\Test\AutoGenerated\Finder\ResourceFinder07Test::test_it_can_be_casted_into_a_string" tests="49" assertions="49" errors="0" failures="0" skipped="0" time="0.047509">
          <testcase name="test_it_can_be_casted_into_a_string with data set #0" file="/path/to/project/tests/AutoGenerated/Finder/ResourceFinder07Test.php" line="61" class="Infection\BenchmarkSource\Test\AutoGenerated\Finder\ResourceFinder07Test" classname="Infection.BenchmarkSource.Test.AutoGenerated.Finder.ResourceFinder07Test" assertions="1" time="0.000967"/>
          <testcase name="test_it_can_be_casted_into_a_string with data set #1" file="/path/to/project/tests/AutoGenerated/Finder/ResourceFinder07Test.php" line="61" class="Infection\BenchmarkSource\Test\AutoGenerated\Finder\ResourceFinder07Test" classname="Infection.BenchmarkSource.Test.AutoGenerated.Finder.ResourceFinder07Test" assertions="1" time="0.000968"/>
          <testcase name="test_it_can_be_casted_into_a_string with data set #2" file="/path/to/project/tests/AutoGenerated/Finder/ResourceFinder07Test.php" line="61" class="Infection\BenchmarkSource\Test\AutoGenerated\Finder\ResourceFinder07Test" classname="Infection.BenchmarkSource.Test.AutoGenerated.Finder.ResourceFinder07Test" assertions="1" time="0.000980"/>
          <testcase name="test_it_can_be_casted_into_a_string with data set #3" file="/path/to/project/tests/AutoGenerated/Finder/ResourceFinder07Test.php" line="61" class="Infection\BenchmarkSource\Test\AutoGenerated\Finder\ResourceFinder07Test" classname="Infection.BenchmarkSource.Test.AutoGenerated.Finder.ResourceFinder07Test" assertions="1" time="0.000960"/>
          <testcase name="test_it_can_be_casted_into_a_string with data set #4" file="/path/to/project/tests/AutoGenerated/Finder/ResourceFinder07Test.php" line="61" class="Infection\BenchmarkSource\Test\AutoGenerated\Finder\ResourceFinder07Test" classname="Infection.BenchmarkSource.Test.AutoGenerated.Finder.ResourceFinder07Test" assertions="1" time="0.000962"/>
          <testcase name="test_it_can_be_casted_into_a_string with data set #5" file="/path/to/project/tests/AutoGenerated/Finder/ResourceFinder07Test.php" line="61" class="Infection\BenchmarkSource\Test\AutoGenerated\Finder\ResourceFinder07Test" classname="Infection.BenchmarkSource.Test.AutoGenerated.Finder.ResourceFinder07Test" assertions="1" time="0.000986"/>
          <testcase name="test_it_can_be_casted_into_a_string with data set #6" file="/path/to/project/tests/AutoGenerated/Finder/ResourceFinder07Test.php" line="61" class="Infection\BenchmarkSource\Test\AutoGenerated\Finder\ResourceFinder07Test" classname="Infection.BenchmarkSource.Test.AutoGenerated.Finder.ResourceFinder07Test" assertions="1" time="0.000970"/>
          <testcase name="test_it_can_be_casted_into_a_string with data set #7" file="/path/to/project/tests/AutoGenerated/Finder/ResourceFinder07Test.php" line="61" class="Infection\BenchmarkSource\Test\AutoGenerated\Finder\ResourceFinder07Test" classname="Infection.BenchmarkSource.Test.AutoGenerated.Finder.ResourceFinder07Test" assertions="1" time="0.000974"/>
          <testcase name="test_it_can_be_casted_into_a_string with data set #8" file="/path/to/project/tests/AutoGenerated/Finder/ResourceFinder07Test.php" line="61" class="Infection\BenchmarkSource\Test\AutoGenerated\Finder\ResourceFinder07Test" classname="Infection.BenchmarkSource.Test.AutoGenerated.Finder.ResourceFinder07Test" assertions="1" time="0.000969"/>
          <testcase name="test_it_can_be_casted_into_a_string with data set #9" file="/path/to/project/tests/AutoGenerated/Finder/ResourceFinder07Test.php" line="61" class="Infection\BenchmarkSource\Test\AutoGenerated\Finder\ResourceFinder07Test" classname="Infection.BenchmarkSource.Test.AutoGenerated.Finder.ResourceFinder07Test" assertions="1" time="0.000984"/>
          <testcase name="test_it_can_be_casted_into_a_string with data set #10" file="/path/to/project/tests/AutoGenerated/Finder/ResourceFinder07Test.php" line="61" class="Infection\BenchmarkSource\Test\AutoGenerated\Finder\ResourceFinder07Test" classname="Infection.BenchmarkSource.Test.AutoGenerated.Finder.ResourceFinder07Test" assertions="1" time="0.000974"/>
          <testcase name="test_it_can_be_casted_into_a_string with data set #11" file="/path/to/project/tests/AutoGenerated/Finder/ResourceFinder07Test.php" line="61" class="Infection\BenchmarkSource\Test\AutoGenerated\Finder\ResourceFinder07Test" classname="Infection.BenchmarkSource.Test.AutoGenerated.Finder.ResourceFinder07Test" assertions="1" time="0.000957"/>
          <testcase name="test_it_can_be_casted_into_a_string with data set #12" file="/path/to/project/tests/AutoGenerated/Finder/ResourceFinder07Test.php" line="61" class="Infection\BenchmarkSource\Test\AutoGenerated\Finder\ResourceFinder07Test" classname="Infection.BenchmarkSource.Test.AutoGenerated.Finder.ResourceFinder07Test" assertions="1" time="0.000968"/>
          <testcase name="test_it_can_be_casted_into_a_string with data set #13" file="/path/to/project/tests/AutoGenerated/Finder/ResourceFinder07Test.php" line="61" class="Infection\BenchmarkSource\Test\AutoGenerated\Finder\ResourceFinder07Test" classname="Infection.BenchmarkSource.Test.AutoGenerated.Finder.ResourceFinder07Test" assertions="1" time="0.000973"/>
          <testcase name="test_it_can_be_casted_into_a_string with data set #14" file="/path/to/project/tests/AutoGenerated/Finder/ResourceFinder07Test.php" line="61" class="Infection\BenchmarkSource\Test\AutoGenerated\Finder\ResourceFinder07Test" classname="Infection.BenchmarkSource.Test.AutoGenerated.Finder.ResourceFinder07Test" assertions="1" time="0.000973"/>
          <testcase name="test_it_can_be_casted_into_a_string with data set #15" file="/path/to/project/tests/AutoGenerated/Finder/ResourceFinder07Test.php" line="61" class="Infection\BenchmarkSource\Test\AutoGenerated\Finder\ResourceFinder07Test" classname="Infection.BenchmarkSource.Test.AutoGenerated.Finder.ResourceFinder07Test" assertions="1" time="0.000967"/>
          <testcase name="test_it_can_be_casted_into_a_string with data set #16" file="/path/to/project/tests/AutoGenerated/Finder/ResourceFinder07Test.php" line="61" class="Infection\BenchmarkSource\Test\AutoGenerated\Finder\ResourceFinder07Test" classname="Infection.BenchmarkSource.Test.AutoGenerated.Finder.ResourceFinder07Test" assertions="1" time="0.000962"/>
          <testcase name="test_it_can_be_casted_into_a_string with data set #17" file="/path/to/project/tests/AutoGenerated/Finder/ResourceFinder07Test.php" line="61" class="Infection\BenchmarkSource\Test\AutoGenerated\Finder\ResourceFinder07Test" classname="Infection.BenchmarkSource.Test.AutoGenerated.Finder.ResourceFinder07Test" assertions="1" time="0.000996"/>
          <testcase name="test_it_can_be_casted_into_a_string with data set #18" file="/path/to/project/tests/AutoGenerated/Finder/ResourceFinder07Test.php" line="61" class="Infection\BenchmarkSource\Test\AutoGenerated\Finder\ResourceFinder07Test" classname="Infection.BenchmarkSource.Test.AutoGenerated.Finder.ResourceFinder07Test" assertions="1" time="0.000967"/>
          <testcase name="test_it_can_be_casted_into_a_string with data set #19" file="/path/to/project/tests/AutoGenerated/Finder/ResourceFinder07Test.php" line="61" class="Infection\BenchmarkSource\Test\AutoGenerated\Finder\ResourceFinder07Test" classname="Infection.BenchmarkSource.Test.AutoGenerated.Finder.ResourceFinder07Test" assertions="1" time="0.000963"/>
          <testcase name="test_it_can_be_casted_into_a_string with data set #20" file="/path/to/project/tests/AutoGenerated/Finder/ResourceFinder07Test.php" line="61" class="Infection\BenchmarkSource\Test\AutoGenerated\Finder\ResourceFinder07Test" classname="Infection.BenchmarkSource.Test.AutoGenerated.Finder.ResourceFinder07Test" assertions="1" time="0.000965"/>
          <testcase name="test_it_can_be_casted_into_a_string with data set #21" file="/path/to/project/tests/AutoGenerated/Finder/ResourceFinder07Test.php" line="61" class="Infection\BenchmarkSource\Test\AutoGenerated\Finder\ResourceFinder07Test" classname="Infection.BenchmarkSource.Test.AutoGenerated.Finder.ResourceFinder07Test" assertions="1" time="0.000970"/>
          <testcase name="test_it_can_be_casted_into_a_string with data set #22" file="/path/to/project/tests/AutoGenerated/Finder/ResourceFinder07Test.php" line="61" class="Infection\BenchmarkSource\Test\AutoGenerated\Finder\ResourceFinder07Test" classname="Infection.BenchmarkSource.Test.AutoGenerated.Finder.ResourceFinder07Test" assertions="1" time="0.000970"/>
          <testcase name="test_it_can_be_casted_into_a_string with data set #23" file="/path/to/project/tests/AutoGenerated/Finder/ResourceFinder07Test.php" line="61" class="Infection\BenchmarkSource\Test\AutoGenerated\Finder\ResourceFinder07Test" classname="Infection.BenchmarkSource.Test.AutoGenerated.Finder.ResourceFinder07Test" assertions="1" time="0.000968"/>
          <testcase name="test_it_can_be_casted_into_a_string with data set #24" file="/path/to/project/tests/AutoGenerated/Finder/ResourceFinder07Test.php" line="61" class="Infection\BenchmarkSource\Test\AutoGenerated\Finder\ResourceFinder07Test" classname="Infection.BenchmarkSource.Test.AutoGenerated.Finder.ResourceFinder07Test" assertions="1" time="0.000968"/>
          <testcase name="test_it_can_be_casted_into_a_string with data set #25" file="/path/to/project/tests/AutoGenerated/Finder/ResourceFinder07Test.php" line="61" class="Infection\BenchmarkSource\Test\AutoGenerated\Finder\ResourceFinder07Test" classname="Infection.BenchmarkSource.Test.AutoGenerated.Finder.ResourceFinder07Test" assertions="1" time="0.000979"/>
          <testcase name="test_it_can_be_casted_into_a_string with data set #26" file="/path/to/project/tests/AutoGenerated/Finder/ResourceFinder07Test.php" line="61" class="Infection\BenchmarkSource\Test\AutoGenerated\Finder\ResourceFinder07Test" classname="Infection.BenchmarkSource.Test.AutoGenerated.Finder.ResourceFinder07Test" assertions="1" time="0.000969"/>
          <testcase name="test_it_can_be_casted_into_a_string with data set #27" file="/path/to/project/tests/AutoGenerated/Finder/ResourceFinder07Test.php" line="61" class="Infection\BenchmarkSource\Test\AutoGenerated\Finder\ResourceFinder07Test" classname="Infection.BenchmarkSource.Test.AutoGenerated.Finder.ResourceFinder07Test" assertions="1" time="0.000962"/>
          <testcase name="test_it_can_be_casted_into_a_string with data set #28" file="/path/to/project/tests/AutoGenerated/Finder/ResourceFinder07Test.php" line="61" class="Infection\BenchmarkSource\Test\AutoGenerated\Finder\ResourceFinder07Test" classname="Infection.BenchmarkSource.Test.AutoGenerated.Finder.ResourceFinder07Test" assertions="1" time="0.000976"/>
          <testcase name="test_it_can_be_casted_into_a_string with data set #29" file="/path/to/project/tests/AutoGenerated/Finder/ResourceFinder07Test.php" line="61" class="Infection\BenchmarkSource\Test\AutoGenerated\Finder\ResourceFinder07Test" classname="Infection.BenchmarkSource.Test.AutoGenerated.Finder.ResourceFinder07Test" assertions="1" time="0.000963"/>
          <testcase name="test_it_can_be_casted_into_a_string with data set #30" file="/path/to/project/tests/AutoGenerated/Finder/ResourceFinder07Test.php" line="61" class="Infection\BenchmarkSource\Test\AutoGenerated\Finder\ResourceFinder07Test" classname="Infection.BenchmarkSource.Test.AutoGenerated.Finder.ResourceFinder07Test" assertions="1" time="0.000962"/>
          <testcase name="test_it_can_be_casted_into_a_string with data set #31" file="/path/to/project/tests/AutoGenerated/Finder/ResourceFinder07Test.php" line="61" class="Infection\BenchmarkSource\Test\AutoGenerated\Finder\ResourceFinder07Test" classname="Infection.BenchmarkSource.Test.AutoGenerated.Finder.ResourceFinder07Test" assertions="1" time="0.000972"/>
          <testcase name="test_it_can_be_casted_into_a_string with data set #32" file="/path/to/project/tests/AutoGenerated/Finder/ResourceFinder07Test.php" line="61" class="Infection\BenchmarkSource\Test\AutoGenerated\Finder\ResourceFinder07Test" classname="Infection.BenchmarkSource.Test.AutoGenerated.Finder.ResourceFinder07Test" assertions="1" time="0.000977"/>
          <testcase name="test_it_can_be_casted_into_a_string with data set #33" file="/path/to/project/tests/AutoGenerated/Finder/ResourceFinder07Test.php" line="61" class="Infection\BenchmarkSource\Test\AutoGenerated\Finder\ResourceFinder07Test" classname="Infection.BenchmarkSource.Test.AutoGenerated.Finder.ResourceFinder07Test" assertions="1" time="0.000967"/>
          <testcase name="test_it_can_be_casted_into_a_string with data set #34" file="/path/to/project/tests/AutoGenerated/Finder/ResourceFinder07Test.php" line="61" class="Infection\BenchmarkSource\Test\AutoGenerated\Finder\ResourceFinder07Test" classname="Infection.BenchmarkSource.Test.AutoGenerated.Finder.ResourceFinder07Test" assertions="1" time="0.000971"/>
          <testcase name="test_it_can_be_casted_into_a_string with data set #35" file="/path/to/project/tests/AutoGenerated/Finder/ResourceFinder07Test.php" line="61" class="Infection\BenchmarkSource\Test\AutoGenerated\Finder\ResourceFinder07Test" classname="Infection.BenchmarkSource.Test.AutoGenerated.Finder.ResourceFinder07Test" assertions="1" time="0.000956"/>
          <testcase name="test_it_can_be_casted_into_a_string with data set #36" file="/path/to/project/tests/AutoGenerated/Finder/ResourceFinder07Test.php" line="61" class="Infection\BenchmarkSource\Test\AutoGenerated\Finder\ResourceFinder07Test" classname="Infection.BenchmarkSource.Test.AutoGenerated.Finder.ResourceFinder07Test" assertions="1" time="0.000963"/>
          <testcase name="test_it_can_be_casted_into_a_string with data set #37" file="/path/to/project/tests/AutoGenerated/Finder/ResourceFinder07Test.php" line="61" class="Infection\BenchmarkSource\Test\AutoGenerated\Finder\ResourceFinder07Test" classname="Infection.BenchmarkSource.Test.AutoGenerated.Finder.ResourceFinder07Test" assertions="1" time="0.000977"/>
          <testcase name="test_it_can_be_casted_into_a_string with data set #38" file="/path/to/project/tests/AutoGenerated/Finder/ResourceFinder07Test.php" line="61" class="Infection\BenchmarkSource\Test\AutoGenerated\Finder\ResourceFinder07Test" classname="Infection.BenchmarkSource.Test.AutoGenerated.Finder.ResourceFinder07Test" assertions="1" time="0.000972"/>
          <testcase name="test_it_can_be_casted_into_a_string with data set #39" file="/path/to/project/tests/AutoGenerated/Finder/ResourceFinder07Test.php" line="61" class="Infection\BenchmarkSource\Test\AutoGenerated\Finder\ResourceFinder07Test" classname="Infection.BenchmarkSource.Test.AutoGenerated.Finder.ResourceFinder07Test" assertions="1" time="0.000979"/>
          <testcase name="test_it_can_be_casted_into_a_string with data set #40" file="/path/to/project/tests/AutoGenerated/Finder/ResourceFinder07Test.php" line="61" class="Infection\BenchmarkSource\Test\AutoGenerated\Finder\ResourceFinder07Test" classname="Infection.BenchmarkSource.Test.AutoGenerated.Finder.ResourceFinder07Test" assertions="1" time="0.000968"/>
          <testcase name="test_it_can_be_casted_into_a_string with data set #41" file="/path/to/project/tests/AutoGenerated/Finder/ResourceFinder07Test.php" line="61" class="Infection\BenchmarkSource\Test\AutoGenerated\Finder\ResourceFinder07Test" classname="Infection.BenchmarkSource.Test.AutoGenerated.Finder.ResourceFinder07Test" assertions="1" time="0.000969"/>
          <testcase name="test_it_can_be_casted_into_a_string with data set #42" file="/path/to/project/tests/AutoGenerated/Finder/ResourceFinder07Test.php" line="61" class="Infection\BenchmarkSource\Test\AutoGenerated\Finder\ResourceFinder07Test" classname="Infection.BenchmarkSource.Test.AutoGenerated.Finder.ResourceFinder07Test" assertions="1" time="0.000970"/>
          <testcase name="test_it_can_be_casted_into_a_string with data set #43" file="/path/to/project/tests/AutoGenerated/Finder/ResourceFinder07Test.php" line="61" class="Infection\BenchmarkSource\Test\AutoGenerated\Finder\ResourceFinder07Test" classname="Infection.BenchmarkSource.Test.AutoGenerated.Finder.ResourceFinder07Test" assertions="1" time="0.000961"/>
          <testcase name="test_it_can_be_casted_into_a_string with data set #44" file="/path/to/project/tests/AutoGenerated/Finder/ResourceFinder07Test.php" line="61" class="Infection\BenchmarkSource\Test\AutoGenerated\Finder\ResourceFinder07Test" classname="Infection.BenchmarkSource.Test.AutoGenerated.Finder.ResourceFinder07Test" assertions="1" time="0.000971"/>
          <testcase name="test_it_can_be_casted_into_a_string with data set #45" file="/path/to/project/tests/AutoGenerated/Finder/ResourceFinder07Test.php" line="61" class="Infection\BenchmarkSource\Test\AutoGenerated\Finder\ResourceFinder07Test" classname="Infection.BenchmarkSource.Test.AutoGenerated.Finder.ResourceFinder07Test" assertions="1" time="0.000968"/>
          <testcase name="test_it_can_be_casted_into_a_string with data set #46" file="/path/to/project/tests/AutoGenerated/Finder/ResourceFinder07Test.php" line="61" class="Infection\BenchmarkSource\Test\AutoGenerated\Finder\ResourceFinder07Test" classname="Infection.BenchmarkSource.Test.AutoGenerated.Finder.ResourceFinder07Test" assertions="1" time="0.000969"/>
          <testcase name="test_it_can_be_casted_into_a_string with data set #47" file="/path/to/project/tests/AutoGenerated/Finder/ResourceFinder07Test.php" line="61" class="Infection\BenchmarkSource\Test\AutoGenerated\Finder\ResourceFinder07Test" classname="Infection.BenchmarkSource.Test.AutoGenerated.Finder.ResourceFinder07Test" assertions="1" time="0.000964"/>
          <testcase name="test_it_can_be_casted_into_a_string with data set #48" file="/path/to/project/tests/AutoGenerated/Finder/ResourceFinder07Test.php" line="61" class="Infection\BenchmarkSource\Test\AutoGenerated\Finder\ResourceFinder07Test" classname="Infection.BenchmarkSource.Test.AutoGenerated.Finder.ResourceFinder07Test" assertions="1" time="0.000962"/>
        </testsuite>
      </testsuite>
      <testsuite name="Infection\BenchmarkSource\Test\AutoGenerated\Finder\ResourceFinder08Test" file="/path/to/project/tests/AutoGenerated/Finder/ResourceFinder08Test.php" tests="100" assertions="100" errors="0" failures="0" skipped="0" time="0.101139">
        <testcase name="test_can_be_instantiated" file="/path/to/project/tests/AutoGenerated/Finder/ResourceFinder08Test.php" line="17" class="Infection\BenchmarkSource\Test\AutoGenerated\Finder\ResourceFinder08Test" classname="Infection.BenchmarkSource.Test.AutoGenerated.Finder.ResourceFinder08Test" assertions="1" time="0.001114"/>
        <testcase name="test_it_is_a_resource_finder" file="/path/to/project/tests/AutoGenerated/Finder/ResourceFinder08Test.php" line="24" class="Infection\BenchmarkSource\Test\AutoGenerated\Finder\ResourceFinder08Test" classname="Infection.BenchmarkSource.Test.AutoGenerated.Finder.ResourceFinder08Test" assertions="1" time="0.001021"/>
        <testsuite name="Infection\BenchmarkSource\Test\AutoGenerated\Finder\ResourceFinder08Test::test_it_can_be_diagnosed" tests="49" assertions="49" errors="0" failures="0" skipped="0" time="0.049284">
          <testcase name="test_it_can_be_diagnosed with data set #0" file="/path/to/project/tests/AutoGenerated/Finder/ResourceFinder08Test.php" line="35" class="Infection\BenchmarkSource\Test\AutoGenerated\Finder\ResourceFinder08Test" classname="Infection.BenchmarkSource.Test.AutoGenerated.Finder.ResourceFinder08Test" assertions="1" time="0.001013"/>
          <testcase name="test_it_can_be_diagnosed with data set #1" file="/path/to/project/tests/AutoGenerated/Finder/ResourceFinder08Test.php" line="35" class="Infection\BenchmarkSource\Test\AutoGenerated\Finder\ResourceFinder08Test" classname="Infection.BenchmarkSource.Test.AutoGenerated.Finder.ResourceFinder08Test" assertions="1" time="0.001009"/>
          <testcase name="test_it_can_be_diagnosed with data set #2" file="/path/to/project/tests/AutoGenerated/Finder/ResourceFinder08Test.php" line="35" class="Infection\BenchmarkSource\Test\AutoGenerated\Finder\ResourceFinder08Test" classname="Infection.BenchmarkSource.Test.AutoGenerated.Finder.ResourceFinder08Test" assertions="1" time="0.001010"/>
          <testcase name="test_it_can_be_diagnosed with data set #3" file="/path/to/project/tests/AutoGenerated/Finder/ResourceFinder08Test.php" line="35" class="Infection\BenchmarkSource\Test\AutoGenerated\Finder\ResourceFinder08Test" classname="Infection.BenchmarkSource.Test.AutoGenerated.Finder.ResourceFinder08Test" assertions="1" time="0.001008"/>
          <testcase name="test_it_can_be_diagnosed with data set #4" file="/path/to/project/tests/AutoGenerated/Finder/ResourceFinder08Test.php" line="35" class="Infection\BenchmarkSource\Test\AutoGenerated\Finder\ResourceFinder08Test" classname="Infection.BenchmarkSource.Test.AutoGenerated.Finder.ResourceFinder08Test" assertions="1" time="0.000988"/>
          <testcase name="test_it_can_be_diagnosed with data set #5" file="/path/to/project/tests/AutoGenerated/Finder/ResourceFinder08Test.php" line="35" class="Infection\BenchmarkSource\Test\AutoGenerated\Finder\ResourceFinder08Test" classname="Infection.BenchmarkSource.Test.AutoGenerated.Finder.ResourceFinder08Test" assertions="1" time="0.000990"/>
          <testcase name="test_it_can_be_diagnosed with data set #6" file="/path/to/project/tests/AutoGenerated/Finder/ResourceFinder08Test.php" line="35" class="Infection\BenchmarkSource\Test\AutoGenerated\Finder\ResourceFinder08Test" classname="Infection.BenchmarkSource.Test.AutoGenerated.Finder.ResourceFinder08Test" assertions="1" time="0.000999"/>
          <testcase name="test_it_can_be_diagnosed with data set #7" file="/path/to/project/tests/AutoGenerated/Finder/ResourceFinder08Test.php" line="35" class="Infection\BenchmarkSource\Test\AutoGenerated\Finder\ResourceFinder08Test" classname="Infection.BenchmarkSource.Test.AutoGenerated.Finder.ResourceFinder08Test" assertions="1" time="0.001010"/>
          <testcase name="test_it_can_be_diagnosed with data set #8" file="/path/to/project/tests/AutoGenerated/Finder/ResourceFinder08Test.php" line="35" class="Infection\BenchmarkSource\Test\AutoGenerated\Finder\ResourceFinder08Test" classname="Infection.BenchmarkSource.Test.AutoGenerated.Finder.ResourceFinder08Test" assertions="1" time="0.001003"/>
          <testcase name="test_it_can_be_diagnosed with data set #9" file="/path/to/project/tests/AutoGenerated/Finder/ResourceFinder08Test.php" line="35" class="Infection\BenchmarkSource\Test\AutoGenerated\Finder\ResourceFinder08Test" classname="Infection.BenchmarkSource.Test.AutoGenerated.Finder.ResourceFinder08Test" assertions="1" time="0.001004"/>
          <testcase name="test_it_can_be_diagnosed with data set #10" file="/path/to/project/tests/AutoGenerated/Finder/ResourceFinder08Test.php" line="35" class="Infection\BenchmarkSource\Test\AutoGenerated\Finder\ResourceFinder08Test" classname="Infection.BenchmarkSource.Test.AutoGenerated.Finder.ResourceFinder08Test" assertions="1" time="0.000996"/>
          <testcase name="test_it_can_be_diagnosed with data set #11" file="/path/to/project/tests/AutoGenerated/Finder/ResourceFinder08Test.php" line="35" class="Infection\BenchmarkSource\Test\AutoGenerated\Finder\ResourceFinder08Test" classname="Infection.BenchmarkSource.Test.AutoGenerated.Finder.ResourceFinder08Test" assertions="1" time="0.001009"/>
          <testcase name="test_it_can_be_diagnosed with data set #12" file="/path/to/project/tests/AutoGenerated/Finder/ResourceFinder08Test.php" line="35" class="Infection\BenchmarkSource\Test\AutoGenerated\Finder\ResourceFinder08Test" classname="Infection.BenchmarkSource.Test.AutoGenerated.Finder.ResourceFinder08Test" assertions="1" time="0.001001"/>
          <testcase name="test_it_can_be_diagnosed with data set #13" file="/path/to/project/tests/AutoGenerated/Finder/ResourceFinder08Test.php" line="35" class="Infection\BenchmarkSource\Test\AutoGenerated\Finder\ResourceFinder08Test" classname="Infection.BenchmarkSource.Test.AutoGenerated.Finder.ResourceFinder08Test" assertions="1" time="0.001004"/>
          <testcase name="test_it_can_be_diagnosed with data set #14" file="/path/to/project/tests/AutoGenerated/Finder/ResourceFinder08Test.php" line="35" class="Infection\BenchmarkSource\Test\AutoGenerated\Finder\ResourceFinder08Test" classname="Infection.BenchmarkSource.Test.AutoGenerated.Finder.ResourceFinder08Test" assertions="1" time="0.000996"/>
          <testcase name="test_it_can_be_diagnosed with data set #15" file="/path/to/project/tests/AutoGenerated/Finder/ResourceFinder08Test.php" line="35" class="Infection\BenchmarkSource\Test\AutoGenerated\Finder\ResourceFinder08Test" classname="Infection.BenchmarkSource.Test.AutoGenerated.Finder.ResourceFinder08Test" assertions="1" time="0.001011"/>
          <testcase name="test_it_can_be_diagnosed with data set #16" file="/path/to/project/tests/AutoGenerated/Finder/ResourceFinder08Test.php" line="35" class="Infection\BenchmarkSource\Test\AutoGenerated\Finder\ResourceFinder08Test" classname="Infection.BenchmarkSource.Test.AutoGenerated.Finder.ResourceFinder08Test" assertions="1" time="0.001021"/>
          <testcase name="test_it_can_be_diagnosed with data set #17" file="/path/to/project/tests/AutoGenerated/Finder/ResourceFinder08Test.php" line="35" class="Infection\BenchmarkSource\Test\AutoGenerated\Finder\ResourceFinder08Test" classname="Infection.BenchmarkSource.Test.AutoGenerated.Finder.ResourceFinder08Test" assertions="1" time="0.001008"/>
          <testcase name="test_it_can_be_diagnosed with data set #18" file="/path/to/project/tests/AutoGenerated/Finder/ResourceFinder08Test.php" line="35" class="Infection\BenchmarkSource\Test\AutoGenerated\Finder\ResourceFinder08Test" classname="Infection.BenchmarkSource.Test.AutoGenerated.Finder.ResourceFinder08Test" assertions="1" time="0.001000"/>
          <testcase name="test_it_can_be_diagnosed with data set #19" file="/path/to/project/tests/AutoGenerated/Finder/ResourceFinder08Test.php" line="35" class="Infection\BenchmarkSource\Test\AutoGenerated\Finder\ResourceFinder08Test" classname="Infection.BenchmarkSource.Test.AutoGenerated.Finder.ResourceFinder08Test" assertions="1" time="0.001010"/>
          <testcase name="test_it_can_be_diagnosed with data set #20" file="/path/to/project/tests/AutoGenerated/Finder/ResourceFinder08Test.php" line="35" class="Infection\BenchmarkSource\Test\AutoGenerated\Finder\ResourceFinder08Test" classname="Infection.BenchmarkSource.Test.AutoGenerated.Finder.ResourceFinder08Test" assertions="1" time="0.001021"/>
          <testcase name="test_it_can_be_diagnosed with data set #21" file="/path/to/project/tests/AutoGenerated/Finder/ResourceFinder08Test.php" line="35" class="Infection\BenchmarkSource\Test\AutoGenerated\Finder\ResourceFinder08Test" classname="Infection.BenchmarkSource.Test.AutoGenerated.Finder.ResourceFinder08Test" assertions="1" time="0.001008"/>
          <testcase name="test_it_can_be_diagnosed with data set #22" file="/path/to/project/tests/AutoGenerated/Finder/ResourceFinder08Test.php" line="35" class="Infection\BenchmarkSource\Test\AutoGenerated\Finder\ResourceFinder08Test" classname="Infection.BenchmarkSource.Test.AutoGenerated.Finder.ResourceFinder08Test" assertions="1" time="0.001007"/>
          <testcase name="test_it_can_be_diagnosed with data set #23" file="/path/to/project/tests/AutoGenerated/Finder/ResourceFinder08Test.php" line="35" class="Infection\BenchmarkSource\Test\AutoGenerated\Finder\ResourceFinder08Test" classname="Infection.BenchmarkSource.Test.AutoGenerated.Finder.ResourceFinder08Test" assertions="1" time="0.001000"/>
          <testcase name="test_it_can_be_diagnosed with data set #24" file="/path/to/project/tests/AutoGenerated/Finder/ResourceFinder08Test.php" line="35" class="Infection\BenchmarkSource\Test\AutoGenerated\Finder\ResourceFinder08Test" classname="Infection.BenchmarkSource.Test.AutoGenerated.Finder.ResourceFinder08Test" assertions="1" time="0.000990"/>
          <testcase name="test_it_can_be_diagnosed with data set #25" file="/path/to/project/tests/AutoGenerated/Finder/ResourceFinder08Test.php" line="35" class="Infection\BenchmarkSource\Test\AutoGenerated\Finder\ResourceFinder08Test" classname="Infection.BenchmarkSource.Test.AutoGenerated.Finder.ResourceFinder08Test" assertions="1" time="0.000988"/>
          <testcase name="test_it_can_be_diagnosed with data set #26" file="/path/to/project/tests/AutoGenerated/Finder/ResourceFinder08Test.php" line="35" class="Infection\BenchmarkSource\Test\AutoGenerated\Finder\ResourceFinder08Test" classname="Infection.BenchmarkSource.Test.AutoGenerated.Finder.ResourceFinder08Test" assertions="1" time="0.001008"/>
          <testcase name="test_it_can_be_diagnosed with data set #27" file="/path/to/project/tests/AutoGenerated/Finder/ResourceFinder08Test.php" line="35" class="Infection\BenchmarkSource\Test\AutoGenerated\Finder\ResourceFinder08Test" classname="Infection.BenchmarkSource.Test.AutoGenerated.Finder.ResourceFinder08Test" assertions="1" time="0.001005"/>
          <testcase name="test_it_can_be_diagnosed with data set #28" file="/path/to/project/tests/AutoGenerated/Finder/ResourceFinder08Test.php" line="35" class="Infection\BenchmarkSource\Test\AutoGenerated\Finder\ResourceFinder08Test" classname="Infection.BenchmarkSource.Test.AutoGenerated.Finder.ResourceFinder08Test" assertions="1" time="0.001002"/>
          <testcase name="test_it_can_be_diagnosed with data set #29" file="/path/to/project/tests/AutoGenerated/Finder/ResourceFinder08Test.php" line="35" class="Infection\BenchmarkSource\Test\AutoGenerated\Finder\ResourceFinder08Test" classname="Infection.BenchmarkSource.Test.AutoGenerated.Finder.ResourceFinder08Test" assertions="1" time="0.001002"/>
          <testcase name="test_it_can_be_diagnosed with data set #30" file="/path/to/project/tests/AutoGenerated/Finder/ResourceFinder08Test.php" line="35" class="Infection\BenchmarkSource\Test\AutoGenerated\Finder\ResourceFinder08Test" classname="Infection.BenchmarkSource.Test.AutoGenerated.Finder.ResourceFinder08Test" assertions="1" time="0.001008"/>
          <testcase name="test_it_can_be_diagnosed with data set #31" file="/path/to/project/tests/AutoGenerated/Finder/ResourceFinder08Test.php" line="35" class="Infection\BenchmarkSource\Test\AutoGenerated\Finder\ResourceFinder08Test" classname="Infection.BenchmarkSource.Test.AutoGenerated.Finder.ResourceFinder08Test" assertions="1" time="0.001011"/>
          <testcase name="test_it_can_be_diagnosed with data set #32" file="/path/to/project/tests/AutoGenerated/Finder/ResourceFinder08Test.php" line="35" class="Infection\BenchmarkSource\Test\AutoGenerated\Finder\ResourceFinder08Test" classname="Infection.BenchmarkSource.Test.AutoGenerated.Finder.ResourceFinder08Test" assertions="1" time="0.001022"/>
          <testcase name="test_it_can_be_diagnosed with data set #33" file="/path/to/project/tests/AutoGenerated/Finder/ResourceFinder08Test.php" line="35" class="Infection\BenchmarkSource\Test\AutoGenerated\Finder\ResourceFinder08Test" classname="Infection.BenchmarkSource.Test.AutoGenerated.Finder.ResourceFinder08Test" assertions="1" time="0.001029"/>
          <testcase name="test_it_can_be_diagnosed with data set #34" file="/path/to/project/tests/AutoGenerated/Finder/ResourceFinder08Test.php" line="35" class="Infection\BenchmarkSource\Test\AutoGenerated\Finder\ResourceFinder08Test" classname="Infection.BenchmarkSource.Test.AutoGenerated.Finder.ResourceFinder08Test" assertions="1" time="0.001006"/>
          <testcase name="test_it_can_be_diagnosed with data set #35" file="/path/to/project/tests/AutoGenerated/Finder/ResourceFinder08Test.php" line="35" class="Infection\BenchmarkSource\Test\AutoGenerated\Finder\ResourceFinder08Test" classname="Infection.BenchmarkSource.Test.AutoGenerated.Finder.ResourceFinder08Test" assertions="1" time="0.000995"/>
          <testcase name="test_it_can_be_diagnosed with data set #36" file="/path/to/project/tests/AutoGenerated/Finder/ResourceFinder08Test.php" line="35" class="Infection\BenchmarkSource\Test\AutoGenerated\Finder\ResourceFinder08Test" classname="Infection.BenchmarkSource.Test.AutoGenerated.Finder.ResourceFinder08Test" assertions="1" time="0.001005"/>
          <testcase name="test_it_can_be_diagnosed with data set #37" file="/path/to/project/tests/AutoGenerated/Finder/ResourceFinder08Test.php" line="35" class="Infection\BenchmarkSource\Test\AutoGenerated\Finder\ResourceFinder08Test" classname="Infection.BenchmarkSource.Test.AutoGenerated.Finder.ResourceFinder08Test" assertions="1" time="0.001003"/>
          <testcase name="test_it_can_be_diagnosed with data set #38" file="/path/to/project/tests/AutoGenerated/Finder/ResourceFinder08Test.php" line="35" class="Infection\BenchmarkSource\Test\AutoGenerated\Finder\ResourceFinder08Test" classname="Infection.BenchmarkSource.Test.AutoGenerated.Finder.ResourceFinder08Test" assertions="1" time="0.001008"/>
          <testcase name="test_it_can_be_diagnosed with data set #39" file="/path/to/project/tests/AutoGenerated/Finder/ResourceFinder08Test.php" line="35" class="Infection\BenchmarkSource\Test\AutoGenerated\Finder\ResourceFinder08Test" classname="Infection.BenchmarkSource.Test.AutoGenerated.Finder.ResourceFinder08Test" assertions="1" time="0.001005"/>
          <testcase name="test_it_can_be_diagnosed with data set #40" file="/path/to/project/tests/AutoGenerated/Finder/ResourceFinder08Test.php" line="35" class="Infection\BenchmarkSource\Test\AutoGenerated\Finder\ResourceFinder08Test" classname="Infection.BenchmarkSource.Test.AutoGenerated.Finder.ResourceFinder08Test" assertions="1" time="0.001018"/>
          <testcase name="test_it_can_be_diagnosed with data set #41" file="/path/to/project/tests/AutoGenerated/Finder/ResourceFinder08Test.php" line="35" class="Infection\BenchmarkSource\Test\AutoGenerated\Finder\ResourceFinder08Test" classname="Infection.BenchmarkSource.Test.AutoGenerated.Finder.ResourceFinder08Test" assertions="1" time="0.001004"/>
          <testcase name="test_it_can_be_diagnosed with data set #42" file="/path/to/project/tests/AutoGenerated/Finder/ResourceFinder08Test.php" line="35" class="Infection\BenchmarkSource\Test\AutoGenerated\Finder\ResourceFinder08Test" classname="Infection.BenchmarkSource.Test.AutoGenerated.Finder.ResourceFinder08Test" assertions="1" time="0.001006"/>
          <testcase name="test_it_can_be_diagnosed with data set #43" file="/path/to/project/tests/AutoGenerated/Finder/ResourceFinder08Test.php" line="35" class="Infection\BenchmarkSource\Test\AutoGenerated\Finder\ResourceFinder08Test" classname="Infection.BenchmarkSource.Test.AutoGenerated.Finder.ResourceFinder08Test" assertions="1" time="0.001019"/>
          <testcase name="test_it_can_be_diagnosed with data set #44" file="/path/to/project/tests/AutoGenerated/Finder/ResourceFinder08Test.php" line="35" class="Infection\BenchmarkSource\Test\AutoGenerated\Finder\ResourceFinder08Test" classname="Infection.BenchmarkSource.Test.AutoGenerated.Finder.ResourceFinder08Test" assertions="1" time="0.000992"/>
          <testcase name="test_it_can_be_diagnosed with data set #45" file="/path/to/project/tests/AutoGenerated/Finder/ResourceFinder08Test.php" line="35" class="Infection\BenchmarkSource\Test\AutoGenerated\Finder\ResourceFinder08Test" classname="Infection.BenchmarkSource.Test.AutoGenerated.Finder.ResourceFinder08Test" assertions="1" time="0.000997"/>
          <testcase name="test_it_can_be_diagnosed with data set #46" file="/path/to/project/tests/AutoGenerated/Finder/ResourceFinder08Test.php" line="35" class="Infection\BenchmarkSource\Test\AutoGenerated\Finder\ResourceFinder08Test" classname="Infection.BenchmarkSource.Test.AutoGenerated.Finder.ResourceFinder08Test" assertions="1" time="0.001011"/>
          <testcase name="test_it_can_be_diagnosed with data set #47" file="/path/to/project/tests/AutoGenerated/Finder/ResourceFinder08Test.php" line="35" class="Infection\BenchmarkSource\Test\AutoGenerated\Finder\ResourceFinder08Test" classname="Infection.BenchmarkSource.Test.AutoGenerated.Finder.ResourceFinder08Test" assertions="1" time="0.001011"/>
          <testcase name="test_it_can_be_diagnosed with data set #48" file="/path/to/project/tests/AutoGenerated/Finder/ResourceFinder08Test.php" line="35" class="Infection\BenchmarkSource\Test\AutoGenerated\Finder\ResourceFinder08Test" classname="Infection.BenchmarkSource.Test.AutoGenerated.Finder.ResourceFinder08Test" assertions="1" time="0.001011"/>
        </testsuite>
        <testsuite name="Infection\BenchmarkSource\Test\AutoGenerated\Finder\ResourceFinder08Test::test_it_can_be_casted_into_a_string" tests="49" assertions="49" errors="0" failures="0" skipped="0" time="0.049720">
          <testcase name="test_it_can_be_casted_into_a_string with data set #0" file="/path/to/project/tests/AutoGenerated/Finder/ResourceFinder08Test.php" line="61" class="Infection\BenchmarkSource\Test\AutoGenerated\Finder\ResourceFinder08Test" classname="Infection.BenchmarkSource.Test.AutoGenerated.Finder.ResourceFinder08Test" assertions="1" time="0.001009"/>
          <testcase name="test_it_can_be_casted_into_a_string with data set #1" file="/path/to/project/tests/AutoGenerated/Finder/ResourceFinder08Test.php" line="61" class="Infection\BenchmarkSource\Test\AutoGenerated\Finder\ResourceFinder08Test" classname="Infection.BenchmarkSource.Test.AutoGenerated.Finder.ResourceFinder08Test" assertions="1" time="0.001023"/>
          <testcase name="test_it_can_be_casted_into_a_string with data set #2" file="/path/to/project/tests/AutoGenerated/Finder/ResourceFinder08Test.php" line="61" class="Infection\BenchmarkSource\Test\AutoGenerated\Finder\ResourceFinder08Test" classname="Infection.BenchmarkSource.Test.AutoGenerated.Finder.ResourceFinder08Test" assertions="1" time="0.001015"/>
          <testcase name="test_it_can_be_casted_into_a_string with data set #3" file="/path/to/project/tests/AutoGenerated/Finder/ResourceFinder08Test.php" line="61" class="Infection\BenchmarkSource\Test\AutoGenerated\Finder\ResourceFinder08Test" classname="Infection.BenchmarkSource.Test.AutoGenerated.Finder.ResourceFinder08Test" assertions="1" time="0.001015"/>
          <testcase name="test_it_can_be_casted_into_a_string with data set #4" file="/path/to/project/tests/AutoGenerated/Finder/ResourceFinder08Test.php" line="61" class="Infection\BenchmarkSource\Test\AutoGenerated\Finder\ResourceFinder08Test" classname="Infection.BenchmarkSource.Test.AutoGenerated.Finder.ResourceFinder08Test" assertions="1" time="0.001004"/>
          <testcase name="test_it_can_be_casted_into_a_string with data set #5" file="/path/to/project/tests/AutoGenerated/Finder/ResourceFinder08Test.php" line="61" class="Infection\BenchmarkSource\Test\AutoGenerated\Finder\ResourceFinder08Test" classname="Infection.BenchmarkSource.Test.AutoGenerated.Finder.ResourceFinder08Test" assertions="1" time="0.001007"/>
          <testcase name="test_it_can_be_casted_into_a_string with data set #6" file="/path/to/project/tests/AutoGenerated/Finder/ResourceFinder08Test.php" line="61" class="Infection\BenchmarkSource\Test\AutoGenerated\Finder\ResourceFinder08Test" classname="Infection.BenchmarkSource.Test.AutoGenerated.Finder.ResourceFinder08Test" assertions="1" time="0.001021"/>
          <testcase name="test_it_can_be_casted_into_a_string with data set #7" file="/path/to/project/tests/AutoGenerated/Finder/ResourceFinder08Test.php" line="61" class="Infection\BenchmarkSource\Test\AutoGenerated\Finder\ResourceFinder08Test" classname="Infection.BenchmarkSource.Test.AutoGenerated.Finder.ResourceFinder08Test" assertions="1" time="0.000994"/>
          <testcase name="test_it_can_be_casted_into_a_string with data set #8" file="/path/to/project/tests/AutoGenerated/Finder/ResourceFinder08Test.php" line="61" class="Infection\BenchmarkSource\Test\AutoGenerated\Finder\ResourceFinder08Test" classname="Infection.BenchmarkSource.Test.AutoGenerated.Finder.ResourceFinder08Test" assertions="1" time="0.000993"/>
          <testcase name="test_it_can_be_casted_into_a_string with data set #9" file="/path/to/project/tests/AutoGenerated/Finder/ResourceFinder08Test.php" line="61" class="Infection\BenchmarkSource\Test\AutoGenerated\Finder\ResourceFinder08Test" classname="Infection.BenchmarkSource.Test.AutoGenerated.Finder.ResourceFinder08Test" assertions="1" time="0.001010"/>
          <testcase name="test_it_can_be_casted_into_a_string with data set #10" file="/path/to/project/tests/AutoGenerated/Finder/ResourceFinder08Test.php" line="61" class="Infection\BenchmarkSource\Test\AutoGenerated\Finder\ResourceFinder08Test" classname="Infection.BenchmarkSource.Test.AutoGenerated.Finder.ResourceFinder08Test" assertions="1" time="0.001013"/>
          <testcase name="test_it_can_be_casted_into_a_string with data set #11" file="/path/to/project/tests/AutoGenerated/Finder/ResourceFinder08Test.php" line="61" class="Infection\BenchmarkSource\Test\AutoGenerated\Finder\ResourceFinder08Test" classname="Infection.BenchmarkSource.Test.AutoGenerated.Finder.ResourceFinder08Test" assertions="1" time="0.001015"/>
          <testcase name="test_it_can_be_casted_into_a_string with data set #12" file="/path/to/project/tests/AutoGenerated/Finder/ResourceFinder08Test.php" line="61" class="Infection\BenchmarkSource\Test\AutoGenerated\Finder\ResourceFinder08Test" classname="Infection.BenchmarkSource.Test.AutoGenerated.Finder.ResourceFinder08Test" assertions="1" time="0.001011"/>
          <testcase name="test_it_can_be_casted_into_a_string with data set #13" file="/path/to/project/tests/AutoGenerated/Finder/ResourceFinder08Test.php" line="61" class="Infection\BenchmarkSource\Test\AutoGenerated\Finder\ResourceFinder08Test" classname="Infection.BenchmarkSource.Test.AutoGenerated.Finder.ResourceFinder08Test" assertions="1" time="0.001027"/>
          <testcase name="test_it_can_be_casted_into_a_string with data set #14" file="/path/to/project/tests/AutoGenerated/Finder/ResourceFinder08Test.php" line="61" class="Infection\BenchmarkSource\Test\AutoGenerated\Finder\ResourceFinder08Test" classname="Infection.BenchmarkSource.Test.AutoGenerated.Finder.ResourceFinder08Test" assertions="1" time="0.001024"/>
          <testcase name="test_it_can_be_casted_into_a_string with data set #15" file="/path/to/project/tests/AutoGenerated/Finder/ResourceFinder08Test.php" line="61" class="Infection\BenchmarkSource\Test\AutoGenerated\Finder\ResourceFinder08Test" classname="Infection.BenchmarkSource.Test.AutoGenerated.Finder.ResourceFinder08Test" assertions="1" time="0.001016"/>
          <testcase name="test_it_can_be_casted_into_a_string with data set #16" file="/path/to/project/tests/AutoGenerated/Finder/ResourceFinder08Test.php" line="61" class="Infection\BenchmarkSource\Test\AutoGenerated\Finder\ResourceFinder08Test" classname="Infection.BenchmarkSource.Test.AutoGenerated.Finder.ResourceFinder08Test" assertions="1" time="0.001005"/>
          <testcase name="test_it_can_be_casted_into_a_string with data set #17" file="/path/to/project/tests/AutoGenerated/Finder/ResourceFinder08Test.php" line="61" class="Infection\BenchmarkSource\Test\AutoGenerated\Finder\ResourceFinder08Test" classname="Infection.BenchmarkSource.Test.AutoGenerated.Finder.ResourceFinder08Test" assertions="1" time="0.000999"/>
          <testcase name="test_it_can_be_casted_into_a_string with data set #18" file="/path/to/project/tests/AutoGenerated/Finder/ResourceFinder08Test.php" line="61" class="Infection\BenchmarkSource\Test\AutoGenerated\Finder\ResourceFinder08Test" classname="Infection.BenchmarkSource.Test.AutoGenerated.Finder.ResourceFinder08Test" assertions="1" time="0.000997"/>
          <testcase name="test_it_can_be_casted_into_a_string with data set #19" file="/path/to/project/tests/AutoGenerated/Finder/ResourceFinder08Test.php" line="61" class="Infection\BenchmarkSource\Test\AutoGenerated\Finder\ResourceFinder08Test" classname="Infection.BenchmarkSource.Test.AutoGenerated.Finder.ResourceFinder08Test" assertions="1" time="0.001007"/>
          <testcase name="test_it_can_be_casted_into_a_string with data set #20" file="/path/to/project/tests/AutoGenerated/Finder/ResourceFinder08Test.php" line="61" class="Infection\BenchmarkSource\Test\AutoGenerated\Finder\ResourceFinder08Test" classname="Infection.BenchmarkSource.Test.AutoGenerated.Finder.ResourceFinder08Test" assertions="1" time="0.001032"/>
          <testcase name="test_it_can_be_casted_into_a_string with data set #21" file="/path/to/project/tests/AutoGenerated/Finder/ResourceFinder08Test.php" line="61" class="Infection\BenchmarkSource\Test\AutoGenerated\Finder\ResourceFinder08Test" classname="Infection.BenchmarkSource.Test.AutoGenerated.Finder.ResourceFinder08Test" assertions="1" time="0.001009"/>
          <testcase name="test_it_can_be_casted_into_a_string with data set #22" file="/path/to/project/tests/AutoGenerated/Finder/ResourceFinder08Test.php" line="61" class="Infection\BenchmarkSource\Test\AutoGenerated\Finder\ResourceFinder08Test" classname="Infection.BenchmarkSource.Test.AutoGenerated.Finder.ResourceFinder08Test" assertions="1" time="0.001022"/>
          <testcase name="test_it_can_be_casted_into_a_string with data set #23" file="/path/to/project/tests/AutoGenerated/Finder/ResourceFinder08Test.php" line="61" class="Infection\BenchmarkSource\Test\AutoGenerated\Finder\ResourceFinder08Test" classname="Infection.BenchmarkSource.Test.AutoGenerated.Finder.ResourceFinder08Test" assertions="1" time="0.001048"/>
          <testcase name="test_it_can_be_casted_into_a_string with data set #24" file="/path/to/project/tests/AutoGenerated/Finder/ResourceFinder08Test.php" line="61" class="Infection\BenchmarkSource\Test\AutoGenerated\Finder\ResourceFinder08Test" classname="Infection.BenchmarkSource.Test.AutoGenerated.Finder.ResourceFinder08Test" assertions="1" time="0.001060"/>
          <testcase name="test_it_can_be_casted_into_a_string with data set #25" file="/path/to/project/tests/AutoGenerated/Finder/ResourceFinder08Test.php" line="61" class="Infection\BenchmarkSource\Test\AutoGenerated\Finder\ResourceFinder08Test" classname="Infection.BenchmarkSource.Test.AutoGenerated.Finder.ResourceFinder08Test" assertions="1" time="0.001050"/>
          <testcase name="test_it_can_be_casted_into_a_string with data set #26" file="/path/to/project/tests/AutoGenerated/Finder/ResourceFinder08Test.php" line="61" class="Infection\BenchmarkSource\Test\AutoGenerated\Finder\ResourceFinder08Test" classname="Infection.BenchmarkSource.Test.AutoGenerated.Finder.ResourceFinder08Test" assertions="1" time="0.001034"/>
          <testcase name="test_it_can_be_casted_into_a_string with data set #27" file="/path/to/project/tests/AutoGenerated/Finder/ResourceFinder08Test.php" line="61" class="Infection\BenchmarkSource\Test\AutoGenerated\Finder\ResourceFinder08Test" classname="Infection.BenchmarkSource.Test.AutoGenerated.Finder.ResourceFinder08Test" assertions="1" time="0.001042"/>
          <testcase name="test_it_can_be_casted_into_a_string with data set #28" file="/path/to/project/tests/AutoGenerated/Finder/ResourceFinder08Test.php" line="61" class="Infection\BenchmarkSource\Test\AutoGenerated\Finder\ResourceFinder08Test" classname="Infection.BenchmarkSource.Test.AutoGenerated.Finder.ResourceFinder08Test" assertions="1" time="0.001022"/>
          <testcase name="test_it_can_be_casted_into_a_string with data set #29" file="/path/to/project/tests/AutoGenerated/Finder/ResourceFinder08Test.php" line="61" class="Infection\BenchmarkSource\Test\AutoGenerated\Finder\ResourceFinder08Test" classname="Infection.BenchmarkSource.Test.AutoGenerated.Finder.ResourceFinder08Test" assertions="1" time="0.001020"/>
          <testcase name="test_it_can_be_casted_into_a_string with data set #30" file="/path/to/project/tests/AutoGenerated/Finder/ResourceFinder08Test.php" line="61" class="Infection\BenchmarkSource\Test\AutoGenerated\Finder\ResourceFinder08Test" classname="Infection.BenchmarkSource.Test.AutoGenerated.Finder.ResourceFinder08Test" assertions="1" time="0.001009"/>
          <testcase name="test_it_can_be_casted_into_a_string with data set #31" file="/path/to/project/tests/AutoGenerated/Finder/ResourceFinder08Test.php" line="61" class="Infection\BenchmarkSource\Test\AutoGenerated\Finder\ResourceFinder08Test" classname="Infection.BenchmarkSource.Test.AutoGenerated.Finder.ResourceFinder08Test" assertions="1" time="0.001000"/>
          <testcase name="test_it_can_be_casted_into_a_string with data set #32" file="/path/to/project/tests/AutoGenerated/Finder/ResourceFinder08Test.php" line="61" class="Infection\BenchmarkSource\Test\AutoGenerated\Finder\ResourceFinder08Test" classname="Infection.BenchmarkSource.Test.AutoGenerated.Finder.ResourceFinder08Test" assertions="1" time="0.000995"/>
          <testcase name="test_it_can_be_casted_into_a_string with data set #33" file="/path/to/project/tests/AutoGenerated/Finder/ResourceFinder08Test.php" line="61" class="Infection\BenchmarkSource\Test\AutoGenerated\Finder\ResourceFinder08Test" classname="Infection.BenchmarkSource.Test.AutoGenerated.Finder.ResourceFinder08Test" assertions="1" time="0.001004"/>
          <testcase name="test_it_can_be_casted_into_a_string with data set #34" file="/path/to/project/tests/AutoGenerated/Finder/ResourceFinder08Test.php" line="61" class="Infection\BenchmarkSource\Test\AutoGenerated\Finder\ResourceFinder08Test" classname="Infection.BenchmarkSource.Test.AutoGenerated.Finder.ResourceFinder08Test" assertions="1" time="0.001002"/>
          <testcase name="test_it_can_be_casted_into_a_string with data set #35" file="/path/to/project/tests/AutoGenerated/Finder/ResourceFinder08Test.php" line="61" class="Infection\BenchmarkSource\Test\AutoGenerated\Finder\ResourceFinder08Test" classname="Infection.BenchmarkSource.Test.AutoGenerated.Finder.ResourceFinder08Test" assertions="1" time="0.001025"/>
          <testcase name="test_it_can_be_casted_into_a_string with data set #36" file="/path/to/project/tests/AutoGenerated/Finder/ResourceFinder08Test.php" line="61" class="Infection\BenchmarkSource\Test\AutoGenerated\Finder\ResourceFinder08Test" classname="Infection.BenchmarkSource.Test.AutoGenerated.Finder.ResourceFinder08Test" assertions="1" time="0.001005"/>
          <testcase name="test_it_can_be_casted_into_a_string with data set #37" file="/path/to/project/tests/AutoGenerated/Finder/ResourceFinder08Test.php" line="61" class="Infection\BenchmarkSource\Test\AutoGenerated\Finder\ResourceFinder08Test" classname="Infection.BenchmarkSource.Test.AutoGenerated.Finder.ResourceFinder08Test" assertions="1" time="0.001014"/>
          <testcase name="test_it_can_be_casted_into_a_string with data set #38" file="/path/to/project/tests/AutoGenerated/Finder/ResourceFinder08Test.php" line="61" class="Infection\BenchmarkSource\Test\AutoGenerated\Finder\ResourceFinder08Test" classname="Infection.BenchmarkSource.Test.AutoGenerated.Finder.ResourceFinder08Test" assertions="1" time="0.001028"/>
          <testcase name="test_it_can_be_casted_into_a_string with data set #39" file="/path/to/project/tests/AutoGenerated/Finder/ResourceFinder08Test.php" line="61" class="Infection\BenchmarkSource\Test\AutoGenerated\Finder\ResourceFinder08Test" classname="Infection.BenchmarkSource.Test.AutoGenerated.Finder.ResourceFinder08Test" assertions="1" time="0.001017"/>
          <testcase name="test_it_can_be_casted_into_a_string with data set #40" file="/path/to/project/tests/AutoGenerated/Finder/ResourceFinder08Test.php" line="61" class="Infection\BenchmarkSource\Test\AutoGenerated\Finder\ResourceFinder08Test" classname="Infection.BenchmarkSource.Test.AutoGenerated.Finder.ResourceFinder08Test" assertions="1" time="0.001012"/>
          <testcase name="test_it_can_be_casted_into_a_string with data set #41" file="/path/to/project/tests/AutoGenerated/Finder/ResourceFinder08Test.php" line="61" class="Infection\BenchmarkSource\Test\AutoGenerated\Finder\ResourceFinder08Test" classname="Infection.BenchmarkSource.Test.AutoGenerated.Finder.ResourceFinder08Test" assertions="1" time="0.001017"/>
          <testcase name="test_it_can_be_casted_into_a_string with data set #42" file="/path/to/project/tests/AutoGenerated/Finder/ResourceFinder08Test.php" line="61" class="Infection\BenchmarkSource\Test\AutoGenerated\Finder\ResourceFinder08Test" classname="Infection.BenchmarkSource.Test.AutoGenerated.Finder.ResourceFinder08Test" assertions="1" time="0.001019"/>
          <testcase name="test_it_can_be_casted_into_a_string with data set #43" file="/path/to/project/tests/AutoGenerated/Finder/ResourceFinder08Test.php" line="61" class="Infection\BenchmarkSource\Test\AutoGenerated\Finder\ResourceFinder08Test" classname="Infection.BenchmarkSource.Test.AutoGenerated.Finder.ResourceFinder08Test" assertions="1" time="0.001001"/>
          <testcase name="test_it_can_be_casted_into_a_string with data set #44" file="/path/to/project/tests/AutoGenerated/Finder/ResourceFinder08Test.php" line="61" class="Infection\BenchmarkSource\Test\AutoGenerated\Finder\ResourceFinder08Test" classname="Infection.BenchmarkSource.Test.AutoGenerated.Finder.ResourceFinder08Test" assertions="1" time="0.001011"/>
          <testcase name="test_it_can_be_casted_into_a_string with data set #45" file="/path/to/project/tests/AutoGenerated/Finder/ResourceFinder08Test.php" line="61" class="Infection\BenchmarkSource\Test\AutoGenerated\Finder\ResourceFinder08Test" classname="Infection.BenchmarkSource.Test.AutoGenerated.Finder.ResourceFinder08Test" assertions="1" time="0.001009"/>
          <testcase name="test_it_can_be_casted_into_a_string with data set #46" file="/path/to/project/tests/AutoGenerated/Finder/ResourceFinder08Test.php" line="61" class="Infection\BenchmarkSource\Test\AutoGenerated\Finder\ResourceFinder08Test" classname="Infection.BenchmarkSource.Test.AutoGenerated.Finder.ResourceFinder08Test" assertions="1" time="0.001009"/>
          <testcase name="test_it_can_be_casted_into_a_string with data set #47" file="/path/to/project/tests/AutoGenerated/Finder/ResourceFinder08Test.php" line="61" class="Infection\BenchmarkSource\Test\AutoGenerated\Finder\ResourceFinder08Test" classname="Infection.BenchmarkSource.Test.AutoGenerated.Finder.ResourceFinder08Test" assertions="1" time="0.001000"/>
          <testcase name="test_it_can_be_casted_into_a_string with data set #48" file="/path/to/project/tests/AutoGenerated/Finder/ResourceFinder08Test.php" line="61" class="Infection\BenchmarkSource\Test\AutoGenerated\Finder\ResourceFinder08Test" classname="Infection.BenchmarkSource.Test.AutoGenerated.Finder.ResourceFinder08Test" assertions="1" time="0.001000"/>
        </testsuite>
      </testsuite>
      <testsuite name="Infection\BenchmarkSource\Test\AutoGenerated\Finder\ResourceFinder09Test" file="/path/to/project/tests/AutoGenerated/Finder/ResourceFinder09Test.php" tests="100" assertions="100" errors="0" failures="0" skipped="0" time="0.101747">
        <testcase name="test_can_be_instantiated" file="/path/to/project/tests/AutoGenerated/Finder/ResourceFinder09Test.php" line="17" class="Infection\BenchmarkSource\Test\AutoGenerated\Finder\ResourceFinder09Test" classname="Infection.BenchmarkSource.Test.AutoGenerated.Finder.ResourceFinder09Test" assertions="1" time="0.001117"/>
        <testcase name="test_it_is_a_resource_finder" file="/path/to/project/tests/AutoGenerated/Finder/ResourceFinder09Test.php" line="24" class="Infection\BenchmarkSource\Test\AutoGenerated\Finder\ResourceFinder09Test" classname="Infection.BenchmarkSource.Test.AutoGenerated.Finder.ResourceFinder09Test" assertions="1" time="0.001031"/>
        <testsuite name="Infection\BenchmarkSource\Test\AutoGenerated\Finder\ResourceFinder09Test::test_it_can_be_diagnosed" tests="49" assertions="49" errors="0" failures="0" skipped="0" time="0.049639">
          <testcase name="test_it_can_be_diagnosed with data set #0" file="/path/to/project/tests/AutoGenerated/Finder/ResourceFinder09Test.php" line="35" class="Infection\BenchmarkSource\Test\AutoGenerated\Finder\ResourceFinder09Test" classname="Infection.BenchmarkSource.Test.AutoGenerated.Finder.ResourceFinder09Test" assertions="1" time="0.001060"/>
          <testcase name="test_it_can_be_diagnosed with data set #1" file="/path/to/project/tests/AutoGenerated/Finder/ResourceFinder09Test.php" line="35" class="Infection\BenchmarkSource\Test\AutoGenerated\Finder\ResourceFinder09Test" classname="Infection.BenchmarkSource.Test.AutoGenerated.Finder.ResourceFinder09Test" assertions="1" time="0.001029"/>
          <testcase name="test_it_can_be_diagnosed with data set #2" file="/path/to/project/tests/AutoGenerated/Finder/ResourceFinder09Test.php" line="35" class="Infection\BenchmarkSource\Test\AutoGenerated\Finder\ResourceFinder09Test" classname="Infection.BenchmarkSource.Test.AutoGenerated.Finder.ResourceFinder09Test" assertions="1" time="0.001013"/>
          <testcase name="test_it_can_be_diagnosed with data set #3" file="/path/to/project/tests/AutoGenerated/Finder/ResourceFinder09Test.php" line="35" class="Infection\BenchmarkSource\Test\AutoGenerated\Finder\ResourceFinder09Test" classname="Infection.BenchmarkSource.Test.AutoGenerated.Finder.ResourceFinder09Test" assertions="1" time="0.001018"/>
          <testcase name="test_it_can_be_diagnosed with data set #4" file="/path/to/project/tests/AutoGenerated/Finder/ResourceFinder09Test.php" line="35" class="Infection\BenchmarkSource\Test\AutoGenerated\Finder\ResourceFinder09Test" classname="Infection.BenchmarkSource.Test.AutoGenerated.Finder.ResourceFinder09Test" assertions="1" time="0.001019"/>
          <testcase name="test_it_can_be_diagnosed with data set #5" file="/path/to/project/tests/AutoGenerated/Finder/ResourceFinder09Test.php" line="35" class="Infection\BenchmarkSource\Test\AutoGenerated\Finder\ResourceFinder09Test" classname="Infection.BenchmarkSource.Test.AutoGenerated.Finder.ResourceFinder09Test" assertions="1" time="0.001005"/>
          <testcase name="test_it_can_be_diagnosed with data set #6" file="/path/to/project/tests/AutoGenerated/Finder/ResourceFinder09Test.php" line="35" class="Infection\BenchmarkSource\Test\AutoGenerated\Finder\ResourceFinder09Test" classname="Infection.BenchmarkSource.Test.AutoGenerated.Finder.ResourceFinder09Test" assertions="1" time="0.001007"/>
          <testcase name="test_it_can_be_diagnosed with data set #7" file="/path/to/project/tests/AutoGenerated/Finder/ResourceFinder09Test.php" line="35" class="Infection\BenchmarkSource\Test\AutoGenerated\Finder\ResourceFinder09Test" classname="Infection.BenchmarkSource.Test.AutoGenerated.Finder.ResourceFinder09Test" assertions="1" time="0.001000"/>
          <testcase name="test_it_can_be_diagnosed with data set #8" file="/path/to/project/tests/AutoGenerated/Finder/ResourceFinder09Test.php" line="35" class="Infection\BenchmarkSource\Test\AutoGenerated\Finder\ResourceFinder09Test" classname="Infection.BenchmarkSource.Test.AutoGenerated.Finder.ResourceFinder09Test" assertions="1" time="0.001014"/>
          <testcase name="test_it_can_be_diagnosed with data set #9" file="/path/to/project/tests/AutoGenerated/Finder/ResourceFinder09Test.php" line="35" class="Infection\BenchmarkSource\Test\AutoGenerated\Finder\ResourceFinder09Test" classname="Infection.BenchmarkSource.Test.AutoGenerated.Finder.ResourceFinder09Test" assertions="1" time="0.001007"/>
          <testcase name="test_it_can_be_diagnosed with data set #10" file="/path/to/project/tests/AutoGenerated/Finder/ResourceFinder09Test.php" line="35" class="Infection\BenchmarkSource\Test\AutoGenerated\Finder\ResourceFinder09Test" classname="Infection.BenchmarkSource.Test.AutoGenerated.Finder.ResourceFinder09Test" assertions="1" time="0.001006"/>
          <testcase name="test_it_can_be_diagnosed with data set #11" file="/path/to/project/tests/AutoGenerated/Finder/ResourceFinder09Test.php" line="35" class="Infection\BenchmarkSource\Test\AutoGenerated\Finder\ResourceFinder09Test" classname="Infection.BenchmarkSource.Test.AutoGenerated.Finder.ResourceFinder09Test" assertions="1" time="0.001008"/>
          <testcase name="test_it_can_be_diagnosed with data set #12" file="/path/to/project/tests/AutoGenerated/Finder/ResourceFinder09Test.php" line="35" class="Infection\BenchmarkSource\Test\AutoGenerated\Finder\ResourceFinder09Test" classname="Infection.BenchmarkSource.Test.AutoGenerated.Finder.ResourceFinder09Test" assertions="1" time="0.001003"/>
          <testcase name="test_it_can_be_diagnosed with data set #13" file="/path/to/project/tests/AutoGenerated/Finder/ResourceFinder09Test.php" line="35" class="Infection\BenchmarkSource\Test\AutoGenerated\Finder\ResourceFinder09Test" classname="Infection.BenchmarkSource.Test.AutoGenerated.Finder.ResourceFinder09Test" assertions="1" time="0.001006"/>
          <testcase name="test_it_can_be_diagnosed with data set #14" file="/path/to/project/tests/AutoGenerated/Finder/ResourceFinder09Test.php" line="35" class="Infection\BenchmarkSource\Test\AutoGenerated\Finder\ResourceFinder09Test" classname="Infection.BenchmarkSource.Test.AutoGenerated.Finder.ResourceFinder09Test" assertions="1" time="0.001008"/>
          <testcase name="test_it_can_be_diagnosed with data set #15" file="/path/to/project/tests/AutoGenerated/Finder/ResourceFinder09Test.php" line="35" class="Infection\BenchmarkSource\Test\AutoGenerated\Finder\ResourceFinder09Test" classname="Infection.BenchmarkSource.Test.AutoGenerated.Finder.ResourceFinder09Test" assertions="1" time="0.001012"/>
          <testcase name="test_it_can_be_diagnosed with data set #16" file="/path/to/project/tests/AutoGenerated/Finder/ResourceFinder09Test.php" line="35" class="Infection\BenchmarkSource\Test\AutoGenerated\Finder\ResourceFinder09Test" classname="Infection.BenchmarkSource.Test.AutoGenerated.Finder.ResourceFinder09Test" assertions="1" time="0.001001"/>
          <testcase name="test_it_can_be_diagnosed with data set #17" file="/path/to/project/tests/AutoGenerated/Finder/ResourceFinder09Test.php" line="35" class="Infection\BenchmarkSource\Test\AutoGenerated\Finder\ResourceFinder09Test" classname="Infection.BenchmarkSource.Test.AutoGenerated.Finder.ResourceFinder09Test" assertions="1" time="0.000994"/>
          <testcase name="test_it_can_be_diagnosed with data set #18" file="/path/to/project/tests/AutoGenerated/Finder/ResourceFinder09Test.php" line="35" class="Infection\BenchmarkSource\Test\AutoGenerated\Finder\ResourceFinder09Test" classname="Infection.BenchmarkSource.Test.AutoGenerated.Finder.ResourceFinder09Test" assertions="1" time="0.001011"/>
          <testcase name="test_it_can_be_diagnosed with data set #19" file="/path/to/project/tests/AutoGenerated/Finder/ResourceFinder09Test.php" line="35" class="Infection\BenchmarkSource\Test\AutoGenerated\Finder\ResourceFinder09Test" classname="Infection.BenchmarkSource.Test.AutoGenerated.Finder.ResourceFinder09Test" assertions="1" time="0.001012"/>
          <testcase name="test_it_can_be_diagnosed with data set #20" file="/path/to/project/tests/AutoGenerated/Finder/ResourceFinder09Test.php" line="35" class="Infection\BenchmarkSource\Test\AutoGenerated\Finder\ResourceFinder09Test" classname="Infection.BenchmarkSource.Test.AutoGenerated.Finder.ResourceFinder09Test" assertions="1" time="0.001012"/>
          <testcase name="test_it_can_be_diagnosed with data set #21" file="/path/to/project/tests/AutoGenerated/Finder/ResourceFinder09Test.php" line="35" class="Infection\BenchmarkSource\Test\AutoGenerated\Finder\ResourceFinder09Test" classname="Infection.BenchmarkSource.Test.AutoGenerated.Finder.ResourceFinder09Test" assertions="1" time="0.001015"/>
          <testcase name="test_it_can_be_diagnosed with data set #22" file="/path/to/project/tests/AutoGenerated/Finder/ResourceFinder09Test.php" line="35" class="Infection\BenchmarkSource\Test\AutoGenerated\Finder\ResourceFinder09Test" classname="Infection.BenchmarkSource.Test.AutoGenerated.Finder.ResourceFinder09Test" assertions="1" time="0.001026"/>
          <testcase name="test_it_can_be_diagnosed with data set #23" file="/path/to/project/tests/AutoGenerated/Finder/ResourceFinder09Test.php" line="35" class="Infection\BenchmarkSource\Test\AutoGenerated\Finder\ResourceFinder09Test" classname="Infection.BenchmarkSource.Test.AutoGenerated.Finder.ResourceFinder09Test" assertions="1" time="0.001007"/>
          <testcase name="test_it_can_be_diagnosed with data set #24" file="/path/to/project/tests/AutoGenerated/Finder/ResourceFinder09Test.php" line="35" class="Infection\BenchmarkSource\Test\AutoGenerated\Finder\ResourceFinder09Test" classname="Infection.BenchmarkSource.Test.AutoGenerated.Finder.ResourceFinder09Test" assertions="1" time="0.001015"/>
          <testcase name="test_it_can_be_diagnosed with data set #25" file="/path/to/project/tests/AutoGenerated/Finder/ResourceFinder09Test.php" line="35" class="Infection\BenchmarkSource\Test\AutoGenerated\Finder\ResourceFinder09Test" classname="Infection.BenchmarkSource.Test.AutoGenerated.Finder.ResourceFinder09Test" assertions="1" time="0.001008"/>
          <testcase name="test_it_can_be_diagnosed with data set #26" file="/path/to/project/tests/AutoGenerated/Finder/ResourceFinder09Test.php" line="35" class="Infection\BenchmarkSource\Test\AutoGenerated\Finder\ResourceFinder09Test" classname="Infection.BenchmarkSource.Test.AutoGenerated.Finder.ResourceFinder09Test" assertions="1" time="0.001003"/>
          <testcase name="test_it_can_be_diagnosed with data set #27" file="/path/to/project/tests/AutoGenerated/Finder/ResourceFinder09Test.php" line="35" class="Infection\BenchmarkSource\Test\AutoGenerated\Finder\ResourceFinder09Test" classname="Infection.BenchmarkSource.Test.AutoGenerated.Finder.ResourceFinder09Test" assertions="1" time="0.000987"/>
          <testcase name="test_it_can_be_diagnosed with data set #28" file="/path/to/project/tests/AutoGenerated/Finder/ResourceFinder09Test.php" line="35" class="Infection\BenchmarkSource\Test\AutoGenerated\Finder\ResourceFinder09Test" classname="Infection.BenchmarkSource.Test.AutoGenerated.Finder.ResourceFinder09Test" assertions="1" time="0.001011"/>
          <testcase name="test_it_can_be_diagnosed with data set #29" file="/path/to/project/tests/AutoGenerated/Finder/ResourceFinder09Test.php" line="35" class="Infection\BenchmarkSource\Test\AutoGenerated\Finder\ResourceFinder09Test" classname="Infection.BenchmarkSource.Test.AutoGenerated.Finder.ResourceFinder09Test" assertions="1" time="0.001013"/>
          <testcase name="test_it_can_be_diagnosed with data set #30" file="/path/to/project/tests/AutoGenerated/Finder/ResourceFinder09Test.php" line="35" class="Infection\BenchmarkSource\Test\AutoGenerated\Finder\ResourceFinder09Test" classname="Infection.BenchmarkSource.Test.AutoGenerated.Finder.ResourceFinder09Test" assertions="1" time="0.001043"/>
          <testcase name="test_it_can_be_diagnosed with data set #31" file="/path/to/project/tests/AutoGenerated/Finder/ResourceFinder09Test.php" line="35" class="Infection\BenchmarkSource\Test\AutoGenerated\Finder\ResourceFinder09Test" classname="Infection.BenchmarkSource.Test.AutoGenerated.Finder.ResourceFinder09Test" assertions="1" time="0.001019"/>
          <testcase name="test_it_can_be_diagnosed with data set #32" file="/path/to/project/tests/AutoGenerated/Finder/ResourceFinder09Test.php" line="35" class="Infection\BenchmarkSource\Test\AutoGenerated\Finder\ResourceFinder09Test" classname="Infection.BenchmarkSource.Test.AutoGenerated.Finder.ResourceFinder09Test" assertions="1" time="0.001021"/>
          <testcase name="test_it_can_be_diagnosed with data set #33" file="/path/to/project/tests/AutoGenerated/Finder/ResourceFinder09Test.php" line="35" class="Infection\BenchmarkSource\Test\AutoGenerated\Finder\ResourceFinder09Test" classname="Infection.BenchmarkSource.Test.AutoGenerated.Finder.ResourceFinder09Test" assertions="1" time="0.001017"/>
          <testcase name="test_it_can_be_diagnosed with data set #34" file="/path/to/project/tests/AutoGenerated/Finder/ResourceFinder09Test.php" line="35" class="Infection\BenchmarkSource\Test\AutoGenerated\Finder\ResourceFinder09Test" classname="Infection.BenchmarkSource.Test.AutoGenerated.Finder.ResourceFinder09Test" assertions="1" time="0.001044"/>
          <testcase name="test_it_can_be_diagnosed with data set #35" file="/path/to/project/tests/AutoGenerated/Finder/ResourceFinder09Test.php" line="35" class="Infection\BenchmarkSource\Test\AutoGenerated\Finder\ResourceFinder09Test" classname="Infection.BenchmarkSource.Test.AutoGenerated.Finder.ResourceFinder09Test" assertions="1" time="0.001016"/>
          <testcase name="test_it_can_be_diagnosed with data set #36" file="/path/to/project/tests/AutoGenerated/Finder/ResourceFinder09Test.php" line="35" class="Infection\BenchmarkSource\Test\AutoGenerated\Finder\ResourceFinder09Test" classname="Infection.BenchmarkSource.Test.AutoGenerated.Finder.ResourceFinder09Test" assertions="1" time="0.001019"/>
          <testcase name="test_it_can_be_diagnosed with data set #37" file="/path/to/project/tests/AutoGenerated/Finder/ResourceFinder09Test.php" line="35" class="Infection\BenchmarkSource\Test\AutoGenerated\Finder\ResourceFinder09Test" classname="Infection.BenchmarkSource.Test.AutoGenerated.Finder.ResourceFinder09Test" assertions="1" time="0.001018"/>
          <testcase name="test_it_can_be_diagnosed with data set #38" file="/path/to/project/tests/AutoGenerated/Finder/ResourceFinder09Test.php" line="35" class="Infection\BenchmarkSource\Test\AutoGenerated\Finder\ResourceFinder09Test" classname="Infection.BenchmarkSource.Test.AutoGenerated.Finder.ResourceFinder09Test" assertions="1" time="0.001009"/>
          <testcase name="test_it_can_be_diagnosed with data set #39" file="/path/to/project/tests/AutoGenerated/Finder/ResourceFinder09Test.php" line="35" class="Infection\BenchmarkSource\Test\AutoGenerated\Finder\ResourceFinder09Test" classname="Infection.BenchmarkSource.Test.AutoGenerated.Finder.ResourceFinder09Test" assertions="1" time="0.001005"/>
          <testcase name="test_it_can_be_diagnosed with data set #40" file="/path/to/project/tests/AutoGenerated/Finder/ResourceFinder09Test.php" line="35" class="Infection\BenchmarkSource\Test\AutoGenerated\Finder\ResourceFinder09Test" classname="Infection.BenchmarkSource.Test.AutoGenerated.Finder.ResourceFinder09Test" assertions="1" time="0.001023"/>
          <testcase name="test_it_can_be_diagnosed with data set #41" file="/path/to/project/tests/AutoGenerated/Finder/ResourceFinder09Test.php" line="35" class="Infection\BenchmarkSource\Test\AutoGenerated\Finder\ResourceFinder09Test" classname="Infection.BenchmarkSource.Test.AutoGenerated.Finder.ResourceFinder09Test" assertions="1" time="0.001015"/>
          <testcase name="test_it_can_be_diagnosed with data set #42" file="/path/to/project/tests/AutoGenerated/Finder/ResourceFinder09Test.php" line="35" class="Infection\BenchmarkSource\Test\AutoGenerated\Finder\ResourceFinder09Test" classname="Infection.BenchmarkSource.Test.AutoGenerated.Finder.ResourceFinder09Test" assertions="1" time="0.001019"/>
          <testcase name="test_it_can_be_diagnosed with data set #43" file="/path/to/project/tests/AutoGenerated/Finder/ResourceFinder09Test.php" line="35" class="Infection\BenchmarkSource\Test\AutoGenerated\Finder\ResourceFinder09Test" classname="Infection.BenchmarkSource.Test.AutoGenerated.Finder.ResourceFinder09Test" assertions="1" time="0.001014"/>
          <testcase name="test_it_can_be_diagnosed with data set #44" file="/path/to/project/tests/AutoGenerated/Finder/ResourceFinder09Test.php" line="35" class="Infection\BenchmarkSource\Test\AutoGenerated\Finder\ResourceFinder09Test" classname="Infection.BenchmarkSource.Test.AutoGenerated.Finder.ResourceFinder09Test" assertions="1" time="0.001009"/>
          <testcase name="test_it_can_be_diagnosed with data set #45" file="/path/to/project/tests/AutoGenerated/Finder/ResourceFinder09Test.php" line="35" class="Infection\BenchmarkSource\Test\AutoGenerated\Finder\ResourceFinder09Test" classname="Infection.BenchmarkSource.Test.AutoGenerated.Finder.ResourceFinder09Test" assertions="1" time="0.001004"/>
          <testcase name="test_it_can_be_diagnosed with data set #46" file="/path/to/project/tests/AutoGenerated/Finder/ResourceFinder09Test.php" line="35" class="Infection\BenchmarkSource\Test\AutoGenerated\Finder\ResourceFinder09Test" classname="Infection.BenchmarkSource.Test.AutoGenerated.Finder.ResourceFinder09Test" assertions="1" time="0.001015"/>
          <testcase name="test_it_can_be_diagnosed with data set #47" file="/path/to/project/tests/AutoGenerated/Finder/ResourceFinder09Test.php" line="35" class="Infection\BenchmarkSource\Test\AutoGenerated\Finder\ResourceFinder09Test" classname="Infection.BenchmarkSource.Test.AutoGenerated.Finder.ResourceFinder09Test" assertions="1" time="0.001004"/>
          <testcase name="test_it_can_be_diagnosed with data set #48" file="/path/to/project/tests/AutoGenerated/Finder/ResourceFinder09Test.php" line="35" class="Infection\BenchmarkSource\Test\AutoGenerated\Finder\ResourceFinder09Test" classname="Infection.BenchmarkSource.Test.AutoGenerated.Finder.ResourceFinder09Test" assertions="1" time="0.000999"/>
        </testsuite>
        <testsuite name="Infection\BenchmarkSource\Test\AutoGenerated\Finder\ResourceFinder09Test::test_it_can_be_casted_into_a_string" tests="49" assertions="49" errors="0" failures="0" skipped="0" time="0.049960">
          <testcase name="test_it_can_be_casted_into_a_string with data set #0" file="/path/to/project/tests/AutoGenerated/Finder/ResourceFinder09Test.php" line="61" class="Infection\BenchmarkSource\Test\AutoGenerated\Finder\ResourceFinder09Test" classname="Infection.BenchmarkSource.Test.AutoGenerated.Finder.ResourceFinder09Test" assertions="1" time="0.001004"/>
          <testcase name="test_it_can_be_casted_into_a_string with data set #1" file="/path/to/project/tests/AutoGenerated/Finder/ResourceFinder09Test.php" line="61" class="Infection\BenchmarkSource\Test\AutoGenerated\Finder\ResourceFinder09Test" classname="Infection.BenchmarkSource.Test.AutoGenerated.Finder.ResourceFinder09Test" assertions="1" time="0.001000"/>
          <testcase name="test_it_can_be_casted_into_a_string with data set #2" file="/path/to/project/tests/AutoGenerated/Finder/ResourceFinder09Test.php" line="61" class="Infection\BenchmarkSource\Test\AutoGenerated\Finder\ResourceFinder09Test" classname="Infection.BenchmarkSource.Test.AutoGenerated.Finder.ResourceFinder09Test" assertions="1" time="0.001003"/>
          <testcase name="test_it_can_be_casted_into_a_string with data set #3" file="/path/to/project/tests/AutoGenerated/Finder/ResourceFinder09Test.php" line="61" class="Infection\BenchmarkSource\Test\AutoGenerated\Finder\ResourceFinder09Test" classname="Infection.BenchmarkSource.Test.AutoGenerated.Finder.ResourceFinder09Test" assertions="1" time="0.001009"/>
          <testcase name="test_it_can_be_casted_into_a_string with data set #4" file="/path/to/project/tests/AutoGenerated/Finder/ResourceFinder09Test.php" line="61" class="Infection\BenchmarkSource\Test\AutoGenerated\Finder\ResourceFinder09Test" classname="Infection.BenchmarkSource.Test.AutoGenerated.Finder.ResourceFinder09Test" assertions="1" time="0.001005"/>
          <testcase name="test_it_can_be_casted_into_a_string with data set #5" file="/path/to/project/tests/AutoGenerated/Finder/ResourceFinder09Test.php" line="61" class="Infection\BenchmarkSource\Test\AutoGenerated\Finder\ResourceFinder09Test" classname="Infection.BenchmarkSource.Test.AutoGenerated.Finder.ResourceFinder09Test" assertions="1" time="0.001001"/>
          <testcase name="test_it_can_be_casted_into_a_string with data set #6" file="/path/to/project/tests/AutoGenerated/Finder/ResourceFinder09Test.php" line="61" class="Infection\BenchmarkSource\Test\AutoGenerated\Finder\ResourceFinder09Test" classname="Infection.BenchmarkSource.Test.AutoGenerated.Finder.ResourceFinder09Test" assertions="1" time="0.001018"/>
          <testcase name="test_it_can_be_casted_into_a_string with data set #7" file="/path/to/project/tests/AutoGenerated/Finder/ResourceFinder09Test.php" line="61" class="Infection\BenchmarkSource\Test\AutoGenerated\Finder\ResourceFinder09Test" classname="Infection.BenchmarkSource.Test.AutoGenerated.Finder.ResourceFinder09Test" assertions="1" time="0.001007"/>
          <testcase name="test_it_can_be_casted_into_a_string with data set #8" file="/path/to/project/tests/AutoGenerated/Finder/ResourceFinder09Test.php" line="61" class="Infection\BenchmarkSource\Test\AutoGenerated\Finder\ResourceFinder09Test" classname="Infection.BenchmarkSource.Test.AutoGenerated.Finder.ResourceFinder09Test" assertions="1" time="0.001009"/>
          <testcase name="test_it_can_be_casted_into_a_string with data set #9" file="/path/to/project/tests/AutoGenerated/Finder/ResourceFinder09Test.php" line="61" class="Infection\BenchmarkSource\Test\AutoGenerated\Finder\ResourceFinder09Test" classname="Infection.BenchmarkSource.Test.AutoGenerated.Finder.ResourceFinder09Test" assertions="1" time="0.001021"/>
          <testcase name="test_it_can_be_casted_into_a_string with data set #10" file="/path/to/project/tests/AutoGenerated/Finder/ResourceFinder09Test.php" line="61" class="Infection\BenchmarkSource\Test\AutoGenerated\Finder\ResourceFinder09Test" classname="Infection.BenchmarkSource.Test.AutoGenerated.Finder.ResourceFinder09Test" assertions="1" time="0.001018"/>
          <testcase name="test_it_can_be_casted_into_a_string with data set #11" file="/path/to/project/tests/AutoGenerated/Finder/ResourceFinder09Test.php" line="61" class="Infection\BenchmarkSource\Test\AutoGenerated\Finder\ResourceFinder09Test" classname="Infection.BenchmarkSource.Test.AutoGenerated.Finder.ResourceFinder09Test" assertions="1" time="0.001001"/>
          <testcase name="test_it_can_be_casted_into_a_string with data set #12" file="/path/to/project/tests/AutoGenerated/Finder/ResourceFinder09Test.php" line="61" class="Infection\BenchmarkSource\Test\AutoGenerated\Finder\ResourceFinder09Test" classname="Infection.BenchmarkSource.Test.AutoGenerated.Finder.ResourceFinder09Test" assertions="1" time="0.001004"/>
          <testcase name="test_it_can_be_casted_into_a_string with data set #13" file="/path/to/project/tests/AutoGenerated/Finder/ResourceFinder09Test.php" line="61" class="Infection\BenchmarkSource\Test\AutoGenerated\Finder\ResourceFinder09Test" classname="Infection.BenchmarkSource.Test.AutoGenerated.Finder.ResourceFinder09Test" assertions="1" time="0.001010"/>
          <testcase name="test_it_can_be_casted_into_a_string with data set #14" file="/path/to/project/tests/AutoGenerated/Finder/ResourceFinder09Test.php" line="61" class="Infection\BenchmarkSource\Test\AutoGenerated\Finder\ResourceFinder09Test" classname="Infection.BenchmarkSource.Test.AutoGenerated.Finder.ResourceFinder09Test" assertions="1" time="0.001018"/>
          <testcase name="test_it_can_be_casted_into_a_string with data set #15" file="/path/to/project/tests/AutoGenerated/Finder/ResourceFinder09Test.php" line="61" class="Infection\BenchmarkSource\Test\AutoGenerated\Finder\ResourceFinder09Test" classname="Infection.BenchmarkSource.Test.AutoGenerated.Finder.ResourceFinder09Test" assertions="1" time="0.001004"/>
          <testcase name="test_it_can_be_casted_into_a_string with data set #16" file="/path/to/project/tests/AutoGenerated/Finder/ResourceFinder09Test.php" line="61" class="Infection\BenchmarkSource\Test\AutoGenerated\Finder\ResourceFinder09Test" classname="Infection.BenchmarkSource.Test.AutoGenerated.Finder.ResourceFinder09Test" assertions="1" time="0.001010"/>
          <testcase name="test_it_can_be_casted_into_a_string with data set #17" file="/path/to/project/tests/AutoGenerated/Finder/ResourceFinder09Test.php" line="61" class="Infection\BenchmarkSource\Test\AutoGenerated\Finder\ResourceFinder09Test" classname="Infection.BenchmarkSource.Test.AutoGenerated.Finder.ResourceFinder09Test" assertions="1" time="0.000999"/>
          <testcase name="test_it_can_be_casted_into_a_string with data set #18" file="/path/to/project/tests/AutoGenerated/Finder/ResourceFinder09Test.php" line="61" class="Infection\BenchmarkSource\Test\AutoGenerated\Finder\ResourceFinder09Test" classname="Infection.BenchmarkSource.Test.AutoGenerated.Finder.ResourceFinder09Test" assertions="1" time="0.001008"/>
          <testcase name="test_it_can_be_casted_into_a_string with data set #19" file="/path/to/project/tests/AutoGenerated/Finder/ResourceFinder09Test.php" line="61" class="Infection\BenchmarkSource\Test\AutoGenerated\Finder\ResourceFinder09Test" classname="Infection.BenchmarkSource.Test.AutoGenerated.Finder.ResourceFinder09Test" assertions="1" time="0.001006"/>
          <testcase name="test_it_can_be_casted_into_a_string with data set #20" file="/path/to/project/tests/AutoGenerated/Finder/ResourceFinder09Test.php" line="61" class="Infection\BenchmarkSource\Test\AutoGenerated\Finder\ResourceFinder09Test" classname="Infection.BenchmarkSource.Test.AutoGenerated.Finder.ResourceFinder09Test" assertions="1" time="0.001006"/>
          <testcase name="test_it_can_be_casted_into_a_string with data set #21" file="/path/to/project/tests/AutoGenerated/Finder/ResourceFinder09Test.php" line="61" class="Infection\BenchmarkSource\Test\AutoGenerated\Finder\ResourceFinder09Test" classname="Infection.BenchmarkSource.Test.AutoGenerated.Finder.ResourceFinder09Test" assertions="1" time="0.001022"/>
          <testcase name="test_it_can_be_casted_into_a_string with data set #22" file="/path/to/project/tests/AutoGenerated/Finder/ResourceFinder09Test.php" line="61" class="Infection\BenchmarkSource\Test\AutoGenerated\Finder\ResourceFinder09Test" classname="Infection.BenchmarkSource.Test.AutoGenerated.Finder.ResourceFinder09Test" assertions="1" time="0.001019"/>
          <testcase name="test_it_can_be_casted_into_a_string with data set #23" file="/path/to/project/tests/AutoGenerated/Finder/ResourceFinder09Test.php" line="61" class="Infection\BenchmarkSource\Test\AutoGenerated\Finder\ResourceFinder09Test" classname="Infection.BenchmarkSource.Test.AutoGenerated.Finder.ResourceFinder09Test" assertions="1" time="0.001021"/>
          <testcase name="test_it_can_be_casted_into_a_string with data set #24" file="/path/to/project/tests/AutoGenerated/Finder/ResourceFinder09Test.php" line="61" class="Infection\BenchmarkSource\Test\AutoGenerated\Finder\ResourceFinder09Test" classname="Infection.BenchmarkSource.Test.AutoGenerated.Finder.ResourceFinder09Test" assertions="1" time="0.001027"/>
          <testcase name="test_it_can_be_casted_into_a_string with data set #25" file="/path/to/project/tests/AutoGenerated/Finder/ResourceFinder09Test.php" line="61" class="Infection\BenchmarkSource\Test\AutoGenerated\Finder\ResourceFinder09Test" classname="Infection.BenchmarkSource.Test.AutoGenerated.Finder.ResourceFinder09Test" assertions="1" time="0.001027"/>
          <testcase name="test_it_can_be_casted_into_a_string with data set #26" file="/path/to/project/tests/AutoGenerated/Finder/ResourceFinder09Test.php" line="61" class="Infection\BenchmarkSource\Test\AutoGenerated\Finder\ResourceFinder09Test" classname="Infection.BenchmarkSource.Test.AutoGenerated.Finder.ResourceFinder09Test" assertions="1" time="0.001027"/>
          <testcase name="test_it_can_be_casted_into_a_string with data set #27" file="/path/to/project/tests/AutoGenerated/Finder/ResourceFinder09Test.php" line="61" class="Infection\BenchmarkSource\Test\AutoGenerated\Finder\ResourceFinder09Test" classname="Infection.BenchmarkSource.Test.AutoGenerated.Finder.ResourceFinder09Test" assertions="1" time="0.001026"/>
          <testcase name="test_it_can_be_casted_into_a_string with data set #28" file="/path/to/project/tests/AutoGenerated/Finder/ResourceFinder09Test.php" line="61" class="Infection\BenchmarkSource\Test\AutoGenerated\Finder\ResourceFinder09Test" classname="Infection.BenchmarkSource.Test.AutoGenerated.Finder.ResourceFinder09Test" assertions="1" time="0.001025"/>
          <testcase name="test_it_can_be_casted_into_a_string with data set #29" file="/path/to/project/tests/AutoGenerated/Finder/ResourceFinder09Test.php" line="61" class="Infection\BenchmarkSource\Test\AutoGenerated\Finder\ResourceFinder09Test" classname="Infection.BenchmarkSource.Test.AutoGenerated.Finder.ResourceFinder09Test" assertions="1" time="0.001048"/>
          <testcase name="test_it_can_be_casted_into_a_string with data set #30" file="/path/to/project/tests/AutoGenerated/Finder/ResourceFinder09Test.php" line="61" class="Infection\BenchmarkSource\Test\AutoGenerated\Finder\ResourceFinder09Test" classname="Infection.BenchmarkSource.Test.AutoGenerated.Finder.ResourceFinder09Test" assertions="1" time="0.001045"/>
          <testcase name="test_it_can_be_casted_into_a_string with data set #31" file="/path/to/project/tests/AutoGenerated/Finder/ResourceFinder09Test.php" line="61" class="Infection\BenchmarkSource\Test\AutoGenerated\Finder\ResourceFinder09Test" classname="Infection.BenchmarkSource.Test.AutoGenerated.Finder.ResourceFinder09Test" assertions="1" time="0.001025"/>
          <testcase name="test_it_can_be_casted_into_a_string with data set #32" file="/path/to/project/tests/AutoGenerated/Finder/ResourceFinder09Test.php" line="61" class="Infection\BenchmarkSource\Test\AutoGenerated\Finder\ResourceFinder09Test" classname="Infection.BenchmarkSource.Test.AutoGenerated.Finder.ResourceFinder09Test" assertions="1" time="0.001020"/>
          <testcase name="test_it_can_be_casted_into_a_string with data set #33" file="/path/to/project/tests/AutoGenerated/Finder/ResourceFinder09Test.php" line="61" class="Infection\BenchmarkSource\Test\AutoGenerated\Finder\ResourceFinder09Test" classname="Infection.BenchmarkSource.Test.AutoGenerated.Finder.ResourceFinder09Test" assertions="1" time="0.001020"/>
          <testcase name="test_it_can_be_casted_into_a_string with data set #34" file="/path/to/project/tests/AutoGenerated/Finder/ResourceFinder09Test.php" line="61" class="Infection\BenchmarkSource\Test\AutoGenerated\Finder\ResourceFinder09Test" classname="Infection.BenchmarkSource.Test.AutoGenerated.Finder.ResourceFinder09Test" assertions="1" time="0.001019"/>
          <testcase name="test_it_can_be_casted_into_a_string with data set #35" file="/path/to/project/tests/AutoGenerated/Finder/ResourceFinder09Test.php" line="61" class="Infection\BenchmarkSource\Test\AutoGenerated\Finder\ResourceFinder09Test" classname="Infection.BenchmarkSource.Test.AutoGenerated.Finder.ResourceFinder09Test" assertions="1" time="0.001015"/>
          <testcase name="test_it_can_be_casted_into_a_string with data set #36" file="/path/to/project/tests/AutoGenerated/Finder/ResourceFinder09Test.php" line="61" class="Infection\BenchmarkSource\Test\AutoGenerated\Finder\ResourceFinder09Test" classname="Infection.BenchmarkSource.Test.AutoGenerated.Finder.ResourceFinder09Test" assertions="1" time="0.001027"/>
          <testcase name="test_it_can_be_casted_into_a_string with data set #37" file="/path/to/project/tests/AutoGenerated/Finder/ResourceFinder09Test.php" line="61" class="Infection\BenchmarkSource\Test\AutoGenerated\Finder\ResourceFinder09Test" classname="Infection.BenchmarkSource.Test.AutoGenerated.Finder.ResourceFinder09Test" assertions="1" time="0.001024"/>
          <testcase name="test_it_can_be_casted_into_a_string with data set #38" file="/path/to/project/tests/AutoGenerated/Finder/ResourceFinder09Test.php" line="61" class="Infection\BenchmarkSource\Test\AutoGenerated\Finder\ResourceFinder09Test" classname="Infection.BenchmarkSource.Test.AutoGenerated.Finder.ResourceFinder09Test" assertions="1" time="0.001027"/>
          <testcase name="test_it_can_be_casted_into_a_string with data set #39" file="/path/to/project/tests/AutoGenerated/Finder/ResourceFinder09Test.php" line="61" class="Infection\BenchmarkSource\Test\AutoGenerated\Finder\ResourceFinder09Test" classname="Infection.BenchmarkSource.Test.AutoGenerated.Finder.ResourceFinder09Test" assertions="1" time="0.001029"/>
          <testcase name="test_it_can_be_casted_into_a_string with data set #40" file="/path/to/project/tests/AutoGenerated/Finder/ResourceFinder09Test.php" line="61" class="Infection\BenchmarkSource\Test\AutoGenerated\Finder\ResourceFinder09Test" classname="Infection.BenchmarkSource.Test.AutoGenerated.Finder.ResourceFinder09Test" assertions="1" time="0.001040"/>
          <testcase name="test_it_can_be_casted_into_a_string with data set #41" file="/path/to/project/tests/AutoGenerated/Finder/ResourceFinder09Test.php" line="61" class="Infection\BenchmarkSource\Test\AutoGenerated\Finder\ResourceFinder09Test" classname="Infection.BenchmarkSource.Test.AutoGenerated.Finder.ResourceFinder09Test" assertions="1" time="0.001051"/>
          <testcase name="test_it_can_be_casted_into_a_string with data set #42" file="/path/to/project/tests/AutoGenerated/Finder/ResourceFinder09Test.php" line="61" class="Infection\BenchmarkSource\Test\AutoGenerated\Finder\ResourceFinder09Test" classname="Infection.BenchmarkSource.Test.AutoGenerated.Finder.ResourceFinder09Test" assertions="1" time="0.001029"/>
          <testcase name="test_it_can_be_casted_into_a_string with data set #43" file="/path/to/project/tests/AutoGenerated/Finder/ResourceFinder09Test.php" line="61" class="Infection\BenchmarkSource\Test\AutoGenerated\Finder\ResourceFinder09Test" classname="Infection.BenchmarkSource.Test.AutoGenerated.Finder.ResourceFinder09Test" assertions="1" time="0.001037"/>
          <testcase name="test_it_can_be_casted_into_a_string with data set #44" file="/path/to/project/tests/AutoGenerated/Finder/ResourceFinder09Test.php" line="61" class="Infection\BenchmarkSource\Test\AutoGenerated\Finder\ResourceFinder09Test" classname="Infection.BenchmarkSource.Test.AutoGenerated.Finder.ResourceFinder09Test" assertions="1" time="0.001033"/>
          <testcase name="test_it_can_be_casted_into_a_string with data set #45" file="/path/to/project/tests/AutoGenerated/Finder/ResourceFinder09Test.php" line="61" class="Infection\BenchmarkSource\Test\AutoGenerated\Finder\ResourceFinder09Test" classname="Infection.BenchmarkSource.Test.AutoGenerated.Finder.ResourceFinder09Test" assertions="1" time="0.001034"/>
          <testcase name="test_it_can_be_casted_into_a_string with data set #46" file="/path/to/project/tests/AutoGenerated/Finder/ResourceFinder09Test.php" line="61" class="Infection\BenchmarkSource\Test\AutoGenerated\Finder\ResourceFinder09Test" classname="Infection.BenchmarkSource.Test.AutoGenerated.Finder.ResourceFinder09Test" assertions="1" time="0.001037"/>
          <testcase name="test_it_can_be_casted_into_a_string with data set #47" file="/path/to/project/tests/AutoGenerated/Finder/ResourceFinder09Test.php" line="61" class="Infection\BenchmarkSource\Test\AutoGenerated\Finder\ResourceFinder09Test" classname="Infection.BenchmarkSource.Test.AutoGenerated.Finder.ResourceFinder09Test" assertions="1" time="0.001023"/>
          <testcase name="test_it_can_be_casted_into_a_string with data set #48" file="/path/to/project/tests/AutoGenerated/Finder/ResourceFinder09Test.php" line="61" class="Infection\BenchmarkSource\Test\AutoGenerated\Finder\ResourceFinder09Test" classname="Infection.BenchmarkSource.Test.AutoGenerated.Finder.ResourceFinder09Test" assertions="1" time="0.001024"/>
        </testsuite>
      </testsuite>
    </testsuite>
  </testsuite>
</testsuites>
